[warn] Client/Server api version mismatch, client api version : 1.29.0, server api version : 1.28.2
UPDATING GIT DEPENDENCY https://github.com/MystenLabs/sui.git
INCLUDING DEPENDENCY Sui
INCLUDING DEPENDENCY MoveStdlib
BUILDING faucet_coin
[0m[1m[38;5;11mwarning[W09001][0m[1m: unused alias[0m
  [0m[34m┌─[0m /root/letsmove/mover/hellogmegg/code/task2/faucet_coin/sources/faucet_coin.move:3:27
  [0m[34m│[0m
[0m[34m3[0m [0m[34m│[0m     use sui::coin::{Self, [0m[33mCoin[0m, TreasuryCap};
  [0m[34m│[0m                           [0m[33m^^^^[0m [0m[33mUnused 'use' of alias 'Coin'. Consider removing it[0m
  [0m[34m│[0m
  [0m[34m=[0m This warning can be suppressed with '#[allow(unused_use)]' applied to the 'module' or module member ('const', 'fun', or 'struct')

Total number of linter warnings suppressed: 1 (unique lints: 1)
Successfully verified dependencies on-chain against source.
Transaction Digest: 4dhK26UmfFb6Q7cHjhwLEYGhW4napZK3kKp4DNwgD3JA
╭──────────────────────────────────────────────────────────────────────────────────────────────────────────────╮
│ Transaction Data                                                                                             │
├──────────────────────────────────────────────────────────────────────────────────────────────────────────────┤
│ Sender: 0x25da60a72fd67e693958534887564c488fc71aae3b75f3d06e9fd02a37c952f1                                   │
│ Gas Owner: 0x25da60a72fd67e693958534887564c488fc71aae3b75f3d06e9fd02a37c952f1                                │
│ Gas Budget: 15877600 MIST                                                                                    │
│ Gas Price: 1000 MIST                                                                                         │
│ Gas Payment:                                                                                                 │
│  ┌──                                                                                                         │
│  │ ID: 0x37d2bb01b38f3766a47fca0bbb063aa652ebf3552fef1cf99c6862fe6f87d2ae                                    │
│  │ Version: 609360                                                                                           │
│  │ Digest: E6jXQciv3nTY1tvvRfDzV3hBXQA4i8NqJy2f5hHMXSTP                                                      │
│  └──                                                                                                         │
│                                                                                                              │
│ Transaction Kind: Programmable                                                                               │
│ ╭──────────────────────────────────────────────────────────────────────────────────────────────────────────╮ │
│ │ Input Objects                                                                                            │ │
│ ├──────────────────────────────────────────────────────────────────────────────────────────────────────────┤ │
│ │ 0   Pure Arg: Type: address, Value: "0x25da60a72fd67e693958534887564c488fc71aae3b75f3d06e9fd02a37c952f1" │ │
│ ╰──────────────────────────────────────────────────────────────────────────────────────────────────────────╯ │
│ ╭─────────────────────────────────────────────────────────────────────────╮                                  │
│ │ Commands                                                                │                                  │
│ ├─────────────────────────────────────────────────────────────────────────┤                                  │
│ │ 0  Publish:                                                             │                                  │
│ │  ┌                                                                      │                                  │
│ │  │ Dependencies:                                                        │                                  │
│ │  │   0x0000000000000000000000000000000000000000000000000000000000000001 │                                  │
│ │  │   0x0000000000000000000000000000000000000000000000000000000000000002 │                                  │
│ │  └                                                                      │                                  │
│ │                                                                         │                                  │
│ │ 1  TransferObjects:                                                     │                                  │
│ │  ┌                                                                      │                                  │
│ │  │ Arguments:                                                           │                                  │
│ │  │   Result 0                                                           │                                  │
│ │  │ Address: Input  0                                                    │                                  │
│ │  └                                                                      │                                  │
│ ╰─────────────────────────────────────────────────────────────────────────╯                                  │
│                                                                                                              │
│ Signatures:                                                                                                  │
│    x9qPHUC06mMGo1hYT62pPCccMYehF3vN+5tOvnT9Iz0gOC0wrbaqEpUUQGmfNaL+sNxj/Ne23iah5dEOg3nTBg==                  │
│                                                                                                              │
╰──────────────────────────────────────────────────────────────────────────────────────────────────────────────╯
╭───────────────────────────────────────────────────────────────────────────────────────────────────╮
│ Transaction Effects                                                                               │
├───────────────────────────────────────────────────────────────────────────────────────────────────┤
│ Digest: 4dhK26UmfFb6Q7cHjhwLEYGhW4napZK3kKp4DNwgD3JA                                              │
│ Status: Success                                                                                   │
│ Executed Epoch: 420                                                                               │
│                                                                                                   │
│ Created Objects:                                                                                  │
│  ┌──                                                                                              │
│  │ ID: 0x03ce7fb926267e09636033c31d932da50dd7c82d7485611e94c41d3e10e835b2                         │
│  │ Owner: Immutable                                                                               │
│  │ Version: 609361                                                                                │
│  │ Digest: 81gFVCFuBfNNqzZVZuQSL3yeWafeFw59nuJUQN7gwYra                                           │
│  └──                                                                                              │
│  ┌──                                                                                              │
│  │ ID: 0x0cd90c8de37218c15b9e7b908057eab00c19a1910147cb4f59046db8fe5410b7                         │
│  │ Owner: Immutable                                                                               │
│  │ Version: 1                                                                                     │
│  │ Digest: 3MCRYFuJa8sKFeFnqA6BXEcNkfEFcSCDCPPAcVQM4Tak                                           │
│  └──                                                                                              │
│  ┌──                                                                                              │
│  │ ID: 0xcbfc3069419cf6054d8dd81b9b9a558a10a146f525cbc139cec33e2293c584a2                         │
│  │ Owner: Account Address ( 0x25da60a72fd67e693958534887564c488fc71aae3b75f3d06e9fd02a37c952f1 )  │
│  │ Version: 609361                                                                                │
│  │ Digest: 7SeDvCj2WiGYuHgS6JMpZTFoSCEjFju2a9Pds9uqCFLG                                           │
│  └──                                                                                              │
│  ┌──                                                                                              │
│  │ ID: 0xf541ec3bfa5eb4c4cb5f259ec2dbe98cc65add5f0f82a6bd6775ceb777242673                         │
│  │ Owner: Shared( 609361 )                                                                        │
│  │ Version: 609361                                                                                │
│  │ Digest: 3NnjGcy8HGCNde8Ytyh4jmMhb3zcmyaCejmw8M3qzkd1                                           │
│  └──                                                                                              │
│ Mutated Objects:                                                                                  │
│  ┌──                                                                                              │
│  │ ID: 0x37d2bb01b38f3766a47fca0bbb063aa652ebf3552fef1cf99c6862fe6f87d2ae                         │
│  │ Owner: Account Address ( 0x25da60a72fd67e693958534887564c488fc71aae3b75f3d06e9fd02a37c952f1 )  │
│  │ Version: 609361                                                                                │
│  │ Digest: A4tDUerS36RNpUPmmqhs23moqUAccAAtLchEMRozWkPo                                           │
│  └──                                                                                              │
│ Gas Object:                                                                                       │
│  ┌──                                                                                              │
│  │ ID: 0x37d2bb01b38f3766a47fca0bbb063aa652ebf3552fef1cf99c6862fe6f87d2ae                         │
│  │ Owner: Account Address ( 0x25da60a72fd67e693958534887564c488fc71aae3b75f3d06e9fd02a37c952f1 )  │
│  │ Version: 609361                                                                                │
│  │ Digest: A4tDUerS36RNpUPmmqhs23moqUAccAAtLchEMRozWkPo                                           │
│  └──                                                                                              │
│ Gas Cost Summary:                                                                                 │
│    Storage Cost: 13877600 MIST                                                                    │
│    Computation Cost: 1000000 MIST                                                                 │
│    Storage Rebate: 978120 MIST                                                                    │
│    Non-refundable Storage Fee: 9880 MIST                                                          │
│                                                                                                   │
│ Transaction Dependencies:                                                                         │
│    3Hry5CyWQUTNV5nRZTNxoWyfN9zxBEcwsYkXUyTHCrmE                                                   │
│    45tC8EPhWFY2ARvkApefESGAKyM2MPgjzcuEScVoew7D                                                   │
│    6c3hAbXwoKqSv8Grf4wv7VAJYpT7UnPxV3zqeRjmN1JY                                                   │
╰───────────────────────────────────────────────────────────────────────────────────────────────────╯
╭─────────────────────────────╮
│ No transaction block events │
╰─────────────────────────────╯

╭────────────────────────────────────────────────────────────────────────────────────────────────────────────────────────────────────╮
│ Object Changes                                                                                                                     │
├────────────────────────────────────────────────────────────────────────────────────────────────────────────────────────────────────┤
│ Created Objects:                                                                                                                   │
│  ┌──                                                                                                                               │
│  │ ObjectID: 0x03ce7fb926267e09636033c31d932da50dd7c82d7485611e94c41d3e10e835b2                                                    │
│  │ Sender: 0x25da60a72fd67e693958534887564c488fc71aae3b75f3d06e9fd02a37c952f1                                                      │
│  │ Owner: Immutable                                                                                                                │
│  │ ObjectType: 0x2::coin::CoinMetadata<0xcd90c8de37218c15b9e7b908057eab00c19a1910147cb4f59046db8fe5410b7::tmm_faucet::TMM_FAUCET>  │
│  │ Version: 609361                                                                                                                 │
│  │ Digest: 81gFVCFuBfNNqzZVZuQSL3yeWafeFw59nuJUQN7gwYra                                                                            │
│  └──                                                                                                                               │
│  ┌──                                                                                                                               │
│  │ ObjectID: 0xcbfc3069419cf6054d8dd81b9b9a558a10a146f525cbc139cec33e2293c584a2                                                    │
│  │ Sender: 0x25da60a72fd67e693958534887564c488fc71aae3b75f3d06e9fd02a37c952f1                                                      │
│  │ Owner: Account Address ( 0x25da60a72fd67e693958534887564c488fc71aae3b75f3d06e9fd02a37c952f1 )                                   │
│  │ ObjectType: 0x2::package::UpgradeCap                                                                                            │
│  │ Version: 609361                                                                                                                 │
│  │ Digest: 7SeDvCj2WiGYuHgS6JMpZTFoSCEjFju2a9Pds9uqCFLG                                                                            │
│  └──                                                                                                                               │
│  ┌──                                                                                                                               │
│  │ ObjectID: 0xf541ec3bfa5eb4c4cb5f259ec2dbe98cc65add5f0f82a6bd6775ceb777242673                                                    │
│  │ Sender: 0x25da60a72fd67e693958534887564c488fc71aae3b75f3d06e9fd02a37c952f1                                                      │
│  │ Owner: Shared( 609361 )                                                                                                         │
│  │ ObjectType: 0x2::coin::TreasuryCap<0xcd90c8de37218c15b9e7b908057eab00c19a1910147cb4f59046db8fe5410b7::tmm_faucet::TMM_FAUCET>   │
│  │ Version: 609361                                                                                                                 │
│  │ Digest: 3NnjGcy8HGCNde8Ytyh4jmMhb3zcmyaCejmw8M3qzkd1                                                                            │
│  └──                                                                                                                               │
│ Mutated Objects:                                                                                                                   │
│  ┌──                                                                                                                               │
│  │ ObjectID: 0x37d2bb01b38f3766a47fca0bbb063aa652ebf3552fef1cf99c6862fe6f87d2ae                                                    │
│  │ Sender: 0x25da60a72fd67e693958534887564c488fc71aae3b75f3d06e9fd02a37c952f1                                                      │
│  │ Owner: Account Address ( 0x25da60a72fd67e693958534887564c488fc71aae3b75f3d06e9fd02a37c952f1 )                                   │
│  │ ObjectType: 0x2::coin::Coin<0x2::sui::SUI>                                                                                      │
│  │ Version: 609361                                                                                                                 │
│  │ Digest: A4tDUerS36RNpUPmmqhs23moqUAccAAtLchEMRozWkPo                                                                            │
│  └──                                                                                                                               │
│ Published Objects:                                                                                                                 │
│  ┌──                                                                                                                               │
│  │ PackageID: 0x0cd90c8de37218c15b9e7b908057eab00c19a1910147cb4f59046db8fe5410b7                                                   │
│  │ Version: 1                                                                                                                      │
│  │ Digest: 3MCRYFuJa8sKFeFnqA6BXEcNkfEFcSCDCPPAcVQM4Tak                                                                            │
│  │ Modules: tmm_faucet                                                                                                             │
│  └──                                                                                                                               │
╰────────────────────────────────────────────────────────────────────────────────────────────────────────────────────────────────────╯
╭───────────────────────────────────────────────────────────────────────────────────────────────────╮
│ Balance Changes                                                                                   │
├───────────────────────────────────────────────────────────────────────────────────────────────────┤
│  ┌──                                                                                              │
│  │ Owner: Account Address ( 0x25da60a72fd67e693958534887564c488fc71aae3b75f3d06e9fd02a37c952f1 )  │
│  │ CoinType: 0x2::sui::SUI                                                                        │
│  │ Amount: -13899480                                                                              │
│  └──                                                                                              │
╰───────────────────────────────────────────────────────────────────────────────────────────────────╯
