UPDATING GIT DEPENDENCY https://github.com/MystenLabs/sui.git
INCLUDING DEPENDENCY Sui
INCLUDING DEPENDENCY MoveStdlib
BUILDING move_nft
Successfully verified dependencies on-chain against source.
Transaction Digest: 4p7nZLwsWdPLfq8K5zJ9xXsE4BcQ7MEkQWuXsHMTmyzX
╭──────────────────────────────────────────────────────────────────────────────────────────────────────────────╮
│ Transaction Data                                                                                             │
├──────────────────────────────────────────────────────────────────────────────────────────────────────────────┤
│ Sender: 0x69784861798889824a79d1a9d3262377a6d3f447e6948d5883d834443ba7d312                                   │
│ Gas Owner: 0x69784861798889824a79d1a9d3262377a6d3f447e6948d5883d834443ba7d312                                │
│ Gas Budget: 18195600 MIST                                                                                    │
│ Gas Price: 1000 MIST                                                                                         │
│ Gas Payment:                                                                                                 │
│  ┌──                                                                                                         │
│  │ ID: 0x1c7e981a636f6cd5a6cd452374477479fcb9b00844e45178f6a849694dbedcc0                                    │
│  │ Version: 50639346                                                                                         │
│  │ Digest: EPvAtbyUMQEyBsAGGeHkDVYZw3aEGgKLGSDvzi5N26AN                                                      │
│  └──                                                                                                         │
│                                                                                                              │
│ Transaction Kind: Programmable                                                                               │
│ ╭──────────────────────────────────────────────────────────────────────────────────────────────────────────╮ │
│ │ Input Objects                                                                                            │ │
│ ├──────────────────────────────────────────────────────────────────────────────────────────────────────────┤ │
│ │ 0   Pure Arg: Type: address, Value: "0x69784861798889824a79d1a9d3262377a6d3f447e6948d5883d834443ba7d312" │ │
│ ╰──────────────────────────────────────────────────────────────────────────────────────────────────────────╯ │
│ ╭─────────────────────────────────────────────────────────────────────────╮                                  │
│ │ Commands                                                                │                                  │
│ ├─────────────────────────────────────────────────────────────────────────┤                                  │
│ │ 0  Publish:                                                             │                                  │
│ │  ┌                                                                      │                                  │
│ │  │ Dependencies:                                                        │                                  │
│ │  │   0x0000000000000000000000000000000000000000000000000000000000000001 │                                  │
│ │  │   0x0000000000000000000000000000000000000000000000000000000000000002 │                                  │
│ │  └                                                                      │                                  │
│ │                                                                         │                                  │
│ │ 1  TransferObjects:                                                     │                                  │
│ │  ┌                                                                      │                                  │
│ │  │ Arguments:                                                           │                                  │
│ │  │   Result 0                                                           │                                  │
│ │  │ Address: Input  0                                                    │                                  │
│ │  └                                                                      │                                  │
│ ╰─────────────────────────────────────────────────────────────────────────╯                                  │
│                                                                                                              │
│ Signatures:                                                                                                  │
│    HhoLFnnRwlFRXj3WT1lq68gRpACvojqGEKIfWUNmtM7IVyE4HmrU52cWZ8Un8Zqkg51NMhooHAmhjIApFvtECg==                  │
│                                                                                                              │
╰──────────────────────────────────────────────────────────────────────────────────────────────────────────────╯
╭───────────────────────────────────────────────────────────────────────────────────────────────────╮
│ Transaction Effects                                                                               │
├───────────────────────────────────────────────────────────────────────────────────────────────────┤
│ Digest: 4p7nZLwsWdPLfq8K5zJ9xXsE4BcQ7MEkQWuXsHMTmyzX                                              │
│ Status: Success                                                                                   │
│ Executed Epoch: 413                                                                               │
│                                                                                                   │
│ Created Objects:                                                                                  │
│  ┌──                                                                                              │
│  │ ID: 0x43a59e86389deeca55ba106f83307b6658827e81e54eb0f436160405c365ac03                         │
│  │ Owner: Account Address ( 0x69784861798889824a79d1a9d3262377a6d3f447e6948d5883d834443ba7d312 )  │
│  │ Version: 50639347                                                                              │
│  │ Digest: D1VQRYADkebT1Sf8vFmvnXmhYKrjovWmY88mtt7iBYhF                                           │
│  └──                                                                                              │
│  ┌──                                                                                              │
│  │ ID: 0x51f8c61d40ddbec47ae840aa23114d8cbb90ef1af07426445af5e369c9fbabd6                         │
│  │ Owner: Account Address ( 0x69784861798889824a79d1a9d3262377a6d3f447e6948d5883d834443ba7d312 )  │
│  │ Version: 50639347                                                                              │
│  │ Digest: 9E5r71AG6prdjKDMCXwEdSiYdaeEk9S7JrorLz28pr3M                                           │
│  └──                                                                                              │
│  ┌──                                                                                              │
│  │ ID: 0x6871a8e2e75cbce8b3b91862a3a566a18ce613128031ff1af7ef25abc5ed7b3e                         │
│  │ Owner: Account Address ( 0x69784861798889824a79d1a9d3262377a6d3f447e6948d5883d834443ba7d312 )  │
│  │ Version: 50639347                                                                              │
│  │ Digest: 3GcKjqA5P3b6odcBGa8629EZgSYm6y8sSJPaWZfiPyG2                                           │
│  └──                                                                                              │
│  ┌──                                                                                              │
│  │ ID: 0xd3d6595e73bf7307d6a97e098936af54c62e3a3f7cc4c6f07bcb553f9396ee7d                         │
│  │ Owner: Immutable                                                                               │
│  │ Version: 1                                                                                     │
│  │ Digest: 67zh17hwNdrz4DqBBkHEUpJYT57d4Fv5hPcqeCkZf1F6                                           │
│  └──                                                                                              │
│ Mutated Objects:                                                                                  │
│  ┌──                                                                                              │
│  │ ID: 0x1c7e981a636f6cd5a6cd452374477479fcb9b00844e45178f6a849694dbedcc0                         │
│  │ Owner: Account Address ( 0x69784861798889824a79d1a9d3262377a6d3f447e6948d5883d834443ba7d312 )  │
│  │ Version: 50639347                                                                              │
│  │ Digest: AkfvSNQRXeaWV5PxjJXq6ivGxb66Lo8RKcVF6J94ctCx                                           │
│  └──                                                                                              │
│ Gas Object:                                                                                       │
│  ┌──                                                                                              │
│  │ ID: 0x1c7e981a636f6cd5a6cd452374477479fcb9b00844e45178f6a849694dbedcc0                         │
│  │ Owner: Account Address ( 0x69784861798889824a79d1a9d3262377a6d3f447e6948d5883d834443ba7d312 )  │
│  │ Version: 50639347                                                                              │
│  │ Digest: AkfvSNQRXeaWV5PxjJXq6ivGxb66Lo8RKcVF6J94ctCx                                           │
│  └──                                                                                              │
│ Gas Cost Summary:                                                                                 │
│    Storage Cost: 16195600 MIST                                                                    │
│    Computation Cost: 1000000 MIST                                                                 │
│    Storage Rebate: 978120 MIST                                                                    │
│    Non-refundable Storage Fee: 9880 MIST                                                          │
│                                                                                                   │
│ Transaction Dependencies:                                                                         │
│    3Hry5CyWQUTNV5nRZTNxoWyfN9zxBEcwsYkXUyTHCrmE                                                   │
│    6c3hAbXwoKqSv8Grf4wv7VAJYpT7UnPxV3zqeRjmN1JY                                                   │
│    6kHt82eHvjrvRXZn7tt8ooerfLuaoyvvMruH3MseTWQo                                                   │
╰───────────────────────────────────────────────────────────────────────────────────────────────────╯
╭─────────────────────────────────────────────────────────────────────────────────────────────────────────────────────────────────────────────╮
│ Transaction Block Events                                                                                                                    │
├─────────────────────────────────────────────────────────────────────────────────────────────────────────────────────────────────────────────┤
│  ┌──                                                                                                                                        │
│  │ EventID: 4p7nZLwsWdPLfq8K5zJ9xXsE4BcQ7MEkQWuXsHMTmyzX:0                                                                                  │
│  │ PackageID: 0xd3d6595e73bf7307d6a97e098936af54c62e3a3f7cc4c6f07bcb553f9396ee7d                                                            │
│  │ Transaction Module: bird_nft                                                                                                             │
│  │ Sender: 0x69784861798889824a79d1a9d3262377a6d3f447e6948d5883d834443ba7d312                                                               │
│  │ EventType: 0x2::display::DisplayCreated<0xd3d6595e73bf7307d6a97e098936af54c62e3a3f7cc4c6f07bcb553f9396ee7d::bird_nft::BIRD>              │
│  │ ParsedJSON:                                                                                                                              │
│  │   ┌────┬────────────────────────────────────────────────────────────────────┐                                                            │
│  │   │ id │ 0x51f8c61d40ddbec47ae840aa23114d8cbb90ef1af07426445af5e369c9fbabd6 │                                                            │
│  │   └────┴────────────────────────────────────────────────────────────────────┘                                                            │
│  └──                                                                                                                                        │
│  ┌──                                                                                                                                        │
│  │ EventID: 4p7nZLwsWdPLfq8K5zJ9xXsE4BcQ7MEkQWuXsHMTmyzX:1                                                                                  │
│  │ PackageID: 0xd3d6595e73bf7307d6a97e098936af54c62e3a3f7cc4c6f07bcb553f9396ee7d                                                            │
│  │ Transaction Module: bird_nft                                                                                                             │
│  │ Sender: 0x69784861798889824a79d1a9d3262377a6d3f447e6948d5883d834443ba7d312                                                               │
│  │ EventType: 0x2::display::VersionUpdated<0xd3d6595e73bf7307d6a97e098936af54c62e3a3f7cc4c6f07bcb553f9396ee7d::bird_nft::BIRD>              │
│  │ ParsedJSON:                                                                                                                              │
│  │   ┌─────────┬──────────┬───────┬───────────────────────────────────────────────────────────────────────────────────────────────────────┐ │
│  │   │ fields  │ contents │ key   │ name                                                                                                  │ │
│  │   │         │          ├───────┼───────────────────────────────────────────────────────────────────────────────────────────────────────┤ │
│  │   │         │          │ value │ BIRD_NFT                                                                                              │ │
│  │   │         │          ├───────┼───────────────────────────────────────────────────────────────────────────────────────────────────────┤ │
│  │   │         │          │ key   │ image_url                                                                                             │ │
│  │   │         │          ├───────┼───────────────────────────────────────────────────────────────────────────────────────────────────────┤ │
│  │   │         │          │ value │ https://avatars.githubusercontent.com/u/39985362?s=400&u=37dc69923de003499aa614ed8c2fa3ddb61907ce&v=4 │ │
│  │   ├─────────┼──────────┴───────┴───────────────────────────────────────────────────────────────────────────────────────────────────────┤ │
│  │   │ id      │ 0x51f8c61d40ddbec47ae840aa23114d8cbb90ef1af07426445af5e369c9fbabd6                                                       │ │
│  │   ├─────────┼──────────────────────────────────────────────────────────────────────────────────────────────────────────────────────────┤ │
│  │   │ version │ 1                                                                                                                        │ │
│  │   └─────────┴──────────────────────────────────────────────────────────────────────────────────────────────────────────────────────────┘ │
│  └──                                                                                                                                        │
╰─────────────────────────────────────────────────────────────────────────────────────────────────────────────────────────────────────────────╯
╭───────────────────────────────────────────────────────────────────────────────────────────────────────────────────────────╮
│ Object Changes                                                                                                            │
├───────────────────────────────────────────────────────────────────────────────────────────────────────────────────────────┤
│ Created Objects:                                                                                                          │
│  ┌──                                                                                                                      │
│  │ ObjectID: 0x43a59e86389deeca55ba106f83307b6658827e81e54eb0f436160405c365ac03                                           │
│  │ Sender: 0x69784861798889824a79d1a9d3262377a6d3f447e6948d5883d834443ba7d312                                             │
│  │ Owner: Account Address ( 0x69784861798889824a79d1a9d3262377a6d3f447e6948d5883d834443ba7d312 )                          │
│  │ ObjectType: 0x2::package::UpgradeCap                                                                                   │
│  │ Version: 50639347                                                                                                      │
│  │ Digest: D1VQRYADkebT1Sf8vFmvnXmhYKrjovWmY88mtt7iBYhF                                                                   │
│  └──                                                                                                                      │
│  ┌──                                                                                                                      │
│  │ ObjectID: 0x51f8c61d40ddbec47ae840aa23114d8cbb90ef1af07426445af5e369c9fbabd6                                           │
│  │ Sender: 0x69784861798889824a79d1a9d3262377a6d3f447e6948d5883d834443ba7d312                                             │
│  │ Owner: Account Address ( 0x69784861798889824a79d1a9d3262377a6d3f447e6948d5883d834443ba7d312 )                          │
│  │ ObjectType: 0x2::display::Display<0xd3d6595e73bf7307d6a97e098936af54c62e3a3f7cc4c6f07bcb553f9396ee7d::bird_nft::BIRD>  │
│  │ Version: 50639347                                                                                                      │
│  │ Digest: 9E5r71AG6prdjKDMCXwEdSiYdaeEk9S7JrorLz28pr3M                                                                   │
│  └──                                                                                                                      │
│  ┌──                                                                                                                      │
│  │ ObjectID: 0x6871a8e2e75cbce8b3b91862a3a566a18ce613128031ff1af7ef25abc5ed7b3e                                           │
│  │ Sender: 0x69784861798889824a79d1a9d3262377a6d3f447e6948d5883d834443ba7d312                                             │
│  │ Owner: Account Address ( 0x69784861798889824a79d1a9d3262377a6d3f447e6948d5883d834443ba7d312 )                          │
│  │ ObjectType: 0x2::package::Publisher                                                                                    │
│  │ Version: 50639347                                                                                                      │
│  │ Digest: 3GcKjqA5P3b6odcBGa8629EZgSYm6y8sSJPaWZfiPyG2                                                                   │
│  └──                                                                                                                      │
│ Mutated Objects:                                                                                                          │
│  ┌──                                                                                                                      │
│  │ ObjectID: 0x1c7e981a636f6cd5a6cd452374477479fcb9b00844e45178f6a849694dbedcc0                                           │
│  │ Sender: 0x69784861798889824a79d1a9d3262377a6d3f447e6948d5883d834443ba7d312                                             │
│  │ Owner: Account Address ( 0x69784861798889824a79d1a9d3262377a6d3f447e6948d5883d834443ba7d312 )                          │
│  │ ObjectType: 0x2::coin::Coin<0x2::sui::SUI>                                                                             │
│  │ Version: 50639347                                                                                                      │
│  │ Digest: AkfvSNQRXeaWV5PxjJXq6ivGxb66Lo8RKcVF6J94ctCx                                                                   │
│  └──                                                                                                                      │
│ Published Objects:                                                                                                        │
│  ┌──                                                                                                                      │
│  │ PackageID: 0xd3d6595e73bf7307d6a97e098936af54c62e3a3f7cc4c6f07bcb553f9396ee7d                                          │
│  │ Version: 1                                                                                                             │
│  │ Digest: 67zh17hwNdrz4DqBBkHEUpJYT57d4Fv5hPcqeCkZf1F6                                                                   │
│  │ Modules: bird_nft                                                                                                      │
│  └──                                                                                                                      │
╰───────────────────────────────────────────────────────────────────────────────────────────────────────────────────────────╯
╭───────────────────────────────────────────────────────────────────────────────────────────────────╮
│ Balance Changes                                                                                   │
├───────────────────────────────────────────────────────────────────────────────────────────────────┤
│  ┌──                                                                                              │
│  │ Owner: Account Address ( 0x69784861798889824a79d1a9d3262377a6d3f447e6948d5883d834443ba7d312 )  │
│  │ CoinType: 0x2::sui::SUI                                                                        │
│  │ Amount: -16217480                                                                              │
│  └──                                                                                              │
╰───────────────────────────────────────────────────────────────────────────────────────────────────╯
