Transaction Digest: 8aApciDTX9CDJxuALq4xBGQAPAZgjSim6bzXV4M2TnNo
╭─────────────────────────────────────────────────────────────────────────────────────────────────╮
│ Transaction Data                                                                                │
├─────────────────────────────────────────────────────────────────────────────────────────────────┤
│ Sender: 0xd842b07687548bef8605dab499624f8aacd2c6108b7909db433a6394b435f57c                      │
│ Gas Owner: 0xd842b07687548bef8605dab499624f8aacd2c6108b7909db433a6394b435f57c                   │
│ Gas Budget: 1500000 MIST                                                                        │
│ Gas Price: 750 MIST                                                                             │
│ Gas Payment:                                                                                    │
│  ┌──                                                                                            │
│  │ ID: 0x2f4da0b0ad39e6428ab2b919ae0ce25b7f5a238ca6b1007f96417f1327cd99d1                       │
│  │ Version: 435911713                                                                           │
│  │ Digest: 2vXpLs9bwSWxXX6KgPBuosVWwu7H6BfuxQYeDic9vwHe                                         │
│  └──                                                                                            │
│                                                                                                 │
│ Transaction Kind: Programmable                                                                  │
│ ╭─────────────────────────────────────────────────────────────────────────────────────────────╮ │
│ │ Input Objects                                                                               │ │
│ ├─────────────────────────────────────────────────────────────────────────────────────────────┤ │
│ │ 0   Shared Object    ID: 0x2255714f3e6872921ff1f9c0c742c74230fee49c3f2eea5c6d5f095f52a34ff3 │ │
│ │ 1   Imm/Owned Object ID: 0xf67236272ffee5eb128b3e900fbc0dc620f03f7df2690ddca7fca527d2e07d8c │ │
│ ╰─────────────────────────────────────────────────────────────────────────────────────────────╯ │
│ ╭──────────────────────────────────────────────────────────────────────────────────╮            │
│ │ Commands                                                                         │            │
│ ├──────────────────────────────────────────────────────────────────────────────────┤            │
│ │ 0  MoveCall:                                                                     │            │
│ │  ┌                                                                               │            │
│ │  │ Function:  deposit_my_coin                                                    │            │
│ │  │ Module:    poshitou_swap                                                      │            │
│ │  │ Package:   0xe31d7e17f01f89b34459b467547d2febadf672f4c809742a10b08e267b3f1dad │            │
│ │  │ Arguments:                                                                    │            │
│ │  │   Input  0                                                                    │            │
│ │  │   Input  1                                                                    │            │
│ │  └                                                                               │            │
│ ╰──────────────────────────────────────────────────────────────────────────────────╯            │
│                                                                                                 │
│ Signatures:                                                                                     │
│    BgYFUQxiKZO+CcmE1oMqHkVRF9y8S1OUVWDAccG9iRJDj+zCf41C26IrbKzQ7gywOczp5OXBbD7CvPnM92cfQA==     │
│                                                                                                 │
╰─────────────────────────────────────────────────────────────────────────────────────────────────╯
╭───────────────────────────────────────────────────────────────────────────────────────────────────╮
│ Transaction Effects                                                                               │
├───────────────────────────────────────────────────────────────────────────────────────────────────┤
│ Digest: 8aApciDTX9CDJxuALq4xBGQAPAZgjSim6bzXV4M2TnNo                                              │
│ Status: Success                                                                                   │
│ Executed Epoch: 602                                                                               │
│ Mutated Objects:                                                                                  │
│  ┌──                                                                                              │
│  │ ID: 0x2255714f3e6872921ff1f9c0c742c74230fee49c3f2eea5c6d5f095f52a34ff3                         │
│  │ Owner: Shared( 435911712 )                                                                     │
│  │ Version: 435911714                                                                             │
│  │ Digest: HL2WQz1qjtq7c5q2SbQUu3kjedm5KCEEauYyQPUETEN3                                           │
│  └──                                                                                              │
│  ┌──                                                                                              │
│  │ ID: 0x2f4da0b0ad39e6428ab2b919ae0ce25b7f5a238ca6b1007f96417f1327cd99d1                         │
│  │ Owner: Account Address ( 0xd842b07687548bef8605dab499624f8aacd2c6108b7909db433a6394b435f57c )  │
│  │ Version: 435911714                                                                             │
│  │ Digest: 4nGsVUywXq1xYUBUrbqonFG8Lz7vju4fF2xuaFbcp8rX                                           │
│  └──                                                                                              │
│ Shared Objects:                                                                                   │
│  ┌──                                                                                              │
│  │ ID: 0x2255714f3e6872921ff1f9c0c742c74230fee49c3f2eea5c6d5f095f52a34ff3                         │
│  │ Version: 435911713                                                                             │
│  │ Digest: Fm8aAToZNeAwHqQfwYgjUyvrqaSmmsUYz6J6bQdQdLKb                                           │
│  └──                                                                                              │
│ Deleted Objects:                                                                                  │
│  ┌──                                                                                              │
│  │ ID: 0xf67236272ffee5eb128b3e900fbc0dc620f03f7df2690ddca7fca527d2e07d8c                         │
│  │ Version: 435911714                                                                             │
│  │ Digest: 7gyGAp71YXQRoxmFBaHxofQXAipvgHyBKPyxmdSJxyvz                                           │
│  └──                                                                                              │
│ Gas Object:                                                                                       │
│  ┌──                                                                                              │
│  │ ID: 0x2f4da0b0ad39e6428ab2b919ae0ce25b7f5a238ca6b1007f96417f1327cd99d1                         │
│  │ Owner: Account Address ( 0xd842b07687548bef8605dab499624f8aacd2c6108b7909db433a6394b435f57c )  │
│  │ Version: 435911714                                                                             │
│  │ Digest: 4nGsVUywXq1xYUBUrbqonFG8Lz7vju4fF2xuaFbcp8rX                                           │
│  └──                                                                                              │
│ Gas Cost Summary:                                                                                 │
│    Storage Cost: 2432000 MIST                                                                     │
│    Computation Cost: 750000 MIST                                                                  │
│    Storage Rebate: 3762000 MIST                                                                   │
│    Non-refundable Storage Fee: 38000 MIST                                                         │
│                                                                                                   │
│ Transaction Dependencies:                                                                         │
│    7eXcktYu2gfu4xuP1aYfequSaV9j1rtWvbntM8U3Deue                                                   │
│    D8VMFXNcvq27Veu8A5QunKVDX1yS4iSPSZ2E34hnfzZE                                                   │
│    FRShsKAV7QvLecHpqYRjeeWdb74RrofAdoPrq9uY6V4q                                                   │
╰───────────────────────────────────────────────────────────────────────────────────────────────────╯
╭─────────────────────────────╮
│ No transaction block events │
╰─────────────────────────────╯

╭─────────────────────────────────────────────────────────────────────────────────────────────────────────╮
│ Object Changes                                                                                          │
├─────────────────────────────────────────────────────────────────────────────────────────────────────────┤
│ Mutated Objects:                                                                                        │
│  ┌──                                                                                                    │
│  │ ObjectID: 0x2255714f3e6872921ff1f9c0c742c74230fee49c3f2eea5c6d5f095f52a34ff3                         │
│  │ Sender: 0xd842b07687548bef8605dab499624f8aacd2c6108b7909db433a6394b435f57c                           │
│  │ Owner: Shared( 435911712 )                                                                           │
│  │ ObjectType: 0xe31d7e17f01f89b34459b467547d2febadf672f4c809742a10b08e267b3f1dad::poshitou_swap::Bank  │
│  │ Version: 435911714                                                                                   │
│  │ Digest: HL2WQz1qjtq7c5q2SbQUu3kjedm5KCEEauYyQPUETEN3                                                 │
│  └──                                                                                                    │
│  ┌──                                                                                                    │
│  │ ObjectID: 0x2f4da0b0ad39e6428ab2b919ae0ce25b7f5a238ca6b1007f96417f1327cd99d1                         │
│  │ Sender: 0xd842b07687548bef8605dab499624f8aacd2c6108b7909db433a6394b435f57c                           │
│  │ Owner: Account Address ( 0xd842b07687548bef8605dab499624f8aacd2c6108b7909db433a6394b435f57c )        │
│  │ ObjectType: 0x2::coin::Coin<0x2::sui::SUI>                                                           │
│  │ Version: 435911714                                                                                   │
│  │ Digest: 4nGsVUywXq1xYUBUrbqonFG8Lz7vju4fF2xuaFbcp8rX                                                 │
│  └──                                                                                                    │
╰─────────────────────────────────────────────────────────────────────────────────────────────────────────╯
╭────────────────────────────────────────────────────────────────────────────────────────────────────╮
│ Balance Changes                                                                                    │
├────────────────────────────────────────────────────────────────────────────────────────────────────┤
│  ┌──                                                                                               │
│  │ Owner: Account Address ( 0xd842b07687548bef8605dab499624f8aacd2c6108b7909db433a6394b435f57c )   │
│  │ CoinType: 0x2::sui::SUI                                                                         │
│  │ Amount: 580000                                                                                  │
│  └──                                                                                               │
│  ┌──                                                                                               │
│  │ Owner: Account Address ( 0xd842b07687548bef8605dab499624f8aacd2c6108b7909db433a6394b435f57c )   │
│  │ CoinType: 0x388ecc0ef7261e40f7be055c723e4bf275d3eeb33eae3525e4b7096065b19b73::my_coin::MY_COIN  │
│  │ Amount: -100                                                                                    │
│  └──                                                                                               │
╰────────────────────────────────────────────────────────────────────────────────────────────────────╯
