Transaction Digest: D8VMFXNcvq27Veu8A5QunKVDX1yS4iSPSZ2E34hnfzZE
╭─────────────────────────────────────────────────────────────────────────────────────────────────╮
│ Transaction Data                                                                                │
├─────────────────────────────────────────────────────────────────────────────────────────────────┤
│ Sender: 0xd842b07687548bef8605dab499624f8aacd2c6108b7909db433a6394b435f57c                      │
│ Gas Owner: 0xd842b07687548bef8605dab499624f8aacd2c6108b7909db433a6394b435f57c                   │
│ Gas Budget: 1500000 MIST                                                                        │
│ Gas Price: 750 MIST                                                                             │
│ Gas Payment:                                                                                    │
│  ┌──                                                                                            │
│  │ ID: 0x2f4da0b0ad39e6428ab2b919ae0ce25b7f5a238ca6b1007f96417f1327cd99d1                       │
│  │ Version: 435202762                                                                           │
│  │ Digest: 3Y6PSHF3jQSpxSSc4X6eufYRd29RknCoYnCnPbzvTJNw                                         │
│  └──                                                                                            │
│                                                                                                 │
│ Transaction Kind: Programmable                                                                  │
│ ╭─────────────────────────────────────────────────────────────────────────────────────────────╮ │
│ │ Input Objects                                                                               │ │
│ ├─────────────────────────────────────────────────────────────────────────────────────────────┤ │
│ │ 0   Shared Object    ID: 0x2255714f3e6872921ff1f9c0c742c74230fee49c3f2eea5c6d5f095f52a34ff3 │ │
│ │ 1   Imm/Owned Object ID: 0x6e7af64e816d7c9c143591ddfabf1f156b62e4d273c2b7e6479e1aec19884882 │ │
│ ╰─────────────────────────────────────────────────────────────────────────────────────────────╯ │
│ ╭──────────────────────────────────────────────────────────────────────────────────╮            │
│ │ Commands                                                                         │            │
│ ├──────────────────────────────────────────────────────────────────────────────────┤            │
│ │ 0  MoveCall:                                                                     │            │
│ │  ┌                                                                               │            │
│ │  │ Function:  deposit_faucet_coin                                                │            │
│ │  │ Module:    poshitou_swap                                                      │            │
│ │  │ Package:   0xe31d7e17f01f89b34459b467547d2febadf672f4c809742a10b08e267b3f1dad │            │
│ │  │ Arguments:                                                                    │            │
│ │  │   Input  0                                                                    │            │
│ │  │   Input  1                                                                    │            │
│ │  └                                                                               │            │
│ ╰──────────────────────────────────────────────────────────────────────────────────╯            │
│                                                                                                 │
│ Signatures:                                                                                     │
│    bLYvhaYY6UuNfp+uTaQhcZ5zwubbIdZnuw8PKM/uSpwVVCmLfxgWw39Jv4zn54RmDo73osiYFKOdm39Xe2f9Bw==     │
│                                                                                                 │
╰─────────────────────────────────────────────────────────────────────────────────────────────────╯
╭───────────────────────────────────────────────────────────────────────────────────────────────────╮
│ Transaction Effects                                                                               │
├───────────────────────────────────────────────────────────────────────────────────────────────────┤
│ Digest: D8VMFXNcvq27Veu8A5QunKVDX1yS4iSPSZ2E34hnfzZE                                              │
│ Status: Success                                                                                   │
│ Executed Epoch: 602                                                                               │
│ Mutated Objects:                                                                                  │
│  ┌──                                                                                              │
│  │ ID: 0x2255714f3e6872921ff1f9c0c742c74230fee49c3f2eea5c6d5f095f52a34ff3                         │
│  │ Owner: Shared( 435911712 )                                                                     │
│  │ Version: 435911713                                                                             │
│  │ Digest: Fm8aAToZNeAwHqQfwYgjUyvrqaSmmsUYz6J6bQdQdLKb                                           │
│  └──                                                                                              │
│  ┌──                                                                                              │
│  │ ID: 0x2f4da0b0ad39e6428ab2b919ae0ce25b7f5a238ca6b1007f96417f1327cd99d1                         │
│  │ Owner: Account Address ( 0xd842b07687548bef8605dab499624f8aacd2c6108b7909db433a6394b435f57c )  │
│  │ Version: 435911713                                                                             │
│  │ Digest: 2vXpLs9bwSWxXX6KgPBuosVWwu7H6BfuxQYeDic9vwHe                                           │
│  └──                                                                                              │
│ Shared Objects:                                                                                   │
│  ┌──                                                                                              │
│  │ ID: 0x2255714f3e6872921ff1f9c0c742c74230fee49c3f2eea5c6d5f095f52a34ff3                         │
│  │ Version: 435911712                                                                             │
│  │ Digest: FKHCxUPBs61VbTJZqXRFmahgukKhdopK4wDEdQoyb2m2                                           │
│  └──                                                                                              │
│ Deleted Objects:                                                                                  │
│  ┌──                                                                                              │
│  │ ID: 0x6e7af64e816d7c9c143591ddfabf1f156b62e4d273c2b7e6479e1aec19884882                         │
│  │ Version: 435911713                                                                             │
│  │ Digest: 7gyGAp71YXQRoxmFBaHxofQXAipvgHyBKPyxmdSJxyvz                                           │
│  └──                                                                                              │
│ Gas Object:                                                                                       │
│  ┌──                                                                                              │
│  │ ID: 0x2f4da0b0ad39e6428ab2b919ae0ce25b7f5a238ca6b1007f96417f1327cd99d1                         │
│  │ Owner: Account Address ( 0xd842b07687548bef8605dab499624f8aacd2c6108b7909db433a6394b435f57c )  │
│  │ Version: 435911713                                                                             │
│  │ Digest: 2vXpLs9bwSWxXX6KgPBuosVWwu7H6BfuxQYeDic9vwHe                                           │
│  └──                                                                                              │
│ Gas Cost Summary:                                                                                 │
│    Storage Cost: 2432000 MIST                                                                     │
│    Computation Cost: 750000 MIST                                                                  │
│    Storage Rebate: 3822192 MIST                                                                   │
│    Non-refundable Storage Fee: 38608 MIST                                                         │
│                                                                                                   │
│ Transaction Dependencies:                                                                         │
│    7eXcktYu2gfu4xuP1aYfequSaV9j1rtWvbntM8U3Deue                                                   │
│    FRShsKAV7QvLecHpqYRjeeWdb74RrofAdoPrq9uY6V4q                                                   │
│    HLY4E7grfaP9qqQCp3BtRFJZbY87YB84xQCtRJ1msMwL                                                   │
╰───────────────────────────────────────────────────────────────────────────────────────────────────╯
╭─────────────────────────────╮
│ No transaction block events │
╰─────────────────────────────╯

╭─────────────────────────────────────────────────────────────────────────────────────────────────────────╮
│ Object Changes                                                                                          │
├─────────────────────────────────────────────────────────────────────────────────────────────────────────┤
│ Mutated Objects:                                                                                        │
│  ┌──                                                                                                    │
│  │ ObjectID: 0x2255714f3e6872921ff1f9c0c742c74230fee49c3f2eea5c6d5f095f52a34ff3                         │
│  │ Sender: 0xd842b07687548bef8605dab499624f8aacd2c6108b7909db433a6394b435f57c                           │
│  │ Owner: Shared( 435911712 )                                                                           │
│  │ ObjectType: 0xe31d7e17f01f89b34459b467547d2febadf672f4c809742a10b08e267b3f1dad::poshitou_swap::Bank  │
│  │ Version: 435911713                                                                                   │
│  │ Digest: Fm8aAToZNeAwHqQfwYgjUyvrqaSmmsUYz6J6bQdQdLKb                                                 │
│  └──                                                                                                    │
│  ┌──                                                                                                    │
│  │ ObjectID: 0x2f4da0b0ad39e6428ab2b919ae0ce25b7f5a238ca6b1007f96417f1327cd99d1                         │
│  │ Sender: 0xd842b07687548bef8605dab499624f8aacd2c6108b7909db433a6394b435f57c                           │
│  │ Owner: Account Address ( 0xd842b07687548bef8605dab499624f8aacd2c6108b7909db433a6394b435f57c )        │
│  │ ObjectType: 0x2::coin::Coin<0x2::sui::SUI>                                                           │
│  │ Version: 435911713                                                                                   │
│  │ Digest: 2vXpLs9bwSWxXX6KgPBuosVWwu7H6BfuxQYeDic9vwHe                                                 │
│  └──                                                                                                    │
╰─────────────────────────────────────────────────────────────────────────────────────────────────────────╯
╭────────────────────────────────────────────────────────────────────────────────────────────────────────────╮
│ Balance Changes                                                                                            │
├────────────────────────────────────────────────────────────────────────────────────────────────────────────┤
│  ┌──                                                                                                       │
│  │ Owner: Account Address ( 0xd842b07687548bef8605dab499624f8aacd2c6108b7909db433a6394b435f57c )           │
│  │ CoinType: 0x2::sui::SUI                                                                                 │
│  │ Amount: 640192                                                                                          │
│  └──                                                                                                       │
│  ┌──                                                                                                       │
│  │ Owner: Account Address ( 0xd842b07687548bef8605dab499624f8aacd2c6108b7909db433a6394b435f57c )           │
│  │ CoinType: 0x388ecc0ef7261e40f7be055c723e4bf275d3eeb33eae3525e4b7096065b19b73::faucet_coin::FAUCET_COIN  │
│  │ Amount: -100                                                                                            │
│  └──                                                                                                       │
╰────────────────────────────────────────────────────────────────────────────────────────────────────────────╯
