sui client call `
--package  0x2 `
--module coin `
--function mint_and_transfer `
--type-args '0x388ecc0ef7261e40f7be055c723e4bf275d3eeb33eae3525e4b7096065b19b73::faucet_coin::FAUCET_COIN' `
--args 0xc1ecb008f20a5c4504545de9107057c2ce0674ca34ebf614ebed8e5a77772ccb 100 0xd842b07687548bef8605dab499624f8aacd2c6108b7909db433a6394b435f57c
Transaction Digest: HLY4E7grfaP9qqQCp3BtRFJZbY87YB84xQCtRJ1msMwL
╭──────────────────────────────────────────────────────────────────────────────────────────────────────────────╮
│ Transaction Data                                                                                             │
├──────────────────────────────────────────────────────────────────────────────────────────────────────────────┤
│ Sender: 0xd842b07687548bef8605dab499624f8aacd2c6108b7909db433a6394b435f57c                                   │
│ Gas Owner: 0xd842b07687548bef8605dab499624f8aacd2c6108b7909db433a6394b435f57c                                │
│ Gas Budget: 3934888 MIST                                                                                     │
│ Gas Price: 750 MIST                                                                                          │
│ Gas Payment:                                                                                                 │
│  ┌──                                                                                                         │
│  │ ID: 0x2f4da0b0ad39e6428ab2b919ae0ce25b7f5a238ca6b1007f96417f1327cd99d1                                    │
│  │ Version: 410395985                                                                                        │
│  │ Digest: HBYT1AtByozEaKAKwqT4KK9fHghZoMBiAa7Ebi5UmRuo                                                      │
│  └──                                                                                                         │
│                                                                                                              │
│ Transaction Kind: Programmable                                                                               │
│ ╭──────────────────────────────────────────────────────────────────────────────────────────────────────────╮ │
│ │ Input Objects                                                                                            │ │
│ ├──────────────────────────────────────────────────────────────────────────────────────────────────────────┤ │
│ │ 0   Shared Object    ID: 0xc1ecb008f20a5c4504545de9107057c2ce0674ca34ebf614ebed8e5a77772ccb              │ │
│ │ 1   Pure Arg: Type: u64, Value: "100"                                                                    │ │
│ │ 2   Pure Arg: Type: address, Value: "0xd842b07687548bef8605dab499624f8aacd2c6108b7909db433a6394b435f57c" │ │
│ ╰──────────────────────────────────────────────────────────────────────────────────────────────────────────╯ │
│ ╭───────────────────────────────────────────────────────────────────────────────────────────────────╮        │
│ │ Commands                                                                                          │        │
│ ├───────────────────────────────────────────────────────────────────────────────────────────────────┤        │
│ │ 0  MoveCall:                                                                                      │        │
│ │  ┌                                                                                                │        │
│ │  │ Function:  mint_and_transfer                                                                   │        │
│ │  │ Module:    coin                                                                                │        │
│ │  │ Package:   0x0000000000000000000000000000000000000000000000000000000000000002                  │        │
│ │  │ Type Arguments:                                                                                │        │
│ │  │   0x388ecc0ef7261e40f7be055c723e4bf275d3eeb33eae3525e4b7096065b19b73::faucet_coin::FAUCET_COIN │        │
│ │  │ Arguments:                                                                                     │        │
│ │  │   Input  0                                                                                     │        │
│ │  │   Input  1                                                                                     │        │
│ │  │   Input  2                                                                                     │        │
│ │  └                                                                                                │        │
│ ╰───────────────────────────────────────────────────────────────────────────────────────────────────╯        │
│                                                                                                              │
│ Signatures:                                                                                                  │
│    TV3NCrZKW7r9EwA6nX1G8PnZ4klpUDcEX918+6/E9eJfjom3yIYqMQmtSLl83xiXnEnG6Fhf5I0l0C1hi8xrjA==                  │
│                                                                                                              │
╰──────────────────────────────────────────────────────────────────────────────────────────────────────────────╯
╭───────────────────────────────────────────────────────────────────────────────────────────────────╮
│ Transaction Effects                                                                               │
├───────────────────────────────────────────────────────────────────────────────────────────────────┤
│ Digest: HLY4E7grfaP9qqQCp3BtRFJZbY87YB84xQCtRJ1msMwL                                              │
│ Status: Success                                                                                   │
│ Executed Epoch: 602                                                                               │
│                                                                                                   │
│ Created Objects:                                                                                  │
│  ┌──                                                                                              │
│  │ ID: 0x6e7af64e816d7c9c143591ddfabf1f156b62e4d273c2b7e6479e1aec19884882                         │
│  │ Owner: Account Address ( 0xd842b07687548bef8605dab499624f8aacd2c6108b7909db433a6394b435f57c )  │
│  │ Version: 435202761                                                                             │
│  │ Digest: 2X2a5Kh2a74dZj9UYqPTNrLms2q1Mc76oih5HnccbJW2                                           │
│  └──                                                                                              │
│ Mutated Objects:                                                                                  │
│  ┌──                                                                                              │
│  │ ID: 0x2f4da0b0ad39e6428ab2b919ae0ce25b7f5a238ca6b1007f96417f1327cd99d1                         │
│  │ Owner: Account Address ( 0xd842b07687548bef8605dab499624f8aacd2c6108b7909db433a6394b435f57c )  │
│  │ Version: 435202761                                                                             │
│  │ Digest: 4mczq3eW3K9hq7QHBhzM5C3kNpV8mbXrdxa59EK8QR3g                                           │
│  └──                                                                                              │
│  ┌──                                                                                              │
│  │ ID: 0xc1ecb008f20a5c4504545de9107057c2ce0674ca34ebf614ebed8e5a77772ccb                         │
│  │ Owner: Shared( 410395976 )                                                                     │
│  │ Version: 435202761                                                                             │
│  │ Digest: 6465hHaDyzosgcUwTvaqCAmDwt4hXCeGESbwKvgbtFAp                                           │
│  └──                                                                                              │
│ Shared Objects:                                                                                   │
│  ┌──                                                                                              │
│  │ ID: 0xc1ecb008f20a5c4504545de9107057c2ce0674ca34ebf614ebed8e5a77772ccb                         │
│  │ Version: 435202760                                                                             │
│  │ Digest: 9wW4QnHJ3kPMLsXj3y9ApJnBeUns1K6LKATEkKnam2Tf                                           │
│  └──                                                                                              │
│ Gas Object:                                                                                       │
│  ┌──                                                                                              │
│  │ ID: 0x2f4da0b0ad39e6428ab2b919ae0ce25b7f5a238ca6b1007f96417f1327cd99d1                         │
│  │ Owner: Account Address ( 0xd842b07687548bef8605dab499624f8aacd2c6108b7909db433a6394b435f57c )  │
│  │ Version: 435202761                                                                             │
│  │ Digest: 4mczq3eW3K9hq7QHBhzM5C3kNpV8mbXrdxa59EK8QR3g                                           │
│  └──                                                                                              │
│ Gas Cost Summary:                                                                                 │
│    Storage Cost: 4225600 MIST                                                                     │
│    Computation Cost: 750000 MIST                                                                  │
│    Storage Rebate: 2768832 MIST                                                                   │
│    Non-refundable Storage Fee: 27968 MIST                                                         │
│                                                                                                   │
│ Transaction Dependencies:                                                                         │
│    4ueMWExEYyCMGDAAbRxfZ3B4JoYwPtSQr2p92z7srhRe                                                   │
│    7Rt36wXxhB8ppmeLhwT94aXYXPbvyF9LMzMoGCBdhK1E                                                   │
│    F1sGugmqoxq3LRNeiqsAZtqdaT3xxfgZGQHJRPbx37U1                                                   │
│    FPQJirZF6XaBX9wcmQbPUPPX9CzbpymnF3c8vtnpHqWt                                                   │
╰───────────────────────────────────────────────────────────────────────────────────────────────────╯
╭─────────────────────────────╮
│ No transaction block events │
╰─────────────────────────────╯

╭──────────────────────────────────────────────────────────────────────────────────────────────────────────────────────────────────────╮
│ Object Changes                                                                                                                       │
├──────────────────────────────────────────────────────────────────────────────────────────────────────────────────────────────────────┤
│ Created Objects:                                                                                                                     │
│  ┌──                                                                                                                                 │
│  │ ObjectID: 0x6e7af64e816d7c9c143591ddfabf1f156b62e4d273c2b7e6479e1aec19884882                                                      │
│  │ Sender: 0xd842b07687548bef8605dab499624f8aacd2c6108b7909db433a6394b435f57c                                                        │
│  │ Owner: Account Address ( 0xd842b07687548bef8605dab499624f8aacd2c6108b7909db433a6394b435f57c )                                     │
│  │ ObjectType: 0x2::coin::Coin<0x388ecc0ef7261e40f7be055c723e4bf275d3eeb33eae3525e4b7096065b19b73::faucet_coin::FAUCET_COIN>         │
│  │ Version: 435202761                                                                                                                │
│  │ Digest: 2X2a5Kh2a74dZj9UYqPTNrLms2q1Mc76oih5HnccbJW2                                                                              │
│  └──                                                                                                                                 │
│ Mutated Objects:                                                                                                                     │
│  ┌──                                                                                                                                 │
│  │ ObjectID: 0x2f4da0b0ad39e6428ab2b919ae0ce25b7f5a238ca6b1007f96417f1327cd99d1                                                      │
│  │ Sender: 0xd842b07687548bef8605dab499624f8aacd2c6108b7909db433a6394b435f57c                                                        │
│  │ Owner: Account Address ( 0xd842b07687548bef8605dab499624f8aacd2c6108b7909db433a6394b435f57c )                                     │
│  │ ObjectType: 0x2::coin::Coin<0x2::sui::SUI>                                                                                        │
│  │ Version: 435202761                                                                                                                │
│  │ Digest: 4mczq3eW3K9hq7QHBhzM5C3kNpV8mbXrdxa59EK8QR3g                                                                              │
│  └──                                                                                                                                 │
│  ┌──                                                                                                                                 │
│  │ ObjectID: 0xc1ecb008f20a5c4504545de9107057c2ce0674ca34ebf614ebed8e5a77772ccb                                                      │
│  │ Sender: 0xd842b07687548bef8605dab499624f8aacd2c6108b7909db433a6394b435f57c                                                        │
│  │ Owner: Shared( 410395976 )                                                                                                        │
│  │ ObjectType: 0x2::coin::TreasuryCap<0x388ecc0ef7261e40f7be055c723e4bf275d3eeb33eae3525e4b7096065b19b73::faucet_coin::FAUCET_COIN>  │
│  │ Version: 435202761                                                                                                                │
│  │ Digest: 6465hHaDyzosgcUwTvaqCAmDwt4hXCeGESbwKvgbtFAp                                                                              │
│  └──                                                                                                                                 │
╰──────────────────────────────────────────────────────────────────────────────────────────────────────────────────────────────────────╯
╭────────────────────────────────────────────────────────────────────────────────────────────────────────────╮
│ Balance Changes                                                                                            │
├────────────────────────────────────────────────────────────────────────────────────────────────────────────┤
│  ┌──                                                                                                       │
│  │ Owner: Account Address ( 0xd842b07687548bef8605dab499624f8aacd2c6108b7909db433a6394b435f57c )           │
│  │ CoinType: 0x2::sui::SUI                                                                                 │
│  │ Amount: -2206768                                                                                        │
│  └──                                                                                                       │
│  ┌──                                                                                                       │
│  │ Owner: Account Address ( 0xd842b07687548bef8605dab499624f8aacd2c6108b7909db433a6394b435f57c )           │
│  │ CoinType: 0x388ecc0ef7261e40f7be055c723e4bf275d3eeb33eae3525e4b7096065b19b73::faucet_coin::FAUCET_COIN  │
│  │ Amount: 100                                                                                             │
│  └──                                                                                                       │
╰────────────────────────────────────────────────────────────────────────────────────────────────────────────╯

---------------------------------------------------------------------------------------------------------------------------------------------------
sui client call `
--package  0x2 `
--module coin `
--function mint_and_transfer `
--type-args '0x388ecc0ef7261e40f7be055c723e4bf275d3eeb33eae3525e4b7096065b19b73::faucet_coin::FAUCET_COIN' `
--args 0xc1ecb008f20a5c4504545de9107057c2ce0674ca34ebf614ebed8e5a77772ccb 1 0xd842b07687548bef8605dab499624f8aacd2c6108b7909db433a6394b435f57c
Transaction Digest: 9QcfBzooaVSxUzeGGc2YJDYRwZBMSNB7UqFyDdYBYqyC
╭──────────────────────────────────────────────────────────────────────────────────────────────────────────────╮
│ Transaction Data                                                                                             │
├──────────────────────────────────────────────────────────────────────────────────────────────────────────────┤
│ Sender: 0xd842b07687548bef8605dab499624f8aacd2c6108b7909db433a6394b435f57c                                   │
│ Gas Owner: 0xd842b07687548bef8605dab499624f8aacd2c6108b7909db433a6394b435f57c                                │
│ Gas Budget: 3934888 MIST                                                                                     │
│ Gas Price: 750 MIST                                                                                          │
│ Gas Payment:                                                                                                 │
│  ┌──                                                                                                         │
│  │ ID: 0x2f4da0b0ad39e6428ab2b919ae0ce25b7f5a238ca6b1007f96417f1327cd99d1                                    │
│  │ Version: 435911714                                                                                        │
│  │ Digest: 4nGsVUywXq1xYUBUrbqonFG8Lz7vju4fF2xuaFbcp8rX                                                      │
│  └──                                                                                                         │
│                                                                                                              │
│ Transaction Kind: Programmable                                                                               │
│ ╭──────────────────────────────────────────────────────────────────────────────────────────────────────────╮ │
│ │ Input Objects                                                                                            │ │
│ ├──────────────────────────────────────────────────────────────────────────────────────────────────────────┤ │
│ │ 0   Shared Object    ID: 0xc1ecb008f20a5c4504545de9107057c2ce0674ca34ebf614ebed8e5a77772ccb              │ │
│ │ 1   Pure Arg: Type: u64, Value: "1"                                                                      │ │
│ │ 2   Pure Arg: Type: address, Value: "0xd842b07687548bef8605dab499624f8aacd2c6108b7909db433a6394b435f57c" │ │
│ ╰──────────────────────────────────────────────────────────────────────────────────────────────────────────╯ │
│ ╭───────────────────────────────────────────────────────────────────────────────────────────────────╮        │
│ │ Commands                                                                                          │        │
│ ├───────────────────────────────────────────────────────────────────────────────────────────────────┤        │
│ │ 0  MoveCall:                                                                                      │        │
│ │  ┌                                                                                                │        │
│ │  │ Function:  mint_and_transfer                                                                   │        │
│ │  │ Module:    coin                                                                                │        │
│ │  │ Package:   0x0000000000000000000000000000000000000000000000000000000000000002                  │        │
│ │  │ Type Arguments:                                                                                │        │
│ │  │   0x388ecc0ef7261e40f7be055c723e4bf275d3eeb33eae3525e4b7096065b19b73::faucet_coin::FAUCET_COIN │        │
│ │  │ Arguments:                                                                                     │        │
│ │  │   Input  0                                                                                     │        │
│ │  │   Input  1                                                                                     │        │
│ │  │   Input  2                                                                                     │        │
│ │  └                                                                                                │        │
│ ╰───────────────────────────────────────────────────────────────────────────────────────────────────╯        │
│                                                                                                              │
│ Signatures:                                                                                                  │
│    EYGehz1wsf+U0xJPAzTwC2VqG16mF2z73ejkWnW+TPAK5TZxpoR1LteqjjAIKM20IPhy/ZoTl3QBbMBk6TDAdQ==                  │
│                                                                                                              │
╰──────────────────────────────────────────────────────────────────────────────────────────────────────────────╯
╭───────────────────────────────────────────────────────────────────────────────────────────────────╮
│ Transaction Effects                                                                               │
├───────────────────────────────────────────────────────────────────────────────────────────────────┤
│ Digest: 9QcfBzooaVSxUzeGGc2YJDYRwZBMSNB7UqFyDdYBYqyC                                              │
│ Status: Success                                                                                   │
│ Executed Epoch: 602                                                                               │
│                                                                                                   │
│ Created Objects:                                                                                  │
│  ┌──                                                                                              │
│  │ ID: 0xb9385eabb1083466c0833a10b9c3c705ccd183a7adf20998ef9494fcbf843249                         │
│  │ Owner: Account Address ( 0xd842b07687548bef8605dab499624f8aacd2c6108b7909db433a6394b435f57c )  │
│  │ Version: 435911715                                                                             │
│  │ Digest: 88kCCaLSAitNg9GmpTVsTkVMVmjC9gfx7teCnq3ufhGc                                           │
│  └──                                                                                              │
│ Mutated Objects:                                                                                  │
│  ┌──                                                                                              │
│  │ ID: 0x2f4da0b0ad39e6428ab2b919ae0ce25b7f5a238ca6b1007f96417f1327cd99d1                         │
│  │ Owner: Account Address ( 0xd842b07687548bef8605dab499624f8aacd2c6108b7909db433a6394b435f57c )  │
│  │ Version: 435911715                                                                             │
│  │ Digest: GhxyjNV6qUim4Nyv3NvSPYW3C1GRFK1PeDRgRKfBvT7U                                           │
│  └──                                                                                              │
│  ┌──                                                                                              │
│  │ ID: 0xc1ecb008f20a5c4504545de9107057c2ce0674ca34ebf614ebed8e5a77772ccb                         │
│  │ Owner: Shared( 410395976 )                                                                     │
│  │ Version: 435911715                                                                             │
│  │ Digest: FsppiQefkxZu8tU4YDAuYShN8awVf8Spgr4WxvTpVKGG                                           │
│  └──                                                                                              │
│ Shared Objects:                                                                                   │
│  ┌──                                                                                              │
│  │ ID: 0xc1ecb008f20a5c4504545de9107057c2ce0674ca34ebf614ebed8e5a77772ccb                         │
│  │ Version: 435202761                                                                             │
│  │ Digest: 6465hHaDyzosgcUwTvaqCAmDwt4hXCeGESbwKvgbtFAp                                           │
│  └──                                                                                              │
│ Gas Object:                                                                                       │
│  ┌──                                                                                              │
│  │ ID: 0x2f4da0b0ad39e6428ab2b919ae0ce25b7f5a238ca6b1007f96417f1327cd99d1                         │
│  │ Owner: Account Address ( 0xd842b07687548bef8605dab499624f8aacd2c6108b7909db433a6394b435f57c )  │
│  │ Version: 435911715                                                                             │
│  │ Digest: GhxyjNV6qUim4Nyv3NvSPYW3C1GRFK1PeDRgRKfBvT7U                                           │
│  └──                                                                                              │
│ Gas Cost Summary:                                                                                 │
│    Storage Cost: 4225600 MIST                                                                     │
│    Computation Cost: 750000 MIST                                                                  │
│    Storage Rebate: 2768832 MIST                                                                   │
│    Non-refundable Storage Fee: 27968 MIST                                                         │
│                                                                                                   │
│ Transaction Dependencies:                                                                         │
│    4ueMWExEYyCMGDAAbRxfZ3B4JoYwPtSQr2p92z7srhRe                                                   │
│    8aApciDTX9CDJxuALq4xBGQAPAZgjSim6bzXV4M2TnNo                                                   │
│    FPQJirZF6XaBX9wcmQbPUPPX9CzbpymnF3c8vtnpHqWt                                                   │
│    HLY4E7grfaP9qqQCp3BtRFJZbY87YB84xQCtRJ1msMwL                                                   │
╰───────────────────────────────────────────────────────────────────────────────────────────────────╯
╭─────────────────────────────╮
│ No transaction block events │
╰─────────────────────────────╯

╭──────────────────────────────────────────────────────────────────────────────────────────────────────────────────────────────────────╮
│ Object Changes                                                                                                                       │
├──────────────────────────────────────────────────────────────────────────────────────────────────────────────────────────────────────┤
│ Created Objects:                                                                                                                     │
│  ┌──                                                                                                                                 │
│  │ ObjectID: 0xb9385eabb1083466c0833a10b9c3c705ccd183a7adf20998ef9494fcbf843249                                                      │
│  │ Sender: 0xd842b07687548bef8605dab499624f8aacd2c6108b7909db433a6394b435f57c                                                        │
│  │ Owner: Account Address ( 0xd842b07687548bef8605dab499624f8aacd2c6108b7909db433a6394b435f57c )                                     │
│  │ ObjectType: 0x2::coin::Coin<0x388ecc0ef7261e40f7be055c723e4bf275d3eeb33eae3525e4b7096065b19b73::faucet_coin::FAUCET_COIN>         │
│  │ Version: 435911715                                                                                                                │
│  │ Digest: 88kCCaLSAitNg9GmpTVsTkVMVmjC9gfx7teCnq3ufhGc                                                                              │
│  └──                                                                                                                                 │
│ Mutated Objects:                                                                                                                     │
│  ┌──                                                                                                                                 │
│  │ ObjectID: 0x2f4da0b0ad39e6428ab2b919ae0ce25b7f5a238ca6b1007f96417f1327cd99d1                                                      │
│  │ Sender: 0xd842b07687548bef8605dab499624f8aacd2c6108b7909db433a6394b435f57c                                                        │
│  │ Owner: Account Address ( 0xd842b07687548bef8605dab499624f8aacd2c6108b7909db433a6394b435f57c )                                     │
│  │ ObjectType: 0x2::coin::Coin<0x2::sui::SUI>                                                                                        │
│  │ Version: 435911715                                                                                                                │
│  │ Digest: GhxyjNV6qUim4Nyv3NvSPYW3C1GRFK1PeDRgRKfBvT7U                                                                              │
│  └──                                                                                                                                 │
│  ┌──                                                                                                                                 │
│  │ ObjectID: 0xc1ecb008f20a5c4504545de9107057c2ce0674ca34ebf614ebed8e5a77772ccb                                                      │
│  │ Sender: 0xd842b07687548bef8605dab499624f8aacd2c6108b7909db433a6394b435f57c                                                        │
│  │ Owner: Shared( 410395976 )                                                                                                        │
│  │ ObjectType: 0x2::coin::TreasuryCap<0x388ecc0ef7261e40f7be055c723e4bf275d3eeb33eae3525e4b7096065b19b73::faucet_coin::FAUCET_COIN>  │
│  │ Version: 435911715                                                                                                                │
│  │ Digest: FsppiQefkxZu8tU4YDAuYShN8awVf8Spgr4WxvTpVKGG                                                                              │
│  └──                                                                                                                                 │
╰──────────────────────────────────────────────────────────────────────────────────────────────────────────────────────────────────────╯
╭────────────────────────────────────────────────────────────────────────────────────────────────────────────╮
│ Balance Changes                                                                                            │
├────────────────────────────────────────────────────────────────────────────────────────────────────────────┤
│  ┌──                                                                                                       │
│  │ Owner: Account Address ( 0xd842b07687548bef8605dab499624f8aacd2c6108b7909db433a6394b435f57c )           │
│  │ CoinType: 0x2::sui::SUI                                                                                 │
│  │ Amount: -2206768                                                                                        │
│  └──                                                                                                       │
│  ┌──                                                                                                       │
│  │ Owner: Account Address ( 0xd842b07687548bef8605dab499624f8aacd2c6108b7909db433a6394b435f57c )           │
│  │ CoinType: 0x388ecc0ef7261e40f7be055c723e4bf275d3eeb33eae3525e4b7096065b19b73::faucet_coin::FAUCET_COIN  │
│  │ Amount: 1                                                                                               │
│  └──                                                                                                       │
╰────────────────────────────────────────────────────────────────────────────────────────────────────────────╯
