>> --package  0x2 `
>> --module coin `
>> --function mint_and_transfer `
>> --type-args '0x388ecc0ef7261e40f7be055c723e4bf275d3eeb33eae3525e4b7096065b19b73::my_coin::MY_COIN' `
>> --args 0x9a7542f2b37e3217cbfdb3ed748f6017664fd1653a0fc36f695c6f7bfc20f49d 100 0xd842b07687548bef8605dab499624f8aacd2c6108b7909db433a6394b435f57c

Transaction Digest: FRShsKAV7QvLecHpqYRjeeWdb74RrofAdoPrq9uY6V4q
╭──────────────────────────────────────────────────────────────────────────────────────────────────────────────╮
│ Transaction Data                                                                                             │
├──────────────────────────────────────────────────────────────────────────────────────────────────────────────┤
│ Sender: 0xd842b07687548bef8605dab499624f8aacd2c6108b7909db433a6394b435f57c                                   │
│ Gas Owner: 0xd842b07687548bef8605dab499624f8aacd2c6108b7909db433a6394b435f57c                                │
│ Gas Budget: 3873480 MIST                                                                                     │
│ Gas Price: 750 MIST                                                                                          │
│ Gas Payment:                                                                                                 │
│  ┌──                                                                                                         │
│  │ ID: 0x2f4da0b0ad39e6428ab2b919ae0ce25b7f5a238ca6b1007f96417f1327cd99d1                                    │
│  │ Version: 435202761                                                                                        │
│  │ Digest: 4mczq3eW3K9hq7QHBhzM5C3kNpV8mbXrdxa59EK8QR3g                                                      │
│  └──                                                                                                         │
│                                                                                                              │
│ Transaction Kind: Programmable                                                                               │
│ ╭──────────────────────────────────────────────────────────────────────────────────────────────────────────╮ │
│ │ Input Objects                                                                                            │ │
│ ├──────────────────────────────────────────────────────────────────────────────────────────────────────────┤ │
│ │ 0   Imm/Owned Object ID: 0x9a7542f2b37e3217cbfdb3ed748f6017664fd1653a0fc36f695c6f7bfc20f49d              │ │
│ │ 1   Pure Arg: Type: u64, Value: "100"                                                                    │ │
│ │ 2   Pure Arg: Type: address, Value: "0xd842b07687548bef8605dab499624f8aacd2c6108b7909db433a6394b435f57c" │ │
│ ╰──────────────────────────────────────────────────────────────────────────────────────────────────────────╯ │
│ ╭───────────────────────────────────────────────────────────────────────────────────────────╮                │
│ │ Commands                                                                                  │                │
│ ├───────────────────────────────────────────────────────────────────────────────────────────┤                │
│ │ 0  MoveCall:                                                                              │                │
│ │  ┌                                                                                        │                │
│ │  │ Function:  mint_and_transfer                                                           │                │
│ │  │ Module:    coin                                                                        │                │
│ │  │ Package:   0x0000000000000000000000000000000000000000000000000000000000000002          │                │
│ │  │ Type Arguments:                                                                        │                │
│ │  │   0x388ecc0ef7261e40f7be055c723e4bf275d3eeb33eae3525e4b7096065b19b73::my_coin::MY_COIN │                │
│ │  │ Arguments:                                                                             │                │
│ │  │   Input  0                                                                             │                │
│ │  │   Input  1                                                                             │                │
│ │  │   Input  2                                                                             │                │
│ │  └                                                                                        │                │
│ ╰───────────────────────────────────────────────────────────────────────────────────────────╯                │
│                                                                                                              │
│ Signatures:                                                                                                  │
│    DN01edA5QwCIo0oMvMf4ZwQNwcnS0ms/KJ2I6F49DTs39BgZlhYnnwwmXXFTrCnOfqDTkuAls1YIsj7I/b56Rw==                  │
│                                                                                                              │
╰──────────────────────────────────────────────────────────────────────────────────────────────────────────────╯
╭───────────────────────────────────────────────────────────────────────────────────────────────────╮
│ Transaction Effects                                                                               │
├───────────────────────────────────────────────────────────────────────────────────────────────────┤
│ Digest: FRShsKAV7QvLecHpqYRjeeWdb74RrofAdoPrq9uY6V4q                                              │
│ Status: Success                                                                                   │
│ Executed Epoch: 602                                                                               │
│                                                                                                   │
│ Created Objects:                                                                                  │
│  ┌──                                                                                              │
│  │ ID: 0xf67236272ffee5eb128b3e900fbc0dc620f03f7df2690ddca7fca527d2e07d8c                         │
│  │ Owner: Account Address ( 0xd842b07687548bef8605dab499624f8aacd2c6108b7909db433a6394b435f57c )  │
│  │ Version: 435202762                                                                             │
│  │ Digest: 79ZtNdc8ZzBudD8GH6bs6AsYT6d2VsuZRyzu43z1hrQL                                           │
│  └──                                                                                              │
│ Mutated Objects:                                                                                  │
│  ┌──                                                                                              │
│  │ ID: 0x2f4da0b0ad39e6428ab2b919ae0ce25b7f5a238ca6b1007f96417f1327cd99d1                         │
│  │ Owner: Account Address ( 0xd842b07687548bef8605dab499624f8aacd2c6108b7909db433a6394b435f57c )  │
│  │ Version: 435202762                                                                             │
│  │ Digest: 3Y6PSHF3jQSpxSSc4X6eufYRd29RknCoYnCnPbzvTJNw                                           │
│  └──                                                                                              │
│  ┌──                                                                                              │
│  │ ID: 0x9a7542f2b37e3217cbfdb3ed748f6017664fd1653a0fc36f695c6f7bfc20f49d                         │
│  │ Owner: Account Address ( 0xd842b07687548bef8605dab499624f8aacd2c6108b7909db433a6394b435f57c )  │
│  │ Version: 435202762                                                                             │
│  │ Digest: CTomqQJXJGNupahxYkiGnoumiG3pKqeZcPVqZxVvpYiV                                           │
│  └──                                                                                              │
│ Gas Object:                                                                                       │
│  ┌──                                                                                              │
│  │ ID: 0x2f4da0b0ad39e6428ab2b919ae0ce25b7f5a238ca6b1007f96417f1327cd99d1                         │
│  │ Owner: Account Address ( 0xd842b07687548bef8605dab499624f8aacd2c6108b7909db433a6394b435f57c )  │
│  │ Version: 435202762                                                                             │
│  │ Digest: 3Y6PSHF3jQSpxSSc4X6eufYRd29RknCoYnCnPbzvTJNw                                           │
│  └──                                                                                              │
│ Gas Cost Summary:                                                                                 │
│    Storage Cost: 4104000 MIST                                                                     │
│    Computation Cost: 750000 MIST                                                                  │
│    Storage Rebate: 2708640 MIST                                                                   │
│    Non-refundable Storage Fee: 27360 MIST                                                         │
│                                                                                                   │
│ Transaction Dependencies:                                                                         │
│    4ueMWExEYyCMGDAAbRxfZ3B4JoYwPtSQr2p92z7srhRe                                                   │
│    6uoiAJdExVurr1bTUwx129PdvEUQGYtYa9TLwjJVgEs7                                                   │
│    FPQJirZF6XaBX9wcmQbPUPPX9CzbpymnF3c8vtnpHqWt                                                   │
│    HLY4E7grfaP9qqQCp3BtRFJZbY87YB84xQCtRJ1msMwL                                                   │
╰───────────────────────────────────────────────────────────────────────────────────────────────────╯
╭─────────────────────────────╮
│ No transaction block events │
╰─────────────────────────────╯

╭──────────────────────────────────────────────────────────────────────────────────────────────────────────────────────────────╮
│ Object Changes                                                                                                               │
├──────────────────────────────────────────────────────────────────────────────────────────────────────────────────────────────┤
│ Created Objects:                                                                                                             │
│  ┌──                                                                                                                         │
│  │ ObjectID: 0xf67236272ffee5eb128b3e900fbc0dc620f03f7df2690ddca7fca527d2e07d8c                                              │
│  │ Sender: 0xd842b07687548bef8605dab499624f8aacd2c6108b7909db433a6394b435f57c                                                │
│  │ Owner: Account Address ( 0xd842b07687548bef8605dab499624f8aacd2c6108b7909db433a6394b435f57c )                             │
│  │ ObjectType: 0x2::coin::Coin<0x388ecc0ef7261e40f7be055c723e4bf275d3eeb33eae3525e4b7096065b19b73::my_coin::MY_COIN>         │
│  │ Version: 435202762                                                                                                        │
│  │ Digest: 79ZtNdc8ZzBudD8GH6bs6AsYT6d2VsuZRyzu43z1hrQL                                                                      │
│  └──                                                                                                                         │
│ Mutated Objects:                                                                                                             │
│  ┌──                                                                                                                         │
│  │ ObjectID: 0x2f4da0b0ad39e6428ab2b919ae0ce25b7f5a238ca6b1007f96417f1327cd99d1                                              │
│  │ Sender: 0xd842b07687548bef8605dab499624f8aacd2c6108b7909db433a6394b435f57c                                                │
│  │ Owner: Account Address ( 0xd842b07687548bef8605dab499624f8aacd2c6108b7909db433a6394b435f57c )                             │
│  │ ObjectType: 0x2::coin::Coin<0x2::sui::SUI>                                                                                │
│  │ Version: 435202762                                                                                                        │
│  │ Digest: 3Y6PSHF3jQSpxSSc4X6eufYRd29RknCoYnCnPbzvTJNw                                                                      │
│  └──                                                                                                                         │
│  ┌──                                                                                                                         │
│  │ ObjectID: 0x9a7542f2b37e3217cbfdb3ed748f6017664fd1653a0fc36f695c6f7bfc20f49d                                              │
│  │ Sender: 0xd842b07687548bef8605dab499624f8aacd2c6108b7909db433a6394b435f57c                                                │
│  │ Owner: Account Address ( 0xd842b07687548bef8605dab499624f8aacd2c6108b7909db433a6394b435f57c )                             │
│  │ ObjectType: 0x2::coin::TreasuryCap<0x388ecc0ef7261e40f7be055c723e4bf275d3eeb33eae3525e4b7096065b19b73::my_coin::MY_COIN>  │
│  │ Version: 435202762                                                                                                        │
│  │ Digest: CTomqQJXJGNupahxYkiGnoumiG3pKqeZcPVqZxVvpYiV                                                                      │
│  └──                                                                                                                         │
╰──────────────────────────────────────────────────────────────────────────────────────────────────────────────────────────────╯
╭────────────────────────────────────────────────────────────────────────────────────────────────────╮
│ Balance Changes                                                                                    │
├────────────────────────────────────────────────────────────────────────────────────────────────────┤
│  ┌──                                                                                               │
│  │ Owner: Account Address ( 0xd842b07687548bef8605dab499624f8aacd2c6108b7909db433a6394b435f57c )   │
│  │ CoinType: 0x2::sui::SUI                                                                         │
│  │ Amount: -2145360                                                                                │
│  └──                                                                                               │
│  ┌──                                                                                               │
│  │ Owner: Account Address ( 0xd842b07687548bef8605dab499624f8aacd2c6108b7909db433a6394b435f57c )   │
│  │ CoinType: 0x388ecc0ef7261e40f7be055c723e4bf275d3eeb33eae3525e4b7096065b19b73::my_coin::MY_COIN  │
│  │ Amount: 100                                                                                     │
│  └──                                                                                               │
╰────────────────────────────────────────────────────────────────────────────────────────────────────╯



---------------------------------------------------------------------------------------------------------------------------------------------------
>> --package  0x2 `
>> --module coin `
>> --function mint_and_transfer `
>> --type-args '0x388ecc0ef7261e40f7be055c723e4bf275d3eeb33eae3525e4b7096065b19b73::my_coin::MY_COIN' `
>> --args 0x9a7542f2b37e3217cbfdb3ed748f6017664fd1653a0fc36f695c6f7bfc20f49d 10 0xd842b07687548bef8605dab499624f8aacd2c6108b7909db433a6394b435f57c

Transaction Digest: 75AKjVhRRAfPKX8EBevymfTvmaJJPvnZxeKWPfeTGpf
╭──────────────────────────────────────────────────────────────────────────────────────────────────────────────╮
│ Transaction Data                                                                                             │
├──────────────────────────────────────────────────────────────────────────────────────────────────────────────┤
│ Sender: 0xd842b07687548bef8605dab499624f8aacd2c6108b7909db433a6394b435f57c                                   │
│ Gas Owner: 0xd842b07687548bef8605dab499624f8aacd2c6108b7909db433a6394b435f57c                                │
│ Gas Budget: 3873480 MIST                                                                                     │
│ Gas Price: 750 MIST                                                                                          │
│ Gas Payment:                                                                                                 │
│  ┌──                                                                                                         │
│  │ ID: 0x76ea60827637be52cd876e59a8bb7bab9e96d137f7a05316f51cf9013cc64708                                    │
│  │ Version: 435911712                                                                                        │
│  │ Digest: 5J5fLfGbRhB6BzZvrH4M9CFF8C2GyRvp3scCF7fUXFS2                                                      │
│  └──                                                                                                         │
│                                                                                                              │
│ Transaction Kind: Programmable                                                                               │
│ ╭──────────────────────────────────────────────────────────────────────────────────────────────────────────╮ │
│ │ Input Objects                                                                                            │ │
│ ├──────────────────────────────────────────────────────────────────────────────────────────────────────────┤ │
│ │ 0   Imm/Owned Object ID: 0x9a7542f2b37e3217cbfdb3ed748f6017664fd1653a0fc36f695c6f7bfc20f49d              │ │
│ │ 1   Pure Arg: Type: u64, Value: "10"                                                                     │ │
│ │ 2   Pure Arg: Type: address, Value: "0xd842b07687548bef8605dab499624f8aacd2c6108b7909db433a6394b435f57c" │ │
│ ╰──────────────────────────────────────────────────────────────────────────────────────────────────────────╯ │
│ ╭───────────────────────────────────────────────────────────────────────────────────────────╮                │
│ │ Commands                                                                                  │                │
│ ├───────────────────────────────────────────────────────────────────────────────────────────┤                │
│ │ 0  MoveCall:                                                                              │                │
│ │  ┌                                                                                        │                │
│ │  │ Function:  mint_and_transfer                                                           │                │
│ │  │ Module:    coin                                                                        │                │
│ │  │ Package:   0x0000000000000000000000000000000000000000000000000000000000000002          │                │
│ │  │ Type Arguments:                                                                        │                │
│ │  │   0x388ecc0ef7261e40f7be055c723e4bf275d3eeb33eae3525e4b7096065b19b73::my_coin::MY_COIN │                │
│ │  │ Arguments:                                                                             │                │
│ │  │   Input  0                                                                             │                │
│ │  │   Input  1                                                                             │                │
│ │  │   Input  2                                                                             │                │
│ │  └                                                                                        │                │
│ ╰───────────────────────────────────────────────────────────────────────────────────────────╯                │
│                                                                                                              │
│ Signatures:                                                                                                  │
│    42obXkO/RO7bSKM3JPu5fvXUEXbHvbw2fD0lBN6loI5HfUM9g0C0bGKe8ypfNIHJJGYtzOaTt6Q4zM/HL6heqw==                  │
│                                                                                                              │
╰──────────────────────────────────────────────────────────────────────────────────────────────────────────────╯
╭───────────────────────────────────────────────────────────────────────────────────────────────────╮
│ Transaction Effects                                                                               │
├───────────────────────────────────────────────────────────────────────────────────────────────────┤
│ Digest: 75AKjVhRRAfPKX8EBevymfTvmaJJPvnZxeKWPfeTGpf                                               │
│ Status: Success                                                                                   │
│ Executed Epoch: 602                                                                               │
│                                                                                                   │
│ Created Objects:                                                                                  │
│  ┌──                                                                                              │
│  │ ID: 0xb08529c699ee47bf530f8d38aefd12232371fe26cc3517b2b89a7c51b92bea5e                         │
│  │ Owner: Account Address ( 0xd842b07687548bef8605dab499624f8aacd2c6108b7909db433a6394b435f57c )  │
│  │ Version: 435911713                                                                             │
│  │ Digest: 5QmfBsdPkKoubRPH5c25Eo1KHzTrETNjgAbvK1X4Rmsy                                           │
│  └──                                                                                              │
│ Mutated Objects:                                                                                  │
│  ┌──                                                                                              │
│  │ ID: 0x76ea60827637be52cd876e59a8bb7bab9e96d137f7a05316f51cf9013cc64708                         │
│  │ Owner: Account Address ( 0xd842b07687548bef8605dab499624f8aacd2c6108b7909db433a6394b435f57c )  │
│  │ Version: 435911713                                                                             │
│  │ Digest: 6B5nxVJBD8Qh7ht6sa3TPLpqp1JBQzF1C25NeNjHsnfA                                           │
│  └──                                                                                              │
│  ┌──                                                                                              │
│  │ ID: 0x9a7542f2b37e3217cbfdb3ed748f6017664fd1653a0fc36f695c6f7bfc20f49d                         │
│  │ Owner: Account Address ( 0xd842b07687548bef8605dab499624f8aacd2c6108b7909db433a6394b435f57c )  │
│  │ Version: 435911713                                                                             │
│  │ Digest: JBLoN17GjUa6pCjqmWD66EbnWF8aM224BM87MHiP9mJ5                                           │
│  └──                                                                                              │
│ Gas Object:                                                                                       │
│  ┌──                                                                                              │
│  │ ID: 0x76ea60827637be52cd876e59a8bb7bab9e96d137f7a05316f51cf9013cc64708                         │
│  │ Owner: Account Address ( 0xd842b07687548bef8605dab499624f8aacd2c6108b7909db433a6394b435f57c )  │
│  │ Version: 435911713                                                                             │
│  │ Digest: 6B5nxVJBD8Qh7ht6sa3TPLpqp1JBQzF1C25NeNjHsnfA                                           │
│  └──                                                                                              │
│ Gas Cost Summary:                                                                                 │
│    Storage Cost: 4104000 MIST                                                                     │
│    Computation Cost: 750000 MIST                                                                  │
│    Storage Rebate: 2708640 MIST                                                                   │
│    Non-refundable Storage Fee: 27360 MIST                                                         │
│                                                                                                   │
│ Transaction Dependencies:                                                                         │
│    4ueMWExEYyCMGDAAbRxfZ3B4JoYwPtSQr2p92z7srhRe                                                   │
│    7eXcktYu2gfu4xuP1aYfequSaV9j1rtWvbntM8U3Deue                                                   │
│    FPQJirZF6XaBX9wcmQbPUPPX9CzbpymnF3c8vtnpHqWt                                                   │
│    FRShsKAV7QvLecHpqYRjeeWdb74RrofAdoPrq9uY6V4q                                                   │
╰───────────────────────────────────────────────────────────────────────────────────────────────────╯
╭─────────────────────────────╮
│ No transaction block events │
╰─────────────────────────────╯

╭──────────────────────────────────────────────────────────────────────────────────────────────────────────────────────────────╮
│ Object Changes                                                                                                               │
├──────────────────────────────────────────────────────────────────────────────────────────────────────────────────────────────┤
│ Created Objects:                                                                                                             │
│  ┌──                                                                                                                         │
│  │ ObjectID: 0xb08529c699ee47bf530f8d38aefd12232371fe26cc3517b2b89a7c51b92bea5e                                              │
│  │ Sender: 0xd842b07687548bef8605dab499624f8aacd2c6108b7909db433a6394b435f57c                                                │
│  │ Owner: Account Address ( 0xd842b07687548bef8605dab499624f8aacd2c6108b7909db433a6394b435f57c )                             │
│  │ ObjectType: 0x2::coin::Coin<0x388ecc0ef7261e40f7be055c723e4bf275d3eeb33eae3525e4b7096065b19b73::my_coin::MY_COIN>         │
│  │ Version: 435911713                                                                                                        │
│  │ Digest: 5QmfBsdPkKoubRPH5c25Eo1KHzTrETNjgAbvK1X4Rmsy                                                                      │
│  └──                                                                                                                         │
│ Mutated Objects:                                                                                                             │
│  ┌──                                                                                                                         │
│  │ ObjectID: 0x76ea60827637be52cd876e59a8bb7bab9e96d137f7a05316f51cf9013cc64708                                              │
│  │ Sender: 0xd842b07687548bef8605dab499624f8aacd2c6108b7909db433a6394b435f57c                                                │
│  │ Owner: Account Address ( 0xd842b07687548bef8605dab499624f8aacd2c6108b7909db433a6394b435f57c )                             │
│  │ ObjectType: 0x2::coin::Coin<0x2::sui::SUI>                                                                                │
│  │ Version: 435911713                                                                                                        │
│  │ Digest: 6B5nxVJBD8Qh7ht6sa3TPLpqp1JBQzF1C25NeNjHsnfA                                                                      │
│  └──                                                                                                                         │
│  ┌──                                                                                                                         │
│  │ ObjectID: 0x9a7542f2b37e3217cbfdb3ed748f6017664fd1653a0fc36f695c6f7bfc20f49d                                              │
│  │ Sender: 0xd842b07687548bef8605dab499624f8aacd2c6108b7909db433a6394b435f57c                                                │
│  │ Owner: Account Address ( 0xd842b07687548bef8605dab499624f8aacd2c6108b7909db433a6394b435f57c )                             │
│  │ ObjectType: 0x2::coin::TreasuryCap<0x388ecc0ef7261e40f7be055c723e4bf275d3eeb33eae3525e4b7096065b19b73::my_coin::MY_COIN>  │
│  │ Version: 435911713                                                                                                        │
│  │ Digest: JBLoN17GjUa6pCjqmWD66EbnWF8aM224BM87MHiP9mJ5                                                                      │
│  └──                                                                                                                         │
╰──────────────────────────────────────────────────────────────────────────────────────────────────────────────────────────────╯
╭────────────────────────────────────────────────────────────────────────────────────────────────────╮
│ Balance Changes                                                                                    │
├────────────────────────────────────────────────────────────────────────────────────────────────────┤
│  ┌──                                                                                               │
│  │ Owner: Account Address ( 0xd842b07687548bef8605dab499624f8aacd2c6108b7909db433a6394b435f57c )   │
│  │ CoinType: 0x2::sui::SUI                                                                         │
│  │ Amount: -2145360                                                                                │
│  └──                                                                                               │
│  ┌──                                                                                               │
│  │ Owner: Account Address ( 0xd842b07687548bef8605dab499624f8aacd2c6108b7909db433a6394b435f57c )   │
│  │ CoinType: 0x388ecc0ef7261e40f7be055c723e4bf275d3eeb33eae3525e4b7096065b19b73::my_coin::MY_COIN  │
│  │ Amount: 10                                                                                      │
│  └──                                                                                               │
╰────────────────────────────────────────────────────────────────────────────────────────────────────╯

