Transaction Digest: 7eXcktYu2gfu4xuP1aYfequSaV9j1rtWvbntM8U3Deue
╭──────────────────────────────────────────────────────────────────────────────────────────────────────────────╮
│ Transaction Data                                                                                             │
├──────────────────────────────────────────────────────────────────────────────────────────────────────────────┤
│ Sender: 0xd842b07687548bef8605dab499624f8aacd2c6108b7909db433a6394b435f57c                                   │
│ Gas Owner: 0xd842b07687548bef8605dab499624f8aacd2c6108b7909db433a6394b435f57c                                │
│ Gas Budget: 18334000 MIST                                                                                    │
│ Gas Price: 750 MIST                                                                                          │
│ Gas Payment:                                                                                                 │
│  ┌──                                                                                                         │
│  │ ID: 0x76ea60827637be52cd876e59a8bb7bab9e96d137f7a05316f51cf9013cc64708                                    │
│  │ Version: 435911711                                                                                        │
│  │ Digest: E9jCoG19PLfhJ68iFgPsSgN2ykyLN9gPLPYmLSQqAMD4                                                      │
│  └──                                                                                                         │
│                                                                                                              │
│ Transaction Kind: Programmable                                                                               │
│ ╭──────────────────────────────────────────────────────────────────────────────────────────────────────────╮ │
│ │ Input Objects                                                                                            │ │
│ ├──────────────────────────────────────────────────────────────────────────────────────────────────────────┤ │
│ │ 0   Pure Arg: Type: address, Value: "0xd842b07687548bef8605dab499624f8aacd2c6108b7909db433a6394b435f57c" │ │
│ ╰──────────────────────────────────────────────────────────────────────────────────────────────────────────╯ │
│ ╭─────────────────────────────────────────────────────────────────────────╮                                  │
│ │ Commands                                                                │                                  │
│ ├─────────────────────────────────────────────────────────────────────────┤                                  │
│ │ 0  Publish:                                                             │                                  │
│ │  ┌                                                                      │                                  │
│ │  │ Dependencies:                                                        │                                  │
│ │  │   0x0000000000000000000000000000000000000000000000000000000000000001 │                                  │
│ │  │   0x0000000000000000000000000000000000000000000000000000000000000002 │                                  │
│ │  │   0x388ecc0ef7261e40f7be055c723e4bf275d3eeb33eae3525e4b7096065b19b73 │                                  │
│ │  └                                                                      │                                  │
│ │                                                                         │                                  │
│ │ 1  TransferObjects:                                                     │                                  │
│ │  ┌                                                                      │                                  │
│ │  │ Arguments:                                                           │                                  │
│ │  │   Result 0                                                           │                                  │
│ │  │ Address: Input  0                                                    │                                  │
│ │  └                                                                      │                                  │
│ ╰─────────────────────────────────────────────────────────────────────────╯                                  │
│                                                                                                              │
│ Signatures:                                                                                                  │
│    lNnMJZbXEDuJc3OSZ1TTKNEeTtpRn5kdVuOFHZDjeGg7VAKwfItSzIKORpOfLEJbOlnLMFYJebN1cypuDb0UWQ==                  │
│                                                                                                              │
╰──────────────────────────────────────────────────────────────────────────────────────────────────────────────╯
╭───────────────────────────────────────────────────────────────────────────────────────────────────╮
│ Transaction Effects                                                                               │
├───────────────────────────────────────────────────────────────────────────────────────────────────┤
│ Digest: 7eXcktYu2gfu4xuP1aYfequSaV9j1rtWvbntM8U3Deue                                              │
│ Status: Success                                                                                   │
│ Executed Epoch: 602                                                                               │
│                                                                                                   │
│ Created Objects:                                                                                  │
│  ┌──                                                                                              │
│  │ ID: 0x0b837ceb430a39bed4db230ab516560894255ec22af1c49eda1d6b6c3cc90619                         │
│  │ Owner: Account Address ( 0xd842b07687548bef8605dab499624f8aacd2c6108b7909db433a6394b435f57c )  │
│  │ Version: 435911712                                                                             │
│  │ Digest: CZjdveMd7DDWE2sw5LePehDTdN2MRRDJgHE3j9SkewnZ                                           │
│  └──                                                                                              │
│  ┌──                                                                                              │
│  │ ID: 0x2255714f3e6872921ff1f9c0c742c74230fee49c3f2eea5c6d5f095f52a34ff3                         │
│  │ Owner: Shared( 435911712 )                                                                     │
│  │ Version: 435911712                                                                             │
│  │ Digest: FKHCxUPBs61VbTJZqXRFmahgukKhdopK4wDEdQoyb2m2                                           │
│  └──                                                                                              │
│  ┌──                                                                                              │
│  │ ID: 0xe31d7e17f01f89b34459b467547d2febadf672f4c809742a10b08e267b3f1dad                         │
│  │ Owner: Immutable                                                                               │
│  │ Version: 1                                                                                     │
│  │ Digest: D8A9c5zmkuS3zd6yW5XxySc8GZyJ7q1vCQaKVWcX8Cst                                           │
│  └──                                                                                              │
│  ┌──                                                                                              │
│  │ ID: 0xef5f7cb11a8e7e0cca2500a17593b20aa85f60dec398c6929480ddecb454e3e3                         │
│  │ Owner: Account Address ( 0xd842b07687548bef8605dab499624f8aacd2c6108b7909db433a6394b435f57c )  │
│  │ Version: 435911712                                                                             │
│  │ Digest: FVNFN5AwEvTc6PRM3rLMARpH8vvMZb8oRLHngxEnYPHa                                           │
│  └──                                                                                              │
│ Mutated Objects:                                                                                  │
│  ┌──                                                                                              │
│  │ ID: 0x76ea60827637be52cd876e59a8bb7bab9e96d137f7a05316f51cf9013cc64708                         │
│  │ Owner: Account Address ( 0xd842b07687548bef8605dab499624f8aacd2c6108b7909db433a6394b435f57c )  │
│  │ Version: 435911712                                                                             │
│  │ Digest: 5J5fLfGbRhB6BzZvrH4M9CFF8C2GyRvp3scCF7fUXFS2                                           │
│  └──                                                                                              │
│ Gas Object:                                                                                       │
│  ┌──                                                                                              │
│  │ ID: 0x76ea60827637be52cd876e59a8bb7bab9e96d137f7a05316f51cf9013cc64708                         │
│  │ Owner: Account Address ( 0xd842b07687548bef8605dab499624f8aacd2c6108b7909db433a6394b435f57c )  │
│  │ Version: 435911712                                                                             │
│  │ Digest: 5J5fLfGbRhB6BzZvrH4M9CFF8C2GyRvp3scCF7fUXFS2                                           │
│  └──                                                                                              │
│ Gas Cost Summary:                                                                                 │
│    Storage Cost: 16834000 MIST                                                                    │
│    Computation Cost: 750000 MIST                                                                  │
│    Storage Rebate: 978120 MIST                                                                    │
│    Non-refundable Storage Fee: 9880 MIST                                                          │
│                                                                                                   │
│ Transaction Dependencies:                                                                         │
│    4ueMWExEYyCMGDAAbRxfZ3B4JoYwPtSQr2p92z7srhRe                                                   │
│    BTSfUQ2N91rzRM9Nk98uqApK1vs2XfFMg9HHxNUAk86b                                                   │
│    FPQJirZF6XaBX9wcmQbPUPPX9CzbpymnF3c8vtnpHqWt                                                   │
╰───────────────────────────────────────────────────────────────────────────────────────────────────╯
╭─────────────────────────────╮
│ No transaction block events │
╰─────────────────────────────╯

╭─────────────────────────────────────────────────────────────────────────────────────────────────────────────╮
│ Object Changes                                                                                              │
├─────────────────────────────────────────────────────────────────────────────────────────────────────────────┤
│ Created Objects:                                                                                            │
│  ┌──                                                                                                        │
│  │ ObjectID: 0x0b837ceb430a39bed4db230ab516560894255ec22af1c49eda1d6b6c3cc90619                             │
│  │ Sender: 0xd842b07687548bef8605dab499624f8aacd2c6108b7909db433a6394b435f57c                               │
│  │ Owner: Account Address ( 0xd842b07687548bef8605dab499624f8aacd2c6108b7909db433a6394b435f57c )            │
│  │ ObjectType: 0xe31d7e17f01f89b34459b467547d2febadf672f4c809742a10b08e267b3f1dad::poshitou_swap::AdminCap  │
│  │ Version: 435911712                                                                                       │
│  │ Digest: CZjdveMd7DDWE2sw5LePehDTdN2MRRDJgHE3j9SkewnZ                                                     │
│  └──                                                                                                        │
│  ┌──                                                                                                        │
│  │ ObjectID: 0x2255714f3e6872921ff1f9c0c742c74230fee49c3f2eea5c6d5f095f52a34ff3                             │
│  │ Sender: 0xd842b07687548bef8605dab499624f8aacd2c6108b7909db433a6394b435f57c                               │
│  │ Owner: Shared( 435911712 )                                                                               │
│  │ ObjectType: 0xe31d7e17f01f89b34459b467547d2febadf672f4c809742a10b08e267b3f1dad::poshitou_swap::Bank      │
│  │ Version: 435911712                                                                                       │
│  │ Digest: FKHCxUPBs61VbTJZqXRFmahgukKhdopK4wDEdQoyb2m2                                                     │
│  └──                                                                                                        │
│  ┌──                                                                                                        │
│  │ ObjectID: 0xef5f7cb11a8e7e0cca2500a17593b20aa85f60dec398c6929480ddecb454e3e3                             │
│  │ Sender: 0xd842b07687548bef8605dab499624f8aacd2c6108b7909db433a6394b435f57c                               │
│  │ Owner: Account Address ( 0xd842b07687548bef8605dab499624f8aacd2c6108b7909db433a6394b435f57c )            │
│  │ ObjectType: 0x2::package::UpgradeCap                                                                     │
│  │ Version: 435911712                                                                                       │
│  │ Digest: FVNFN5AwEvTc6PRM3rLMARpH8vvMZb8oRLHngxEnYPHa                                                     │
│  └──                                                                                                        │
│ Mutated Objects:                                                                                            │
│  ┌──                                                                                                        │
│  │ ObjectID: 0x76ea60827637be52cd876e59a8bb7bab9e96d137f7a05316f51cf9013cc64708                             │
│  │ Sender: 0xd842b07687548bef8605dab499624f8aacd2c6108b7909db433a6394b435f57c                               │
│  │ Owner: Account Address ( 0xd842b07687548bef8605dab499624f8aacd2c6108b7909db433a6394b435f57c )            │
│  │ ObjectType: 0x2::coin::Coin<0x2::sui::SUI>                                                               │
│  │ Version: 435911712                                                                                       │
│  │ Digest: 5J5fLfGbRhB6BzZvrH4M9CFF8C2GyRvp3scCF7fUXFS2                                                     │
│  └──                                                                                                        │
│ Published Objects:                                                                                          │
│  ┌──                                                                                                        │
│  │ PackageID: 0xe31d7e17f01f89b34459b467547d2febadf672f4c809742a10b08e267b3f1dad                            │
│  │ Version: 1                                                                                               │
│  │ Digest: D8A9c5zmkuS3zd6yW5XxySc8GZyJ7q1vCQaKVWcX8Cst                                                     │
│  │ Modules: poshitou_swap                                                                                   │
│  └──                                                                                                        │
╰─────────────────────────────────────────────────────────────────────────────────────────────────────────────╯
╭───────────────────────────────────────────────────────────────────────────────────────────────────╮
│ Balance Changes                                                                                   │
├───────────────────────────────────────────────────────────────────────────────────────────────────┤
│  ┌──                                                                                              │
│  │ Owner: Account Address ( 0xd842b07687548bef8605dab499624f8aacd2c6108b7909db433a6394b435f57c )  │
│  │ CoinType: 0x2::sui::SUI                                                                        │
│  │ Amount: -16605880                                                                              │
│  └──                                                                                              │
╰───────────────────────────────────────────────────────────────────────────────────────────────────╯
