Transaction Digest: CmFiFpEyBvDqckv1r3D1NKfREbQozPqYg5MV8Ex8SB6N
╭─────────────────────────────────────────────────────────────────────────────────────────────────╮
│ Transaction Data                                                                                │
├─────────────────────────────────────────────────────────────────────────────────────────────────┤
│ Sender: 0xd842b07687548bef8605dab499624f8aacd2c6108b7909db433a6394b435f57c                      │
│ Gas Owner: 0xd842b07687548bef8605dab499624f8aacd2c6108b7909db433a6394b435f57c                   │
│ Gas Budget: 2576920 MIST                                                                        │
│ Gas Price: 750 MIST                                                                             │
│ Gas Payment:                                                                                    │
│  ┌──                                                                                            │
│  │ ID: 0x2f4da0b0ad39e6428ab2b919ae0ce25b7f5a238ca6b1007f96417f1327cd99d1                       │
│  │ Version: 435911717                                                                           │
│  │ Digest: D6LVpoV4DqyD9e4jMRCJkerGhXRgYBCAu1YmQJKYxKEW                                         │
│  └──                                                                                            │
│                                                                                                 │
│ Transaction Kind: Programmable                                                                  │
│ ╭─────────────────────────────────────────────────────────────────────────────────────────────╮ │
│ │ Input Objects                                                                               │ │
│ ├─────────────────────────────────────────────────────────────────────────────────────────────┤ │
│ │ 0   Shared Object    ID: 0x2255714f3e6872921ff1f9c0c742c74230fee49c3f2eea5c6d5f095f52a34ff3 │ │
│ │ 1   Imm/Owned Object ID: 0xb08529c699ee47bf530f8d38aefd12232371fe26cc3517b2b89a7c51b92bea5e │ │
│ ╰─────────────────────────────────────────────────────────────────────────────────────────────╯ │
│ ╭──────────────────────────────────────────────────────────────────────────────────╮            │
│ │ Commands                                                                         │            │
│ ├──────────────────────────────────────────────────────────────────────────────────┤            │
│ │ 0  MoveCall:                                                                     │            │
│ │  ┌                                                                               │            │
│ │  │ Function:  swap_mycoin_to_faucet_coin                                         │            │
│ │  │ Module:    poshitou_swap                                                      │            │
│ │  │ Package:   0xe31d7e17f01f89b34459b467547d2febadf672f4c809742a10b08e267b3f1dad │            │
│ │  │ Arguments:                                                                    │            │
│ │  │   Input  0                                                                    │            │
│ │  │   Input  1                                                                    │            │
│ │  └                                                                               │            │
│ ╰──────────────────────────────────────────────────────────────────────────────────╯            │
│                                                                                                 │
│ Signatures:                                                                                     │
│    7k7QsXtiJT2xAxQnZMcr9rnA92ydZ5mhqebb3cXZQ24hDRlyK6j4XxXC6Fu0uRmPhLvfjiCZWWb7JrFbnL8e7g==     │
│                                                                                                 │
╰─────────────────────────────────────────────────────────────────────────────────────────────────╯
╭───────────────────────────────────────────────────────────────────────────────────────────────────╮
│ Transaction Effects                                                                               │
├───────────────────────────────────────────────────────────────────────────────────────────────────┤
│ Digest: CmFiFpEyBvDqckv1r3D1NKfREbQozPqYg5MV8Ex8SB6N                                              │
│ Status: Success                                                                                   │
│ Executed Epoch: 602                                                                               │
│                                                                                                   │
│ Created Objects:                                                                                  │
│  ┌──                                                                                              │
│  │ ID: 0x71bb8a1747952dc6796bc6f1665d61a0c3f9270daeadfa28848548c0d861f21a                         │
│  │ Owner: Account Address ( 0xd842b07687548bef8605dab499624f8aacd2c6108b7909db433a6394b435f57c )  │
│  │ Version: 435911718                                                                             │
│  │ Digest: 2am6c5bBV9Bz9AUQgGUbbQzZkMmGh49txk4Cnv5h7pfD                                           │
│  └──                                                                                              │
│ Mutated Objects:                                                                                  │
│  ┌──                                                                                              │
│  │ ID: 0x2255714f3e6872921ff1f9c0c742c74230fee49c3f2eea5c6d5f095f52a34ff3                         │
│  │ Owner: Shared( 435911712 )                                                                     │
│  │ Version: 435911718                                                                             │
│  │ Digest: EiZwAgRLRnaq5PcEswoETCqBGcGj7enfh8h7wBEzRwjg                                           │
│  └──                                                                                              │
│  ┌──                                                                                              │
│  │ ID: 0x2f4da0b0ad39e6428ab2b919ae0ce25b7f5a238ca6b1007f96417f1327cd99d1                         │
│  │ Owner: Account Address ( 0xd842b07687548bef8605dab499624f8aacd2c6108b7909db433a6394b435f57c )  │
│  │ Version: 435911718                                                                             │
│  │ Digest: 9Po7CFSpEqGkMYycWtj7J3s57pHyCvbCBcxzL8rn8JMA                                           │
│  └──                                                                                              │
│ Shared Objects:                                                                                   │
│  ┌──                                                                                              │
│  │ ID: 0x2255714f3e6872921ff1f9c0c742c74230fee49c3f2eea5c6d5f095f52a34ff3                         │
│  │ Version: 435911717                                                                             │
│  │ Digest: D8vi3jWWciCSRtGhtuCNfs8MuR1FS8SKWEWMhTDzFiMx                                           │
│  └──                                                                                              │
│ Deleted Objects:                                                                                  │
│  ┌──                                                                                              │
│  │ ID: 0xb08529c699ee47bf530f8d38aefd12232371fe26cc3517b2b89a7c51b92bea5e                         │
│  │ Version: 435911718                                                                             │
│  │ Digest: 7gyGAp71YXQRoxmFBaHxofQXAipvgHyBKPyxmdSJxyvz                                           │
│  └──                                                                                              │
│ Gas Object:                                                                                       │
│  ┌──                                                                                              │
│  │ ID: 0x2f4da0b0ad39e6428ab2b919ae0ce25b7f5a238ca6b1007f96417f1327cd99d1                         │
│  │ Owner: Account Address ( 0xd842b07687548bef8605dab499624f8aacd2c6108b7909db433a6394b435f57c )  │
│  │ Version: 435911718                                                                             │
│  │ Digest: 9Po7CFSpEqGkMYycWtj7J3s57pHyCvbCBcxzL8rn8JMA                                           │
│  └──                                                                                              │
│ Gas Cost Summary:                                                                                 │
│    Storage Cost: 3860800 MIST                                                                     │
│    Computation Cost: 750000 MIST                                                                  │
│    Storage Rebate: 3762000 MIST                                                                   │
│    Non-refundable Storage Fee: 38000 MIST                                                         │
│                                                                                                   │
│ Transaction Dependencies:                                                                         │
│    75AKjVhRRAfPKX8EBevymfTvmaJJPvnZxeKWPfeTGpf                                                    │
│    7eXcktYu2gfu4xuP1aYfequSaV9j1rtWvbntM8U3Deue                                                   │
│    HVi9WNF2BnjXBxgnQ4pmiV7kK4cVvAHT8QptXNFBiQfE                                                   │
╰───────────────────────────────────────────────────────────────────────────────────────────────────╯
╭─────────────────────────────╮
│ No transaction block events │
╰─────────────────────────────╯

╭───────────────────────────────────────────────────────────────────────────────────────────────────────────────────────────────╮
│ Object Changes                                                                                                                │
├───────────────────────────────────────────────────────────────────────────────────────────────────────────────────────────────┤
│ Created Objects:                                                                                                              │
│  ┌──                                                                                                                          │
│  │ ObjectID: 0x71bb8a1747952dc6796bc6f1665d61a0c3f9270daeadfa28848548c0d861f21a                                               │
│  │ Sender: 0xd842b07687548bef8605dab499624f8aacd2c6108b7909db433a6394b435f57c                                                 │
│  │ Owner: Account Address ( 0xd842b07687548bef8605dab499624f8aacd2c6108b7909db433a6394b435f57c )                              │
│  │ ObjectType: 0x2::coin::Coin<0x388ecc0ef7261e40f7be055c723e4bf275d3eeb33eae3525e4b7096065b19b73::faucet_coin::FAUCET_COIN>  │
│  │ Version: 435911718                                                                                                         │
│  │ Digest: 2am6c5bBV9Bz9AUQgGUbbQzZkMmGh49txk4Cnv5h7pfD                                                                       │
│  └──                                                                                                                          │
│ Mutated Objects:                                                                                                              │
│  ┌──                                                                                                                          │
│  │ ObjectID: 0x2255714f3e6872921ff1f9c0c742c74230fee49c3f2eea5c6d5f095f52a34ff3                                               │
│  │ Sender: 0xd842b07687548bef8605dab499624f8aacd2c6108b7909db433a6394b435f57c                                                 │
│  │ Owner: Shared( 435911712 )                                                                                                 │
│  │ ObjectType: 0xe31d7e17f01f89b34459b467547d2febadf672f4c809742a10b08e267b3f1dad::poshitou_swap::Bank                        │
│  │ Version: 435911718                                                                                                         │
│  │ Digest: EiZwAgRLRnaq5PcEswoETCqBGcGj7enfh8h7wBEzRwjg                                                                       │
│  └──                                                                                                                          │
│  ┌──                                                                                                                          │
│  │ ObjectID: 0x2f4da0b0ad39e6428ab2b919ae0ce25b7f5a238ca6b1007f96417f1327cd99d1                                               │
│  │ Sender: 0xd842b07687548bef8605dab499624f8aacd2c6108b7909db433a6394b435f57c                                                 │
│  │ Owner: Account Address ( 0xd842b07687548bef8605dab499624f8aacd2c6108b7909db433a6394b435f57c )                              │
│  │ ObjectType: 0x2::coin::Coin<0x2::sui::SUI>                                                                                 │
│  │ Version: 435911718                                                                                                         │
│  │ Digest: 9Po7CFSpEqGkMYycWtj7J3s57pHyCvbCBcxzL8rn8JMA                                                                       │
│  └──                                                                                                                          │
╰───────────────────────────────────────────────────────────────────────────────────────────────────────────────────────────────╯
╭────────────────────────────────────────────────────────────────────────────────────────────────────────────╮
│ Balance Changes                                                                                            │
├────────────────────────────────────────────────────────────────────────────────────────────────────────────┤
│  ┌──                                                                                                       │
│  │ Owner: Account Address ( 0xd842b07687548bef8605dab499624f8aacd2c6108b7909db433a6394b435f57c )           │
│  │ CoinType: 0x2::sui::SUI                                                                                 │
│  │ Amount: -848800                                                                                         │
│  └──                                                                                                       │
│  ┌──                                                                                                       │
│  │ Owner: Account Address ( 0xd842b07687548bef8605dab499624f8aacd2c6108b7909db433a6394b435f57c )           │
│  │ CoinType: 0x388ecc0ef7261e40f7be055c723e4bf275d3eeb33eae3525e4b7096065b19b73::faucet_coin::FAUCET_COIN  │
│  │ Amount: 1                                                                                               │
│  └──                                                                                                       │
│  ┌──                                                                                                       │
│  │ Owner: Account Address ( 0xd842b07687548bef8605dab499624f8aacd2c6108b7909db433a6394b435f57c )           │
│  │ CoinType: 0x388ecc0ef7261e40f7be055c723e4bf275d3eeb33eae3525e4b7096065b19b73::my_coin::MY_COIN          │
│  │ Amount: -10                                                                                             │
│  └──                                                                                                       │
╰────────────────────────────────────────────────────────────────────────────────────────────────────────────╯