Transaction Digest: HVi9WNF2BnjXBxgnQ4pmiV7kK4cVvAHT8QptXNFBiQfE
╭─────────────────────────────────────────────────────────────────────────────────────────────────╮
│ Transaction Data                                                                                │
├─────────────────────────────────────────────────────────────────────────────────────────────────┤
│ Sender: 0xd842b07687548bef8605dab499624f8aacd2c6108b7909db433a6394b435f57c                      │
│ Gas Owner: 0xd842b07687548bef8605dab499624f8aacd2c6108b7909db433a6394b435f57c                   │
│ Gas Budget: 2455928 MIST                                                                        │
│ Gas Price: 750 MIST                                                                             │
│ Gas Payment:                                                                                    │
│  ┌──                                                                                            │
│  │ ID: 0x2f4da0b0ad39e6428ab2b919ae0ce25b7f5a238ca6b1007f96417f1327cd99d1                       │
│  │ Version: 435911716                                                                           │
│  │ Digest: 8jJfgCDk5RN22WMZfP6VLdV8pucc3C9yz1mGaaqrvEbf                                         │
│  └──                                                                                            │
│                                                                                                 │
│ Transaction Kind: Programmable                                                                  │
│ ╭─────────────────────────────────────────────────────────────────────────────────────────────╮ │
│ │ Input Objects                                                                               │ │
│ ├─────────────────────────────────────────────────────────────────────────────────────────────┤ │
│ │ 0   Shared Object    ID: 0x2255714f3e6872921ff1f9c0c742c74230fee49c3f2eea5c6d5f095f52a34ff3 │ │
│ │ 1   Imm/Owned Object ID: 0xb9385eabb1083466c0833a10b9c3c705ccd183a7adf20998ef9494fcbf843249 │ │
│ ╰─────────────────────────────────────────────────────────────────────────────────────────────╯ │
│ ╭──────────────────────────────────────────────────────────────────────────────────╮            │
│ │ Commands                                                                         │            │
│ ├──────────────────────────────────────────────────────────────────────────────────┤            │
│ │ 0  MoveCall:                                                                     │            │
│ │  ┌                                                                               │            │
│ │  │ Function:  swap_faucet_coin_to_my_coin                                        │            │
│ │  │ Module:    poshitou_swap                                                      │            │
│ │  │ Package:   0xe31d7e17f01f89b34459b467547d2febadf672f4c809742a10b08e267b3f1dad │            │
│ │  │ Arguments:                                                                    │            │
│ │  │   Input  0                                                                    │            │
│ │  │   Input  1                                                                    │            │
│ │  └                                                                               │            │
│ ╰──────────────────────────────────────────────────────────────────────────────────╯            │
│                                                                                                 │
│ Signatures:                                                                                     │
│    tyTM80u5QlWW09dory0OQ3qiYg3L2jd+d6J5X5O0tEt8qvOwsPMlUxjr0xZYR4zkXkI9cwO5Fbaq3JJAgwE7yw==     │
│                                                                                                 │
╰─────────────────────────────────────────────────────────────────────────────────────────────────╯
╭───────────────────────────────────────────────────────────────────────────────────────────────────╮
│ Transaction Effects                                                                               │
├───────────────────────────────────────────────────────────────────────────────────────────────────┤
│ Digest: HVi9WNF2BnjXBxgnQ4pmiV7kK4cVvAHT8QptXNFBiQfE                                              │
│ Status: Success                                                                                   │
│ Executed Epoch: 602                                                                               │
│                                                                                                   │
│ Created Objects:                                                                                  │
│  ┌──                                                                                              │
│  │ ID: 0x83f86e70d822508f853ccc64ee1a265853336f238838476877f42a009b10bd65                         │
│  │ Owner: Account Address ( 0xd842b07687548bef8605dab499624f8aacd2c6108b7909db433a6394b435f57c )  │
│  │ Version: 435911717                                                                             │
│  │ Digest: 81ZLYZYjcCUF4ZZKoUGssNN2rGtxRCN5Xk3VXyD3vC1a                                           │
│  └──                                                                                              │
│ Mutated Objects:                                                                                  │
│  ┌──                                                                                              │
│  │ ID: 0x2255714f3e6872921ff1f9c0c742c74230fee49c3f2eea5c6d5f095f52a34ff3                         │
│  │ Owner: Shared( 435911712 )                                                                     │
│  │ Version: 435911717                                                                             │
│  │ Digest: D8vi3jWWciCSRtGhtuCNfs8MuR1FS8SKWEWMhTDzFiMx                                           │
│  └──                                                                                              │
│  ┌──                                                                                              │
│  │ ID: 0x2f4da0b0ad39e6428ab2b919ae0ce25b7f5a238ca6b1007f96417f1327cd99d1                         │
│  │ Owner: Account Address ( 0xd842b07687548bef8605dab499624f8aacd2c6108b7909db433a6394b435f57c )  │
│  │ Version: 435911717                                                                             │
│  │ Digest: D6LVpoV4DqyD9e4jMRCJkerGhXRgYBCAu1YmQJKYxKEW                                           │
│  └──                                                                                              │
│ Shared Objects:                                                                                   │
│  ┌──                                                                                              │
│  │ ID: 0x2255714f3e6872921ff1f9c0c742c74230fee49c3f2eea5c6d5f095f52a34ff3                         │
│  │ Version: 435911716                                                                             │
│  │ Digest: 5CS8hiZiR6Vnqck8GJrzALzBYaw7ZuvuEE5hVoTcWQN9                                           │
│  └──                                                                                              │
│ Deleted Objects:                                                                                  │
│  ┌──                                                                                              │
│  │ ID: 0xb9385eabb1083466c0833a10b9c3c705ccd183a7adf20998ef9494fcbf843249                         │
│  │ Version: 435911717                                                                             │
│  │ Digest: 7gyGAp71YXQRoxmFBaHxofQXAipvgHyBKPyxmdSJxyvz                                           │
│  └──                                                                                              │
│ Gas Object:                                                                                       │
│  ┌──                                                                                              │
│  │ ID: 0x2f4da0b0ad39e6428ab2b919ae0ce25b7f5a238ca6b1007f96417f1327cd99d1                         │
│  │ Owner: Account Address ( 0xd842b07687548bef8605dab499624f8aacd2c6108b7909db433a6394b435f57c )  │
│  │ Version: 435911717                                                                             │
│  │ Digest: D6LVpoV4DqyD9e4jMRCJkerGhXRgYBCAu1YmQJKYxKEW                                           │
│  └──                                                                                              │
│ Gas Cost Summary:                                                                                 │
│    Storage Cost: 3800000 MIST                                                                     │
│    Computation Cost: 750000 MIST                                                                  │
│    Storage Rebate: 3822192 MIST                                                                   │
│    Non-refundable Storage Fee: 38608 MIST                                                         │
│                                                                                                   │
│ Transaction Dependencies:                                                                         │
│    4Aqi9Jj6NqTLhWmqK6fFPJzvAYF1KNB3Y7FpRT1ALine                                                   │
│    7eXcktYu2gfu4xuP1aYfequSaV9j1rtWvbntM8U3Deue                                                   │
│    9QcfBzooaVSxUzeGGc2YJDYRwZBMSNB7UqFyDdYBYqyC                                                   │
╰───────────────────────────────────────────────────────────────────────────────────────────────────╯
╭─────────────────────────────╮
│ No transaction block events │
╰─────────────────────────────╯

╭───────────────────────────────────────────────────────────────────────────────────────────────────────────────────────╮
│ Object Changes                                                                                                        │
├───────────────────────────────────────────────────────────────────────────────────────────────────────────────────────┤
│ Created Objects:                                                                                                      │
│  ┌──                                                                                                                  │
│  │ ObjectID: 0x83f86e70d822508f853ccc64ee1a265853336f238838476877f42a009b10bd65                                       │
│  │ Sender: 0xd842b07687548bef8605dab499624f8aacd2c6108b7909db433a6394b435f57c                                         │
│  │ Owner: Account Address ( 0xd842b07687548bef8605dab499624f8aacd2c6108b7909db433a6394b435f57c )                      │
│  │ ObjectType: 0x2::coin::Coin<0x388ecc0ef7261e40f7be055c723e4bf275d3eeb33eae3525e4b7096065b19b73::my_coin::MY_COIN>  │
│  │ Version: 435911717                                                                                                 │
│  │ Digest: 81ZLYZYjcCUF4ZZKoUGssNN2rGtxRCN5Xk3VXyD3vC1a                                                               │
│  └──                                                                                                                  │
│ Mutated Objects:                                                                                                      │
│  ┌──                                                                                                                  │
│  │ ObjectID: 0x2255714f3e6872921ff1f9c0c742c74230fee49c3f2eea5c6d5f095f52a34ff3                                       │
│  │ Sender: 0xd842b07687548bef8605dab499624f8aacd2c6108b7909db433a6394b435f57c                                         │
│  │ Owner: Shared( 435911712 )                                                                                         │
│  │ ObjectType: 0xe31d7e17f01f89b34459b467547d2febadf672f4c809742a10b08e267b3f1dad::poshitou_swap::Bank                │
│  │ Version: 435911717                                                                                                 │
│  │ Digest: D8vi3jWWciCSRtGhtuCNfs8MuR1FS8SKWEWMhTDzFiMx                                                               │
│  └──                                                                                                                  │
│  ┌──                                                                                                                  │
│  │ ObjectID: 0x2f4da0b0ad39e6428ab2b919ae0ce25b7f5a238ca6b1007f96417f1327cd99d1                                       │
│  │ Sender: 0xd842b07687548bef8605dab499624f8aacd2c6108b7909db433a6394b435f57c                                         │
│  │ Owner: Account Address ( 0xd842b07687548bef8605dab499624f8aacd2c6108b7909db433a6394b435f57c )                      │
│  │ ObjectType: 0x2::coin::Coin<0x2::sui::SUI>                                                                         │
│  │ Version: 435911717                                                                                                 │
│  │ Digest: D6LVpoV4DqyD9e4jMRCJkerGhXRgYBCAu1YmQJKYxKEW                                                               │
│  └──                                                                                                                  │
╰───────────────────────────────────────────────────────────────────────────────────────────────────────────────────────╯
╭────────────────────────────────────────────────────────────────────────────────────────────────────────────╮
│ Balance Changes                                                                                            │
├────────────────────────────────────────────────────────────────────────────────────────────────────────────┤
│  ┌──                                                                                                       │
│  │ Owner: Account Address ( 0xd842b07687548bef8605dab499624f8aacd2c6108b7909db433a6394b435f57c )           │
│  │ CoinType: 0x2::sui::SUI                                                                                 │
│  │ Amount: -727808                                                                                         │
│  └──                                                                                                       │
│  ┌──                                                                                                       │
│  │ Owner: Account Address ( 0xd842b07687548bef8605dab499624f8aacd2c6108b7909db433a6394b435f57c )           │
│  │ CoinType: 0x388ecc0ef7261e40f7be055c723e4bf275d3eeb33eae3525e4b7096065b19b73::faucet_coin::FAUCET_COIN  │
│  │ Amount: -1                                                                                              │
│  └──                                                                                                       │
│  ┌──                                                                                                       │
│  │ Owner: Account Address ( 0xd842b07687548bef8605dab499624f8aacd2c6108b7909db433a6394b435f57c )           │
│  │ CoinType: 0x388ecc0ef7261e40f7be055c723e4bf275d3eeb33eae3525e4b7096065b19b73::my_coin::MY_COIN          │
│  │ Amount: 10                                                                                              │
│  └──                                                                                                       │
╰────────────────────────────────────────────────────────────────────────────────────────────────────────────╯
