ljl@ljl-i5-14400:~/work/sui/move-cn/letsmove/mover/nextuser/code/task2/coin_own$ sui client publish --skip-fetch-latest-git-deps --skip-dependency-verification
[warn] Client/Server api version mismatch, client api version : 1.37.1, server api version : 1.36.2
INCLUDING DEPENDENCY Sui
INCLUDING DEPENDENCY MoveStdlib
BUILDING coin_own
Skipping dependency verification
Transaction Digest: HV1N8xgK4mnz79ymdFMkEpszCrqyjxT1jSLdCaAaeqis
╭──────────────────────────────────────────────────────────────────────────────────────────────────────────────╮
│ Transaction Data                                                                                             │
├──────────────────────────────────────────────────────────────────────────────────────────────────────────────┤
│ Sender: 0x540105a7d2f5f54a812c630f2996f1790ed0e60d1f9a870ce397f03e4cec9b38                                   │
│ Gas Owner: 0x540105a7d2f5f54a812c630f2996f1790ed0e60d1f9a870ce397f03e4cec9b38                                │
│ Gas Budget: 17049600 MIST                                                                                    │
│ Gas Price: 750 MIST                                                                                          │
│ Gas Payment:                                                                                                 │
│  ┌──                                                                                                         │
│  │ ID: 0xd5d7d66c296d0980d3d355a61d6f3a33b94ae9d8520b741724fe22106ac2c40e                                    │
│  │ Version: 415586837                                                                                        │
│  │ Digest: 6AWin51QVW3dhaDDLVBjRbB1PXGV2q4mEaoyQHbgnsST                                                      │
│  └──                                                                                                         │
│                                                                                                              │
│ Transaction Kind: Programmable                                                                               │
│ ╭──────────────────────────────────────────────────────────────────────────────────────────────────────────╮ │
│ │ Input Objects                                                                                            │ │
│ ├──────────────────────────────────────────────────────────────────────────────────────────────────────────┤ │
│ │ 0   Pure Arg: Type: address, Value: "0x540105a7d2f5f54a812c630f2996f1790ed0e60d1f9a870ce397f03e4cec9b38" │ │
│ ╰──────────────────────────────────────────────────────────────────────────────────────────────────────────╯ │
│ ╭─────────────────────────────────────────────────────────────────────────╮                                  │
│ │ Commands                                                                │                                  │
│ ├─────────────────────────────────────────────────────────────────────────┤                                  │
│ │ 0  Publish:                                                             │                                  │
│ │  ┌                                                                      │                                  │
│ │  │ Dependencies:                                                        │                                  │
│ │  │   0x0000000000000000000000000000000000000000000000000000000000000001 │                                  │
│ │  │   0x0000000000000000000000000000000000000000000000000000000000000002 │                                  │
│ │  └                                                                      │                                  │
│ │                                                                         │                                  │
│ │ 1  TransferObjects:                                                     │                                  │
│ │  ┌                                                                      │                                  │
│ │  │ Arguments:                                                           │                                  │
│ │  │   Result 0                                                           │                                  │
│ │  │ Address: Input  0                                                    │                                  │
│ │  └                                                                      │                                  │
│ ╰─────────────────────────────────────────────────────────────────────────╯                                  │
│                                                                                                              │
│ Signatures:                                                                                                  │
│    NdvWVps1UyndRo66N+XgkTApBLXKjrS9qJmjzsKzBBdIHU3UFWeongtYxxrQFJ20cQ9sHnKCLsVKxC52eRtIeA==                  │
│                                                                                                              │
╰──────────────────────────────────────────────────────────────────────────────────────────────────────────────╯
╭───────────────────────────────────────────────────────────────────────────────────────────────────╮
│ Transaction Effects                                                                               │
├───────────────────────────────────────────────────────────────────────────────────────────────────┤
│ Digest: HV1N8xgK4mnz79ymdFMkEpszCrqyjxT1jSLdCaAaeqis                                              │
│ Status: Success                                                                                   │
│ Executed Epoch: 583                                                                               │
│                                                                                                   │
│ Created Objects:                                                                                  │
│  ┌──                                                                                              │
│  │ ID: 0x8cb47cb91a16bd7bf68488791edb74317f821fcf472410493e3fbceb471d3d9d                         │
│  │ Owner: Immutable                                                                               │
│  │ Version: 415586838                                                                             │
│  │ Digest: 7iJ3Xk91YKcRDvv451hKuvddxqfTiiw834CWcMoyoTzp                                           │
│  └──                                                                                              │
│  ┌──                                                                                              │
│  │ ID: 0xb6b7cc1b7b4e7183ba42341c22f10c56b86d70e14a02d4f321769c687b2dabd2                         │
│  │ Owner: Immutable                                                                               │
│  │ Version: 1                                                                                     │
│  │ Digest: HZquXneU77FVtegouBHEDh8QEWxf56ZJowq56DXB5HEC                                           │
│  └──                                                                                              │
│  ┌──                                                                                              │
│  │ ID: 0xc6c730b35f3971c13f1a8c829c8632ba0775f28cf55b93744dc12cc32f5f1f7e                         │
│  │ Owner: Account Address ( 0x540105a7d2f5f54a812c630f2996f1790ed0e60d1f9a870ce397f03e4cec9b38 )  │
│  │ Version: 415586838                                                                             │
│  │ Digest: 8PfmZYdhpuvwMxFs5CVCnvY56uYCrLJNe48hK63Q31Gx                                           │
│  └──                                                                                              │
│  ┌──                                                                                              │
│  │ ID: 0xf9d195abea3592072ff6b6d2bc97740d2bebd9a167490808b1670368f4f793f5                         │
│  │ Owner: Account Address ( 0x540105a7d2f5f54a812c630f2996f1790ed0e60d1f9a870ce397f03e4cec9b38 )  │
│  │ Version: 415586838                                                                             │
│  │ Digest: AvU5rTZs4vWbmgUiJ2DjFDVHBycKDR8YWdhRbfkXWSfE                                           │
│  └──                                                                                              │
│ Mutated Objects:                                                                                  │
│  ┌──                                                                                              │
│  │ ID: 0xd5d7d66c296d0980d3d355a61d6f3a33b94ae9d8520b741724fe22106ac2c40e                         │
│  │ Owner: Account Address ( 0x540105a7d2f5f54a812c630f2996f1790ed0e60d1f9a870ce397f03e4cec9b38 )  │
│  │ Version: 415586838                                                                             │
│  │ Digest: FYemLZHQKsUBvaAVvuwKVCKaKwWn4wLQCBZC8BkRvaeh                                           │
│  └──                                                                                              │
│ Gas Object:                                                                                       │
│  ┌──                                                                                              │
│  │ ID: 0xd5d7d66c296d0980d3d355a61d6f3a33b94ae9d8520b741724fe22106ac2c40e                         │
│  │ Owner: Account Address ( 0x540105a7d2f5f54a812c630f2996f1790ed0e60d1f9a870ce397f03e4cec9b38 )  │
│  │ Version: 415586838                                                                             │
│  │ Digest: FYemLZHQKsUBvaAVvuwKVCKaKwWn4wLQCBZC8BkRvaeh                                           │
│  └──                                                                                              │
│ Gas Cost Summary:                                                                                 │
│    Storage Cost: 15549600 MIST                                                                    │
│    Computation Cost: 750000 MIST                                                                  │
│    Storage Rebate: 978120 MIST                                                                    │
│    Non-refundable Storage Fee: 9880 MIST                                                          │
│                                                                                                   │
│ Transaction Dependencies:                                                                         │
│    49puDQZwHRnu7zYoARCjco1dFKMiK7LVSS8B5Si1yVdh                                                   │
│    6wFAe3HwXUHzwfcVLK63KBXmv3vnr1XykRWN37gMUd4M                                                   │
│    8MkMyu5cseLwqyWDwg947q7U2d7ipSoGu9LZQh744JRJ                                                   │
╰───────────────────────────────────────────────────────────────────────────────────────────────────╯
╭─────────────────────────────╮
│ No transaction block events │
╰─────────────────────────────╯

╭───────────────────────────────────────────────────────────────────────────────────────────────────────────────────────────────────────╮
│ Object Changes
                │
├───────────────────────────────────────────────────────────────────────────────────────────────────────────────────────────────────────┤
│ Created Objects:
                │
│  ┌──
                │
│  │ ObjectID: 0x8cb47cb91a16bd7bf68488791edb74317f821fcf472410493e3fbceb471d3d9d
                │
│  │ Sender: 0x540105a7d2f5f54a812c630f2996f1790ed0e60d1f9a870ce397f03e4cec9b38
                │
│  │ Owner: Immutable
                │
│  │ ObjectType: 0x2::coin::CoinMetadata<0xb6b7cc1b7b4e7183ba42341c22f10c56b86d70e14a02d4f321769c687b2dabd2::yuan_da_tou::YUAN_DA_TOU>  │
│  │ Version: 415586838
                │
│  │ Digest: 7iJ3Xk91YKcRDvv451hKuvddxqfTiiw834CWcMoyoTzp
                │
│  └──
                │
│  ┌──
                │
│  │ ObjectID: 0xc6c730b35f3971c13f1a8c829c8632ba0775f28cf55b93744dc12cc32f5f1f7e
                │
│  │ Sender: 0x540105a7d2f5f54a812c630f2996f1790ed0e60d1f9a870ce397f03e4cec9b38
                │
│  │ Owner: Account Address ( 0x540105a7d2f5f54a812c630f2996f1790ed0e60d1f9a870ce397f03e4cec9b38 )
                │
│  │ ObjectType: 0x2::coin::TreasuryCap<0xb6b7cc1b7b4e7183ba42341c22f10c56b86d70e14a02d4f321769c687b2dabd2::yuan_da_tou::YUAN_DA_TOU>   │
│  │ Version: 415586838
                │
│  │ Digest: 8PfmZYdhpuvwMxFs5CVCnvY56uYCrLJNe48hK63Q31Gx
                │
│  └──
                │
│  ┌──
                │
│  │ ObjectID: 0xf9d195abea3592072ff6b6d2bc97740d2bebd9a167490808b1670368f4f793f5
                │
│  │ Sender: 0x540105a7d2f5f54a812c630f2996f1790ed0e60d1f9a870ce397f03e4cec9b38
                │
│  │ Owner: Account Address ( 0x540105a7d2f5f54a812c630f2996f1790ed0e60d1f9a870ce397f03e4cec9b38 )
                │
│  │ ObjectType: 0x2::package::UpgradeCap
                │
│  │ Version: 415586838
                │
│  │ Digest: AvU5rTZs4vWbmgUiJ2DjFDVHBycKDR8YWdhRbfkXWSfE
                │
│  └──
                │
│ Mutated Objects:
                │
│  ┌──
                │
│  │ ObjectID: 0xd5d7d66c296d0980d3d355a61d6f3a33b94ae9d8520b741724fe22106ac2c40e
                │
│  │ Sender: 0x540105a7d2f5f54a812c630f2996f1790ed0e60d1f9a870ce397f03e4cec9b38
                │
│  │ Owner: Account Address ( 0x540105a7d2f5f54a812c630f2996f1790ed0e60d1f9a870ce397f03e4cec9b38 )
                │
│  │ ObjectType: 0x2::coin::Coin<0x2::sui::SUI>
                │
│  │ Version: 415586838
                │
│  │ Digest: FYemLZHQKsUBvaAVvuwKVCKaKwWn4wLQCBZC8BkRvaeh
                │
│  └──
                │
│ Published Objects:
                │
│  ┌──
                │
│  │ PackageID: 0xb6b7cc1b7b4e7183ba42341c22f10c56b86d70e14a02d4f321769c687b2dabd2
                │
│  │ Version: 1
                │
│  │ Digest: HZquXneU77FVtegouBHEDh8QEWxf56ZJowq56DXB5HEC
                │
│  │ Modules: yuan_da_tou
                │
│  └──
                │
╰───────────────────────────────────────────────────────────────────────────────────────────────────────────────────────────────────────╯
╭───────────────────────────────────────────────────────────────────────────────────────────────────╮
│ Balance Changes                                                                                   │
├───────────────────────────────────────────────────────────────────────────────────────────────────┤
│  ┌──                                                                                              │
ljl@ljl-i5-14400:~/work/sui/move-cn/letsmove/mover/nextuser/code/task2/coin_own$
│  │ CoinType: 0x2::sui::SUI                                                                        │
│  │ Amount: -15321480                                                                              │
│  └──                                                                                              │
╰───────────────────────────────────────────────────────────────────────────────────────────────────╯


# move MoveCall

ljl@ljl-i5-14400:~/work/sui/move-cn/letsmove/mover/nextuser/code/task2/coin_own$ sui client call --package 0x2 --module coin --function mint_and_transfer --type-args $PKG::yuan_da_tou::YUAN_DA_TOU  --args $YDT_CAP   5000000   $W_ADDR

[warn] Client/Server api version mismatch, client api version : 1.37.1, server api version : 1.36.2
Transaction Digest: DQMWZ4nEYZ4Cc6MN8HXkRWmajTJTh9Psf9euSDCTSUJt
╭──────────────────────────────────────────────────────────────────────────────────────────────────────────────╮
│ Transaction Data                                                                                             │
├──────────────────────────────────────────────────────────────────────────────────────────────────────────────┤
│ Sender: 0x540105a7d2f5f54a812c630f2996f1790ed0e60d1f9a870ce397f03e4cec9b38                                   │
│ Gas Owner: 0x540105a7d2f5f54a812c630f2996f1790ed0e60d1f9a870ce397f03e4cec9b38                                │
│ Gas Budget: 3934888 MIST                                                                                     │
│ Gas Price: 750 MIST                                                                                          │
│ Gas Payment:                                                                                                 │
│  ┌──                                                                                                         │
│  │ ID: 0xd5d7d66c296d0980d3d355a61d6f3a33b94ae9d8520b741724fe22106ac2c40e                                    │
│  │ Version: 415586838                                                                                        │
│  │ Digest: FYemLZHQKsUBvaAVvuwKVCKaKwWn4wLQCBZC8BkRvaeh                                                      │
│  └──                                                                                                         │
│                                                                                                              │
│ Transaction Kind: Programmable                                                                               │
│ ╭──────────────────────────────────────────────────────────────────────────────────────────────────────────╮ │
│ │ Input Objects                                                                                            │ │
│ ├──────────────────────────────────────────────────────────────────────────────────────────────────────────┤ │
│ │ 0   Imm/Owned Object ID: 0xc6c730b35f3971c13f1a8c829c8632ba0775f28cf55b93744dc12cc32f5f1f7e              │ │
│ │ 1   Pure Arg: Type: u64, Value: "5000000"                                                                │ │
│ │ 2   Pure Arg: Type: address, Value: "0x7cbe5e6596e23266dd5763dd89b4ab1195516908ecde8febfe96685c7cbe6432" │ │
│ ╰──────────────────────────────────────────────────────────────────────────────────────────────────────────╯ │
│ ╭───────────────────────────────────────────────────────────────────────────────────────────────────╮        │
│ │ Commands                                                                                          │        │
│ ├───────────────────────────────────────────────────────────────────────────────────────────────────┤        │
│ │ 0  MoveCall:                                                                                      │        │
│ │  ┌                                                                                                │        │
│ │  │ Function:  mint_and_transfer                                                                   │        │
│ │  │ Module:    coin                                                                                │        │
│ │  │ Package:   0x0000000000000000000000000000000000000000000000000000000000000002                  │        │
│ │  │ Type Arguments:                                                                                │        │
│ │  │   0xb6b7cc1b7b4e7183ba42341c22f10c56b86d70e14a02d4f321769c687b2dabd2::yuan_da_tou::YUAN_DA_TOU │        │
│ │  │ Arguments:                                                                                     │        │
│ │  │   Input  0                                                                                     │        │
│ │  │   Input  1                                                                                     │        │
│ │  │   Input  2                                                                                     │        │
│ │  └                                                                                                │        │
│ ╰───────────────────────────────────────────────────────────────────────────────────────────────────╯        │
│                                                                                                              │
│ Signatures:                                                                                                  │
│    ihsW3qV08lxKuv1Wx6jOlJKm6NE1wgUyqTmpW+jNXxl6mPBhDeqZt1rBXkdNFIezqT6WRExoujv94DHa34ikSg==                  │
│                                                                                                              │
╰──────────────────────────────────────────────────────────────────────────────────────────────────────────────╯
╭───────────────────────────────────────────────────────────────────────────────────────────────────╮
│ Transaction Effects                                                                               │
├───────────────────────────────────────────────────────────────────────────────────────────────────┤
│ Digest: DQMWZ4nEYZ4Cc6MN8HXkRWmajTJTh9Psf9euSDCTSUJt                                              │
│ Status: Success                                                                                   │
│ Executed Epoch: 583                                                                               │
│                                                                                                   │
│ Created Objects:                                                                                  │
│  ┌──                                                                                              │
│  │ ID: 0xd51aa08144aac919d3a3574b056b65a8cd775ac594e519bd99a8a5ce31a9f441                         │
│  │ Owner: Account Address ( 0x7cbe5e6596e23266dd5763dd89b4ab1195516908ecde8febfe96685c7cbe6432 )  │
│  │ Version: 415586839                                                                             │
│  │ Digest: XaCXU9giQvgySyQG2Yv3fi7C2jYp9kCUWgEtqwGGnLm                                            │
│  └──                                                                                              │
│ Mutated Objects:                                                                                  │
│  ┌──                                                                                              │
│  │ ID: 0xc6c730b35f3971c13f1a8c829c8632ba0775f28cf55b93744dc12cc32f5f1f7e                         │
│  │ Owner: Account Address ( 0x540105a7d2f5f54a812c630f2996f1790ed0e60d1f9a870ce397f03e4cec9b38 )  │
│  │ Version: 415586839                                                                             │
│  │ Digest: 9wYLF3zJYwRF5oq2AnEqQCHSc6smTi4gRTY29XRDXPRD                                           │
│  └──                                                                                              │
│  ┌──                                                                                              │
│  │ ID: 0xd5d7d66c296d0980d3d355a61d6f3a33b94ae9d8520b741724fe22106ac2c40e                         │
│  │ Owner: Account Address ( 0x540105a7d2f5f54a812c630f2996f1790ed0e60d1f9a870ce397f03e4cec9b38 )  │
│  │ Version: 415586839                                                                             │
│  │ Digest: 7DVzthFwi2ARMPJTSDkMYFwFBQ8eZV5DDEDKzZ4pkcC9                                           │
│  └──                                                                                              │
│ Gas Object:                                                                                       │
│  ┌──                                                                                              │
│  │ ID: 0xd5d7d66c296d0980d3d355a61d6f3a33b94ae9d8520b741724fe22106ac2c40e                         │
│  │ Owner: Account Address ( 0x540105a7d2f5f54a812c630f2996f1790ed0e60d1f9a870ce397f03e4cec9b38 )  │
│  │ Version: 415586839                                                                             │
│  │ Digest: 7DVzthFwi2ARMPJTSDkMYFwFBQ8eZV5DDEDKzZ4pkcC9                                           │
│  └──                                                                                              │
│ Gas Cost Summary:                                                                                 │
│    Storage Cost: 4225600 MIST                                                                     │
│    Computation Cost: 750000 MIST                                                                  │
│    Storage Rebate: 2768832 MIST                                                                   │
│    Non-refundable Storage Fee: 27968 MIST                                                         │
│                                                                                                   │
│ Transaction Dependencies:                                                                         │
│    49puDQZwHRnu7zYoARCjco1dFKMiK7LVSS8B5Si1yVdh                                                   │
│    HV1N8xgK4mnz79ymdFMkEpszCrqyjxT1jSLdCaAaeqis                                                   │
╰───────────────────────────────────────────────────────────────────────────────────────────────────╯
╭─────────────────────────────╮
│ No transaction block events │
╰─────────────────────────────╯

╭──────────────────────────────────────────────────────────────────────────────────────────────────────────────────────────────────────╮
│ Object Changes                                                                                                                       │
├──────────────────────────────────────────────────────────────────────────────────────────────────────────────────────────────────────┤
│ Created Objects:                                                                                                                     │
│  ┌──                                                                                                                                 │
│  │ ObjectID: 0xd51aa08144aac919d3a3574b056b65a8cd775ac594e519bd99a8a5ce31a9f441                                                      │
│  │ Sender: 0x540105a7d2f5f54a812c630f2996f1790ed0e60d1f9a870ce397f03e4cec9b38                                                        │
│  │ Owner: Account Address ( 0x7cbe5e6596e23266dd5763dd89b4ab1195516908ecde8febfe96685c7cbe6432 )                                     │
│  │ ObjectType: 0x2::coin::Coin<0xb6b7cc1b7b4e7183ba42341c22f10c56b86d70e14a02d4f321769c687b2dabd2::yuan_da_tou::YUAN_DA_TOU>         │
│  │ Version: 415586839                                                                                                                │
│  │ Digest: XaCXU9giQvgySyQG2Yv3fi7C2jYp9kCUWgEtqwGGnLm                                                                               │
│  └──                                                                                                                                 │
│ Mutated Objects:                                                                                                                     │
│  ┌──                                                                                                                                 │
│  │ ObjectID: 0xc6c730b35f3971c13f1a8c829c8632ba0775f28cf55b93744dc12cc32f5f1f7e                                                      │
│  │ Sender: 0x540105a7d2f5f54a812c630f2996f1790ed0e60d1f9a870ce397f03e4cec9b38                                                        │
│  │ Owner: Account Address ( 0x540105a7d2f5f54a812c630f2996f1790ed0e60d1f9a870ce397f03e4cec9b38 )                                     │
│  │ ObjectType: 0x2::coin::TreasuryCap<0xb6b7cc1b7b4e7183ba42341c22f10c56b86d70e14a02d4f321769c687b2dabd2::yuan_da_tou::YUAN_DA_TOU>  │
│  │ Version: 415586839                                                                                                                │
│  │ Digest: 9wYLF3zJYwRF5oq2AnEqQCHSc6smTi4gRTY29XRDXPRD                                                                              │
│  └──                                                                                                                                 │
│  ┌──                                                                                                                                 │
│  │ ObjectID: 0xd5d7d66c296d0980d3d355a61d6f3a33b94ae9d8520b741724fe22106ac2c40e                                                      │
│  │ Sender: 0x540105a7d2f5f54a812c630f2996f1790ed0e60d1f9a870ce397f03e4cec9b38                                                        │
│  │ Owner: Account Address ( 0x540105a7d2f5f54a812c630f2996f1790ed0e60d1f9a870ce397f03e4cec9b38 )                                     │
│  │ ObjectType: 0x2::coin::Coin<0x2::sui::SUI>                                                                                        │
│  │ Version: 415586839                                                                                                                │
│  │ Digest: 7DVzthFwi2ARMPJTSDkMYFwFBQ8eZV5DDEDKzZ4pkcC9                                                                              │
│  └──                                                                                                                                 │
╰──────────────────────────────────────────────────────────────────────────────────────────────────────────────────────────────────────╯
╭────────────────────────────────────────────────────────────────────────────────────────────────────────────╮
│ Balance Changes                                                                                            │
├────────────────────────────────────────────────────────────────────────────────────────────────────────────┤
│  ┌──                                                                                                       │
│  │ Owner: Account Address ( 0x540105a7d2f5f54a812c630f2996f1790ed0e60d1f9a870ce397f03e4cec9b38 )           │
│  │ CoinType: 0x2::sui::SUI                                                                                 │
│  │ Amount: -2206768                                                                                        │
│  └──                                                                                                       │
│  ┌──                                                                                                       │
│  │ Owner: Account Address ( 0x7cbe5e6596e23266dd5763dd89b4ab1195516908ecde8febfe96685c7cbe6432 )           │
│  │ CoinType: 0xb6b7cc1b7b4e7183ba42341c22f10c56b86d70e14a02d4f321769c687b2dabd2::yuan_da_tou::YUAN_DA_TOU  │
│  │ Amount: 5000000                                                                                         │
│  └──                                                                                                       │
╰────────────────────────────────────────────────────────────────────────────────────────────────────────────╯
ljl@ljl-i5-14400:~/work/sui/move-cn/letsmove/mover/nextuser/code/task2/coin_own$ sui client balance   $W_ADDR
[warn] Client/Server api version mismatch, client api version : 1.37.1, server api version : 1.36.2
╭─────────────────────────────────────────────╮
│ Balance of coins owned by this address      │
├─────────────────────────────────────────────┤
│ ╭─────────────────────────────────────────╮ │
│ │ coin         balance (raw)  balance     │ │
│ ├─────────────────────────────────────────┤ │
│ │ Sui          7931400        0.00 SUI    │ │
│ │ yuan da tou  5000000        5.00K YDT   │ │
│ ╰─────────────────────────────────────────╯ │
╰─────────────────────────────────────────────╯
ljl@ljl-i5-14400:~/work/sui/move-cn/letsmove/mover/nextuser/code/task2/coin_own$