sui client call `
>> --package  0xca848e93c091f6439839ea3ca4ec2498b8dc82112be2c732368eddbce597c7d4 `
>> --module my_nft `
>> --function mint_to `
>> --args "Github Image NFT" 0xd842b07687548bef8605dab499624f8aacd2c6108b7909db433a6394b435f57c
[warn] Client/Server api version mismatch, client api version : 1.35.0, server api version : 1.36.2
Transaction Digest: EoDVdMkxBPb8WkKoLH9BJSf9JhhCFPbryKQ3Cj8XnVp1
╭──────────────────────────────────────────────────────────────────────────────────────────────────────────────╮
│ Transaction Data                                                                                             │
├──────────────────────────────────────────────────────────────────────────────────────────────────────────────┤
│ Sender: 0xd842b07687548bef8605dab499624f8aacd2c6108b7909db433a6394b435f57c                                   │
│ Gas Owner: 0xd842b07687548bef8605dab499624f8aacd2c6108b7909db433a6394b435f57c                                │
│ Gas Budget: 4175200 MIST                                                                                     │
│ Gas Price: 750 MIST                                                                                          │
│ Gas Payment:                                                                                                 │
│  ┌──                                                                                                         │
│  │ ID: 0x2f4da0b0ad39e6428ab2b919ae0ce25b7f5a238ca6b1007f96417f1327cd99d1                                    │
│  │ Version: 410395983                                                                                        │
│  │ Digest: 6ybxMf2iTed3WcqC8wtoUBGxoaPX3BeQ2MyMiSBvQqcA                                                      │
│  └──                                                                                                         │
│                                                                                                              │
│ Transaction Kind: Programmable                                                                               │
│ ╭──────────────────────────────────────────────────────────────────────────────────────────────────────────╮ │
│ │ Input Objects                                                                                            │ │
│ ├──────────────────────────────────────────────────────────────────────────────────────────────────────────┤ │
│ │ 0   Pure Arg: Type: 0x1::string::String, Value: "Github Image NFT"                                       │ │
│ │ 1   Pure Arg: Type: address, Value: "0xd842b07687548bef8605dab499624f8aacd2c6108b7909db433a6394b435f57c" │ │
│ ╰──────────────────────────────────────────────────────────────────────────────────────────────────────────╯ │
│ ╭──────────────────────────────────────────────────────────────────────────────────╮                         │
│ │ Commands                                                                         │                         │
│ ├──────────────────────────────────────────────────────────────────────────────────┤                         │
│ │ 0  MoveCall:                                                                     │                         │
│ │  ┌                                                                               │                         │
│ │  │ Function:  mint_to                                                            │                         │
│ │  │ Module:    my_nft                                                             │                         │
│ │  │ Package:   0xca848e93c091f6439839ea3ca4ec2498b8dc82112be2c732368eddbce597c7d4 │                         │
│ │  │ Arguments:                                                                    │                         │
│ │  │   Input  0                                                                    │                         │
│ │  │   Input  1                                                                    │                         │
│ │  └                                                                               │                         │
│ ╰──────────────────────────────────────────────────────────────────────────────────╯                         │
│                                                                                                              │
│ Signatures:                                                                                                  │
│    Z2WXQ3btkC2wHthbQDYXuCgKLDyg/okIaA6r3nEEX+MY/QY0+OqT/93zqArQZ/pVUi076lISn+8B/Ms0cgsVWg==                  │
│                                                                                                              │
╰──────────────────────────────────────────────────────────────────────────────────────────────────────────────╯
╭───────────────────────────────────────────────────────────────────────────────────────────────────╮
│ Transaction Effects                                                                               │
├───────────────────────────────────────────────────────────────────────────────────────────────────┤
│ Digest: EoDVdMkxBPb8WkKoLH9BJSf9JhhCFPbryKQ3Cj8XnVp1                                              │
│ Status: Success                                                                                   │
│ Executed Epoch: 570                                                                               │
│                                                                                                   │
│ Created Objects:                                                                                  │
│  ┌──                                                                                              │
│  │ ID: 0xb0da476ac74361c9791c2d7ea3dfc580562397026800bb9f349a3d72f2f48284                         │
│  │ Owner: Account Address ( 0xd842b07687548bef8605dab499624f8aacd2c6108b7909db433a6394b435f57c )  │
│  │ Version: 410395984                                                                             │
│  │ Digest: 2wbujfYQ5RqDNwyiWi7jxsvcPNxQp2N69e3CYknVNPCh                                           │
│  └──                                                                                              │
│ Mutated Objects:                                                                                  │
│  ┌──                                                                                              │
│  │ ID: 0x2f4da0b0ad39e6428ab2b919ae0ce25b7f5a238ca6b1007f96417f1327cd99d1                         │
│  │ Owner: Account Address ( 0xd842b07687548bef8605dab499624f8aacd2c6108b7909db433a6394b435f57c )  │
│  │ Version: 410395984                                                                             │
│  │ Digest: GYXyEMvfZpgd49dVu3cXv2hMkzdQxRQ9xg9zCbyiR1UQ                                           │
│  └──                                                                                              │
│ Gas Object:                                                                                       │
│  ┌──                                                                                              │
│  │ ID: 0x2f4da0b0ad39e6428ab2b919ae0ce25b7f5a238ca6b1007f96417f1327cd99d1                         │
│  │ Owner: Account Address ( 0xd842b07687548bef8605dab499624f8aacd2c6108b7909db433a6394b435f57c )  │
│  │ Version: 410395984                                                                             │
│  │ Digest: GYXyEMvfZpgd49dVu3cXv2hMkzdQxRQ9xg9zCbyiR1UQ                                           │
│  └──                                                                                              │
│ Gas Cost Summary:                                                                                 │
│    Storage Cost: 2675200 MIST                                                                     │
│    Computation Cost: 750000 MIST                                                                  │
│    Storage Rebate: 978120 MIST                                                                    │
│    Non-refundable Storage Fee: 9880 MIST                                                          │
│                                                                                                   │
│ Transaction Dependencies:                                                                         │
│    3o2XC55hQHBUTufhTGdHaqn9RAMQGQk31L5udtw11gdp                                                   │
╰───────────────────────────────────────────────────────────────────────────────────────────────────╯
╭─────────────────────────────╮
│ No transaction block events │
╰─────────────────────────────╯

╭────────────────────────────────────────────────────────────────────────────────────────────────────────╮
│ Object Changes                                                                                         │
├────────────────────────────────────────────────────────────────────────────────────────────────────────┤
│ Created Objects:                                                                                       │
│  ┌──                                                                                                   │
│  │ ObjectID: 0xb0da476ac74361c9791c2d7ea3dfc580562397026800bb9f349a3d72f2f48284                        │
│  │ Sender: 0xd842b07687548bef8605dab499624f8aacd2c6108b7909db433a6394b435f57c                          │
│  │ Owner: Account Address ( 0xd842b07687548bef8605dab499624f8aacd2c6108b7909db433a6394b435f57c )       │
│  │ ObjectType: 0xca848e93c091f6439839ea3ca4ec2498b8dc82112be2c732368eddbce597c7d4::my_nft::MyImageNFT  │
│  │ Version: 410395984                                                                                  │
│  │ Digest: 2wbujfYQ5RqDNwyiWi7jxsvcPNxQp2N69e3CYknVNPCh                                                │
│  └──                                                                                                   │
│ Mutated Objects:                                                                                       │
│  ┌──                                                                                                   │
│  │ ObjectID: 0x2f4da0b0ad39e6428ab2b919ae0ce25b7f5a238ca6b1007f96417f1327cd99d1                        │
│  │ Sender: 0xd842b07687548bef8605dab499624f8aacd2c6108b7909db433a6394b435f57c                          │
│  │ Owner: Account Address ( 0xd842b07687548bef8605dab499624f8aacd2c6108b7909db433a6394b435f57c )       │
│  │ ObjectType: 0x2::coin::Coin<0x2::sui::SUI>                                                          │
│  │ Version: 410395984                                                                                  │
│  │ Digest: GYXyEMvfZpgd49dVu3cXv2hMkzdQxRQ9xg9zCbyiR1UQ                                                │
│  └──                                                                                                   │
╰────────────────────────────────────────────────────────────────────────────────────────────────────────╯
╭───────────────────────────────────────────────────────────────────────────────────────────────────╮
│ Balance Changes                                                                                   │
├───────────────────────────────────────────────────────────────────────────────────────────────────┤
│  ┌──                                                                                              │
│  │ Owner: Account Address ( 0xd842b07687548bef8605dab499624f8aacd2c6108b7909db433a6394b435f57c )  │
│  │ CoinType: 0x2::sui::SUI                                                                        │
│  │ Amount: -2447080                                                                               │
│  └──                                                                                              │
╰───────────────────────────────────────────────────────────────────────────────────────────────────╯
