sui client publish --skip-fetch-latest-git-deps
[warn] Client/Server api version mismatch, client api version : 1.35.0, server api version : 1.36.2
INCLUDING DEPENDENCY Sui
INCLUDING DEPENDENCY MoveStdlib
BUILDING my_nft
Successfully verified dependencies on-chain against source.
Transaction Digest: 3o2XC55hQHBUTufhTGdHaqn9RAMQGQk31L5udtw11gdp
╭──────────────────────────────────────────────────────────────────────────────────────────────────────────────╮
│ Transaction Data                                                                                             │
├──────────────────────────────────────────────────────────────────────────────────────────────────────────────┤
│ Sender: 0xd842b07687548bef8605dab499624f8aacd2c6108b7909db433a6394b435f57c                                   │
│ Gas Owner: 0xd842b07687548bef8605dab499624f8aacd2c6108b7909db433a6394b435f57c                                │
│ Gas Budget: 18341600 MIST                                                                                    │
│ Gas Price: 750 MIST                                                                                          │
│ Gas Payment:                                                                                                 │
│  ┌──                                                                                                         │
│  │ ID: 0x2f4da0b0ad39e6428ab2b919ae0ce25b7f5a238ca6b1007f96417f1327cd99d1                                    │
│  │ Version: 410395982                                                                                        │
│  │ Digest: Ge1VRGp2P2fKuARmBssDv8y2MsmAdJXoyTbUX2Kq5ZAn                                                      │
│  └──                                                                                                         │
│                                                                                                              │
│ Transaction Kind: Programmable                                                                               │
│ ╭──────────────────────────────────────────────────────────────────────────────────────────────────────────╮ │
│ │ Input Objects                                                                                            │ │
│ ├──────────────────────────────────────────────────────────────────────────────────────────────────────────┤ │
│ │ 0   Pure Arg: Type: address, Value: "0xd842b07687548bef8605dab499624f8aacd2c6108b7909db433a6394b435f57c" │ │
│ ╰──────────────────────────────────────────────────────────────────────────────────────────────────────────╯ │
│ ╭─────────────────────────────────────────────────────────────────────────╮                                  │
│ │ Commands                                                                │                                  │
│ ├─────────────────────────────────────────────────────────────────────────┤                                  │
│ │ 0  Publish:                                                             │                                  │
│ │  ┌                                                                      │                                  │
│ │  │ Dependencies:                                                        │                                  │
│ │  │   0x0000000000000000000000000000000000000000000000000000000000000001 │                                  │
│ │  │   0x0000000000000000000000000000000000000000000000000000000000000002 │                                  │
│ │  └                                                                      │                                  │
│ │                                                                         │                                  │
│ │ 1  TransferObjects:                                                     │                                  │
│ │  ┌                                                                      │                                  │
│ │  │ Arguments:                                                           │                                  │
│ │  │   Result 0                                                           │                                  │
│ │  │ Address: Input  0                                                    │                                  │
│ │  └                                                                      │                                  │
│ ╰─────────────────────────────────────────────────────────────────────────╯                                  │
│                                                                                                              │
│ Signatures:                                                                                                  │
│    CDrb4PjAlhSUbpmNSaNhRjX6KIHiYu1USg7wRDLHGWUQ77T2F4pZw6LNTEEvAL4qFMnGpu3cQyGgFHzcdbPZpA==                  │
│                                                                                                              │
╰──────────────────────────────────────────────────────────────────────────────────────────────────────────────╯
╭───────────────────────────────────────────────────────────────────────────────────────────────────╮
│ Transaction Effects                                                                               │
├───────────────────────────────────────────────────────────────────────────────────────────────────┤
│ Digest: 3o2XC55hQHBUTufhTGdHaqn9RAMQGQk31L5udtw11gdp                                              │
│ Status: Success                                                                                   │
│ Executed Epoch: 570                                                                               │
│                                                                                                   │
│ Created Objects:                                                                                  │
│  ┌──                                                                                              │
│  │ ID: 0x19e8db422aa97bd980a632a60a497098044f573bd3a9232f6414b7daca3fedaa                         │
│  │ Owner: Account Address ( 0xd842b07687548bef8605dab499624f8aacd2c6108b7909db433a6394b435f57c )  │
│  │ Version: 410395983                                                                             │
│  │ Digest: Akusuqtv3vfvajePN3eFyK2PBQRUoXC5ekdffUxFHwXD                                           │
│  └──                                                                                              │
│  ┌──                                                                                              │
│  │ ID: 0xca848e93c091f6439839ea3ca4ec2498b8dc82112be2c732368eddbce597c7d4                         │
│  │ Owner: Immutable                                                                               │
│  │ Version: 1                                                                                     │
│  │ Digest: 7wDV7MV7wpDHjA1fyNcT9m2b3owUsBxv8U82K4U2zWwQ                                           │
│  └──                                                                                              │
│  ┌──                                                                                              │
│  │ ID: 0xd9c483aeb4c0169e0c44ede651f3a5c7cbe026e0630fa6800a47d91bd137016f                         │
│  │ Owner: Account Address ( 0xd842b07687548bef8605dab499624f8aacd2c6108b7909db433a6394b435f57c )  │
│  │ Version: 410395983                                                                             │
│  │ Digest: GDGTk3GC9vNfVybfxrcqrUDLkzS1BYFKkZF3HZ9xY4yH                                           │
│  └──                                                                                              │
│  ┌──                                                                                              │
│  │ ID: 0xf0b2ae4f4bd095c5886e6e2ac1293a80ec1cccbb634a63351201a0a308e078a2                         │
│  │ Owner: Account Address ( 0xd842b07687548bef8605dab499624f8aacd2c6108b7909db433a6394b435f57c )  │
│  │ Version: 410395983                                                                             │
│  │ Digest: BHb1uxQ5cZpiMnZuKhiRCH6qJviyo9UpseZSB7UZaVAc                                           │
│  └──                                                                                              │
│ Mutated Objects:                                                                                  │
│  ┌──                                                                                              │
│  │ ID: 0x2f4da0b0ad39e6428ab2b919ae0ce25b7f5a238ca6b1007f96417f1327cd99d1                         │
│  │ Owner: Account Address ( 0xd842b07687548bef8605dab499624f8aacd2c6108b7909db433a6394b435f57c )  │
│  │ Version: 410395983                                                                             │
│  │ Digest: 6ybxMf2iTed3WcqC8wtoUBGxoaPX3BeQ2MyMiSBvQqcA                                           │
│  └──                                                                                              │
│ Gas Object:                                                                                       │
│  ┌──                                                                                              │
│  │ ID: 0x2f4da0b0ad39e6428ab2b919ae0ce25b7f5a238ca6b1007f96417f1327cd99d1                         │
│  │ Owner: Account Address ( 0xd842b07687548bef8605dab499624f8aacd2c6108b7909db433a6394b435f57c )  │
│  │ Version: 410395983                                                                             │
│  │ Digest: 6ybxMf2iTed3WcqC8wtoUBGxoaPX3BeQ2MyMiSBvQqcA                                           │
│  └──                                                                                              │
│ Gas Cost Summary:                                                                                 │
│    Storage Cost: 16841600 MIST                                                                    │
│    Computation Cost: 750000 MIST                                                                  │
│    Storage Rebate: 978120 MIST                                                                    │
│    Non-refundable Storage Fee: 9880 MIST                                                          │
│                                                                                                   │
│ Transaction Dependencies:                                                                         │
│    49puDQZwHRnu7zYoARCjco1dFKMiK7LVSS8B5Si1yVdh                                                   │
│    8KHHExQgkNQF8xtSUt8v7xmAx96uqrSda2j6LU9nipcR                                                   │
│    8MkMyu5cseLwqyWDwg947q7U2d7ipSoGu9LZQh744JRJ                                                   │
╰───────────────────────────────────────────────────────────────────────────────────────────────────╯
╭─────────────────────────────────────────────────────────────────────────────────────────────────────────────────────────────────────────────╮
│ Transaction Block Events                                                                                                                    │
├─────────────────────────────────────────────────────────────────────────────────────────────────────────────────────────────────────────────┤
│  ┌──                                                                                                                                        │
│  │ EventID: 3o2XC55hQHBUTufhTGdHaqn9RAMQGQk31L5udtw11gdp:0                                                                                  │
│  │ PackageID: 0xca848e93c091f6439839ea3ca4ec2498b8dc82112be2c732368eddbce597c7d4                                                            │
│  │ Transaction Module: my_nft                                                                                                               │
│  │ Sender: 0xd842b07687548bef8605dab499624f8aacd2c6108b7909db433a6394b435f57c                                                               │
│  │ EventType: 0x2::display::DisplayCreated<0xca848e93c091f6439839ea3ca4ec2498b8dc82112be2c732368eddbce597c7d4::my_nft::MyImageNFT>          │
│  │ ParsedJSON:                                                                                                                              │
│  │   ┌────┬────────────────────────────────────────────────────────────────────┐                                                            │
│  │   │ id │ 0xd9c483aeb4c0169e0c44ede651f3a5c7cbe026e0630fa6800a47d91bd137016f │                                                            │
│  │   └────┴────────────────────────────────────────────────────────────────────┘                                                            │
│  └──                                                                                                                                        │
│  ┌──                                                                                                                                        │
│  │ EventID: 3o2XC55hQHBUTufhTGdHaqn9RAMQGQk31L5udtw11gdp:1                                                                                  │
│  │ PackageID: 0xca848e93c091f6439839ea3ca4ec2498b8dc82112be2c732368eddbce597c7d4                                                            │
│  │ Transaction Module: my_nft                                                                                                               │
│  │ Sender: 0xd842b07687548bef8605dab499624f8aacd2c6108b7909db433a6394b435f57c                                                               │
│  │ EventType: 0x2::display::VersionUpdated<0xca848e93c091f6439839ea3ca4ec2498b8dc82112be2c732368eddbce597c7d4::my_nft::MyImageNFT>          │
│  │ ParsedJSON:                                                                                                                              │
│  │   ┌─────────┬──────────┬───────┬───────────────────────────────────────────────────────────────────────────────────────────────────────┐ │
│  │   │ fields  │ contents │ key   │ {name}                                                                                                │ │
│  │   │         │          ├───────┼───────────────────────────────────────────────────────────────────────────────────────────────────────┤ │
│  │   │         │          │ value │ {name}                                                                                                │ │
│  │   │         │          ├───────┼───────────────────────────────────────────────────────────────────────────────────────────────────────┤ │
│  │   │         │          │ key   │ description                                                                                           │ │
│  │   │         │          ├───────┼───────────────────────────────────────────────────────────────────────────────────────────────────────┤ │
│  │   │         │          │ value │ my github nft                                                                                         │ │
│  │   │         │          ├───────┼───────────────────────────────────────────────────────────────────────────────────────────────────────┤ │
│  │   │         │          │ key   │ image_url                                                                                             │ │
│  │   │         │          ├───────┼───────────────────────────────────────────────────────────────────────────────────────────────────────┤ │
│  │   │         │          │ value │ https://avatars.githubusercontent.com/u/76994469?s=400&u=9641179f93e7b3fefcc20a58d0b724e74dc3b4af&v=4 │ │
│  │   │         │          ├───────┼───────────────────────────────────────────────────────────────────────────────────────────────────────┤ │
│  │   │         │          │ key   │ creator                                                                                               │ │
│  │   │         │          ├───────┼───────────────────────────────────────────────────────────────────────────────────────────────────────┤ │
│  │   │         │          │ value │ {creator}                                                                                             │ │
│  │   ├─────────┼──────────┴───────┴───────────────────────────────────────────────────────────────────────────────────────────────────────┤ │
│  │   │ id      │ 0xd9c483aeb4c0169e0c44ede651f3a5c7cbe026e0630fa6800a47d91bd137016f                                                       │ │
│  │   ├─────────┼──────────────────────────────────────────────────────────────────────────────────────────────────────────────────────────┤ │
│  │   │ version │ 1                                                                                                                        │ │
│  │   └─────────┴──────────────────────────────────────────────────────────────────────────────────────────────────────────────────────────┘ │
│  └──                                                                                                                                        │
╰─────────────────────────────────────────────────────────────────────────────────────────────────────────────────────────────────────────────╯
╭───────────────────────────────────────────────────────────────────────────────────────────────────────────────────────────────╮
│ Object Changes                                                                                                                │
├───────────────────────────────────────────────────────────────────────────────────────────────────────────────────────────────┤
│ Created Objects:                                                                                                              │
│  ┌──                                                                                                                          │
│  │ ObjectID: 0x19e8db422aa97bd980a632a60a497098044f573bd3a9232f6414b7daca3fedaa                                               │
│  │ Sender: 0xd842b07687548bef8605dab499624f8aacd2c6108b7909db433a6394b435f57c                                                 │
│  │ Owner: Account Address ( 0xd842b07687548bef8605dab499624f8aacd2c6108b7909db433a6394b435f57c )                              │
│  │ ObjectType: 0x2::package::UpgradeCap                                                                                       │
│  │ Version: 410395983                                                                                                         │
│  │ Digest: Akusuqtv3vfvajePN3eFyK2PBQRUoXC5ekdffUxFHwXD                                                                       │
│  └──                                                                                                                          │
│  ┌──                                                                                                                          │
│  │ ObjectID: 0xd9c483aeb4c0169e0c44ede651f3a5c7cbe026e0630fa6800a47d91bd137016f                                               │
│  │ Sender: 0xd842b07687548bef8605dab499624f8aacd2c6108b7909db433a6394b435f57c                                                 │
│  │ Owner: Account Address ( 0xd842b07687548bef8605dab499624f8aacd2c6108b7909db433a6394b435f57c )                              │
│  │ ObjectType: 0x2::display::Display<0xca848e93c091f6439839ea3ca4ec2498b8dc82112be2c732368eddbce597c7d4::my_nft::MyImageNFT>  │
│  │ Version: 410395983                                                                                                         │
│  │ Digest: GDGTk3GC9vNfVybfxrcqrUDLkzS1BYFKkZF3HZ9xY4yH                                                                       │
│  └──                                                                                                                          │
│  ┌──                                                                                                                          │
│  │ ObjectID: 0xf0b2ae4f4bd095c5886e6e2ac1293a80ec1cccbb634a63351201a0a308e078a2                                               │
│  │ Sender: 0xd842b07687548bef8605dab499624f8aacd2c6108b7909db433a6394b435f57c                                                 │
│  │ Owner: Account Address ( 0xd842b07687548bef8605dab499624f8aacd2c6108b7909db433a6394b435f57c )                              │
│  │ ObjectType: 0x2::package::Publisher                                                                                        │
│  │ Version: 410395983                                                                                                         │
│  │ Digest: BHb1uxQ5cZpiMnZuKhiRCH6qJviyo9UpseZSB7UZaVAc                                                                       │
│  └──                                                                                                                          │
│ Mutated Objects:                                                                                                              │
│  ┌──                                                                                                                          │
│  │ ObjectID: 0x2f4da0b0ad39e6428ab2b919ae0ce25b7f5a238ca6b1007f96417f1327cd99d1                                               │
│  │ Sender: 0xd842b07687548bef8605dab499624f8aacd2c6108b7909db433a6394b435f57c                                                 │
│  │ Owner: Account Address ( 0xd842b07687548bef8605dab499624f8aacd2c6108b7909db433a6394b435f57c )                              │
│  │ ObjectType: 0x2::coin::Coin<0x2::sui::SUI>                                                                                 │
│  │ Version: 410395983                                                                                                         │
│  │ Digest: 6ybxMf2iTed3WcqC8wtoUBGxoaPX3BeQ2MyMiSBvQqcA                                                                       │
│  └──                                                                                                                          │
│ Published Objects:                                                                                                            │
│  ┌──                                                                                                                          │
│  │ PackageID: 0xca848e93c091f6439839ea3ca4ec2498b8dc82112be2c732368eddbce597c7d4                                              │
│  │ Version: 1                                                                                                                 │
│  │ Digest: 7wDV7MV7wpDHjA1fyNcT9m2b3owUsBxv8U82K4U2zWwQ                                                                       │
│  │ Modules: my_nft                                                                                                            │
│  └──                                                                                                                          │
╰───────────────────────────────────────────────────────────────────────────────────────────────────────────────────────────────╯
╭───────────────────────────────────────────────────────────────────────────────────────────────────╮
│ Balance Changes                                                                                   │
├───────────────────────────────────────────────────────────────────────────────────────────────────┤
│  ┌──                                                                                              │
│  │ Owner: Account Address ( 0xd842b07687548bef8605dab499624f8aacd2c6108b7909db433a6394b435f57c )  │
│  │ CoinType: 0x2::sui::SUI                                                                        │
│  │ Amount: -16613480                                                                              │
│  └──                                                                                              │
╰───────────────────────────────────────────────────────────────────────────────────────────────────╯
