NCLUDING DEPENDENCY Sui
INCLUDING DEPENDENCY MoveStdlib
BUILDING ctf
warning[W09001]: unused alias
   ┌─ /home/ljl/work/sui/move-cn/letsmove/mover/nextuser/code/task8/move/ctf/sources/ctf.move:96:23
   │
96 │     use std::string::{Self};
   │                       ^^^^ Unused 'use' of alias 'string'. Consider removing it
   │
   = This warning can be suppressed with '#[allow(unused_use)]' applied to the 'module' or module member ('const', 'fun', or 'struct')

Successfully verified dependencies on-chain against source.
Transaction Digest: Bjt8gRu2egN55js1r6dQY9G1ZzJBXT5hQRF9KFgf9GUF
╭──────────────────────────────────────────────────────────────────────────────────────────────────────────────╮
│ Transaction Data                                                                                             │
├──────────────────────────────────────────────────────────────────────────────────────────────────────────────┤
│ Sender: 0x7cbe5e6596e23266dd5763dd89b4ab1195516908ecde8febfe96685c7cbe6432                                   │
│ Gas Owner: 0x7cbe5e6596e23266dd5763dd89b4ab1195516908ecde8febfe96685c7cbe6432                                │
│ Gas Budget: 16478000 MIST                                                                                    │
│ Gas Price: 1000 MIST                                                                                         │
│ Gas Payment:                                                                                                 │
│  ┌──                                                                                                         │
│  │ ID: 0x2e660732971b439019d7a5b590a5ffa49b1761461099bff9e2713f61b3322e11                                    │
│  │ Version: 461                                                                                              │
│  │ Digest: GD1SN8AbqoU8xh6vjvSo4QLCrixHuCek96xxPhkb4ZD7                                                      │
│  └──                                                                                                         │
│                                                                                                              │
│ Transaction Kind: Programmable                                                                               │
│ ╭──────────────────────────────────────────────────────────────────────────────────────────────────────────╮ │
│ │ Input Objects                                                                                            │ │
│ ├──────────────────────────────────────────────────────────────────────────────────────────────────────────┤ │
│ │ 0   Pure Arg: Type: address, Value: "0x7cbe5e6596e23266dd5763dd89b4ab1195516908ecde8febfe96685c7cbe6432" │ │
│ ╰──────────────────────────────────────────────────────────────────────────────────────────────────────────╯ │
│ ╭─────────────────────────────────────────────────────────────────────────╮                                  │
│ │ Commands                                                                │                                  │
│ ├─────────────────────────────────────────────────────────────────────────┤                                  │
│ │ 0  Publish:                                                             │                                  │
│ │  ┌                                                                      │                                  │
│ │  │ Dependencies:                                                        │                                  │
│ │  │   0x0000000000000000000000000000000000000000000000000000000000000001 │                                  │
│ │  │   0x0000000000000000000000000000000000000000000000000000000000000002 │                                  │
│ │  └                                                                      │                                  │
│ │                                                                         │                                  │
│ │ 1  TransferObjects:                                                     │                                  │
│ │  ┌                                                                      │                                  │
│ │  │ Arguments:                                                           │                                  │
│ │  │   Result 0                                                           │                                  │
│ │  │ Address: Input  0                                                    │                                  │
│ │  └                                                                      │                                  │
│ ╰─────────────────────────────────────────────────────────────────────────╯                                  │
│                                                                                                              │
│ Signatures:                                                                                                  │
│    iH0aR9aFnX433/4haAheYdwHiHW3SIflgQ+J9qmGCa5fbYVMIolxFK1VJzUscmjjHR/wAbxvsjywons58ZxIBQ==                  │
│                                                                                                              │
╰──────────────────────────────────────────────────────────────────────────────────────────────────────────────╯
╭───────────────────────────────────────────────────────────────────────────────────────────────────╮
│ Transaction Effects                                                                               │
├───────────────────────────────────────────────────────────────────────────────────────────────────┤
│ Digest: Bjt8gRu2egN55js1r6dQY9G1ZzJBXT5hQRF9KFgf9GUF                                              │
│ Status: Success                                                                                   │
│ Executed Epoch: 159                                                                               │
│                                                                                                   │
│ Created Objects:                                                                                  │
│  ┌──                                                                                              │
│  │ ID: 0x01fd61d2e412a850e8d6c03e5f725886dd434fc81f3bb32da0cc1322c5dfdc6b                         │
│  │ Owner: Account Address ( 0x7cbe5e6596e23266dd5763dd89b4ab1195516908ecde8febfe96685c7cbe6432 )  │
│  │ Version: 462                                                                                   │
│  │ Digest: 6antE3TMMFRDh1uovyko3hX75QVNHkkoZSZERmc1BB5h                                           │
│  └──                                                                                              │
│  ┌──                                                                                              │
│  │ ID: 0x0912938e762170213b79adb71228251536fb425fa31cd5ba31e453a008f81277                         │
│  │ Owner: Shared( 462 )                                                                           │
│  │ Version: 462                                                                                   │
│  │ Digest: 78oJJU8JXLqQnMQny6SdnyjYNp9YTFL6XLUdAbd8oF2b                                           │
│  └──                                                                                              │
│  ┌──                                                                                              │
│  │ ID: 0x940892fdf6e66eb7b23a2488ac2810c571efcc96b1cbfea22db0b7a202305977                         │
│  │ Owner: Immutable                                                                               │
│  │ Version: 1                                                                                     │
│  │ Digest: 4Wep5H1pF8u8NofMfqzQPkEZNCiFXDHQbGHx9T8NC8gY                                           │
│  └──                                                                                              │
│ Mutated Objects:                                                                                  │
│  ┌──                                                                                              │
│  │ ID: 0x2e660732971b439019d7a5b590a5ffa49b1761461099bff9e2713f61b3322e11                         │
│  │ Owner: Account Address ( 0x7cbe5e6596e23266dd5763dd89b4ab1195516908ecde8febfe96685c7cbe6432 )  │
│  │ Version: 462                                                                                   │
│  │ Digest: AuM79nh2WwAocrq5Pz1hxgD8GhFySS2CqQdHbcqJ3fh1                                           │
│  └──                                                                                              │
│ Gas Object:                                                                                       │
│  ┌──                                                                                              │
│  │ ID: 0x2e660732971b439019d7a5b590a5ffa49b1761461099bff9e2713f61b3322e11                         │
│  │ Owner: Account Address ( 0x7cbe5e6596e23266dd5763dd89b4ab1195516908ecde8febfe96685c7cbe6432 )  │
│  │ Version: 462                                                                                   │
│  │ Digest: AuM79nh2WwAocrq5Pz1hxgD8GhFySS2CqQdHbcqJ3fh1                                           │
│  └──                                                                                              │
│ Gas Cost Summary:                                                                                 │
│    Storage Cost: 14478000 MIST                                                                    │
│    Computation Cost: 1000000 MIST                                                                 │
│    Storage Rebate: 978120 MIST                                                                    │
│    Non-refundable Storage Fee: 9880 MIST                                                          │
│                                                                                                   │
│ Transaction Dependencies:                                                                         │
│    5fys9HXibibXhzvThbRuN7Mmtkx5c7dSNCAYeNPb9WV3                                                   │
│    BYoiBj5xkNUJYmseVcvkhqyZBhE29fcJ3qDfXvuJJtU6                                                   │
╰───────────────────────────────────────────────────────────────────────────────────────────────────╯
╭─────────────────────────────╮
│ No transaction block events │
╰─────────────────────────────╯

╭──────────────────────────────────────────────────────────────────────────────────────────────────────────╮
│ Object Changes                                                                                           │
├──────────────────────────────────────────────────────────────────────────────────────────────────────────┤
│ Created Objects:                                                                                         │
│  ┌──                                                                                                     │
│  │ ObjectID: 0x01fd61d2e412a850e8d6c03e5f725886dd434fc81f3bb32da0cc1322c5dfdc6b                          │
│  │ Sender: 0x7cbe5e6596e23266dd5763dd89b4ab1195516908ecde8febfe96685c7cbe6432                            │
│  │ Owner: Account Address ( 0x7cbe5e6596e23266dd5763dd89b4ab1195516908ecde8febfe96685c7cbe6432 )         │
│  │ ObjectType: 0x2::package::UpgradeCap                                                                  │
│  │ Version: 462                                                                                          │
│  │ Digest: 6antE3TMMFRDh1uovyko3hX75QVNHkkoZSZERmc1BB5h                                                  │
│  └──                                                                                                     │
│  ┌──                                                                                                     │
│  │ ObjectID: 0x0912938e762170213b79adb71228251536fb425fa31cd5ba31e453a008f81277                          │
│  │ Sender: 0x7cbe5e6596e23266dd5763dd89b4ab1195516908ecde8febfe96685c7cbe6432                            │
│  │ Owner: Shared( 462 )                                                                                  │
│  │ ObjectType: 0x940892fdf6e66eb7b23a2488ac2810c571efcc96b1cbfea22db0b7a202305977::lets_move::Challenge  │
│  │ Version: 462                                                                                          │
│  │ Digest: 78oJJU8JXLqQnMQny6SdnyjYNp9YTFL6XLUdAbd8oF2b                                                  │
│  └──                                                                                                     │
│ Mutated Objects:                                                                                         │
│  ┌──                                                                                                     │
│  │ ObjectID: 0x2e660732971b439019d7a5b590a5ffa49b1761461099bff9e2713f61b3322e11                          │
│  │ Sender: 0x7cbe5e6596e23266dd5763dd89b4ab1195516908ecde8febfe96685c7cbe6432                            │
│  │ Owner: Account Address ( 0x7cbe5e6596e23266dd5763dd89b4ab1195516908ecde8febfe96685c7cbe6432 )         │
│  │ ObjectType: 0x2::coin::Coin<0x2::sui::SUI>                                                            │
│  │ Version: 462                                                                                          │
│  │ Digest: AuM79nh2WwAocrq5Pz1hxgD8GhFySS2CqQdHbcqJ3fh1                                                  │
│  └──                                                                                                     │
│ Published Objects:                                                                                       │
│  ┌──                                                                                                     │
│  │ PackageID: 0x940892fdf6e66eb7b23a2488ac2810c571efcc96b1cbfea22db0b7a202305977                         │
│  │ Version: 1                                                                                            │
│  │ Digest: 4Wep5H1pF8u8NofMfqzQPkEZNCiFXDHQbGHx9T8NC8gY                                                  │
│  │ Modules: lets_move                                                                                    │
│  └──                                                                                                     │
╰──────────────────────────────────────────────────────────────────────────────────────────────────────────╯
╭───────────────────────────────────────────────────────────────────────────────────────────────────╮
│ Balance Changes                                                                                   │
├───────────────────────────────────────────────────────────────────────────────────────────────────┤
│  ┌──                                                                                              │
│  │ Owner: Account Address ( 0x7cbe5e6596e23266dd5763dd89b4ab1195516908ecde8febfe96685c7cbe6432 )  │
│  │ CoinType: 0x2::sui::SUI                                                                        │
│  │ Amount: -14499880                                                                              │
│  └──                                                                                              │
╰───────────────────────────────────────────────────────────────────────────────────────────────────╯