PS D:\data\web3\letsmove-ctf\src\02_lets_move\get_challenge> sui client publish --gas-budget 100000000 --skip-fetch-latest-git-deps --skip-dependency-verification 
[warn] Client/Server api version mismatch, client api version : 1.37.1, server api version : 1.38.2
INCLUDING DEPENDENCY lets_move
INCLUDING DEPENDENCY Sui
INCLUDING DEPENDENCY MoveStdlib
BUILDING get_challenge
Skipping dependency verification
Transaction Digest: CgRJQB6Arw68728a3YMmFBX7JuEJPq7KdyqhRfxMBmvA
╭──────────────────────────────────────────────────────────────────────────────────────────────────────────────╮
│ Transaction Data                                                                                             │
├──────────────────────────────────────────────────────────────────────────────────────────────────────────────┤
│ Sender: 0x1546f533333b358a8edddd38a8e8967583883e82ca7de604d5bba15e20e493d2                                   │
│ Gas Owner: 0x1546f533333b358a8edddd38a8e8967583883e82ca7de604d5bba15e20e493d2                                │
│ Gas Budget: 100000000 MIST                                                                                   │
│ Gas Price: 1000 MIST                                                                                         │
│ Gas Payment:                                                                                                 │
│  ┌──                                                                                                         │
│  │ ID: 0x8022a00f250d39300e38387f13faacd071775cfd21acf37e6a5363bd68f802e8                                    │
│  │ Version: 243530797                                                                                        │
│  │ Digest: 5hJaiovHNvfHqpev6gE8VosVZqHHYT7aP6WgX79BRwPF                                                      │
│  └──                                                                                                         │
│                                                                                                              │
│ Transaction Kind: Programmable                                                                               │
│ ╭──────────────────────────────────────────────────────────────────────────────────────────────────────────╮ │
│ │ Input Objects                                                                                            │ │
│ ├──────────────────────────────────────────────────────────────────────────────────────────────────────────┤ │
│ │ 0   Pure Arg: Type: address, Value: "0x1546f533333b358a8edddd38a8e8967583883e82ca7de604d5bba15e20e493d2" │ │
│ ╰──────────────────────────────────────────────────────────────────────────────────────────────────────────╯ │
│ ╭─────────────────────────────────────────────────────────────────────────╮                                  │
│ │ Commands                                                                │                                  │
│ ├─────────────────────────────────────────────────────────────────────────┤                                  │
│ │ 0  Publish:                                                             │                                  │
│ │  ┌                                                                      │                                  │
│ │  │ Dependencies:                                                        │                                  │
│ │  │   0x0000000000000000000000000000000000000000000000000000000000000001 │                                  │
│ │  │   0x0000000000000000000000000000000000000000000000000000000000000002 │                                  │
│ │  │   0x097a3833b6b5c62ca6ad10f0509dffdadff7ce31e1d86e63e884a14860cedc0f │                                  │
│ │  └                                                                      │                                  │
│ │                                                                         │                                  │
│ │ 1  TransferObjects:                                                     │                                  │
│ │  ┌                                                                      │                                  │
│ │  │ Arguments:                                                           │                                  │
│ │  │   Result 0                                                           │                                  │
│ │  │ Address: Input  0                                                    │                                  │
│ │  └                                                                      │                                  │
│ ╰─────────────────────────────────────────────────────────────────────────╯                                  │
│                                                                                                              │
│ Signatures:                                                                                                  │
│    SE75fTdXBFUL8S6ZXuWOw/RTC7ucrddXM18TEwWfMRx+YpTtqnDdDjoeb1u7c2WdEjKJRjEs79iL6FaKmVvKBA==                  │
│                                                                                                              │
╰──────────────────────────────────────────────────────────────────────────────────────────────────────────────╯
╭───────────────────────────────────────────────────────────────────────────────────────────────────╮
│ Transaction Effects                                                                               │
├───────────────────────────────────────────────────────────────────────────────────────────────────┤
│ Digest: CgRJQB6Arw68728a3YMmFBX7JuEJPq7KdyqhRfxMBmvA                                              │
│ Status: Success                                                                                   │
│ Executed Epoch: 568                                                                               │
│                                                                                                   │
│ Created Objects:                                                                                  │
│  ┌──                                                                                              │
│  │ ID: 0xa138521080e6134bb11bdea1ec5fc81e95f4a59b8854db2b91a3495cc7ba8be0                         │
│  │ Owner: Immutable                                                                               │
│  │ Version: 1                                                                                     │
│  │ Digest: BSSX4CeGQNAT5Ew4hFgLRAft4cXftmieYADwyd4crHy9                                           │
│  └──                                                                                              │
│  ┌──                                                                                              │
│  │ ID: 0xeace4b40589f3e1fbd4c38ea80c072236c881839b4f60df26348562419657364                         │
│  │ Owner: Account Address ( 0x1546f533333b358a8edddd38a8e8967583883e82ca7de604d5bba15e20e493d2 )  │
│  │ Version: 243530798                                                                             │
│  │ Digest: G19wsYVdG3pryfHH8gkP4bmBLXvNB5Jt2kGNeR6daopx                                           │
│  └──                                                                                              │
│ Mutated Objects:                                                                                  │
│  ┌──                                                                                              │
│  │ ID: 0x8022a00f250d39300e38387f13faacd071775cfd21acf37e6a5363bd68f802e8                         │
│  │ Owner: Account Address ( 0x1546f533333b358a8edddd38a8e8967583883e82ca7de604d5bba15e20e493d2 )  │
│  │ Version: 243530798                                                                             │
│  │ Digest: CVUNGZ9fsHAAAkDRtjpvUwBhkCAr2JQ3hEj5eFW4xNXD                                           │
│  └──                                                                                              │
│ Gas Object:                                                                                       │
│  ┌──                                                                                              │
│  │ ID: 0x8022a00f250d39300e38387f13faacd071775cfd21acf37e6a5363bd68f802e8                         │
│  │ Owner: Account Address ( 0x1546f533333b358a8edddd38a8e8967583883e82ca7de604d5bba15e20e493d2 )  │
│  │ Version: 243530798                                                                             │
│  │ Digest: CVUNGZ9fsHAAAkDRtjpvUwBhkCAr2JQ3hEj5eFW4xNXD                                           │
│  └──                                                                                              │
│ Gas Cost Summary:                                                                                 │
│    Storage Cost: 7774800 MIST                                                                     │
│    Computation Cost: 1000000 MIST                                                                 │
│    Storage Rebate: 978120 MIST                                                                    │
│    Non-refundable Storage Fee: 9880 MIST                                                          │
│                                                                                                   │
│ Transaction Dependencies:                                                                         │
│    42wmqLuEBW8fKyDDZXvw1kiUpVFqMU8wi1gTkzzU9no1                                                   │
│    Egxj7Z9hWgsrX8M8iw1TNYvXu3cND9AXretsWJ99tDZq                                                   │
│    GMBJA2gEEvtwv1wGGT7ZEDkQdrmUTKaE4TeinNGQ2feC                                                   │
╰───────────────────────────────────────────────────────────────────────────────────────────────────╯
╭─────────────────────────────╮
│ No transaction block events │
╰─────────────────────────────╯

╭──────────────────────────────────────────────────────────────────────────────────────────────────╮
│ Object Changes                                                                                   │
├──────────────────────────────────────────────────────────────────────────────────────────────────┤
│ Created Objects:                                                                                 │
│  ┌──                                                                                             │
│  │ ObjectID: 0xeace4b40589f3e1fbd4c38ea80c072236c881839b4f60df26348562419657364                  │
│  │ Sender: 0x1546f533333b358a8edddd38a8e8967583883e82ca7de604d5bba15e20e493d2                    │
│  │ Owner: Account Address ( 0x1546f533333b358a8edddd38a8e8967583883e82ca7de604d5bba15e20e493d2 ) │
│  │ ObjectType: 0x2::package::UpgradeCap                                                          │
│  │ Version: 243530798                                                                            │
│  │ Digest: G19wsYVdG3pryfHH8gkP4bmBLXvNB5Jt2kGNeR6daopx                                          │
│  └──                                                                                             │
│ Mutated Objects:                                                                                 │
│  ┌──                                                                                             │
│  │ ObjectID: 0x8022a00f250d39300e38387f13faacd071775cfd21acf37e6a5363bd68f802e8                  │
│  │ Sender: 0x1546f533333b358a8edddd38a8e8967583883e82ca7de604d5bba15e20e493d2                    │
│  │ Owner: Account Address ( 0x1546f533333b358a8edddd38a8e8967583883e82ca7de604d5bba15e20e493d2 ) │
│  │ ObjectType: 0x2::coin::Coin<0x2::sui::SUI>                                                    │
│  │ Version: 243530798                                                                            │
│  │ Digest: CVUNGZ9fsHAAAkDRtjpvUwBhkCAr2JQ3hEj5eFW4xNXD                                          │
│  └──                                                                                             │
│ Published Objects:                                                                               │
│  ┌──                                                                                             │
│  │ PackageID: 0xa138521080e6134bb11bdea1ec5fc81e95f4a59b8854db2b91a3495cc7ba8be0                 │
│  │ Version: 1                                                                                    │
│  │ Digest: BSSX4CeGQNAT5Ew4hFgLRAft4cXftmieYADwyd4crHy9                                          │
│  │ Modules: get_challenge                                                                        │
│  └──                                                                                             │
╰──────────────────────────────────────────────────────────────────────────────────────────────────╯
╭───────────────────────────────────────────────────────────────────────────────────────────────────╮
│ Balance Changes                                                                                   │
├───────────────────────────────────────────────────────────────────────────────────────────────────┤
│  ┌──                                                                                              │
│  │ Owner: Account Address ( 0x1546f533333b358a8edddd38a8e8967583883e82ca7de604d5bba15e20e493d2 )  │
│  │ CoinType: 0x2::sui::SUI                                                                        │
│  │ Amount: -7796680                                                                               │
│  └──                                                                                              │
╰───────────────────────────────────────────────────────────────────────────────────────────────────╯
PS D:\data\web3\letsmove-ctf\src\02_lets_move\get_challenge> 

## 

PS D:\data\web3\letsmove> sui client call --package 0x097a3833b6b5c62ca6ad10f0509dffdadff7ce31e1d86e63e884a14860cedc0f --module lets_move --function get_flag --args '[56, 171, 212, 27, 54, 49, 33, 217]' LeonDev1024 0x19e76ca504c5a5fa5e214a45fca6c058171ba333f6da897b82731094504d5ab9 0x8 --gas-budget 100000000
[warn] Client/Server api version mismatch, client api version : 1.37.1, server api version : 1.38.2
Transaction Digest: 2y7NhUaRJ3mJDenJSJPBTQWVfFkawsTBo6AdHLGPWAf4
╭─────────────────────────────────────────────────────────────────────────────────────────────────╮
│ Transaction Data                                                                                │
├─────────────────────────────────────────────────────────────────────────────────────────────────┤
│ Sender: 0x1546f533333b358a8edddd38a8e8967583883e82ca7de604d5bba15e20e493d2                      │
│ Gas Owner: 0x1546f533333b358a8edddd38a8e8967583883e82ca7de604d5bba15e20e493d2                   │
│ Gas Budget: 100000000 MIST                                                                      │
│ Gas Price: 1000 MIST                                                                            │
│ Gas Payment:                                                                                    │
│  ┌──                                                                                            │
│  │ ID: 0x9128d0283773df8b90ff73ea54342ad44e0bda3f66c43c25ba90461bb06518ea                       │
│  │ Version: 243530800                                                                           │
│  │ Digest: CRWq5sAwV5p8M5nj7jZMn7fFh8katrXLongZRqfdics6                                         │
│  └──                                                                                            │
│                                                                                                 │
│ Transaction Kind: Programmable                                                                  │
│ ╭─────────────────────────────────────────────────────────────────────────────────────────────╮ │
│ │ Input Objects                                                                               │ │
│ ├─────────────────────────────────────────────────────────────────────────────────────────────┤ │
│ │ 0   Pure Arg: Type: vector<u8>, Value: [56,171,212,27,54,49,33,217]                         │ │
│ │ 1   Pure Arg: Type: 0x1::ascii::String, Value: "LeonDev1024"                                │ │
│ │ 2   Shared Object    ID: 0x19e76ca504c5a5fa5e214a45fca6c058171ba333f6da897b82731094504d5ab9 │ │
│ │ 3   Shared Object    ID: 0x0000000000000000000000000000000000000000000000000000000000000008 │ │
│ ╰─────────────────────────────────────────────────────────────────────────────────────────────╯ │
│ ╭──────────────────────────────────────────────────────────────────────────────────╮            │
│ │ Commands                                                                         │            │
│ ├──────────────────────────────────────────────────────────────────────────────────┤            │
│ │ 0  MoveCall:                                                                     │            │
│ │  ┌                                                                               │            │
│ │  │ Function:  get_flag                                                           │            │
│ │  │ Module:    lets_move                                                          │            │
│ │  │ Package:   0x097a3833b6b5c62ca6ad10f0509dffdadff7ce31e1d86e63e884a14860cedc0f │            │
│ │  │ Arguments:                                                                    │            │
│ │  │   Input  0                                                                    │            │
│ │  │   Input  1                                                                    │            │
│ │  │   Input  2                                                                    │            │
│ │  │   Input  3                                                                    │            │
│ │  └                                                                               │            │
│ ╰──────────────────────────────────────────────────────────────────────────────────╯            │
│                                                                                                 │
│ Signatures:                                                                                     │
│    UoyV7NMWUrVbBuFj+jW6YC8uzhxw5jPNQ2qU210OWedCyyZc+7gtzAzGXv7utR4xtnBxFfIPw9qVDfY4H9B3DQ==     │
│                                                                                                 │
╰─────────────────────────────────────────────────────────────────────────────────────────────────╯
╭───────────────────────────────────────────────────────────────────────────────────────────────────╮
│ Transaction Effects                                                                               │
├───────────────────────────────────────────────────────────────────────────────────────────────────┤
│ Digest: 2y7NhUaRJ3mJDenJSJPBTQWVfFkawsTBo6AdHLGPWAf4                                              │
│ Status: Success                                                                                   │
│ Executed Epoch: 569                                                                               │
│ Mutated Objects:                                                                                  │
│  ┌──                                                                                              │
│  │ ID: 0x19e76ca504c5a5fa5e214a45fca6c058171ba333f6da897b82731094504d5ab9                         │
│  │ Owner: Shared( 48002539 )                                                                      │
│  │ Version: 243530801                                                                             │
│  │ Digest: HDTG1z9EHMdh9fFsijepPbEsPAGtu74E5ztWy1zEFueg                                           │
│  └──                                                                                              │
│  ┌──                                                                                              │
│  │ ID: 0x9128d0283773df8b90ff73ea54342ad44e0bda3f66c43c25ba90461bb06518ea                         │
│  │ Owner: Account Address ( 0x1546f533333b358a8edddd38a8e8967583883e82ca7de604d5bba15e20e493d2 )  │
│  │ Version: 243530801                                                                             │
│  │ Digest: GYLLDPHjZz57LSnmxwRYDU9MFDZ2nd1oUHZ3UadsAakc                                           │
│  └──                                                                                              │
│ Shared Objects:                                                                                   │
│  ┌──                                                                                              │
│  │ ID: 0x19e76ca504c5a5fa5e214a45fca6c058171ba333f6da897b82731094504d5ab9                         │
│  │ Version: 243530799                                                                             │
│  │ Digest: HNaV3SwzVagzX8JVNasmZbvnE3cevpsE6nrgzPd5onPN                                           │
│  └──                                                                                              │
│  ┌──                                                                                              │
│  │ ID: 0x0000000000000000000000000000000000000000000000000000000000000008                         │
│  │ Version: 84240396                                                                              │
│  │ Digest: 7cBFvMyi2cCJwracS7oiBZZ7HpLY2reYVscbCMKs7tRA                                           │
│  └──                                                                                              │
│ Gas Object:                                                                                       │
│  ┌──                                                                                              │
│  │ ID: 0x9128d0283773df8b90ff73ea54342ad44e0bda3f66c43c25ba90461bb06518ea                         │
│  │ Owner: Account Address ( 0x1546f533333b358a8edddd38a8e8967583883e82ca7de604d5bba15e20e493d2 )  │
│  │ Version: 243530801                                                                             │
│  │ Digest: GYLLDPHjZz57LSnmxwRYDU9MFDZ2nd1oUHZ3UadsAakc                                           │
│  └──                                                                                              │
│ Gas Cost Summary:                                                                                 │
│    Storage Cost: 2599200 MIST                                                                     │
│    Computation Cost: 1000000 MIST                                                                 │
│    Storage Rebate: 2460348 MIST                                                                   │
│    Non-refundable Storage Fee: 24852 MIST                                                         │
│                                                                                                   │
│ Transaction Dependencies:                                                                         │
│    2yoqgEyc94KAz1t2zLnRqLogehQKvptBdkKg7R7LQd5y                                                   │
│    42wmqLuEBW8fKyDDZXvw1kiUpVFqMU8wi1gTkzzU9no1                                                   │
│    9C4fR5JU3oq47dB3BLuUBRhcvwnVWbjwxaccUB547tWE                                                   │
│    EPsodCaXRoT8YkAxbaQyUPkm1mcLZFAyXe1427H48X4E                                                   │
╰───────────────────────────────────────────────────────────────────────────────────────────────────╯
╭──────────────────────────────────────────────────────────────────────────────────────────────────╮
│ Transaction Block Events                                                                         │
├──────────────────────────────────────────────────────────────────────────────────────────────────┤
│  ┌──                                                                                             │
│  │ EventID: 2y7NhUaRJ3mJDenJSJPBTQWVfFkawsTBo6AdHLGPWAf4:0                                       │
│  │ PackageID: 0x097a3833b6b5c62ca6ad10f0509dffdadff7ce31e1d86e63e884a14860cedc0f                 │
│  │ Transaction Module: lets_move                                                                 │
│  │ Sender: 0x1546f533333b358a8edddd38a8e8967583883e82ca7de604d5bba15e20e493d2                    │
│  │ EventType: 0x97a3833b6b5c62ca6ad10f0509dffdadff7ce31e1d86e63e884a14860cedc0f::lets_move::Flag │
│  │ ParsedJSON:                                                                                   │
│  │   ┌───────────┬────────────────────────────────────────────────────────────────────┐          │
│  │   │ flag      │ true                                                               │          │
│  │   ├───────────┼────────────────────────────────────────────────────────────────────┤          │
│  │   │ github_id │ LeonDev1024                                                        │          │
│  │   ├───────────┼────────────────────────────────────────────────────────────────────┤          │
│  │   │ sender    │ 0x1546f533333b358a8edddd38a8e8967583883e82ca7de604d5bba15e20e493d2 │          │
│  │   ├───────────┼────────────────────────────────────────────────────────────────────┤          │
│  │   │ ture_num  │ 97                                                                 │          │
│  │   └───────────┴────────────────────────────────────────────────────────────────────┘          │
│  └──                                                                                             │
╰──────────────────────────────────────────────────────────────────────────────────────────────────╯
╭─────────────────────────────────────────────────────────────────────────────────────────────────────────╮
│ Object Changes                                                                                          │
├─────────────────────────────────────────────────────────────────────────────────────────────────────────┤
│ Mutated Objects:                                                                                        │
│  ┌──                                                                                                    │
│  │ ObjectID: 0x19e76ca504c5a5fa5e214a45fca6c058171ba333f6da897b82731094504d5ab9                         │
│  │ Sender: 0x1546f533333b358a8edddd38a8e8967583883e82ca7de604d5bba15e20e493d2                           │
│  │ Owner: Shared( 48002539 )                                                                            │
│  │ ObjectType: 0x97a3833b6b5c62ca6ad10f0509dffdadff7ce31e1d86e63e884a14860cedc0f::lets_move::Challenge  │
│  │ Version: 243530801                                                                                   │
│  │ Digest: HDTG1z9EHMdh9fFsijepPbEsPAGtu74E5ztWy1zEFueg                                                 │
│  └──                                                                                                    │
│  ┌──                                                                                                    │
│  │ ObjectID: 0x9128d0283773df8b90ff73ea54342ad44e0bda3f66c43c25ba90461bb06518ea                         │
│  │ Sender: 0x1546f533333b358a8edddd38a8e8967583883e82ca7de604d5bba15e20e493d2                           │
│  │ Owner: Account Address ( 0x1546f533333b358a8edddd38a8e8967583883e82ca7de604d5bba15e20e493d2 )        │
│  │ ObjectType: 0x2::coin::Coin<0x2::sui::SUI>                                                           │
│  │ Version: 243530801                                                                                   │
│  │ Digest: GYLLDPHjZz57LSnmxwRYDU9MFDZ2nd1oUHZ3UadsAakc                                                 │
│  └──                                                                                                    │
╰─────────────────────────────────────────────────────────────────────────────────────────────────────────╯
╭───────────────────────────────────────────────────────────────────────────────────────────────────╮
│ Balance Changes                                                                                   │
├───────────────────────────────────────────────────────────────────────────────────────────────────┤
│  ┌──                                                                                              │
│  │ Owner: Account Address ( 0x1546f533333b358a8edddd38a8e8967583883e82ca7de604d5bba15e20e493d2 )  │
│  │ CoinType: 0x2::sui::SUI                                                                        │
│  │ Amount: -1138852                                                                               │
│  └──                                                                                              │
╰───────────────────────────────────────────────────────────────────────────────────────────────────╯
PS D:\data\web3\letsmove> 
