[warn] Client/Server api version mismatch, client api version : 1.29.0, server api version : 1.28.2
UPDATING GIT DEPENDENCY https://github.com/MystenLabs/sui.git
INCLUDING DEPENDENCY Sui
INCLUDING DEPENDENCY MoveStdlib
BUILDING my_coin
[0m[1m[38;5;11mwarning[W09001][0m[1m: unused alias[0m
  [0m[34m┌─[0m /root/letsmove/mover/hellogmegg/code/task2/my_coin/sources/my_coin.move:3:27
  [0m[34m│[0m
[0m[34m3[0m [0m[34m│[0m     use sui::coin::{Self, [0m[33mCoin[0m, TreasuryCap};
  [0m[34m│[0m                           [0m[33m^^^^[0m [0m[33mUnused 'use' of alias 'Coin'. Consider removing it[0m
  [0m[34m│[0m
  [0m[34m=[0m This warning can be suppressed with '#[allow(unused_use)]' applied to the 'module' or module member ('const', 'fun', or 'struct')

Successfully verified dependencies on-chain against source.
Transaction Digest: EkpyZ2WRZKYiqa422hYCeEEN1JZqLitSbB7k6sTvNWHA
╭──────────────────────────────────────────────────────────────────────────────────────────────────────────────╮
│ Transaction Data                                                                                             │
├──────────────────────────────────────────────────────────────────────────────────────────────────────────────┤
│ Sender: 0x25da60a72fd67e693958534887564c488fc71aae3b75f3d06e9fd02a37c952f1                                   │
│ Gas Owner: 0x25da60a72fd67e693958534887564c488fc71aae3b75f3d06e9fd02a37c952f1                                │
│ Gas Budget: 15581200 MIST                                                                                    │
│ Gas Price: 1000 MIST                                                                                         │
│ Gas Payment:                                                                                                 │
│  ┌──                                                                                                         │
│  │ ID: 0x37d2bb01b38f3766a47fca0bbb063aa652ebf3552fef1cf99c6862fe6f87d2ae                                    │
│  │ Version: 609357                                                                                           │
│  │ Digest: E5npfCKjDWfDBorBvcNT7FJ2ceSB3tavCXThN4zzo2EE                                                      │
│  └──                                                                                                         │
│                                                                                                              │
│ Transaction Kind: Programmable                                                                               │
│ ╭──────────────────────────────────────────────────────────────────────────────────────────────────────────╮ │
│ │ Input Objects                                                                                            │ │
│ ├──────────────────────────────────────────────────────────────────────────────────────────────────────────┤ │
│ │ 0   Pure Arg: Type: address, Value: "0x25da60a72fd67e693958534887564c488fc71aae3b75f3d06e9fd02a37c952f1" │ │
│ ╰──────────────────────────────────────────────────────────────────────────────────────────────────────────╯ │
│ ╭─────────────────────────────────────────────────────────────────────────╮                                  │
│ │ Commands                                                                │                                  │
│ ├─────────────────────────────────────────────────────────────────────────┤                                  │
│ │ 0  Publish:                                                             │                                  │
│ │  ┌                                                                      │                                  │
│ │  │ Dependencies:                                                        │                                  │
│ │  │   0x0000000000000000000000000000000000000000000000000000000000000001 │                                  │
│ │  │   0x0000000000000000000000000000000000000000000000000000000000000002 │                                  │
│ │  └                                                                      │                                  │
│ │                                                                         │                                  │
│ │ 1  TransferObjects:                                                     │                                  │
│ │  ┌                                                                      │                                  │
│ │  │ Arguments:                                                           │                                  │
│ │  │   Result 0                                                           │                                  │
│ │  │ Address: Input  0                                                    │                                  │
│ │  └                                                                      │                                  │
│ ╰─────────────────────────────────────────────────────────────────────────╯                                  │
│                                                                                                              │
│ Signatures:                                                                                                  │
│    5xY0EhvSLxaw5RpsTlgUs87b4nSQDFIbYACQsGF/VrV9GekuN159XdaqegjmF761mhHnOfMwZd+FHkVxIQ8rBg==                  │
│                                                                                                              │
╰──────────────────────────────────────────────────────────────────────────────────────────────────────────────╯
╭───────────────────────────────────────────────────────────────────────────────────────────────────╮
│ Transaction Effects                                                                               │
├───────────────────────────────────────────────────────────────────────────────────────────────────┤
│ Digest: EkpyZ2WRZKYiqa422hYCeEEN1JZqLitSbB7k6sTvNWHA                                              │
│ Status: Success                                                                                   │
│ Executed Epoch: 420                                                                               │
│                                                                                                   │
│ Created Objects:                                                                                  │
│  ┌──                                                                                              │
│  │ ID: 0x482cea734f3bf7a45d7c82d61fa248975f8a981ae970111abc5a795f36b18046                         │
│  │ Owner: Immutable                                                                               │
│  │ Version: 609358                                                                                │
│  │ Digest: AWA9cAwQ2DjMEfo8Wx6MeXqNa11QX4VDE4DuhrUBLyjP                                           │
│  └──                                                                                              │
│  ┌──                                                                                              │
│  │ ID: 0x7034acba2325e2da99c9d7f7f29730e798b25ff1b5f5c0941e9baa58d82de164                         │
│  │ Owner: Account Address ( 0x25da60a72fd67e693958534887564c488fc71aae3b75f3d06e9fd02a37c952f1 )  │
│  │ Version: 609358                                                                                │
│  │ Digest: BmPzrrTFgDDAeqfcsLY9iKzVRkEQsdVeRt4G9jdatQgb                                           │
│  └──                                                                                              │
│  ┌──                                                                                              │
│  │ ID: 0xcb1ae9e203c0de5d70271aebb5a7dca82186ef3572647d82a4bde975c5b6a59c                         │
│  │ Owner: Immutable                                                                               │
│  │ Version: 1                                                                                     │
│  │ Digest: 3gourHNZETtZz1gFjVwnZhweRG7YTP95YgnxU3JZBmUM                                           │
│  └──                                                                                              │
│  ┌──                                                                                              │
│  │ ID: 0xfeb082a53c14f0dfb44c6eaa54c6c852e805dd823bffdbddc7fe84bc0b0e9983                         │
│  │ Owner: Account Address ( 0x25da60a72fd67e693958534887564c488fc71aae3b75f3d06e9fd02a37c952f1 )  │
│  │ Version: 609358                                                                                │
│  │ Digest: GRSW8uJZ5RaEyfMYNwySrT4kfYmJmJ8s1LBkjSwooMcj                                           │
│  └──                                                                                              │
│ Mutated Objects:                                                                                  │
│  ┌──                                                                                              │
│  │ ID: 0x37d2bb01b38f3766a47fca0bbb063aa652ebf3552fef1cf99c6862fe6f87d2ae                         │
│  │ Owner: Account Address ( 0x25da60a72fd67e693958534887564c488fc71aae3b75f3d06e9fd02a37c952f1 )  │
│  │ Version: 609358                                                                                │
│  │ Digest: 3VZsf99XPsVqKMgimHPoXmYvq3B8dbPGFjZPj2FHzQ4d                                           │
│  └──                                                                                              │
│ Gas Object:                                                                                       │
│  ┌──                                                                                              │
│  │ ID: 0x37d2bb01b38f3766a47fca0bbb063aa652ebf3552fef1cf99c6862fe6f87d2ae                         │
│  │ Owner: Account Address ( 0x25da60a72fd67e693958534887564c488fc71aae3b75f3d06e9fd02a37c952f1 )  │
│  │ Version: 609358                                                                                │
│  │ Digest: 3VZsf99XPsVqKMgimHPoXmYvq3B8dbPGFjZPj2FHzQ4d                                           │
│  └──                                                                                              │
│ Gas Cost Summary:                                                                                 │
│    Storage Cost: 13581200 MIST                                                                    │
│    Computation Cost: 1000000 MIST                                                                 │
│    Storage Rebate: 978120 MIST                                                                    │
│    Non-refundable Storage Fee: 9880 MIST                                                          │
│                                                                                                   │
│ Transaction Dependencies:                                                                         │
│    3Hry5CyWQUTNV5nRZTNxoWyfN9zxBEcwsYkXUyTHCrmE                                                   │
│    6c3hAbXwoKqSv8Grf4wv7VAJYpT7UnPxV3zqeRjmN1JY                                                   │
│    DuFSgyHEiBkHRPy42CyBKCnJpmwrgemMedLfgZEw7jpc                                                   │
╰───────────────────────────────────────────────────────────────────────────────────────────────────╯
╭─────────────────────────────╮
│ No transaction block events │
╰─────────────────────────────╯

╭─────────────────────────────────────────────────────────────────────────────────────────────────────────────────────────────────╮
│ Object Changes                                                                                                                  │
├─────────────────────────────────────────────────────────────────────────────────────────────────────────────────────────────────┤
│ Created Objects:                                                                                                                │
│  ┌──                                                                                                                            │
│  │ ObjectID: 0x482cea734f3bf7a45d7c82d61fa248975f8a981ae970111abc5a795f36b18046                                                 │
│  │ Sender: 0x25da60a72fd67e693958534887564c488fc71aae3b75f3d06e9fd02a37c952f1                                                   │
│  │ Owner: Immutable                                                                                                             │
│  │ ObjectType: 0x2::coin::CoinMetadata<0xcb1ae9e203c0de5d70271aebb5a7dca82186ef3572647d82a4bde975c5b6a59c::tmm_coin::TMM_COIN>  │
│  │ Version: 609358                                                                                                              │
│  │ Digest: AWA9cAwQ2DjMEfo8Wx6MeXqNa11QX4VDE4DuhrUBLyjP                                                                         │
│  └──                                                                                                                            │
│  ┌──                                                                                                                            │
│  │ ObjectID: 0x7034acba2325e2da99c9d7f7f29730e798b25ff1b5f5c0941e9baa58d82de164                                                 │
│  │ Sender: 0x25da60a72fd67e693958534887564c488fc71aae3b75f3d06e9fd02a37c952f1                                                   │
│  │ Owner: Account Address ( 0x25da60a72fd67e693958534887564c488fc71aae3b75f3d06e9fd02a37c952f1 )                                │
│  │ ObjectType: 0x2::package::UpgradeCap                                                                                         │
│  │ Version: 609358                                                                                                              │
│  │ Digest: BmPzrrTFgDDAeqfcsLY9iKzVRkEQsdVeRt4G9jdatQgb                                                                         │
│  └──                                                                                                                            │
│  ┌──                                                                                                                            │
│  │ ObjectID: 0xfeb082a53c14f0dfb44c6eaa54c6c852e805dd823bffdbddc7fe84bc0b0e9983                                                 │
│  │ Sender: 0x25da60a72fd67e693958534887564c488fc71aae3b75f3d06e9fd02a37c952f1                                                   │
│  │ Owner: Account Address ( 0x25da60a72fd67e693958534887564c488fc71aae3b75f3d06e9fd02a37c952f1 )                                │
│  │ ObjectType: 0x2::coin::TreasuryCap<0xcb1ae9e203c0de5d70271aebb5a7dca82186ef3572647d82a4bde975c5b6a59c::tmm_coin::TMM_COIN>   │
│  │ Version: 609358                                                                                                              │
│  │ Digest: GRSW8uJZ5RaEyfMYNwySrT4kfYmJmJ8s1LBkjSwooMcj                                                                         │
│  └──                                                                                                                            │
│ Mutated Objects:                                                                                                                │
│  ┌──                                                                                                                            │
│  │ ObjectID: 0x37d2bb01b38f3766a47fca0bbb063aa652ebf3552fef1cf99c6862fe6f87d2ae                                                 │
│  │ Sender: 0x25da60a72fd67e693958534887564c488fc71aae3b75f3d06e9fd02a37c952f1                                                   │
│  │ Owner: Account Address ( 0x25da60a72fd67e693958534887564c488fc71aae3b75f3d06e9fd02a37c952f1 )                                │
│  │ ObjectType: 0x2::coin::Coin<0x2::sui::SUI>                                                                                   │
│  │ Version: 609358                                                                                                              │
│  │ Digest: 3VZsf99XPsVqKMgimHPoXmYvq3B8dbPGFjZPj2FHzQ4d                                                                         │
│  └──                                                                                                                            │
│ Published Objects:                                                                                                              │
│  ┌──                                                                                                                            │
│  │ PackageID: 0xcb1ae9e203c0de5d70271aebb5a7dca82186ef3572647d82a4bde975c5b6a59c                                                │
│  │ Version: 1                                                                                                                   │
│  │ Digest: 3gourHNZETtZz1gFjVwnZhweRG7YTP95YgnxU3JZBmUM                                                                         │
│  │ Modules: tmm_coin                                                                                                            │
│  └──                                                                                                                            │
╰─────────────────────────────────────────────────────────────────────────────────────────────────────────────────────────────────╯
╭───────────────────────────────────────────────────────────────────────────────────────────────────╮
│ Balance Changes                                                                                   │
├───────────────────────────────────────────────────────────────────────────────────────────────────┤
│  ┌──                                                                                              │
│  │ Owner: Account Address ( 0x25da60a72fd67e693958534887564c488fc71aae3b75f3d06e9fd02a37c952f1 )  │
│  │ CoinType: 0x2::sui::SUI                                                                        │
│  │ Amount: -13603080                                                                              │
│  └──                                                                                              │
╰───────────────────────────────────────────────────────────────────────────────────────────────────╯
