Transaction Digest: DeeqtNcjVazCrjSoTKnr4LgzZHqXRGbKTF3MWVKVvVKD
╭──────────────────────────────────────────────────────────────────────────────────────────────────────────────╮
│ Transaction Data                                                                                             │
├──────────────────────────────────────────────────────────────────────────────────────────────────────────────┤
│ Sender: 0x553c6fe083866c81b0499632ed4e68c0d4d4dd2df0a278a1630f480128e51609                                   │
│ Gas Owner: 0x553c6fe083866c81b0499632ed4e68c0d4d4dd2df0a278a1630f480128e51609                                │
│ Gas Budget: 100000000 MIST                                                                                   │
│ Gas Price: 750 MIST                                                                                          │
│ Gas Payment:                                                                                                 │
│  ┌──                                                                                                         │
│  │ ID: 0x1d6912d60b4eb64c44d9939ccab657f989f8a78e935adba2e1550845575b8497                                    │
│  │ Version: 211023830                                                                                        │
│  │ Digest: KKdjM1MdmcVt3XcHwrz1XSa8j98ZaLRWNV8Vb3itamP                                                       │
│  └──                                                                                                         │
│                                                                                                              │
│ Transaction Kind: Programmable                                                                               │
│ ╭──────────────────────────────────────────────────────────────────────────────────────────────────────────╮ │
│ │ Input Objects                                                                                            │ │
│ ├──────────────────────────────────────────────────────────────────────────────────────────────────────────┤ │
│ │ 0   Imm/Owned Object ID: 0xc77381db52de0016a8039fbb944eba4d3d071675d21b5f19c8d2107cc472742f              │ │
│ │ 1   Pure Arg: Type: address, Value: "0x7b8e0864967427679b4e129f79dc332a885c6087ec9e187b53451a9006ee15f2" │ │
│ ╰──────────────────────────────────────────────────────────────────────────────────────────────────────────╯ │
│ ╭──────────────────────────────────────────────────────────────────────────────────╮                         │
│ │ Commands                                                                         │                         │
│ ├──────────────────────────────────────────────────────────────────────────────────┤                         │
│ │ 0  MoveCall:                                                                     │                         │
│ │  ┌                                                                               │                         │
│ │  │ Function:  transfer                                                           │                         │
│ │  │ Module:    everettfu_nft                                                      │                         │
│ │  │ Package:   0xe42cfc3fce991f4428174116ea1c048821492da54fd65eb8509ba64865b97e78 │                         │
│ │  │ Arguments:                                                                    │                         │
│ │  │   Input  0                                                                    │                         │
│ │  │   Input  1                                                                    │                         │
│ │  └                                                                               │                         │
│ ╰──────────────────────────────────────────────────────────────────────────────────╯                         │
│                                                                                                              │
│ Signatures:                                                                                                  │
│    Kuhuv6NquOanfYubZfxr0kTzTdwQ+O4CWlZk2Nm8q9urBEDGwHdG3Waa2FRn+Ndp0DQRWtch2xYVUDccedTPCQ==                  │
│                                                                                                              │
╰──────────────────────────────────────────────────────────────────────────────────────────────────────────────╯
╭───────────────────────────────────────────────────────────────────────────────────────────────────╮
│ Transaction Effects                                                                               │
├───────────────────────────────────────────────────────────────────────────────────────────────────┤
│ Digest: DeeqtNcjVazCrjSoTKnr4LgzZHqXRGbKTF3MWVKVvVKD                                              │
│ Status: Success                                                                                   │
│ Executed Epoch: 416                                                                               │
│ Mutated Objects:                                                                                  │
│  ┌──                                                                                              │
│  │ ID: 0x1d6912d60b4eb64c44d9939ccab657f989f8a78e935adba2e1550845575b8497                         │
│  │ Owner: Account Address ( 0x553c6fe083866c81b0499632ed4e68c0d4d4dd2df0a278a1630f480128e51609 )  │
│  │ Version: 211023831                                                                             │
│  │ Digest: CJQV77F99uYYTfDbHd6tiL9SSpQbBP5ZMCLxRTG2aoJR                                           │
│  └──                                                                                              │
│  ┌──                                                                                              │
│  │ ID: 0xc77381db52de0016a8039fbb944eba4d3d071675d21b5f19c8d2107cc472742f                         │
│  │ Owner: Account Address ( 0x7b8e0864967427679b4e129f79dc332a885c6087ec9e187b53451a9006ee15f2 )  │
│  │ Version: 211023831                                                                             │
│  │ Digest: Eq6zvHatmB7hL5KoqfZq3XmNXPSEgGbKvYSNPXbiAQ49                                           │
│  └──                                                                                              │
│ Gas Object:                                                                                       │
│  ┌──                                                                                              │
│  │ ID: 0x1d6912d60b4eb64c44d9939ccab657f989f8a78e935adba2e1550845575b8497                         │
│  │ Owner: Account Address ( 0x553c6fe083866c81b0499632ed4e68c0d4d4dd2df0a278a1630f480128e51609 )  │
│  │ Version: 211023831                                                                             │
│  │ Digest: CJQV77F99uYYTfDbHd6tiL9SSpQbBP5ZMCLxRTG2aoJR                                           │
│  └──                                                                                              │
│ Gas Cost Summary:                                                                                 │
│    Storage Cost: 3024800 MIST                                                                     │
│    Computation Cost: 750000 MIST                                                                  │
│    Storage Rebate: 2994552 MIST                                                                   │
│    Non-refundable Storage Fee: 30248 MIST                                                         │
│                                                                                                   │
│ Transaction Dependencies:                                                                         │
│    DiYFRB6RaH6uRuGcjqdnwftd5p1b5x8qZr4QPLXdHLn                                                    │
│    CEQ1oagRs1E9W1pzGT2ckfdxpYnTrBacVV6hCwYvALmw                                                   │
╰───────────────────────────────────────────────────────────────────────────────────────────────────╯
╭─────────────────────────────╮
│ No transaction block events │
╰─────────────────────────────╯

╭─────────────────────────────────────────────────────────────────────────────────────────────────────────────────╮
│ Object Changes                                                                                                  │
├─────────────────────────────────────────────────────────────────────────────────────────────────────────────────┤
│ Mutated Objects:                                                                                                │
│  ┌──                                                                                                            │
│  │ ObjectID: 0x1d6912d60b4eb64c44d9939ccab657f989f8a78e935adba2e1550845575b8497                                 │
│  │ Sender: 0x553c6fe083866c81b0499632ed4e68c0d4d4dd2df0a278a1630f480128e51609                                   │
│  │ Owner: Account Address ( 0x553c6fe083866c81b0499632ed4e68c0d4d4dd2df0a278a1630f480128e51609 )                │
│  │ ObjectType: 0x2::coin::Coin<0x2::sui::SUI>                                                                   │
│  │ Version: 211023831                                                                                           │
│  │ Digest: CJQV77F99uYYTfDbHd6tiL9SSpQbBP5ZMCLxRTG2aoJR                                                         │
│  └──                                                                                                            │
│  ┌──                                                                                                            │
│  │ ObjectID: 0xc77381db52de0016a8039fbb944eba4d3d071675d21b5f19c8d2107cc472742f                                 │
│  │ Sender: 0x553c6fe083866c81b0499632ed4e68c0d4d4dd2df0a278a1630f480128e51609                                   │
│  │ Owner: Account Address ( 0x7b8e0864967427679b4e129f79dc332a885c6087ec9e187b53451a9006ee15f2 )                │
│  │ ObjectType: 0xe42cfc3fce991f4428174116ea1c048821492da54fd65eb8509ba64865b97e78::everettfu_nft::EverettfuNFT  │
│  │ Version: 211023831                                                                                           │
│  │ Digest: Eq6zvHatmB7hL5KoqfZq3XmNXPSEgGbKvYSNPXbiAQ49                                                         │
│  └──                                                                                                            │
╰─────────────────────────────────────────────────────────────────────────────────────────────────────────────────╯
╭───────────────────────────────────────────────────────────────────────────────────────────────────╮
│ Balance Changes                                                                                   │
├───────────────────────────────────────────────────────────────────────────────────────────────────┤
│  ┌──                                                                                              │
│  │ Owner: Account Address ( 0x553c6fe083866c81b0499632ed4e68c0d4d4dd2df0a278a1630f480128e51609 )  │
│  │ CoinType: 0x2::sui::SUI                                                                        │
│  │ Amount: -780248                                                                                │
│  └──                                                                                              │
╰───────────────────────────────────────────────────────────────────────────────────────────────────╯