Transaction Digest: 9shGCd9SbABHUmQBmk47kh4BWVQmVDeeN2q5ieeY9YXE
╭─────────────────────────────────────────────────────────────────────────────────────────────────╮
│ Transaction Data                                                                                │
├─────────────────────────────────────────────────────────────────────────────────────────────────┤
│ Sender: 0x4b03a7bf4069d21d3f05b69d80fd4f9bcd8456ca846a564a90c8087916b08bc4                      │
│ Gas Owner: 0x4b03a7bf4069d21d3f05b69d80fd4f9bcd8456ca846a564a90c8087916b08bc4                   │
│ Gas Budget: 3004264 MIST                                                                        │
│ Gas Price: 1000 MIST                                                                            │
│ Gas Payment:                                                                                    │
│  ┌──                                                                                            │
│  │ ID: 0x000047c14186ce4a68cce6effde8864b982819fcc39798bc4910b28efe273eed                       │
│  │ Version: 68550695                                                                            │
│  │ Digest: 6QddDmpoDqa2wfWLEV9cWYg8SYnqjBsfgZnxBMZnKkUj                                         │
│  └──                                                                                            │
│                                                                                                 │
│ Transaction Kind: Programmable                                                                  │
│ ╭─────────────────────────────────────────────────────────────────────────────────────────────╮ │
│ │ Input Objects                                                                               │ │
│ ├─────────────────────────────────────────────────────────────────────────────────────────────┤ │
│ │ 0   Pure Arg: Type: vector<u8>, Value: [116,49,162]                                         │ │
│ │ 1   Pure Arg: Type: 0x1::ascii::String, Value: "isQyoung"                                   │ │
│ │ 2   Shared Object    ID: 0x19e76ca504c5a5fa5e214a45fca6c058171ba333f6da897b82731094504d5ab9 │ │
│ │ 3   Shared Object    ID: 0x0000000000000000000000000000000000000000000000000000000000000008 │ │
│ ╰─────────────────────────────────────────────────────────────────────────────────────────────╯ │
│ ╭──────────────────────────────────────────────────────────────────────────────────╮            │
│ │ Commands                                                                         │            │
│ ├──────────────────────────────────────────────────────────────────────────────────┤            │
│ │ 0  MoveCall:                                                                     │            │
│ │  ┌                                                                               │            │
│ │  │ Function:  get_flag                                                           │            │
│ │  │ Module:    lets_move                                                          │            │
│ │  │ Package:   0x097a3833b6b5c62ca6ad10f0509dffdadff7ce31e1d86e63e884a14860cedc0f │            │
│ │  │ Arguments:                                                                    │            │
│ │  │   Input  0                                                                    │            │
│ │  │   Input  1                                                                    │            │
│ │  │   Input  2                                                                    │            │
│ │  │   Input  3                                                                    │            │
│ │  └                                                                               │            │
│ ╰──────────────────────────────────────────────────────────────────────────────────╯            │
│                                                                                                 │
│ Signatures:                                                                                     │
│    qGNaKr8kocpXsrprYnKflGKIbdTe74w/VsUgkLBwVQAS8/C5Jvi+gylNTc7Uod/ow3X5NzhqhK1DAI2j9VBUDw==     │
│                                                                                                 │
╰─────────────────────────────────────────────────────────────────────────────────────────────────╯
╭───────────────────────────────────────────────────────────────────────────────────────────────────╮
│ Transaction Effects                                                                               │
├───────────────────────────────────────────────────────────────────────────────────────────────────┤
│ Digest: 9shGCd9SbABHUmQBmk47kh4BWVQmVDeeN2q5ieeY9YXE                                              │
│ Status: Success                                                                                   │
│ Executed Epoch: 421                                                                               │
│ Mutated Objects:                                                                                  │
│  ┌──                                                                                              │
│  │ ID: 0x000047c14186ce4a68cce6effde8864b982819fcc39798bc4910b28efe273eed                         │
│  │ Owner: Account Address ( 0x4b03a7bf4069d21d3f05b69d80fd4f9bcd8456ca846a564a90c8087916b08bc4 )  │
│  │ Version: 68550696                                                                              │
│  │ Digest: 4AxhEmcJ55rLZRAzm4n2Yuj5gPYA6ZeMJ1XEySQqiPK5                                           │
│  └──                                                                                              │
│  ┌──                                                                                              │
│  │ ID: 0x19e76ca504c5a5fa5e214a45fca6c058171ba333f6da897b82731094504d5ab9                         │
│  │ Owner: Shared( 48002539 )                                                                      │
│  │ Version: 68550696                                                                              │
│  │ Digest: FedRHq1H1cvyhbT41M7Ys6g3ctJJC428pX1cHBMFFXBR                                           │
│  └──                                                                                              │
│ Shared Objects:                                                                                   │
│  ┌──                                                                                              │
│  │ ID: 0x19e76ca504c5a5fa5e214a45fca6c058171ba333f6da897b82731094504d5ab9                         │
│  │ Version: 68550695                                                                              │
│  │ Digest: 26jbqQAQ3fTrkAiqa5yqB5qtDdaPNif8WgWoWCBAHvr6                                           │
│  └──                                                                                              │
│  ┌──                                                                                              │
│  │ ID: 0x0000000000000000000000000000000000000000000000000000000000000008                         │
│  │ Version: 53416147                                                                              │
│  │ Digest: 6b6472yeFEvyeKzVmgqbsYch7o1c4Vbo1FsNWzgAYKvm                                           │
│  └──                                                                                              │
│ Gas Object:                                                                                       │
│  ┌──                                                                                              │
│  │ ID: 0x000047c14186ce4a68cce6effde8864b982819fcc39798bc4910b28efe273eed                         │
│  │ Owner: Account Address ( 0x4b03a7bf4069d21d3f05b69d80fd4f9bcd8456ca846a564a90c8087916b08bc4 )  │
│  │ Version: 68550696                                                                              │
│  │ Digest: 4AxhEmcJ55rLZRAzm4n2Yuj5gPYA6ZeMJ1XEySQqiPK5                                           │
│  └──                                                                                              │
│ Gas Cost Summary:                                                                                 │
│    Storage Cost: 2546000 MIST                                                                     │
│    Computation Cost: 1000000 MIST                                                                 │
│    Storage Rebate: 2588256 MIST                                                                   │
│    Non-refundable Storage Fee: 26144 MIST                                                         │
│                                                                                                   │
│ Transaction Dependencies:                                                                         │
│    42wmqLuEBW8fKyDDZXvw1kiUpVFqMU8wi1gTkzzU9no1                                                   │
│    GRc9LeV8ThaRLR9ABfmtYM9QSngso92AxeiGGxqgbhvZ                                                   │
│    HZrwqVTRJtE1KyLW7zjjapgufEcUDFdRRupBDcob8PQc                                                   │
╰───────────────────────────────────────────────────────────────────────────────────────────────────╯
╭──────────────────────────────────────────────────────────────────────────────────────────────────╮
│ Transaction Block Events                                                                         │
├──────────────────────────────────────────────────────────────────────────────────────────────────┤
│  ┌──                                                                                             │
│  │ EventID: 9shGCd9SbABHUmQBmk47kh4BWVQmVDeeN2q5ieeY9YXE:0                                       │
│  │ PackageID: 0x097a3833b6b5c62ca6ad10f0509dffdadff7ce31e1d86e63e884a14860cedc0f                 │
│  │ Transaction Module: lets_move                                                                 │
│  │ Sender: 0x4b03a7bf4069d21d3f05b69d80fd4f9bcd8456ca846a564a90c8087916b08bc4                    │
│  │ EventType: 0x97a3833b6b5c62ca6ad10f0509dffdadff7ce31e1d86e63e884a14860cedc0f::lets_move::Flag │
│  │ ParsedJSON:                                                                                   │
│  │   ┌───────────┬────────────────────────────────────────────────────────────────────┐          │
│  │   │ flag      │ true                                                               │          │
│  │   ├───────────┼────────────────────────────────────────────────────────────────────┤          │
│  │   │ github_id │ isQyoung                                                           │          │
│  │   ├───────────┼────────────────────────────────────────────────────────────────────┤          │
│  │   │ sender    │ 0x4b03a7bf4069d21d3f05b69d80fd4f9bcd8456ca846a564a90c8087916b08bc4 │          │
│  │   ├───────────┼────────────────────────────────────────────────────────────────────┤          │
│  │   │ ture_num  │ 34                                                                 │          │
│  │   └───────────┴────────────────────────────────────────────────────────────────────┘          │
│  └──                                                                                             │
╰──────────────────────────────────────────────────────────────────────────────────────────────────╯
╭─────────────────────────────────────────────────────────────────────────────────────────────────────────╮
│ Object Changes                                                                                          │
├─────────────────────────────────────────────────────────────────────────────────────────────────────────┤
│ Mutated Objects:                                                                                        │
│  ┌──                                                                                                    │
│  │ ObjectID: 0x000047c14186ce4a68cce6effde8864b982819fcc39798bc4910b28efe273eed                         │
│  │ Sender: 0x4b03a7bf4069d21d3f05b69d80fd4f9bcd8456ca846a564a90c8087916b08bc4                           │
│  │ Owner: Account Address ( 0x4b03a7bf4069d21d3f05b69d80fd4f9bcd8456ca846a564a90c8087916b08bc4 )        │
│  │ ObjectType: 0x2::coin::Coin<0x2::sui::SUI>                                                           │
│  │ Version: 68550696                                                                                    │
│  │ Digest: 4AxhEmcJ55rLZRAzm4n2Yuj5gPYA6ZeMJ1XEySQqiPK5                                                 │
│  └──                                                                                                    │
│  ┌──                                                                                                    │
│  │ ObjectID: 0x19e76ca504c5a5fa5e214a45fca6c058171ba333f6da897b82731094504d5ab9                         │
│  │ Sender: 0x4b03a7bf4069d21d3f05b69d80fd4f9bcd8456ca846a564a90c8087916b08bc4                           │
│  │ Owner: Shared( 48002539 )                                                                            │
│  │ ObjectType: 0x97a3833b6b5c62ca6ad10f0509dffdadff7ce31e1d86e63e884a14860cedc0f::lets_move::Challenge  │
│  │ Version: 68550696                                                                                    │
│  │ Digest: FedRHq1H1cvyhbT41M7Ys6g3ctJJC428pX1cHBMFFXBR                                                 │
│  └──                                                                                                    │
╰─────────────────────────────────────────────────────────────────────────────────────────────────────────╯
╭───────────────────────────────────────────────────────────────────────────────────────────────────╮
│ Balance Changes                                                                                   │
├───────────────────────────────────────────────────────────────────────────────────────────────────┤
│  ┌──                                                                                              │
│  │ Owner: Account Address ( 0x4b03a7bf4069d21d3f05b69d80fd4f9bcd8456ca846a564a90c8087916b08bc4 )  │
│  │ CoinType: 0x2::sui::SUI                                                                        │
│  │ Amount: -957744                                                                                │
│  └──                                                                                              │
╰───────────────────────────────────────────────────────────────────────────────────────────────────╯

