Transaction Digest: 5AmUET9M7KbF3gvNB3WxerLscEj5js4oHJk5VBQtmZEm
╭─────────────────────────────────────────────────────────────────────────────────────────────────╮
│ Transaction Data                                                                                │
├─────────────────────────────────────────────────────────────────────────────────────────────────┤
│ Sender: 0x0b41c802f6fcbe6c1b051c6b93dfd62fa3b7b439094d50c82ca55f79bb28910e                      │
│ Gas Owner: 0x0b41c802f6fcbe6c1b051c6b93dfd62fa3b7b439094d50c82ca55f79bb28910e                   │
│ Gas Budget: 100000000 MIST                                                                      │
│ Gas Price: 1000 MIST                                                                            │
│ Gas Payment:                                                                                    │
│  ┌──                                                                                            │
│  │ ID: 0x23d243fa87b1744f5fa2db0a6c533cb5b2d265bb64ecb1424c9729692c37de78                       │
│  │ Version: 50639353                                                                            │
│  │ Digest: 5UwQ8rEvbtNfs1ebxjD8WY3hwyKbqDabGFdpAeobYpbE                                         │
│  └──                                                                                            │
│                                                                                                 │
│ Transaction Kind: Programmable                                                                  │
│ ╭─────────────────────────────────────────────────────────────────────────────────────────────╮ │
│ │ Input Objects                                                                               │ │
│ ├─────────────────────────────────────────────────────────────────────────────────────────────┤ │
│ │ 0   Imm/Owned Object ID: 0x5d791b5e5cf64c5aa5f473c87b804abf472aceb330080eba234995e309da950f │ │
│ │ 1   Shared Object    ID: 0x73743ccf149ffb4e1bcae70f77670ecc26c571c0b024459ae817a7e63de946ae │ │
│ │ 2   Shared Object    ID: 0x0000000000000000000000000000000000000000000000000000000000000008 │ │
│ ╰─────────────────────────────────────────────────────────────────────────────────────────────╯ │
│ ╭──────────────────────────────────────────────────────────────────────────────────╮            │
│ │ Commands                                                                         │            │
│ ├──────────────────────────────────────────────────────────────────────────────────┤            │
│ │ 0  MoveCall:                                                                     │            │
│ │  ┌                                                                               │            │
│ │  │ Function:  draw                                                               │            │
│ │  │ Module:    move_game                                                          │            │
│ │  │ Package:   0x98edba8a40bb3f4b0f1fcd2a55f56e22b3b7021f43d1c6bea57161a2a8669859 │            │
│ │  │ Arguments:                                                                    │            │
│ │  │   Input  0                                                                    │            │
│ │  │   Input  1                                                                    │            │
│ │  │   Input  2                                                                    │            │
│ │  └                                                                               │            │
│ ╰──────────────────────────────────────────────────────────────────────────────────╯            │
│                                                                                                 │
│ Signatures:                                                                                     │
│    9JammamVt2YiJSYkyUmh0IqZE6v8xxTBtrry8kcjoWmYkKCXrGiZUsyjX/c53Kt2E0trIsBWN/WsW3KB5u52BA==     │
│                                                                                                 │
╰─────────────────────────────────────────────────────────────────────────────────────────────────╯
╭───────────────────────────────────────────────────────────────────────────────────────────────────╮
│ Transaction Effects                                                                               │
├───────────────────────────────────────────────────────────────────────────────────────────────────┤
│ Digest: 5AmUET9M7KbF3gvNB3WxerLscEj5js4oHJk5VBQtmZEm                                              │
│ Status: Success                                                                                   │
│ Executed Epoch: 413                                                                               │
│                                                                                                   │
│ Created Objects:                                                                                  │
│  ┌──                                                                                              │
│  │ ID: 0x317a1c3114a640dcbe203720a436d28e8605514f91f680ed69ba59b92be9372a                         │
│  │ Owner: Account Address ( 0x0b41c802f6fcbe6c1b051c6b93dfd62fa3b7b439094d50c82ca55f79bb28910e )  │
│  │ Version: 50728922                                                                              │
│  │ Digest: BDfcwNSApn1GK2tGKqw52uirrsVLtC9wXbz4Vrgi6UhX                                           │
│  └──                                                                                              │
│  ┌──                                                                                              │
│  │ ID: 0x4d2cf807a3234ac3558c3557880503d09b58cc665e928a0b89e20c9df162a9cf                         │
│  │ Owner: Account Address ( 0x98ebab49bc35ebb8d3a15202411f9cbe5105cb831337a512267c0ad09868951d )  │
│  │ Version: 50728922                                                                              │
│  │ Digest: 8J1GpQBig9H24xq3pgQkbXngx7xHpcfw4TgZA6HCszNd                                           │
│  └──                                                                                              │
│ Mutated Objects:                                                                                  │
│  ┌──                                                                                              │
│  │ ID: 0x23d243fa87b1744f5fa2db0a6c533cb5b2d265bb64ecb1424c9729692c37de78                         │
│  │ Owner: Account Address ( 0x0b41c802f6fcbe6c1b051c6b93dfd62fa3b7b439094d50c82ca55f79bb28910e )  │
│  │ Version: 50728922                                                                              │
│  │ Digest: 4bCPHib1BxCT4tEP8nKThYmvqucwybvdxoh2Uggrsm31                                           │
│  └──                                                                                              │
│  ┌──                                                                                              │
│  │ ID: 0x5d791b5e5cf64c5aa5f473c87b804abf472aceb330080eba234995e309da950f                         │
│  │ Owner: Account Address ( 0x0b41c802f6fcbe6c1b051c6b93dfd62fa3b7b439094d50c82ca55f79bb28910e )  │
│  │ Version: 50728922                                                                              │
│  │ Digest: FFAfa5ZBDJWNY3XoR6m1hA6xruSbej3gurow7gtgJa7T                                           │
│  └──                                                                                              │
│  ┌──                                                                                              │
│  │ ID: 0x73743ccf149ffb4e1bcae70f77670ecc26c571c0b024459ae817a7e63de946ae                         │
│  │ Owner: Shared( 50639346 )                                                                      │
│  │ Version: 50728922                                                                              │
│  │ Digest: 879kr4aBzLnXHFy36EHhnncBHqVywWTwRpoeu3MHY1dY                                           │
│  └──                                                                                              │
│ Shared Objects:                                                                                   │
│  ┌──                                                                                              │
│  │ ID: 0x73743ccf149ffb4e1bcae70f77670ecc26c571c0b024459ae817a7e63de946ae                         │
│  │ Version: 50639355                                                                              │
│  │ Digest: 97Md7BNT4BtCxWG3eq1GsFgVz7Yh4ZXFtybYvkyq2ZCk                                           │
│  └──                                                                                              │
│  ┌──                                                                                              │
│  │ ID: 0x0000000000000000000000000000000000000000000000000000000000000008                         │
│  │ Version: 50728921                                                                              │
│  │ Digest: JCsLJuS2qdGhqhqDEu9U6xbvDovf8URWeoVzYxpHeddW                                           │
│  └──                                                                                              │
│ Gas Object:                                                                                       │
│  ┌──                                                                                              │
│  │ ID: 0x23d243fa87b1744f5fa2db0a6c533cb5b2d265bb64ecb1424c9729692c37de78                         │
│  │ Owner: Account Address ( 0x0b41c802f6fcbe6c1b051c6b93dfd62fa3b7b439094d50c82ca55f79bb28910e )  │
│  │ Version: 50728922                                                                              │
│  │ Digest: 4bCPHib1BxCT4tEP8nKThYmvqucwybvdxoh2Uggrsm31                                           │
│  └──                                                                                              │
│ Gas Cost Summary:                                                                                 │
│    Storage Cost: 8170000 MIST                                                                     │
│    Computation Cost: 1000000 MIST                                                                 │
│    Storage Rebate: 5018508 MIST                                                                   │
│    Non-refundable Storage Fee: 50692 MIST                                                         │
│                                                                                                   │
│ Transaction Dependencies:                                                                         │
│    Z6TGJi4ESuA4BM3GkpcEy9ovdBSoweyp4uC8J2vcyQq                                                    │
│    577oXAxdiLhrNb3tN53d4UqxBxp9eqR3N685e5fAvoPU                                                   │
│    6qRWybDDARpPGX4KGMEcpWGoDPWxSUghE9mP3txg8sn4                                                   │
│    H8b2cMg7EgPypg3oRiTbqXy3ycgjPsJzgA3zPeJpWnhv                                                   │
╰───────────────────────────────────────────────────────────────────────────────────────────────────╯
╭──────────────────────────────────────────────────────────────────────────────────────────────────────────╮
│ Transaction Block Events                                                                                 │
├──────────────────────────────────────────────────────────────────────────────────────────────────────────┤
│  ┌──                                                                                                     │
│  │ EventID: 5AmUET9M7KbF3gvNB3WxerLscEj5js4oHJk5VBQtmZEm:0                                               │
│  │ PackageID: 0x98edba8a40bb3f4b0f1fcd2a55f56e22b3b7021f43d1c6bea57161a2a8669859                         │
│  │ Transaction Module: move_game                                                                         │
│  │ Sender: 0x0b41c802f6fcbe6c1b051c6b93dfd62fa3b7b439094d50c82ca55f79bb28910e                            │
│  │ EventType: 0x98edba8a40bb3f4b0f1fcd2a55f56e22b3b7021f43d1c6bea57161a2a8669859::move_game::EventRnd    │
│  │ ParsedJSON:                                                                                           │
│  │   ┌──────────────┬───┐                                                                                │
│  │   │ total        │ 3 │                                                                                │
│  │   ├──────────────┼───┤                                                                                │
│  │   │ winner1Index │ 2 │                                                                                │
│  │   ├──────────────┼───┤                                                                                │
│  │   │ winner2Index │ 0 │                                                                                │
│  │   └──────────────┴───┘                                                                                │
│  └──                                                                                                     │
│  ┌──                                                                                                     │
│  │ EventID: 5AmUET9M7KbF3gvNB3WxerLscEj5js4oHJk5VBQtmZEm:1                                               │
│  │ PackageID: 0x98edba8a40bb3f4b0f1fcd2a55f56e22b3b7021f43d1c6bea57161a2a8669859                         │
│  │ Transaction Module: move_game                                                                         │
│  │ Sender: 0x0b41c802f6fcbe6c1b051c6b93dfd62fa3b7b439094d50c82ca55f79bb28910e                            │
│  │ EventType: 0x98edba8a40bb3f4b0f1fcd2a55f56e22b3b7021f43d1c6bea57161a2a8669859::move_game::EventAmount │
│  │ ParsedJSON:                                                                                           │
│  │   ┌────────────────────┬──────────┐                                                                   │
│  │   │ amount             │ 60000000 │                                                                   │
│  │   ├────────────────────┼──────────┤                                                                   │
│  │   │ winner1PrizeAmount │ 30000000 │                                                                   │
│  │   ├────────────────────┼──────────┤                                                                   │
│  │   │ winner2PrizeAmount │ 30000000 │                                                                   │
│  │   └────────────────────┴──────────┘                                                                   │
│  └──                                                                                                     │
│  ┌──                                                                                                     │
│  │ EventID: 5AmUET9M7KbF3gvNB3WxerLscEj5js4oHJk5VBQtmZEm:2                                               │
│  │ PackageID: 0x98edba8a40bb3f4b0f1fcd2a55f56e22b3b7021f43d1c6bea57161a2a8669859                         │
│  │ Transaction Module: move_game                                                                         │
│  │ Sender: 0x0b41c802f6fcbe6c1b051c6b93dfd62fa3b7b439094d50c82ca55f79bb28910e                            │
│  │ EventType: 0x98edba8a40bb3f4b0f1fcd2a55f56e22b3b7021f43d1c6bea57161a2a8669859::move_game::EventDraw   │
│  │ ParsedJSON:                                                                                           │
│  │   ┌────────────────┬────────────────────────────────────────────────────────────────────┐             │
│  │   │ winner1Address │ 0x98ebab49bc35ebb8d3a15202411f9cbe5105cb831337a512267c0ad09868951d │             │
│  │   ├────────────────┼────────────────────────────────────────────────────────────────────┤             │
│  │   │ winner1Amount  │ 30000000                                                           │             │
│  │   ├────────────────┼────────────────────────────────────────────────────────────────────┤             │
│  │   │ winner1Index   │ 2                                                                  │             │
│  │   ├────────────────┼────────────────────────────────────────────────────────────────────┤             │
│  │   │ winner2Address │ 0x0b41c802f6fcbe6c1b051c6b93dfd62fa3b7b439094d50c82ca55f79bb28910e │             │
│  │   ├────────────────┼────────────────────────────────────────────────────────────────────┤             │
│  │   │ winner2Amount  │ 30000000                                                           │             │
│  │   ├────────────────┼────────────────────────────────────────────────────────────────────┤             │
│  │   │ winner2Index   │ 0                                                                  │             │
│  │   └────────────────┴────────────────────────────────────────────────────────────────────┘             │
│  └──                                                                                                     │
╰──────────────────────────────────────────────────────────────────────────────────────────────────────────╯
╭───────────────────────────────────────────────────────────────────────────────────────────────────────────────╮
│ Object Changes                                                                                                │
├───────────────────────────────────────────────────────────────────────────────────────────────────────────────┤
│ Created Objects:                                                                                              │
│  ┌──                                                                                                          │
│  │ ObjectID: 0x317a1c3114a640dcbe203720a436d28e8605514f91f680ed69ba59b92be9372a                               │
│  │ Sender: 0x0b41c802f6fcbe6c1b051c6b93dfd62fa3b7b439094d50c82ca55f79bb28910e                                 │
│  │ Owner: Account Address ( 0x0b41c802f6fcbe6c1b051c6b93dfd62fa3b7b439094d50c82ca55f79bb28910e )              │
│  │ ObjectType: 0x2::coin::Coin<0x47e96c5b5043ce5f0852251bed1b923178919c66717ad5dd2666e6d416975b1b::usd::USD>  │
│  │ Version: 50728922                                                                                          │
│  │ Digest: BDfcwNSApn1GK2tGKqw52uirrsVLtC9wXbz4Vrgi6UhX                                                       │
│  └──                                                                                                          │
│  ┌──                                                                                                          │
│  │ ObjectID: 0x4d2cf807a3234ac3558c3557880503d09b58cc665e928a0b89e20c9df162a9cf                               │
│  │ Sender: 0x0b41c802f6fcbe6c1b051c6b93dfd62fa3b7b439094d50c82ca55f79bb28910e                                 │
│  │ Owner: Account Address ( 0x98ebab49bc35ebb8d3a15202411f9cbe5105cb831337a512267c0ad09868951d )              │
│  │ ObjectType: 0x2::coin::Coin<0x47e96c5b5043ce5f0852251bed1b923178919c66717ad5dd2666e6d416975b1b::usd::USD>  │
│  │ Version: 50728922                                                                                          │
│  │ Digest: 8J1GpQBig9H24xq3pgQkbXngx7xHpcfw4TgZA6HCszNd                                                       │
│  └──                                                                                                          │
│ Mutated Objects:                                                                                              │
│  ┌──                                                                                                          │
│  │ ObjectID: 0x23d243fa87b1744f5fa2db0a6c533cb5b2d265bb64ecb1424c9729692c37de78                               │
│  │ Sender: 0x0b41c802f6fcbe6c1b051c6b93dfd62fa3b7b439094d50c82ca55f79bb28910e                                 │
│  │ Owner: Account Address ( 0x0b41c802f6fcbe6c1b051c6b93dfd62fa3b7b439094d50c82ca55f79bb28910e )              │
│  │ ObjectType: 0x2::coin::Coin<0x2::sui::SUI>                                                                 │
│  │ Version: 50728922                                                                                          │
│  │ Digest: 4bCPHib1BxCT4tEP8nKThYmvqucwybvdxoh2Uggrsm31                                                       │
│  └──                                                                                                          │
│  ┌──                                                                                                          │
│  │ ObjectID: 0x5d791b5e5cf64c5aa5f473c87b804abf472aceb330080eba234995e309da950f                               │
│  │ Sender: 0x0b41c802f6fcbe6c1b051c6b93dfd62fa3b7b439094d50c82ca55f79bb28910e                                 │
│  │ Owner: Account Address ( 0x0b41c802f6fcbe6c1b051c6b93dfd62fa3b7b439094d50c82ca55f79bb28910e )              │
│  │ ObjectType: 0x98edba8a40bb3f4b0f1fcd2a55f56e22b3b7021f43d1c6bea57161a2a8669859::move_game::AdminCap        │
│  │ Version: 50728922                                                                                          │
│  │ Digest: FFAfa5ZBDJWNY3XoR6m1hA6xruSbej3gurow7gtgJa7T                                                       │
│  └──                                                                                                          │
│  ┌──                                                                                                          │
│  │ ObjectID: 0x73743ccf149ffb4e1bcae70f77670ecc26c571c0b024459ae817a7e63de946ae                               │
│  │ Sender: 0x0b41c802f6fcbe6c1b051c6b93dfd62fa3b7b439094d50c82ca55f79bb28910e                                 │
│  │ Owner: Shared( 50639346 )                                                                                  │
│  │ ObjectType: 0x98edba8a40bb3f4b0f1fcd2a55f56e22b3b7021f43d1c6bea57161a2a8669859::move_game::Director        │
│  │ Version: 50728922                                                                                          │
│  │ Digest: 879kr4aBzLnXHFy36EHhnncBHqVywWTwRpoeu3MHY1dY                                                       │
│  └──                                                                                                          │
╰───────────────────────────────────────────────────────────────────────────────────────────────────────────────╯
╭───────────────────────────────────────────────────────────────────────────────────────────────────╮
│ Balance Changes                                                                                   │
├───────────────────────────────────────────────────────────────────────────────────────────────────┤
│  ┌──                                                                                              │
│  │ Owner: Account Address ( 0x0b41c802f6fcbe6c1b051c6b93dfd62fa3b7b439094d50c82ca55f79bb28910e )  │
│  │ CoinType: 0x2::sui::SUI                                                                        │
│  │ Amount: -4151492                                                                               │
│  └──                                                                                              │
│  ┌──                                                                                              │
│  │ Owner: Account Address ( 0x0b41c802f6fcbe6c1b051c6b93dfd62fa3b7b439094d50c82ca55f79bb28910e )  │
│  │ CoinType: 0x47e96c5b5043ce5f0852251bed1b923178919c66717ad5dd2666e6d416975b1b::usd::USD         │
│  │ Amount: 30000000                                                                               │
│  └──                                                                                              │
│  ┌──                                                                                              │
│  │ Owner: Account Address ( 0x98ebab49bc35ebb8d3a15202411f9cbe5105cb831337a512267c0ad09868951d )  │
│  │ CoinType: 0x47e96c5b5043ce5f0852251bed1b923178919c66717ad5dd2666e6d416975b1b::usd::USD         │
│  │ Amount: 30000000                                                                               │
│  └──                                                                                              │
╰───────────────────────────────────────────────────────────────────────────────────────────────────╯
