Transaction Digest: 9eKXgv5CX2oNkCVq7LivmdBFB9BkLzQoPBEpTaW5rX8W
╭──────────────────────────────────────────────────────────────────────────────────────────────────────────────╮
│ Transaction Data                                                                                             │
├──────────────────────────────────────────────────────────────────────────────────────────────────────────────┤
│ Sender: 0x0b41c802f6fcbe6c1b051c6b93dfd62fa3b7b439094d50c82ca55f79bb28910e                                   │
│ Gas Owner: 0x0b41c802f6fcbe6c1b051c6b93dfd62fa3b7b439094d50c82ca55f79bb28910e                                │
│ Gas Budget: 100000000 MIST                                                                                   │
│ Gas Price: 1000 MIST                                                                                         │
│ Gas Payment:                                                                                                 │
│  ┌──                                                                                                         │
│  │ ID: 0x23d243fa87b1744f5fa2db0a6c533cb5b2d265bb64ecb1424c9729692c37de78                                    │
│  │ Version: 50639350                                                                                         │
│  │ Digest: DXhqGD7n8wwXEDg6JfPT3TqaEU6erCVeMBJhH25nvSFv                                                      │
│  └──                                                                                                         │
│                                                                                                              │
│ Transaction Kind: Programmable                                                                               │
│ ╭──────────────────────────────────────────────────────────────────────────────────────────────────────────╮ │
│ │ Input Objects                                                                                            │ │
│ ├──────────────────────────────────────────────────────────────────────────────────────────────────────────┤ │
│ │ 0   Shared Object    ID: 0x214422d08971e049f001ec42875e9093a9b54278bd8bc0fca67c848d5afd790e              │ │
│ │ 1   Pure Arg: Type: u64, Value: "20000000"                                                               │ │
│ │ 2   Pure Arg: Type: address, Value: "0x69784861798889824a79d1a9d3262377a6d3f447e6948d5883d834443ba7d312" │ │
│ ╰──────────────────────────────────────────────────────────────────────────────────────────────────────────╯ │
│ ╭──────────────────────────────────────────────────────────────────────────────────╮                         │
│ │ Commands                                                                         │                         │
│ ├──────────────────────────────────────────────────────────────────────────────────┤                         │
│ │ 0  MoveCall:                                                                     │                         │
│ │  ┌                                                                               │                         │
│ │  │ Function:  mint                                                               │                         │
│ │  │ Module:    usd                                                                │                         │
│ │  │ Package:   0x47e96c5b5043ce5f0852251bed1b923178919c66717ad5dd2666e6d416975b1b │                         │
│ │  │ Arguments:                                                                    │                         │
│ │  │   Input  0                                                                    │                         │
│ │  │   Input  1                                                                    │                         │
│ │  │   Input  2                                                                    │                         │
│ │  └                                                                               │                         │
│ ╰──────────────────────────────────────────────────────────────────────────────────╯                         │
│                                                                                                              │
│ Signatures:                                                                                                  │
│    1V+eOA41nUtH+WX7l7WE3CmLkhP4IWHQQS/6kZEbd8YqB1Wb6Yb4X/TLYpd7tf3e4SOic7Jyf3gIFRDFnZrsCw==                  │
│                                                                                                              │
╰──────────────────────────────────────────────────────────────────────────────────────────────────────────────╯
╭───────────────────────────────────────────────────────────────────────────────────────────────────╮
│ Transaction Effects                                                                               │
├───────────────────────────────────────────────────────────────────────────────────────────────────┤
│ Digest: 9eKXgv5CX2oNkCVq7LivmdBFB9BkLzQoPBEpTaW5rX8W                                              │
│ Status: Success                                                                                   │
│ Executed Epoch: 413                                                                               │
│                                                                                                   │
│ Created Objects:                                                                                  │
│  ┌──                                                                                              │
│  │ ID: 0x84017005cb5d09618fa3e115eb8561d01aad3258dd8345ca8056fe6a4a77a4d7                         │
│  │ Owner: Account Address ( 0x69784861798889824a79d1a9d3262377a6d3f447e6948d5883d834443ba7d312 )  │
│  │ Version: 50639351                                                                              │
│  │ Digest: 6XU9Tdx7n2QzmL8zG8WcWtrTMD2JgyYZkU8C1fxsD4Sk                                           │
│  └──                                                                                              │
│ Mutated Objects:                                                                                  │
│  ┌──                                                                                              │
│  │ ID: 0x214422d08971e049f001ec42875e9093a9b54278bd8bc0fca67c848d5afd790e                         │
│  │ Owner: Shared( 50639342 )                                                                      │
│  │ Version: 50639351                                                                              │
│  │ Digest: 6WTjdHQjahxtvv8uDKcYNnhG2YwowhGCyz1exStxFij4                                           │
│  └──                                                                                              │
│  ┌──                                                                                              │
│  │ ID: 0x23d243fa87b1744f5fa2db0a6c533cb5b2d265bb64ecb1424c9729692c37de78                         │
│  │ Owner: Account Address ( 0x0b41c802f6fcbe6c1b051c6b93dfd62fa3b7b439094d50c82ca55f79bb28910e )  │
│  │ Version: 50639351                                                                              │
│  │ Digest: HE36ajtAbsYwrbbouq2z3MvuGBYApMdH2WnzxagmTiUF                                           │
│  └──                                                                                              │
│ Shared Objects:                                                                                   │
│  ┌──                                                                                              │
│  │ ID: 0x214422d08971e049f001ec42875e9093a9b54278bd8bc0fca67c848d5afd790e                         │
│  │ Version: 50639350                                                                              │
│  │ Digest: GedUMpzKRqyWNU3nbWFsuPCFhsVPdPKoxe5txeHH5qNS                                           │
│  └──                                                                                              │
│ Gas Object:                                                                                       │
│  ┌──                                                                                              │
│  │ ID: 0x23d243fa87b1744f5fa2db0a6c533cb5b2d265bb64ecb1424c9729692c37de78                         │
│  │ Owner: Account Address ( 0x0b41c802f6fcbe6c1b051c6b93dfd62fa3b7b439094d50c82ca55f79bb28910e )  │
│  │ Version: 50639351                                                                              │
│  │ Digest: HE36ajtAbsYwrbbouq2z3MvuGBYApMdH2WnzxagmTiUF                                           │
│  └──                                                                                              │
│ Gas Cost Summary:                                                                                 │
│    Storage Cost: 3982400 MIST                                                                     │
│    Computation Cost: 1000000 MIST                                                                 │
│    Storage Rebate: 2648448 MIST                                                                   │
│    Non-refundable Storage Fee: 26752 MIST                                                         │
│                                                                                                   │
│ Transaction Dependencies:                                                                         │
│    AX3P5KF5kwmTZZXhDghkVsy18C4No3EVeoBPPQzCW2AT                                                   │
│    FhT5EaD1FPcf8SLwCqAe3CFHEkMyLtTNiBGcYj3yqrjX                                                   │
╰───────────────────────────────────────────────────────────────────────────────────────────────────╯
╭─────────────────────────────╮
│ No transaction block events │
╰─────────────────────────────╯

╭──────────────────────────────────────────────────────────────────────────────────────────────────────────────────────╮
│ Object Changes                                                                                                       │
├──────────────────────────────────────────────────────────────────────────────────────────────────────────────────────┤
│ Created Objects:                                                                                                     │
│  ┌──                                                                                                                 │
│  │ ObjectID: 0x84017005cb5d09618fa3e115eb8561d01aad3258dd8345ca8056fe6a4a77a4d7                                      │
│  │ Sender: 0x0b41c802f6fcbe6c1b051c6b93dfd62fa3b7b439094d50c82ca55f79bb28910e                                        │
│  │ Owner: Account Address ( 0x69784861798889824a79d1a9d3262377a6d3f447e6948d5883d834443ba7d312 )                     │
│  │ ObjectType: 0x2::coin::Coin<0x47e96c5b5043ce5f0852251bed1b923178919c66717ad5dd2666e6d416975b1b::usd::USD>         │
│  │ Version: 50639351                                                                                                 │
│  │ Digest: 6XU9Tdx7n2QzmL8zG8WcWtrTMD2JgyYZkU8C1fxsD4Sk                                                              │
│  └──                                                                                                                 │
│ Mutated Objects:                                                                                                     │
│  ┌──                                                                                                                 │
│  │ ObjectID: 0x214422d08971e049f001ec42875e9093a9b54278bd8bc0fca67c848d5afd790e                                      │
│  │ Sender: 0x0b41c802f6fcbe6c1b051c6b93dfd62fa3b7b439094d50c82ca55f79bb28910e                                        │
│  │ Owner: Shared( 50639342 )                                                                                         │
│  │ ObjectType: 0x2::coin::TreasuryCap<0x47e96c5b5043ce5f0852251bed1b923178919c66717ad5dd2666e6d416975b1b::usd::USD>  │
│  │ Version: 50639351                                                                                                 │
│  │ Digest: 6WTjdHQjahxtvv8uDKcYNnhG2YwowhGCyz1exStxFij4                                                              │
│  └──                                                                                                                 │
│  ┌──                                                                                                                 │
│  │ ObjectID: 0x23d243fa87b1744f5fa2db0a6c533cb5b2d265bb64ecb1424c9729692c37de78                                      │
│  │ Sender: 0x0b41c802f6fcbe6c1b051c6b93dfd62fa3b7b439094d50c82ca55f79bb28910e                                        │
│  │ Owner: Account Address ( 0x0b41c802f6fcbe6c1b051c6b93dfd62fa3b7b439094d50c82ca55f79bb28910e )                     │
│  │ ObjectType: 0x2::coin::Coin<0x2::sui::SUI>                                                                        │
│  │ Version: 50639351                                                                                                 │
│  │ Digest: HE36ajtAbsYwrbbouq2z3MvuGBYApMdH2WnzxagmTiUF                                                              │
│  └──                                                                                                                 │
╰──────────────────────────────────────────────────────────────────────────────────────────────────────────────────────╯
╭───────────────────────────────────────────────────────────────────────────────────────────────────╮
│ Balance Changes                                                                                   │
├───────────────────────────────────────────────────────────────────────────────────────────────────┤
│  ┌──                                                                                              │
│  │ Owner: Account Address ( 0x0b41c802f6fcbe6c1b051c6b93dfd62fa3b7b439094d50c82ca55f79bb28910e )  │
│  │ CoinType: 0x2::sui::SUI                                                                        │
│  │ Amount: -2333952                                                                               │
│  └──                                                                                              │
│  ┌──                                                                                              │
│  │ Owner: Account Address ( 0x69784861798889824a79d1a9d3262377a6d3f447e6948d5883d834443ba7d312 )  │
│  │ CoinType: 0x47e96c5b5043ce5f0852251bed1b923178919c66717ad5dd2666e6d416975b1b::usd::USD         │
│  │ Amount: 20000000                                                                               │
│  └──                                                                                              │
╰───────────────────────────────────────────────────────────────────────────────────────────────────╯
