Transaction Digest: 8wyTVLHAeBzG4BBnoGDj5YJEKTZvBQXBUVhRbFC9nnfS
╭──────────────────────────────────────────────────────────────────────────────────────────────────────────────────────────────────────────────────────────────────────╮
│ Transaction Data                                                                                                                                                     │
├──────────────────────────────────────────────────────────────────────────────────────────────────────────────────────────────────────────────────────────────────────┤
│ Sender: 0x4b03a7bf4069d21d3f05b69d80fd4f9bcd8456ca846a564a90c8087916b08bc4                                                                                           │
│ Gas Owner: 0x4b03a7bf4069d21d3f05b69d80fd4f9bcd8456ca846a564a90c8087916b08bc4                                                                                        │
│ Gas Budget: 2972420 MIST                                                                                                                                             │
│ Gas Price: 1000 MIST                                                                                                                                                 │
│ Gas Payment:                                                                                                                                                         │
│  ┌──                                                                                                                                                                 │
│  │ ID: 0x000047c14186ce4a68cce6effde8864b982819fcc39798bc4910b28efe273eed                                                                                            │
│  │ Version: 59320784                                                                                                                                                 │
│  │ Digest: 5K87pd3J9N9ATjSAsRHbjUSgLXK2gqHBur6FUFa6yoEZ                                                                                                              │
│  └──                                                                                                                                                                 │
│                                                                                                                                                                      │
│ Transaction Kind: Programmable                                                                                                                                       │
│ ╭──────────────────────────────────────────────────────────────────────────────────────────────────────────────────────────────────────────────────────────────────╮ │
│ │ Input Objects                                                                                                                                                    │ │
│ ├──────────────────────────────────────────────────────────────────────────────────────────────────────────────────────────────────────────────────────────────────┤ │
│ │ 0   Pure Arg: Type: vector<u8>, Value: [227,129,3,142,251,128,180,230,144,65,28,104,199,36,181,210,169,141,183,121,177,124,233,173,130,134,177,166,232,104,76,4] │ │
│ │ 1   Pure Arg: Type: 0x1::ascii::String, Value: "isQyoung"                                                                                                        │ │
│ │ 2   Shared Object    ID: 0xc9750d187491a5bc5fd245b4cf72f408aca593c886e577ae6e9730889f9e56bd                                                                      │ │
│ │ 3   Shared Object    ID: 0x0000000000000000000000000000000000000000000000000000000000000008                                                                      │ │
│ ╰──────────────────────────────────────────────────────────────────────────────────────────────────────────────────────────────────────────────────────────────────╯ │
│ ╭──────────────────────────────────────────────────────────────────────────────────╮                                                                                 │
│ │ Commands                                                                         │                                                                                 │
│ ├──────────────────────────────────────────────────────────────────────────────────┤                                                                                 │
│ │ 0  MoveCall:                                                                     │                                                                                 │
│ │  ┌                                                                               │                                                                                 │
│ │  │ Function:  get_flag                                                           │                                                                                 │
│ │  │ Module:    check_in                                                           │                                                                                 │
│ │  │ Package:   0x42fd69e72707f6b5699e1b37b827d139bce75116f67f9ffb1fff5c2f6ba958e6 │                                                                                 │
│ │  │ Arguments:                                                                    │                                                                                 │
│ │  │   Input  0                                                                    │                                                                                 │
│ │  │   Input  1                                                                    │                                                                                 │
│ │  │   Input  2                                                                    │                                                                                 │
│ │  │   Input  3                                                                    │                                                                                 │
│ │  └                                                                               │                                                                                 │
│ ╰──────────────────────────────────────────────────────────────────────────────────╯                                                                                 │
│                                                                                                                                                                      │
│ Signatures:                                                                                                                                                          │
│    w5jL6EWwQ2JxzD8fc9++F3XiP+GYLMCAGMk50EhmkZEfG9K7dJuLNJrRTvIsIhlsE7XaS+MPmUTrZXzjLrWbCA==                                                                          │
│                                                                                                                                                                      │
╰──────────────────────────────────────────────────────────────────────────────────────────────────────────────────────────────────────────────────────────────────────╯
╭───────────────────────────────────────────────────────────────────────────────────────────────────╮
│ Transaction Effects                                                                               │
├───────────────────────────────────────────────────────────────────────────────────────────────────┤
│ Digest: 8wyTVLHAeBzG4BBnoGDj5YJEKTZvBQXBUVhRbFC9nnfS                                              │
│ Status: Success                                                                                   │
│ Executed Epoch: 414                                                                               │
│ Mutated Objects:                                                                                  │
│  ┌──                                                                                              │
│  │ ID: 0x000047c14186ce4a68cce6effde8864b982819fcc39798bc4910b28efe273eed                         │
│  │ Owner: Account Address ( 0x4b03a7bf4069d21d3f05b69d80fd4f9bcd8456ca846a564a90c8087916b08bc4 )  │
│  │ Version: 59320785                                                                              │
│  │ Digest: AadHbq4q7YUwcTKqDEAXLwGjUwebXXrLKWdvETRHMsGf                                           │
│  └──                                                                                              │
│  ┌──                                                                                              │
│  │ ID: 0xc9750d187491a5bc5fd245b4cf72f408aca593c886e577ae6e9730889f9e56bd                         │
│  │ Owner: Shared( 59320774 )                                                                      │
│  │ Version: 59320785                                                                              │
│  │ Digest: CmU2eBtHAtcsXpABTacHxX5yHkhoBUmdQL7psnMYzqCo                                           │
│  └──                                                                                              │
│ Shared Objects:                                                                                   │
│  ┌──                                                                                              │
│  │ ID: 0xc9750d187491a5bc5fd245b4cf72f408aca593c886e577ae6e9730889f9e56bd                         │
│  │ Version: 59320784                                                                              │
│  │ Digest: 2Xbbt6CAXkotiAVFZizFhMGbjV57zL19kTq8L4HdEMDi                                           │
│  └──                                                                                              │
│  ┌──                                                                                              │
│  │ ID: 0x0000000000000000000000000000000000000000000000000000000000000008                         │
│  │ Version: 51112284                                                                              │
│  │ Digest: GDm6dEcSwMuUP16zDcJVmaquF7SjwDsWT3xRMvGjq79E                                           │
│  └──                                                                                              │
│ Gas Object:                                                                                       │
│  ┌──                                                                                              │
│  │ ID: 0x000047c14186ce4a68cce6effde8864b982819fcc39798bc4910b28efe273eed                         │
│  │ Owner: Account Address ( 0x4b03a7bf4069d21d3f05b69d80fd4f9bcd8456ca846a564a90c8087916b08bc4 )  │
│  │ Version: 59320785                                                                              │
│  │ Digest: AadHbq4q7YUwcTKqDEAXLwGjUwebXXrLKWdvETRHMsGf                                           │
│  └──                                                                                              │
│ Gas Cost Summary:                                                                                 │
│    Storage Cost: 2530800 MIST                                                                     │
│    Computation Cost: 1000000 MIST                                                                 │
│    Storage Rebate: 2445300 MIST                                                                   │
│    Non-refundable Storage Fee: 24700 MIST                                                         │
│                                                                                                   │
│ Transaction Dependencies:                                                                         │
│    3svUMYqbYbNVpzx3hDBAb7tCtot2xYzgeRRz1fZM1jCz                                                   │
│    A7fDmw21pbX2SCjHQF8uy1Fstk7ZT4DjypynpFRoHBh1                                                   │
│    GKrrMt7Q9WERjeBYKRAc5zKDm3GoMbTuNgBFwHaoWmA3                                                   │
╰───────────────────────────────────────────────────────────────────────────────────────────────────╯
╭──────────────────────────────────────────────────────────────────────────────────────────────────╮
│ Transaction Block Events                                                                         │
├──────────────────────────────────────────────────────────────────────────────────────────────────┤
│  ┌──                                                                                             │
│  │ EventID: 8wyTVLHAeBzG4BBnoGDj5YJEKTZvBQXBUVhRbFC9nnfS:0                                       │
│  │ PackageID: 0x42fd69e72707f6b5699e1b37b827d139bce75116f67f9ffb1fff5c2f6ba958e6                 │
│  │ Transaction Module: check_in                                                                  │
│  │ Sender: 0x4b03a7bf4069d21d3f05b69d80fd4f9bcd8456ca846a564a90c8087916b08bc4                    │
│  │ EventType: 0x42fd69e72707f6b5699e1b37b827d139bce75116f67f9ffb1fff5c2f6ba958e6::check_in::Flag │
│  │ ParsedJSON:                                                                                   │
│  │   ┌───────────┬────────────────────────────────────────────────────────────────────┐          │
│  │   │ flag      │ true                                                               │          │
│  │   ├───────────┼────────────────────────────────────────────────────────────────────┤          │
│  │   │ github_id │ isQyoung                                                           │          │
│  │   ├───────────┼────────────────────────────────────────────────────────────────────┤          │
│  │   │ sender    │ 0x4b03a7bf4069d21d3f05b69d80fd4f9bcd8456ca846a564a90c8087916b08bc4 │          │
│  │   ├───────────┼────────────────────────────────────────────────────────────────────┤          │
│  │   │ ture_num  │ 1                                                                  │          │
│  │   └───────────┴────────────────────────────────────────────────────────────────────┘          │
│  └──                                                                                             │
╰──────────────────────────────────────────────────────────────────────────────────────────────────╯
╭──────────────────────────────────────────────────────────────────────────────────────────────────────────╮
│ Object Changes                                                                                           │
├──────────────────────────────────────────────────────────────────────────────────────────────────────────┤
│ Mutated Objects:                                                                                         │
│  ┌──                                                                                                     │
│  │ ObjectID: 0x000047c14186ce4a68cce6effde8864b982819fcc39798bc4910b28efe273eed                          │
│  │ Sender: 0x4b03a7bf4069d21d3f05b69d80fd4f9bcd8456ca846a564a90c8087916b08bc4                            │
│  │ Owner: Account Address ( 0x4b03a7bf4069d21d3f05b69d80fd4f9bcd8456ca846a564a90c8087916b08bc4 )         │
│  │ ObjectType: 0x2::coin::Coin<0x2::sui::SUI>                                                            │
│  │ Version: 59320785                                                                                     │
│  │ Digest: AadHbq4q7YUwcTKqDEAXLwGjUwebXXrLKWdvETRHMsGf                                                  │
│  └──                                                                                                     │
│  ┌──                                                                                                     │
│  │ ObjectID: 0xc9750d187491a5bc5fd245b4cf72f408aca593c886e577ae6e9730889f9e56bd                          │
│  │ Sender: 0x4b03a7bf4069d21d3f05b69d80fd4f9bcd8456ca846a564a90c8087916b08bc4                            │
│  │ Owner: Shared( 59320774 )                                                                             │
│  │ ObjectType: 0x42fd69e72707f6b5699e1b37b827d139bce75116f67f9ffb1fff5c2f6ba958e6::check_in::FlagString  │
│  │ Version: 59320785                                                                                     │
│  │ Digest: CmU2eBtHAtcsXpABTacHxX5yHkhoBUmdQL7psnMYzqCo                                                  │
│  └──                                                                                                     │
╰──────────────────────────────────────────────────────────────────────────────────────────────────────────╯
╭───────────────────────────────────────────────────────────────────────────────────────────────────╮
│ Balance Changes                                                                                   │
├───────────────────────────────────────────────────────────────────────────────────────────────────┤
│  ┌──                                                                                              │
│  │ Owner: Account Address ( 0x4b03a7bf4069d21d3f05b69d80fd4f9bcd8456ca846a564a90c8087916b08bc4 )  │
│  │ CoinType: 0x2::sui::SUI                                                                        │
│  │ Amount: -1085500                                                                               │
│  └──                                                                                              │
╰───────────────────────────────────────────────────────────────────────────────────────────────────╯

