# PUBLISH 

ljl@ljl-i5-14400:~/work/sui/move-cn/letsmove/mover/nextuser/code/task2/coin_faucet$ sui client publish --skip-fetch-latest-git-deps --skip-dependency-verification
[warn] Client/Server api version mismatch, client api version : 1.37.1, server api version : 1.36.2
INCLUDING DEPENDENCY Sui
INCLUDING DEPENDENCY MoveStdlib
BUILDING coin_faucet
Skipping dependency verification
Transaction Digest: 3j9AJ67C7KuTZmTJDynkUAzoqndBqDT6wBNwFzbWbrS9
╭──────────────────────────────────────────────────────────────────────────────────────────────────────────────╮
│ Transaction Data                                                                                             │
├──────────────────────────────────────────────────────────────────────────────────────────────────────────────┤
│ Sender: 0x540105a7d2f5f54a812c630f2996f1790ed0e60d1f9a870ce397f03e4cec9b38                                   │
│ Gas Owner: 0x540105a7d2f5f54a812c630f2996f1790ed0e60d1f9a870ce397f03e4cec9b38                                │
│ Gas Budget: 15347200 MIST                                                                                    │
│ Gas Price: 750 MIST                                                                                          │
│ Gas Payment:                                                                                                 │
│  ┌──                                                                                                         │
│  │ ID: 0xd5d7d66c296d0980d3d355a61d6f3a33b94ae9d8520b741724fe22106ac2c40e                                    │
│  │ Version: 415586835                                                                                        │
│  │ Digest: CwWhCjXQtJ9TsupFU31YGfja1HNLqSoG64XuoXyViXXM                                                      │
│  └──                                                                                                         │
│                                                                                                              │
│ Transaction Kind: Programmable                                                                               │
│ ╭──────────────────────────────────────────────────────────────────────────────────────────────────────────╮ │
│ │ Input Objects                                                                                            │ │
│ ├──────────────────────────────────────────────────────────────────────────────────────────────────────────┤ │
│ │ 0   Pure Arg: Type: address, Value: "0x540105a7d2f5f54a812c630f2996f1790ed0e60d1f9a870ce397f03e4cec9b38" │ │
│ ╰──────────────────────────────────────────────────────────────────────────────────────────────────────────╯ │
│ ╭─────────────────────────────────────────────────────────────────────────╮                                  │
│ │ Commands                                                                │                                  │
│ ├─────────────────────────────────────────────────────────────────────────┤                                  │
│ │ 0  Publish:                                                             │                                  │
│ │  ┌                                                                      │                                  │
│ │  │ Dependencies:                                                        │                                  │
│ │  │   0x0000000000000000000000000000000000000000000000000000000000000001 │                                  │
│ │  │   0x0000000000000000000000000000000000000000000000000000000000000002 │                                  │
│ │  └                                                                      │                                  │
│ │                                                                         │                                  │
│ │ 1  TransferObjects:                                                     │                                  │
│ │  ┌                                                                      │                                  │
│ │  │ Arguments:                                                           │                                  │
│ │  │   Result 0                                                           │                                  │
│ │  │ Address: Input  0                                                    │                                  │
│ │  └                                                                      │                                  │
│ ╰─────────────────────────────────────────────────────────────────────────╯                                  │
│                                                                                                              │
│ Signatures:                                                                                                  │
│    YB5MDuoPvu/kKhLScW9sJh8gbmP4CrXb0nJFNVmOZtYpMaiSBiJGp/UQCKdATl3G0yVhi8vTG/6DC5zIH8a0uQ==                  │
│                                                                                                              │
╰──────────────────────────────────────────────────────────────────────────────────────────────────────────────╯
╭───────────────────────────────────────────────────────────────────────────────────────────────────╮
│ Transaction Effects                                                                               │
├───────────────────────────────────────────────────────────────────────────────────────────────────┤
│ Digest: 3j9AJ67C7KuTZmTJDynkUAzoqndBqDT6wBNwFzbWbrS9                                              │
│ Status: Success                                                                                   │
│ Executed Epoch: 583                                                                               │
│                                                                                                   │
│ Created Objects:                                                                                  │
│  ┌──                                                                                              │
│  │ ID: 0x40f320ef9b8f228438592983c317729a3fed394a0d2835ee6260337a1387c026                         │
│  │ Owner: Immutable                                                                               │
│  │ Version: 415586836                                                                             │
│  │ Digest: F5ZeKUSmXStZ1Gz44gy29UYzbpXvEektbMUpFKTPrknZ                                           │
│  └──                                                                                              │
│  ┌──                                                                                              │
│  │ ID: 0x5004eab7e42fd66ad3b7475632ae3070e9a4015f8f8976009e7e8637592e9d76                         │
│  │ Owner: Immutable                                                                               │
│  │ Version: 1                                                                                     │
│  │ Digest: 7B7fh29Zw4VjHGiMK2mWSzCrJ2fN4S563uJrLutSUWZC                                           │
│  └──                                                                                              │
│  ┌──                                                                                              │
│  │ ID: 0xbad24e197d67cd74928c571bb3c4d6656b6e8ca2fcfd4beac99d2cd31c23ab0d                         │
│  │ Owner: Account Address ( 0x540105a7d2f5f54a812c630f2996f1790ed0e60d1f9a870ce397f03e4cec9b38 )  │
│  │ Version: 415586836                                                                             │
│  │ Digest: EcQNZ6HivobpwqbYcPkBoksdsCqM7KN98Li6qXuNN5Xz                                           │
│  └──                                                                                              │
│  ┌──                                                                                              │
│  │ ID: 0xdd789eee513521bcf04ad857aaa549e97017261bb7054fbf865a208a31c17d4b                         │
│  │ Owner: Shared( 415586836 )                                                                     │
│  │ Version: 415586836                                                                             │
│  │ Digest: BKjhMrqnDb6EikQ5mQPLty7TRvASPiooQaW99gJtC6Wb                                           │
│  └──                                                                                              │
│ Mutated Objects:                                                                                  │
│  ┌──                                                                                              │
│  │ ID: 0xd5d7d66c296d0980d3d355a61d6f3a33b94ae9d8520b741724fe22106ac2c40e                         │
│  │ Owner: Account Address ( 0x540105a7d2f5f54a812c630f2996f1790ed0e60d1f9a870ce397f03e4cec9b38 )  │
│  │ Version: 415586836                                                                             │
│  │ Digest: 9CJFKQUQ5DwtZWvjYFWTmvFF3vmbgp3V6Y2bRW8SKgdf                                           │
│  └──                                                                                              │
│ Gas Object:                                                                                       │
│  ┌──                                                                                              │
│  │ ID: 0xd5d7d66c296d0980d3d355a61d6f3a33b94ae9d8520b741724fe22106ac2c40e                         │
│  │ Owner: Account Address ( 0x540105a7d2f5f54a812c630f2996f1790ed0e60d1f9a870ce397f03e4cec9b38 )  │
│  │ Version: 415586836                                                                             │
│  │ Digest: 9CJFKQUQ5DwtZWvjYFWTmvFF3vmbgp3V6Y2bRW8SKgdf                                           │
│  └──                                                                                              │
│ Gas Cost Summary:                                                                                 │
│    Storage Cost: 13847200 MIST                                                                    │
│    Computation Cost: 750000 MIST                                                                  │
│    Storage Rebate: 978120 MIST                                                                    │
│    Non-refundable Storage Fee: 9880 MIST                                                          │
│                                                                                                   │
│ Transaction Dependencies:                                                                         │
│    49puDQZwHRnu7zYoARCjco1dFKMiK7LVSS8B5Si1yVdh                                                   │
│    8MkMyu5cseLwqyWDwg947q7U2d7ipSoGu9LZQh744JRJ                                                   │
│    F1J7GBm1unSLdet5zJQHq44rnzZXLCqv5e3WgvGg2Gvw                                                   │
╰───────────────────────────────────────────────────────────────────────────────────────────────────╯
╭─────────────────────────────╮
│ No transaction block events │
╰─────────────────────────────╯

╭─────────────────────────────────────────────────────────────────────────────────────────────────────────────────────╮
│ Object Changes                                                                                                      │
├─────────────────────────────────────────────────────────────────────────────────────────────────────────────────────┤
│ Created Objects:                                                                                                    │
│  ┌──                                                                                                                │
│  │ ObjectID: 0x40f320ef9b8f228438592983c317729a3fed394a0d2835ee6260337a1387c026                                     │
│  │ Sender: 0x540105a7d2f5f54a812c630f2996f1790ed0e60d1f9a870ce397f03e4cec9b38                                       │
│  │ Owner: Immutable                                                                                                 │
│  │ ObjectType: 0x2::coin::CoinMetadata<0x5004eab7e42fd66ad3b7475632ae3070e9a4015f8f8976009e7e8637592e9d76::jp::JP>  │
│  │ Version: 415586836                                                                                               │
│  │ Digest: F5ZeKUSmXStZ1Gz44gy29UYzbpXvEektbMUpFKTPrknZ                                                             │
│  └──                                                                                                                │
│  ┌──                                                                                                                │
│  │ ObjectID: 0xbad24e197d67cd74928c571bb3c4d6656b6e8ca2fcfd4beac99d2cd31c23ab0d                                     │
│  │ Sender: 0x540105a7d2f5f54a812c630f2996f1790ed0e60d1f9a870ce397f03e4cec9b38                                       │
│  │ Owner: Account Address ( 0x540105a7d2f5f54a812c630f2996f1790ed0e60d1f9a870ce397f03e4cec9b38 )                    │
│  │ ObjectType: 0x2::package::UpgradeCap                                                                             │
│  │ Version: 415586836                                                                                               │
│  │ Digest: EcQNZ6HivobpwqbYcPkBoksdsCqM7KN98Li6qXuNN5Xz                                                             │
│  └──                                                                                                                │
│  ┌──                                                                                                                │
│  │ ObjectID: 0xdd789eee513521bcf04ad857aaa549e97017261bb7054fbf865a208a31c17d4b                                     │
│  │ Sender: 0x540105a7d2f5f54a812c630f2996f1790ed0e60d1f9a870ce397f03e4cec9b38                                       │
│  │ Owner: Shared( 415586836 )                                                                                       │
│  │ ObjectType: 0x2::coin::TreasuryCap<0x5004eab7e42fd66ad3b7475632ae3070e9a4015f8f8976009e7e8637592e9d76::jp::JP>   │
│  │ Version: 415586836                                                                                               │
│  │ Digest: BKjhMrqnDb6EikQ5mQPLty7TRvASPiooQaW99gJtC6Wb                                                             │
│  └──                                                                                                                │
│ Mutated Objects:                                                                                                    │
│  ┌──                                                                                                                │
│  │ ObjectID: 0xd5d7d66c296d0980d3d355a61d6f3a33b94ae9d8520b741724fe22106ac2c40e                                     │
│  │ Sender: 0x540105a7d2f5f54a812c630f2996f1790ed0e60d1f9a870ce397f03e4cec9b38                                       │
│  │ Owner: Account Address ( 0x540105a7d2f5f54a812c630f2996f1790ed0e60d1f9a870ce397f03e4cec9b38 )                    │
│  │ ObjectType: 0x2::coin::Coin<0x2::sui::SUI>                                                                       │
│  │ Version: 415586836                                                                                               │
│  │ Digest: 9CJFKQUQ5DwtZWvjYFWTmvFF3vmbgp3V6Y2bRW8SKgdf                                                             │
│  └──                                                                                                                │
│ Published Objects:                                                                                                  │
│  ┌──                                                                                                                │
│  │ PackageID: 0x5004eab7e42fd66ad3b7475632ae3070e9a4015f8f8976009e7e8637592e9d76                                    │
│  │ Version: 1                                                                                                       │
│  │ Digest: 7B7fh29Zw4VjHGiMK2mWSzCrJ2fN4S563uJrLutSUWZC                                                             │
│  │ Modules: jp                                                                                                      │
│  └──                                                                                                                │
╰─────────────────────────────────────────────────────────────────────────────────────────────────────────────────────╯
╭───────────────────────────────────────────────────────────────────────────────────────────────────╮
│ Balance Changes                                                                                   │
├───────────────────────────────────────────────────────────────────────────────────────────────────┤
│  ┌──                                                                                              │
│  │ Owner: Account Address ( 0x540105a7d2f5f54a812c630f2996f1790ed0e60d1f9a870ce397f03e4cec9b38 )  │
│  │ CoinType: 0x2::sui::SUI                                                                        │
│  │ Amount: -13619080                                                                              │
│  └──                                                                                              │
╰───────────────────────────────────────────────────────────────────────────────────────────────────╯





## FAUCET 1


╭──────────────────────────────────────────────────────────────────────────────────────────────────────────────╮
│ Transaction Data                                                                                             │
├──────────────────────────────────────────────────────────────────────────────────────────────────────────────┤
│ Sender: 0x540105a7d2f5f54a812c630f2996f1790ed0e60d1f9a870ce397f03e4cec9b38                                   │
│ Gas Owner: 0x540105a7d2f5f54a812c630f2996f1790ed0e60d1f9a870ce397f03e4cec9b38                                │
│ Gas Budget: 3796720 MIST                                                                                     │
│ Gas Price: 750 MIST                                                                                          │
│ Gas Payment:                                                                                                 │
│  ┌──                                                                                                         │
│  │ ID: 0xd5d7d66c296d0980d3d355a61d6f3a33b94ae9d8520b741724fe22106ac2c40e                                    │
│  │ Version: 415586836                                                                                        │
│  │ Digest: 9CJFKQUQ5DwtZWvjYFWTmvFF3vmbgp3V6Y2bRW8SKgdf                                                      │
│  └──                                                                                                         │
│                                                                                                              │
│ Transaction Kind: Programmable                                                                               │
│ ╭──────────────────────────────────────────────────────────────────────────────────────────────────────────╮ │
│ │ Input Objects                                                                                            │ │
│ ├──────────────────────────────────────────────────────────────────────────────────────────────────────────┤ │
│ │ 0   Shared Object    ID: 0xdd789eee513521bcf04ad857aaa549e97017261bb7054fbf865a208a31c17d4b              │ │
│ │ 1   Pure Arg: Type: u64, Value: "8800000"                                                                │ │
│ │ 2   Pure Arg: Type: address, Value: "0x540105a7d2f5f54a812c630f2996f1790ed0e60d1f9a870ce397f03e4cec9b38" │ │
│ ╰──────────────────────────────────────────────────────────────────────────────────────────────────────────╯ │
│ ╭──────────────────────────────────────────────────────────────────────────────────╮                         │
│ │ Commands                                                                         │                         │
│ ├──────────────────────────────────────────────────────────────────────────────────┤                         │
│ │ 0  MoveCall:                                                                     │                         │
│ │  ┌                                                                               │                         │
│ │  │ Function:  mint_and_transfer                                                  │                         │
│ │  │ Module:    coin                                                               │                         │
│ │  │ Package:   0x0000000000000000000000000000000000000000000000000000000000000002 │                         │
│ │  │ Type Arguments:                                                               │                         │
│ │  │   0x5004eab7e42fd66ad3b7475632ae3070e9a4015f8f8976009e7e8637592e9d76::jp::JP  │                         │
│ │  │ Arguments:                                                                    │                         │
│ │  │   Input  0                                                                    │                         │
│ │  │   Input  1                                                                    │                         │
│ │  │   Input  2                                                                    │                         │
│ │  └                                                                               │                         │
│ ╰──────────────────────────────────────────────────────────────────────────────────╯                         │
│                                                                                                              │
│ Signatures:                                                                                                  │
│    9AJRKljzkRxLPvlxu7rzxeGzsxAutiUpuzqgnJH4zLBSg9uF5ZAfyN30I+Zf0Ig6k9lscIZxB2WTLq7FN4JYWQ==                  │
│                                                                                                              │
╰──────────────────────────────────────────────────────────────────────────────────────────────────────────────╯
╭───────────────────────────────────────────────────────────────────────────────────────────────────╮
│ Transaction Effects                                                                               │
├───────────────────────────────────────────────────────────────────────────────────────────────────┤
│ Digest: 6wFAe3HwXUHzwfcVLK63KBXmv3vnr1XykRWN37gMUd4M                                              │
│ Status: Success                                                                                   │
│ Executed Epoch: 583                                                                               │
│                                                                                                   │
│ Created Objects:                                                                                  │
│  ┌──                                                                                              │
│  │ ID: 0x4bd4b3d46fc17957013dc7d5735a8563a3c41425ebc3487f99c912e518792217                         │
│  │ Owner: Account Address ( 0x540105a7d2f5f54a812c630f2996f1790ed0e60d1f9a870ce397f03e4cec9b38 )  │
│  │ Version: 415586837                                                                             │
│  │ Digest: AGszFLa9RKJogYgT1qbJip2RhjYd3C9SGPqbbFpUmaG7                                           │
│  └──                                                                                              │
│ Mutated Objects:                                                                                  │
│  ┌──                                                                                              │
│  │ ID: 0xd5d7d66c296d0980d3d355a61d6f3a33b94ae9d8520b741724fe22106ac2c40e                         │
│  │ Owner: Account Address ( 0x540105a7d2f5f54a812c630f2996f1790ed0e60d1f9a870ce397f03e4cec9b38 )  │
│  │ Version: 415586837                                                                             │
│  │ Digest: 6AWin51QVW3dhaDDLVBjRbB1PXGV2q4mEaoyQHbgnsST                                           │
│  └──                                                                                              │
│  ┌──                                                                                              │
│  │ ID: 0xdd789eee513521bcf04ad857aaa549e97017261bb7054fbf865a208a31c17d4b                         │
│  │ Owner: Shared( 415586836 )                                                                     │
│  │ Version: 415586837                                                                             │
│  │ Digest: EHLV4LzaYVV2dxnpX4DHhmpJB4cDUX33jTMGB3Gjqhxt                                           │
│  └──                                                                                              │
│ Shared Objects:                                                                                   │
│  ┌──                                                                                              │
│  │ ID: 0xdd789eee513521bcf04ad857aaa549e97017261bb7054fbf865a208a31c17d4b                         │
│  │ Version: 415586836                                                                             │
│  │ Digest: BKjhMrqnDb6EikQ5mQPLty7TRvASPiooQaW99gJtC6Wb                                           │
│  └──                                                                                              │
│ Gas Object:                                                                                       │
│  ┌──                                                                                              │
│  │ ID: 0xd5d7d66c296d0980d3d355a61d6f3a33b94ae9d8520b741724fe22106ac2c40e                         │
│  │ Owner: Account Address ( 0x540105a7d2f5f54a812c630f2996f1790ed0e60d1f9a870ce397f03e4cec9b38 )  │
│  │ Version: 415586837                                                                             │
│  │ Digest: 6AWin51QVW3dhaDDLVBjRbB1PXGV2q4mEaoyQHbgnsST                                           │
│  └──                                                                                              │
│ Gas Cost Summary:                                                                                 │
│    Storage Cost: 3952000 MIST                                                                     │
│    Computation Cost: 750000 MIST                                                                  │
│    Storage Rebate: 2633400 MIST                                                                   │
│    Non-refundable Storage Fee: 26600 MIST                                                         │
│                                                                                                   │
│ Transaction Dependencies:                                                                         │
│    3j9AJ67C7KuTZmTJDynkUAzoqndBqDT6wBNwFzbWbrS9                                                   │
│    49puDQZwHRnu7zYoARCjco1dFKMiK7LVSS8B5Si1yVdh                                                   │
╰───────────────────────────────────────────────────────────────────────────────────────────────────╯
╭─────────────────────────────╮
│ No transaction block events │
╰─────────────────────────────╯

╭────────────────────────────────────────────────────────────────────────────────────────────────────────────────────╮
│ Object Changes                                                                                                     │
├────────────────────────────────────────────────────────────────────────────────────────────────────────────────────┤
│ Created Objects:                                                                                                   │
│  ┌──                                                                                                               │
│  │ ObjectID: 0x4bd4b3d46fc17957013dc7d5735a8563a3c41425ebc3487f99c912e518792217                                    │
│  │ Sender: 0x540105a7d2f5f54a812c630f2996f1790ed0e60d1f9a870ce397f03e4cec9b38                                      │
│  │ Owner: Account Address ( 0x540105a7d2f5f54a812c630f2996f1790ed0e60d1f9a870ce397f03e4cec9b38 )                   │
│  │ ObjectType: 0x2::coin::Coin<0x5004eab7e42fd66ad3b7475632ae3070e9a4015f8f8976009e7e8637592e9d76::jp::JP>         │
│  │ Version: 415586837                                                                                              │
│  │ Digest: AGszFLa9RKJogYgT1qbJip2RhjYd3C9SGPqbbFpUmaG7                                                            │
│  └──                                                                                                               │
│ Mutated Objects:                                                                                                   │
│  ┌──                                                                                                               │
│  │ ObjectID: 0xd5d7d66c296d0980d3d355a61d6f3a33b94ae9d8520b741724fe22106ac2c40e                                    │
│  │ Sender: 0x540105a7d2f5f54a812c630f2996f1790ed0e60d1f9a870ce397f03e4cec9b38                                      │
│  │ Owner: Account Address ( 0x540105a7d2f5f54a812c630f2996f1790ed0e60d1f9a870ce397f03e4cec9b38 )                   │
│  │ ObjectType: 0x2::coin::Coin<0x2::sui::SUI>                                                                      │
│  │ Version: 415586837                                                                                              │
│  │ Digest: 6AWin51QVW3dhaDDLVBjRbB1PXGV2q4mEaoyQHbgnsST                                                            │
│  └──                                                                                                               │
│  ┌──                                                                                                               │
│  │ ObjectID: 0xdd789eee513521bcf04ad857aaa549e97017261bb7054fbf865a208a31c17d4b                                    │
│  │ Sender: 0x540105a7d2f5f54a812c630f2996f1790ed0e60d1f9a870ce397f03e4cec9b38                                      │
│  │ Owner: Shared( 415586836 )                                                                                      │
│  │ ObjectType: 0x2::coin::TreasuryCap<0x5004eab7e42fd66ad3b7475632ae3070e9a4015f8f8976009e7e8637592e9d76::jp::JP>  │
│  │ Version: 415586837                                                                                              │
│  │ Digest: EHLV4LzaYVV2dxnpX4DHhmpJB4cDUX33jTMGB3Gjqhxt                                                            │
│  └──                                                                                                               │
╰────────────────────────────────────────────────────────────────────────────────────────────────────────────────────╯
╭───────────────────────────────────────────────────────────────────────────────────────────────────╮
│ Balance Changes                                                                                   │
├───────────────────────────────────────────────────────────────────────────────────────────────────┤
│  ┌──                                                                                              │
│  │ Owner: Account Address ( 0x540105a7d2f5f54a812c630f2996f1790ed0e60d1f9a870ce397f03e4cec9b38 )  │
│  │ CoinType: 0x2::sui::SUI                                                                        │
│  │ Amount: -2068600                                                                               │
│  └──                                                                                              │
│  ┌──                                                                                              │
│  │ Owner: Account Address ( 0x540105a7d2f5f54a812c630f2996f1790ed0e60d1f9a870ce397f03e4cec9b38 )  │
│  │ CoinType: 0x5004eab7e42fd66ad3b7475632ae3070e9a4015f8f8976009e7e8637592e9d76::jp::JP           │
│  │ Amount: 8800000                                                                                │
│  └──                                                                                              │
╰───────────────────────────────────────────────────────────────────────────────────────────────────╯
ljl@ljl-i5-14400:~/work/sui/move-cn/letsmove/mover/nextuser/code/task2/coin_faucet$ sui client balance   $C_ADDR
[warn] Client/Server api version mismatch, client api version : 1.37.1, server api version : 1.36.2
╭──────────────────────────────────────────────╮
│ Balance of coins owned by this address       │
├──────────────────────────────────────────────┤
│ ╭──────────────────────────────────────────╮ │
│ │ coin          balance (raw)  balance     │ │
│ ├──────────────────────────────────────────┤ │
│ │ Sui           266840040      0.26 SUI    │ │
│ │ YEN of Japan  8800000        8.80M YEN   │ │
│ ╰──────────────────────────────────────────╯ │
╰──────────────────────────────────────────────╯

## FAUCET 2
╭──────────────────────────────────────────────────────────────────────────────────────────────────────────────╮
│ Transaction Data                                                                                             │
├──────────────────────────────────────────────────────────────────────────────────────────────────────────────┤
│ Sender: 0x7cbe5e6596e23266dd5763dd89b4ab1195516908ecde8febfe96685c7cbe6432                                   │
│ Gas Owner: 0x7cbe5e6596e23266dd5763dd89b4ab1195516908ecde8febfe96685c7cbe6432                                │
│ Gas Budget: 3796720 MIST                                                                                     │
│ Gas Price: 750 MIST                                                                                          │
│ Gas Payment:                                                                                                 │
│  ┌──                                                                                                         │
│  │ ID: 0xc78c9bf0d263ea91610e04cd31cb5fbe131db94416e6010098575829b10297bc                                    │
│  │ Version: 416420239                                                                                        │
│  │ Digest: tGkJgw6oYfiC1tqfvjDXTgJUVaRbhYfQhkBiVdaTcRB                                                       │
│  └──                                                                                                         │
│                                                                                                              │
│ Transaction Kind: Programmable                                                                               │
│ ╭──────────────────────────────────────────────────────────────────────────────────────────────────────────╮ │
│ │ Input Objects                                                                                            │ │
│ ├──────────────────────────────────────────────────────────────────────────────────────────────────────────┤ │
│ │ 0   Shared Object    ID: 0xdd789eee513521bcf04ad857aaa549e97017261bb7054fbf865a208a31c17d4b              │ │
│ │ 1   Pure Arg: Type: u64, Value: "7700000"                                                                │ │
│ │ 2   Pure Arg: Type: address, Value: "0x540105a7d2f5f54a812c630f2996f1790ed0e60d1f9a870ce397f03e4cec9b38" │ │
│ ╰──────────────────────────────────────────────────────────────────────────────────────────────────────────╯ │
│ ╭──────────────────────────────────────────────────────────────────────────────────╮                         │
│ │ Commands                                                                         │                         │
│ ├──────────────────────────────────────────────────────────────────────────────────┤                         │
│ │ 0  MoveCall:                                                                     │                         │
│ │  ┌                                                                               │                         │
│ │  │ Function:  mint_and_transfer                                                  │                         │
│ │  │ Module:    coin                                                               │                         │
│ │  │ Package:   0x0000000000000000000000000000000000000000000000000000000000000002 │                         │
│ │  │ Type Arguments:                                                               │                         │
│ │  │   0x5004eab7e42fd66ad3b7475632ae3070e9a4015f8f8976009e7e8637592e9d76::jp::JP  │                         │
│ │  │ Arguments:                                                                    │                         │
│ │  │   Input  0                                                                    │                         │
│ │  │   Input  1                                                                    │                         │
│ │  │   Input  2                                                                    │                         │
│ │  └                                                                               │                         │
│ ╰──────────────────────────────────────────────────────────────────────────────────╯                         │
│                                                                                                              │
│ Signatures:                                                                                                  │
│    XeqrYMSzP1Frm8q7VLoOSsPdWzKd5ieQQIl0Vm5UoKLEKZbNkcDWIA+RqeSPeuzSoszgErlRr9WBkdkLiO46Cg==                  │
│                                                                                                              │
╰──────────────────────────────────────────────────────────────────────────────────────────────────────────────╯
╭───────────────────────────────────────────────────────────────────────────────────────────────────╮
│ Transaction Effects                                                                               │
├───────────────────────────────────────────────────────────────────────────────────────────────────┤
│ Digest: 4S49DwS3ZkXKcQ7aTr4USyL9sowe9324CyM4riU7FcxB                                              │
│ Status: Success                                                                                   │
│ Executed Epoch: 583                                                                               │
│                                                                                                   │
│ Created Objects:                                                                                  │
│  ┌──                                                                                              │
│  │ ID: 0x7dd540dadf993cdc48300f0d6916d48fa49f433891699b2952c4472324de1143                         │
│  │ Owner: Account Address ( 0x540105a7d2f5f54a812c630f2996f1790ed0e60d1f9a870ce397f03e4cec9b38 )  │
│  │ Version: 416420240                                                                             │
│  │ Digest: DwxQv869J1xUBxKYw6odTpfnasNa4Fvfif82gSBC2s6m                                           │
│  └──                                                                                              │
│ Mutated Objects:                                                                                  │
│  ┌──                                                                                              │
│  │ ID: 0xc78c9bf0d263ea91610e04cd31cb5fbe131db94416e6010098575829b10297bc                         │
│  │ Owner: Account Address ( 0x7cbe5e6596e23266dd5763dd89b4ab1195516908ecde8febfe96685c7cbe6432 )  │
│  │ Version: 416420240                                                                             │
│  │ Digest: HXVBwd2VMHTpeTKkFQoPbECD15oe2Hs1C6hqpnxbvDGU                                           │
│  └──                                                                                              │
│  ┌──                                                                                              │
│  │ ID: 0xdd789eee513521bcf04ad857aaa549e97017261bb7054fbf865a208a31c17d4b                         │
│  │ Owner: Shared( 415586836 )                                                                     │
│  │ Version: 416420240                                                                             │
│  │ Digest: A1zdhnfZ663Xo8x54RLREDsfzhLAmtxmMUuUKAALibaL                                           │
│  └──                                                                                              │
│ Shared Objects:                                                                                   │
│  ┌──                                                                                              │
│  │ ID: 0xdd789eee513521bcf04ad857aaa549e97017261bb7054fbf865a208a31c17d4b                         │
│  │ Version: 415586837                                                                             │
│  │ Digest: EHLV4LzaYVV2dxnpX4DHhmpJB4cDUX33jTMGB3Gjqhxt                                           │
│  └──                                                                                              │
│ Gas Object:                                                                                       │
│  ┌──                                                                                              │
│  │ ID: 0xc78c9bf0d263ea91610e04cd31cb5fbe131db94416e6010098575829b10297bc                         │
│  │ Owner: Account Address ( 0x7cbe5e6596e23266dd5763dd89b4ab1195516908ecde8febfe96685c7cbe6432 )  │
│  │ Version: 416420240                                                                             │
│  │ Digest: HXVBwd2VMHTpeTKkFQoPbECD15oe2Hs1C6hqpnxbvDGU                                           │
│  └──                                                                                              │
│ Gas Cost Summary:                                                                                 │
│    Storage Cost: 3952000 MIST                                                                     │
│    Computation Cost: 750000 MIST                                                                  │
│    Storage Rebate: 2633400 MIST                                                                   │
│    Non-refundable Storage Fee: 26600 MIST                                                         │
│                                                                                                   │
│ Transaction Dependencies:                                                                         │
│    3Kr9F6gTat1vsVPoNsUZwFFpZNGHypH53EjTaUhejMig                                                   │
│    3j9AJ67C7KuTZmTJDynkUAzoqndBqDT6wBNwFzbWbrS9                                                   │
│    49puDQZwHRnu7zYoARCjco1dFKMiK7LVSS8B5Si1yVdh                                                   │
│    6wFAe3HwXUHzwfcVLK63KBXmv3vnr1XykRWN37gMUd4M                                                   │
╰───────────────────────────────────────────────────────────────────────────────────────────────────╯
╭─────────────────────────────╮
│ No transaction block events │
╰─────────────────────────────╯

╭────────────────────────────────────────────────────────────────────────────────────────────────────────────────────╮
│ Object Changes                                                                                                     │
├────────────────────────────────────────────────────────────────────────────────────────────────────────────────────┤
│ Created Objects:                                                                                                   │
│  ┌──                                                                                                               │
│  │ ObjectID: 0x7dd540dadf993cdc48300f0d6916d48fa49f433891699b2952c4472324de1143                                    │
│  │ Sender: 0x7cbe5e6596e23266dd5763dd89b4ab1195516908ecde8febfe96685c7cbe6432                                      │
│  │ Owner: Account Address ( 0x540105a7d2f5f54a812c630f2996f1790ed0e60d1f9a870ce397f03e4cec9b38 )                   │
│  │ ObjectType: 0x2::coin::Coin<0x5004eab7e42fd66ad3b7475632ae3070e9a4015f8f8976009e7e8637592e9d76::jp::JP>         │
│  │ Version: 416420240                                                                                              │
│  │ Digest: DwxQv869J1xUBxKYw6odTpfnasNa4Fvfif82gSBC2s6m                                                            │
│  └──                                                                                                               │
│ Mutated Objects:                                                                                                   │
│  ┌──                                                                                                               │
│  │ ObjectID: 0xc78c9bf0d263ea91610e04cd31cb5fbe131db94416e6010098575829b10297bc                                    │
│  │ Sender: 0x7cbe5e6596e23266dd5763dd89b4ab1195516908ecde8febfe96685c7cbe6432                                      │
│  │ Owner: Account Address ( 0x7cbe5e6596e23266dd5763dd89b4ab1195516908ecde8febfe96685c7cbe6432 )                   │
│  │ ObjectType: 0x2::coin::Coin<0x2::sui::SUI>                                                                      │
│  │ Version: 416420240                                                                                              │
│  │ Digest: HXVBwd2VMHTpeTKkFQoPbECD15oe2Hs1C6hqpnxbvDGU                                                            │
│  └──                                                                                                               │
│  ┌──                                                                                                               │
│  │ ObjectID: 0xdd789eee513521bcf04ad857aaa549e97017261bb7054fbf865a208a31c17d4b                                    │
│  │ Sender: 0x7cbe5e6596e23266dd5763dd89b4ab1195516908ecde8febfe96685c7cbe6432                                      │
│  │ Owner: Shared( 415586836 )                                                                                      │
│  │ ObjectType: 0x2::coin::TreasuryCap<0x5004eab7e42fd66ad3b7475632ae3070e9a4015f8f8976009e7e8637592e9d76::jp::JP>  │
│  │ Version: 416420240                                                                                              │
│  │ Digest: A1zdhnfZ663Xo8x54RLREDsfzhLAmtxmMUuUKAALibaL                                                            │
│  └──                                                                                                               │
╰────────────────────────────────────────────────────────────────────────────────────────────────────────────────────╯
╭───────────────────────────────────────────────────────────────────────────────────────────────────╮
│ Balance Changes                                                                                   │
├───────────────────────────────────────────────────────────────────────────────────────────────────┤
│  ┌──                                                                                              │
│  │ Owner: Account Address ( 0x540105a7d2f5f54a812c630f2996f1790ed0e60d1f9a870ce397f03e4cec9b38 )  │
│  │ CoinType: 0x5004eab7e42fd66ad3b7475632ae3070e9a4015f8f8976009e7e8637592e9d76::jp::JP           │
│  │ Amount: 7700000                                                                                │
│  └──                                                                                              │
│  ┌──                                                                                              │
│  │ Owner: Account Address ( 0x7cbe5e6596e23266dd5763dd89b4ab1195516908ecde8febfe96685c7cbe6432 )  │
│  │ CoinType: 0x2::sui::SUI                                                                        │
│  │ Amount: -2068600                                                                               │
│  └──                                                                                              │
╰───────────────────────────────────────────────────────────────────────────────────────────────────╯
