Transaction Digest: 9ag8kQTg5BJ5LKCiveF12e8LAZ64JbrdwZzRDEArSimn
╭─────────────────────────────────────────────────────────────────────────────────────────────────╮
│ Transaction Data                                                                                │
├─────────────────────────────────────────────────────────────────────────────────────────────────┤
│ Sender: 0xc63163862ecc6c4d97f877f33a9c86fad0fc0a2ce3f5cc59b21b73d28fba3e53                      │
│ Gas Owner: 0xc63163862ecc6c4d97f877f33a9c86fad0fc0a2ce3f5cc59b21b73d28fba3e53                   │
│ Gas Budget: 1500000 MIST                                                                        │
│ Gas Price: 750 MIST                                                                             │
│ Gas Payment:                                                                                    │
│  ┌──                                                                                            │
│  │ ID: 0xdf0c4d6d1906ebaae49bd06d909eb7afb1e5af9d6ed93aa7649ed5b5d56b5883                       │
│  │ Version: 410395996                                                                           │
│  │ Digest: HT5j39LAxmKyy3sFpdQtF9KTgHa1CoxQxM2HzfQZRWKm                                         │
│  └──                                                                                            │
│                                                                                                 │
│ Transaction Kind: Programmable                                                                  │
│ ╭─────────────────────────────────────────────────────────────────────────────────────────────╮ │
│ │ Input Objects                                                                               │ │
│ ├─────────────────────────────────────────────────────────────────────────────────────────────┤ │
│ │ 0   Imm/Owned Object ID: 0x514ad65bf217bad6b0acdca474ec0d8437650b58f2dfadb21bfe79dd85a077de │ │
│ │ 1   Shared Object    ID: 0x79e91b7f2c253964d258a011fe5c91570fecb3c6a515a97b59fede8eb108541c │ │
│ │ 2   Imm/Owned Object ID: 0x7bddd2957bb1a21a1f2f64bb7877ba82011a6c4d93685b2d3fce7abd4c5005d0 │ │
│ ╰─────────────────────────────────────────────────────────────────────────────────────────────╯ │
│ ╭──────────────────────────────────────────────────────────────────────────────────╮            │
│ │ Commands                                                                         │            │
│ ├──────────────────────────────────────────────────────────────────────────────────┤            │
│ │ 0  MoveCall:                                                                     │            │
│ │  ┌                                                                               │            │
│ │  │ Function:  deposit_balance_to_game                                            │            │
│ │  │ Module:    my_game                                                            │            │
│ │  │ Package:   0xc6a269283b5468f11507e20d6e984de8edfb5f2722c0670bb943a863e6fd47fb │            │
│ │  │ Arguments:                                                                    │            │
│ │  │   Input  0                                                                    │            │
│ │  │   Input  1                                                                    │            │
│ │  │   Input  2                                                                    │            │
│ │  └                                                                               │            │
│ ╰──────────────────────────────────────────────────────────────────────────────────╯            │
│                                                                                                 │
│ Signatures:                                                                                     │
│    owZpdqKHXQzMXBAyOYLID5xEu9j5RiVzLPPeKxmPjFlMeHpBxf7gUKaDb15vFJJORBN7ma9GCEbYTcAZ+w1Dlg==     │
│                                                                                                 │
╰─────────────────────────────────────────────────────────────────────────────────────────────────╯
╭───────────────────────────────────────────────────────────────────────────────────────────────────╮
│ Transaction Effects                                                                               │
├───────────────────────────────────────────────────────────────────────────────────────────────────┤
│ Digest: 9ag8kQTg5BJ5LKCiveF12e8LAZ64JbrdwZzRDEArSimn                                              │
│ Status: Success                                                                                   │
│ Executed Epoch: 598                                                                               │
│ Mutated Objects:                                                                                  │
│  ┌──                                                                                              │
│  │ ID: 0x514ad65bf217bad6b0acdca474ec0d8437650b58f2dfadb21bfe79dd85a077de                         │
│  │ Owner: Account Address ( 0xc63163862ecc6c4d97f877f33a9c86fad0fc0a2ce3f5cc59b21b73d28fba3e53 )  │
│  │ Version: 410395997                                                                             │
│  │ Digest: Enp7UkqyDLv9NbRCcRAfqWr7miR5so5FWoMzRmwsE66c                                           │
│  └──                                                                                              │
│  ┌──                                                                                              │
│  │ ID: 0x79e91b7f2c253964d258a011fe5c91570fecb3c6a515a97b59fede8eb108541c                         │
│  │ Owner: Shared( 410395994 )                                                                     │
│  │ Version: 410395997                                                                             │
│  │ Digest: 9FpxWe41XVdkAVbHKmE9SXXR4apx7ZDrHTQPKQa1sWEC                                           │
│  └──                                                                                              │
│  ┌──                                                                                              │
│  │ ID: 0xdf0c4d6d1906ebaae49bd06d909eb7afb1e5af9d6ed93aa7649ed5b5d56b5883                         │
│  │ Owner: Account Address ( 0xc63163862ecc6c4d97f877f33a9c86fad0fc0a2ce3f5cc59b21b73d28fba3e53 )  │
│  │ Version: 410395997                                                                             │
│  │ Digest: 5xuaVAyEDJykGTq1BLyXVQspoVy5EyiB9Acq7Rn51vby                                           │
│  └──                                                                                              │
│ Shared Objects:                                                                                   │
│  ┌──                                                                                              │
│  │ ID: 0x79e91b7f2c253964d258a011fe5c91570fecb3c6a515a97b59fede8eb108541c                         │
│  │ Version: 410395994                                                                             │
│  │ Digest: BhgjhJ8hA34Mk2f6WgNRBTWc3zdLhbRX46BqUfnsyXDv                                           │
│  └──                                                                                              │
│ Deleted Objects:                                                                                  │
│  ┌──                                                                                              │
│  │ ID: 0x7bddd2957bb1a21a1f2f64bb7877ba82011a6c4d93685b2d3fce7abd4c5005d0                         │
│  │ Version: 410395997                                                                             │
│  │ Digest: 7gyGAp71YXQRoxmFBaHxofQXAipvgHyBKPyxmdSJxyvz                                           │
│  └──                                                                                              │
│ Gas Object:                                                                                       │
│  ┌──                                                                                              │
│  │ ID: 0xdf0c4d6d1906ebaae49bd06d909eb7afb1e5af9d6ed93aa7649ed5b5d56b5883                         │
│  │ Owner: Account Address ( 0xc63163862ecc6c4d97f877f33a9c86fad0fc0a2ce3f5cc59b21b73d28fba3e53 )  │
│  │ Version: 410395997                                                                             │
│  │ Digest: 5xuaVAyEDJykGTq1BLyXVQspoVy5EyiB9Acq7Rn51vby                                           │
│  └──                                                                                              │
│ Gas Cost Summary:                                                                                 │
│    Storage Cost: 4035600 MIST                                                                     │
│    Computation Cost: 750000 MIST                                                                  │
│    Storage Rebate: 5409756 MIST                                                                   │
│    Non-refundable Storage Fee: 54644 MIST                                                         │
│                                                                                                   │
│ Transaction Dependencies:                                                                         │
│    5YphejPk4GKyFcxvEVmgpfnz436zYqpQQ9E18pCtiToq                                                   │
│    D9j9NiybapCJ9BpMhb9YhjoPt9aRribvoGt2rs9dnXaG                                                   │
│    DhWwrQvKN2ExqCPvaUoEvJ4GhCRsuGqwRYBBfSg9fkks                                                   │
╰───────────────────────────────────────────────────────────────────────────────────────────────────╯
╭─────────────────────────────╮
│ No transaction block events │
╰─────────────────────────────╯

╭───────────────────────────────────────────────────────────────────────────────────────────────────────────╮
│ Object Changes                                                                                            │
├───────────────────────────────────────────────────────────────────────────────────────────────────────────┤
│ Mutated Objects:                                                                                          │
│  ┌──                                                                                                      │
│  │ ObjectID: 0x514ad65bf217bad6b0acdca474ec0d8437650b58f2dfadb21bfe79dd85a077de                           │
│  │ Sender: 0xc63163862ecc6c4d97f877f33a9c86fad0fc0a2ce3f5cc59b21b73d28fba3e53                             │
│  │ Owner: Account Address ( 0xc63163862ecc6c4d97f877f33a9c86fad0fc0a2ce3f5cc59b21b73d28fba3e53 )          │
│  │ ObjectType: 0xc6a269283b5468f11507e20d6e984de8edfb5f2722c0670bb943a863e6fd47fb::my_game::GameAdminCap  │
│  │ Version: 410395997                                                                                     │
│  │ Digest: Enp7UkqyDLv9NbRCcRAfqWr7miR5so5FWoMzRmwsE66c                                                   │
│  └──                                                                                                      │
│  ┌──                                                                                                      │
│  │ ObjectID: 0x79e91b7f2c253964d258a011fe5c91570fecb3c6a515a97b59fede8eb108541c                           │
│  │ Sender: 0xc63163862ecc6c4d97f877f33a9c86fad0fc0a2ce3f5cc59b21b73d28fba3e53                             │
│  │ Owner: Shared( 410395994 )                                                                             │
│  │ ObjectType: 0xc6a269283b5468f11507e20d6e984de8edfb5f2722c0670bb943a863e6fd47fb::my_game::Game          │
│  │ Version: 410395997                                                                                     │
│  │ Digest: 9FpxWe41XVdkAVbHKmE9SXXR4apx7ZDrHTQPKQa1sWEC                                                   │
│  └──                                                                                                      │
│  ┌──                                                                                                      │
│  │ ObjectID: 0xdf0c4d6d1906ebaae49bd06d909eb7afb1e5af9d6ed93aa7649ed5b5d56b5883                           │
│  │ Sender: 0xc63163862ecc6c4d97f877f33a9c86fad0fc0a2ce3f5cc59b21b73d28fba3e53                             │
│  │ Owner: Account Address ( 0xc63163862ecc6c4d97f877f33a9c86fad0fc0a2ce3f5cc59b21b73d28fba3e53 )          │
│  │ ObjectType: 0x2::coin::Coin<0x2::sui::SUI>                                                             │
│  │ Version: 410395997                                                                                     │
│  │ Digest: 5xuaVAyEDJykGTq1BLyXVQspoVy5EyiB9Acq7Rn51vby                                                   │
│  └──                                                                                                      │
╰───────────────────────────────────────────────────────────────────────────────────────────────────────────╯
╭────────────────────────────────────────────────────────────────────────────────────────────────────────────╮
│ Balance Changes                                                                                            │
├────────────────────────────────────────────────────────────────────────────────────────────────────────────┤
│  ┌──                                                                                                       │
│  │ Owner: Account Address ( 0xc63163862ecc6c4d97f877f33a9c86fad0fc0a2ce3f5cc59b21b73d28fba3e53 )           │
│  │ CoinType: 0x2::sui::SUI                                                                                 │
│  │ Amount: 624156                                                                                          │
│  └──                                                                                                       │
│  ┌──                                                                                                       │
│  │ Owner: Account Address ( 0xc63163862ecc6c4d97f877f33a9c86fad0fc0a2ce3f5cc59b21b73d28fba3e53 )           │
│  │ CoinType: 0x388ecc0ef7261e40f7be055c723e4bf275d3eeb33eae3525e4b7096065b19b73::faucet_coin::FAUCET_COIN  │
│  │ Amount: -1000                                                                                           │
│  └──                                                                                                       │
╰────────────────────────────────────────────────────────────────────────────────────────────────────────────╯
