PS D:\myproject\letsmove\mover\poshitou\code\task4\my_game> sui client call `
>> --package  0x2 `
>> --module coin `
>> --function mint_and_transfer `
>> --type-args '0x388ecc0ef7261e40f7be055c723e4bf275d3eeb33eae3525e4b7096065b19b73::faucet_coin::FAUCET_COIN' `
>> --args 0xc1ecb008f20a5c4504545de9107057c2ce0674ca34ebf614ebed8e5a77772ccb 1000 0xc63163862ecc6c4d97f877f33a9c86fad0fc0a2ce3f5cc59b21b73d28fba3e53
[warn] Client/Server api version mismatch, client api version : 1.35.0, server api version : 1.37.3
Transaction Digest: D9j9NiybapCJ9BpMhb9YhjoPt9aRribvoGt2rs9dnXaG
╭──────────────────────────────────────────────────────────────────────────────────────────────────────────────╮
│ Transaction Data                                                                                             │
├──────────────────────────────────────────────────────────────────────────────────────────────────────────────┤
│ Sender: 0xc63163862ecc6c4d97f877f33a9c86fad0fc0a2ce3f5cc59b21b73d28fba3e53                                   │
│ Gas Owner: 0xc63163862ecc6c4d97f877f33a9c86fad0fc0a2ce3f5cc59b21b73d28fba3e53                                │
│ Gas Budget: 3934888 MIST                                                                                     │
│ Gas Price: 750 MIST                                                                                          │
│ Gas Payment:                                                                                                 │
│  ┌──                                                                                                         │
│  │ ID: 0xdf0c4d6d1906ebaae49bd06d909eb7afb1e5af9d6ed93aa7649ed5b5d56b5883                                    │
│  │ Version: 410395994                                                                                        │
│  │ Digest: 5znSvpLVEBq5vgLmw6gWfsS5evz6w44o2oL7cn75AqZy                                                      │
│  └──                                                                                                         │
│                                                                                                              │
│ Transaction Kind: Programmable                                                                               │
│ ╭──────────────────────────────────────────────────────────────────────────────────────────────────────────╮ │
│ │ Input Objects                                                                                            │ │
│ ├──────────────────────────────────────────────────────────────────────────────────────────────────────────┤ │
│ │ 0   Shared Object    ID: 0xc1ecb008f20a5c4504545de9107057c2ce0674ca34ebf614ebed8e5a77772ccb              │ │
│ │ 1   Pure Arg: Type: u64, Value: "1000"                                                                   │ │
│ │ 2   Pure Arg: Type: address, Value: "0xc63163862ecc6c4d97f877f33a9c86fad0fc0a2ce3f5cc59b21b73d28fba3e53" │ │
│ ╰──────────────────────────────────────────────────────────────────────────────────────────────────────────╯ │
│ ╭───────────────────────────────────────────────────────────────────────────────────────────────────╮        │
│ │ Commands                                                                                          │        │
│ ├───────────────────────────────────────────────────────────────────────────────────────────────────┤        │
│ │ 0  MoveCall:                                                                                      │        │
│ │  ┌                                                                                                │        │
│ │  │ Function:  mint_and_transfer                                                                   │        │
│ │  │ Module:    coin                                                                                │        │
│ │  │ Package:   0x0000000000000000000000000000000000000000000000000000000000000002                  │        │
│ │  │ Type Arguments:                                                                                │        │
│ │  │   0x388ecc0ef7261e40f7be055c723e4bf275d3eeb33eae3525e4b7096065b19b73::faucet_coin::FAUCET_COIN │        │
│ │  │ Arguments:                                                                                     │        │
│ │  │   Input  0                                                                                     │        │
│ │  │   Input  1                                                                                     │        │
│ │  │   Input  2                                                                                     │        │
│ │  └                                                                                                │        │
│ ╰───────────────────────────────────────────────────────────────────────────────────────────────────╯        │
│                                                                                                              │
│ Signatures:                                                                                                  │
│    sqcsx/DrqNpUCvxwK/o8iDbSIvm/kbp+dAGNcIFH8xkvWleVrgX6iLEcT7+ZSYcNRQ8tmscNAKMISed2czPNmA==                  │
│                                                                                                              │
╰──────────────────────────────────────────────────────────────────────────────────────────────────────────────╯
╭───────────────────────────────────────────────────────────────────────────────────────────────────╮
│ Transaction Effects                                                                               │
├───────────────────────────────────────────────────────────────────────────────────────────────────┤
│ Digest: D9j9NiybapCJ9BpMhb9YhjoPt9aRribvoGt2rs9dnXaG                                              │
│ Status: Success                                                                                   │
│ Executed Epoch: 598                                                                               │
│                                                                                                   │
│ Created Objects:                                                                                  │
│  ┌──                                                                                              │
│  │ ID: 0x7bddd2957bb1a21a1f2f64bb7877ba82011a6c4d93685b2d3fce7abd4c5005d0                         │
│  │ Owner: Account Address ( 0xc63163862ecc6c4d97f877f33a9c86fad0fc0a2ce3f5cc59b21b73d28fba3e53 )  │
│  │ Version: 410395995                                                                             │
│  │ Digest: 3VB3wQsfrENMynnsY6xTxbtGEyu9WyuvwU6G2b83deRu                                           │
│  └──                                                                                              │
│ Mutated Objects:                                                                                  │
│  ┌──                                                                                              │
│  │ ID: 0xc1ecb008f20a5c4504545de9107057c2ce0674ca34ebf614ebed8e5a77772ccb                         │
│  │ Owner: Shared( 410395976 )                                                                     │
│  │ Version: 410395995                                                                             │
│  │ Digest: 4aHykUc27ZX8GeheN4eKCUDDcHJAcdj5ErRYc96BPMd4                                           │
│  └──                                                                                              │
│  ┌──                                                                                              │
│  │ ID: 0xdf0c4d6d1906ebaae49bd06d909eb7afb1e5af9d6ed93aa7649ed5b5d56b5883                         │
│  │ Owner: Account Address ( 0xc63163862ecc6c4d97f877f33a9c86fad0fc0a2ce3f5cc59b21b73d28fba3e53 )  │
│  │ Version: 410395995                                                                             │
│  │ Digest: 5s3pfar4mB7dEeahiuBSLVvyGyUbduZ81jTuoWxA9qN4                                           │
│  └──                                                                                              │
│ Shared Objects:                                                                                   │
│  ┌──                                                                                              │
│  │ ID: 0xc1ecb008f20a5c4504545de9107057c2ce0674ca34ebf614ebed8e5a77772ccb                         │
│  │ Version: 410395991                                                                             │
│  │ Digest: Chnpv2S5sWvy19SdyBknBEqJqFDpfMUoQVn1o1Rrh9w7                                           │
│  └──                                                                                              │
│ Gas Object:                                                                                       │
│  ┌──                                                                                              │
│  │ ID: 0xdf0c4d6d1906ebaae49bd06d909eb7afb1e5af9d6ed93aa7649ed5b5d56b5883                         │
│  │ Owner: Account Address ( 0xc63163862ecc6c4d97f877f33a9c86fad0fc0a2ce3f5cc59b21b73d28fba3e53 )  │
│  │ Version: 410395995                                                                             │
│  │ Digest: 5s3pfar4mB7dEeahiuBSLVvyGyUbduZ81jTuoWxA9qN4                                           │
│  └──                                                                                              │
│ Gas Cost Summary:                                                                                 │
│    Storage Cost: 4225600 MIST                                                                     │
│    Computation Cost: 750000 MIST                                                                  │
│    Storage Rebate: 2768832 MIST                                                                   │
│    Non-refundable Storage Fee: 27968 MIST                                                         │
│                                                                                                   │
│ Transaction Dependencies:                                                                         │
│    4ueMWExEYyCMGDAAbRxfZ3B4JoYwPtSQr2p92z7srhRe                                                   │
│    DhWwrQvKN2ExqCPvaUoEvJ4GhCRsuGqwRYBBfSg9fkks                                                   │
│    ETC76GzPnLUNZpNFnU8bHHhL32dhns1KziN8A3kgx6XD                                                   │
│    FPQJirZF6XaBX9wcmQbPUPPX9CzbpymnF3c8vtnpHqWt                                                   │
╰───────────────────────────────────────────────────────────────────────────────────────────────────╯
╭─────────────────────────────╮
│ No transaction block events │
╰─────────────────────────────╯

╭──────────────────────────────────────────────────────────────────────────────────────────────────────────────────────────────────────╮
│ Object Changes                                                                                                                       │
├──────────────────────────────────────────────────────────────────────────────────────────────────────────────────────────────────────┤
│ Created Objects:                                                                                                                     │
│  ┌──                                                                                                                                 │
│  │ ObjectID: 0x7bddd2957bb1a21a1f2f64bb7877ba82011a6c4d93685b2d3fce7abd4c5005d0                                                      │
│  │ Sender: 0xc63163862ecc6c4d97f877f33a9c86fad0fc0a2ce3f5cc59b21b73d28fba3e53                                                        │
│  │ Owner: Account Address ( 0xc63163862ecc6c4d97f877f33a9c86fad0fc0a2ce3f5cc59b21b73d28fba3e53 )                                     │
│  │ ObjectType: 0x2::coin::Coin<0x388ecc0ef7261e40f7be055c723e4bf275d3eeb33eae3525e4b7096065b19b73::faucet_coin::FAUCET_COIN>         │
│  │ Version: 410395995                                                                                                                │
│  │ Digest: 3VB3wQsfrENMynnsY6xTxbtGEyu9WyuvwU6G2b83deRu                                                                              │
│  └──                                                                                                                                 │
│ Mutated Objects:                                                                                                                     │
│  ┌──                                                                                                                                 │
│  │ ObjectID: 0xc1ecb008f20a5c4504545de9107057c2ce0674ca34ebf614ebed8e5a77772ccb                                                      │
│  │ Sender: 0xc63163862ecc6c4d97f877f33a9c86fad0fc0a2ce3f5cc59b21b73d28fba3e53                                                        │
│  │ Owner: Shared( 410395976 )                                                                                                        │
│  │ ObjectType: 0x2::coin::TreasuryCap<0x388ecc0ef7261e40f7be055c723e4bf275d3eeb33eae3525e4b7096065b19b73::faucet_coin::FAUCET_COIN>  │
│  │ Version: 410395995                                                                                                                │
│  │ Digest: 4aHykUc27ZX8GeheN4eKCUDDcHJAcdj5ErRYc96BPMd4                                                                              │
│  └──                                                                                                                                 │
│  ┌──                                                                                                                                 │
│  │ ObjectID: 0xdf0c4d6d1906ebaae49bd06d909eb7afb1e5af9d6ed93aa7649ed5b5d56b5883                                                      │
│  │ Sender: 0xc63163862ecc6c4d97f877f33a9c86fad0fc0a2ce3f5cc59b21b73d28fba3e53                                                        │
│  │ Owner: Account Address ( 0xc63163862ecc6c4d97f877f33a9c86fad0fc0a2ce3f5cc59b21b73d28fba3e53 )                                     │
│  │ ObjectType: 0x2::coin::Coin<0x2::sui::SUI>                                                                                        │
│  │ Version: 410395995                                                                                                                │
│  │ Digest: 5s3pfar4mB7dEeahiuBSLVvyGyUbduZ81jTuoWxA9qN4                                                                              │
│  └──                                                                                                                                 │
╰──────────────────────────────────────────────────────────────────────────────────────────────────────────────────────────────────────╯
╭────────────────────────────────────────────────────────────────────────────────────────────────────────────╮
│ Balance Changes                                                                                            │
├────────────────────────────────────────────────────────────────────────────────────────────────────────────┤
│  ┌──                                                                                                       │
│  │ Owner: Account Address ( 0xc63163862ecc6c4d97f877f33a9c86fad0fc0a2ce3f5cc59b21b73d28fba3e53 )           │
│  │ CoinType: 0x2::sui::SUI                                                                                 │
│  │ Amount: -2206768                                                                                        │
│  └──                                                                                                       │
│  ┌──                                                                                                       │
│  │ Owner: Account Address ( 0xc63163862ecc6c4d97f877f33a9c86fad0fc0a2ce3f5cc59b21b73d28fba3e53 )           │
│  │ CoinType: 0x388ecc0ef7261e40f7be055c723e4bf275d3eeb33eae3525e4b7096065b19b73::faucet_coin::FAUCET_COIN  │
│  │ Amount: 1000                                                                                            │
│  └──                                                                                                       │
╰────────────────────────────────────────────────────────────────────────────────────────────────────────────╯
