Transaction Digest: 5YphejPk4GKyFcxvEVmgpfnz436zYqpQQ9E18pCtiToq
╭──────────────────────────────────────────────────────────────────────────────────────────────────────────────╮
│ Transaction Data                                                                                             │
├──────────────────────────────────────────────────────────────────────────────────────────────────────────────┤
│ Sender: 0xc63163862ecc6c4d97f877f33a9c86fad0fc0a2ce3f5cc59b21b73d28fba3e53                                   │
│ Gas Owner: 0xc63163862ecc6c4d97f877f33a9c86fad0fc0a2ce3f5cc59b21b73d28fba3e53                                │
│ Gas Budget: 3934888 MIST                                                                                     │
│ Gas Price: 750 MIST                                                                                          │
│ Gas Payment:                                                                                                 │
│  ┌──                                                                                                         │
│  │ ID: 0xdf0c4d6d1906ebaae49bd06d909eb7afb1e5af9d6ed93aa7649ed5b5d56b5883                                    │
│  │ Version: 410395995                                                                                        │
│  │ Digest: 5s3pfar4mB7dEeahiuBSLVvyGyUbduZ81jTuoWxA9qN4                                                      │
│  └──                                                                                                         │
│                                                                                                              │
│ Transaction Kind: Programmable                                                                               │
│ ╭──────────────────────────────────────────────────────────────────────────────────────────────────────────╮ │
│ │ Input Objects                                                                                            │ │
│ ├──────────────────────────────────────────────────────────────────────────────────────────────────────────┤ │
│ │ 0   Shared Object    ID: 0xc1ecb008f20a5c4504545de9107057c2ce0674ca34ebf614ebed8e5a77772ccb              │ │
│ │ 1   Pure Arg: Type: u64, Value: "100"                                                                    │ │
│ │ 2   Pure Arg: Type: address, Value: "0x2f06f8b1ed9d542fbd181914e57427a1ba49b4c2e75eb36e0753cf4b94465bb9" │ │
│ ╰──────────────────────────────────────────────────────────────────────────────────────────────────────────╯ │
│ ╭───────────────────────────────────────────────────────────────────────────────────────────────────╮        │
│ │ Commands                                                                                          │        │
│ ├───────────────────────────────────────────────────────────────────────────────────────────────────┤        │
│ │ 0  MoveCall:                                                                                      │        │
│ │  ┌                                                                                                │        │
│ │  │ Function:  mint_and_transfer                                                                   │        │
│ │  │ Module:    coin                                                                                │        │
│ │  │ Package:   0x0000000000000000000000000000000000000000000000000000000000000002                  │        │
│ │  │ Type Arguments:                                                                                │        │
│ │  │   0x388ecc0ef7261e40f7be055c723e4bf275d3eeb33eae3525e4b7096065b19b73::faucet_coin::FAUCET_COIN │        │
│ │  │ Arguments:                                                                                     │        │
│ │  │   Input  0                                                                                     │        │
│ │  │   Input  1                                                                                     │        │
│ │  │   Input  2                                                                                     │        │
│ │  └                                                                                                │        │
│ ╰───────────────────────────────────────────────────────────────────────────────────────────────────╯        │
│                                                                                                              │
│ Signatures:                                                                                                  │
│    4CWh2afii2oGuANr4m9Ut9OX/vtutMKtbwvZ0dP3nE1Z5VtLzW4rxzmJqVOU0EvjWIWKX6UxWGbJINKUsT+tjg==                  │
│                                                                                                              │
╰──────────────────────────────────────────────────────────────────────────────────────────────────────────────╯
╭───────────────────────────────────────────────────────────────────────────────────────────────────╮
│ Transaction Effects                                                                               │
├───────────────────────────────────────────────────────────────────────────────────────────────────┤
│ Digest: 5YphejPk4GKyFcxvEVmgpfnz436zYqpQQ9E18pCtiToq                                              │
│ Status: Success                                                                                   │
│ Executed Epoch: 598                                                                               │
│                                                                                                   │
│ Created Objects:                                                                                  │
│  ┌──                                                                                              │
│  │ ID: 0x1b1847f32e00ec1b1144023981d9282a4ca5676f677b01656b99ac8a98da1879                         │
│  │ Owner: Account Address ( 0x2f06f8b1ed9d542fbd181914e57427a1ba49b4c2e75eb36e0753cf4b94465bb9 )  │
│  │ Version: 410395996                                                                             │
│  │ Digest: De8VKwKhxNHkGttXHRqYA3zSNw6puNdQsrzwpcQuGy9M                                           │
│  └──                                                                                              │
│ Mutated Objects:                                                                                  │
│  ┌──                                                                                              │
│  │ ID: 0xc1ecb008f20a5c4504545de9107057c2ce0674ca34ebf614ebed8e5a77772ccb                         │
│  │ Owner: Shared( 410395976 )                                                                     │
│  │ Version: 410395996                                                                             │
│  │ Digest: f1NCkrJihQoc9CHYncwcNjnnJLPW2ZTMRxSBS4oxLBn                                            │
│  └──                                                                                              │
│  ┌──                                                                                              │
│  │ ID: 0xdf0c4d6d1906ebaae49bd06d909eb7afb1e5af9d6ed93aa7649ed5b5d56b5883                         │
│  │ Owner: Account Address ( 0xc63163862ecc6c4d97f877f33a9c86fad0fc0a2ce3f5cc59b21b73d28fba3e53 )  │
│  │ Version: 410395996                                                                             │
│  │ Digest: HT5j39LAxmKyy3sFpdQtF9KTgHa1CoxQxM2HzfQZRWKm                                           │
│  └──                                                                                              │
│ Shared Objects:                                                                                   │
│  ┌──                                                                                              │
│  │ ID: 0xc1ecb008f20a5c4504545de9107057c2ce0674ca34ebf614ebed8e5a77772ccb                         │
│  │ Version: 410395995                                                                             │
│  │ Digest: 4aHykUc27ZX8GeheN4eKCUDDcHJAcdj5ErRYc96BPMd4                                           │
│  └──                                                                                              │
│ Gas Object:                                                                                       │
│  ┌──                                                                                              │
│  │ ID: 0xdf0c4d6d1906ebaae49bd06d909eb7afb1e5af9d6ed93aa7649ed5b5d56b5883                         │
│  │ Owner: Account Address ( 0xc63163862ecc6c4d97f877f33a9c86fad0fc0a2ce3f5cc59b21b73d28fba3e53 )  │
│  │ Version: 410395996                                                                             │
│  │ Digest: HT5j39LAxmKyy3sFpdQtF9KTgHa1CoxQxM2HzfQZRWKm                                           │
│  └──                                                                                              │
│ Gas Cost Summary:                                                                                 │
│    Storage Cost: 4225600 MIST                                                                     │
│    Computation Cost: 750000 MIST                                                                  │
│    Storage Rebate: 2768832 MIST                                                                   │
│    Non-refundable Storage Fee: 27968 MIST                                                         │
│                                                                                                   │
│ Transaction Dependencies:                                                                         │
│    4ueMWExEYyCMGDAAbRxfZ3B4JoYwPtSQr2p92z7srhRe                                                   │
│    D9j9NiybapCJ9BpMhb9YhjoPt9aRribvoGt2rs9dnXaG                                                   │
│    FPQJirZF6XaBX9wcmQbPUPPX9CzbpymnF3c8vtnpHqWt                                                   │
╰───────────────────────────────────────────────────────────────────────────────────────────────────╯
╭─────────────────────────────╮
│ No transaction block events │
╰─────────────────────────────╯

╭──────────────────────────────────────────────────────────────────────────────────────────────────────────────────────────────────────╮
│ Object Changes                                                                                                                       │
├──────────────────────────────────────────────────────────────────────────────────────────────────────────────────────────────────────┤
│ Created Objects:                                                                                                                     │
│  ┌──                                                                                                                                 │
│  │ ObjectID: 0x1b1847f32e00ec1b1144023981d9282a4ca5676f677b01656b99ac8a98da1879                                                      │
│  │ Sender: 0xc63163862ecc6c4d97f877f33a9c86fad0fc0a2ce3f5cc59b21b73d28fba3e53                                                        │
│  │ Owner: Account Address ( 0x2f06f8b1ed9d542fbd181914e57427a1ba49b4c2e75eb36e0753cf4b94465bb9 )                                     │
│  │ ObjectType: 0x2::coin::Coin<0x388ecc0ef7261e40f7be055c723e4bf275d3eeb33eae3525e4b7096065b19b73::faucet_coin::FAUCET_COIN>         │
│  │ Version: 410395996                                                                                                                │
│  │ Digest: De8VKwKhxNHkGttXHRqYA3zSNw6puNdQsrzwpcQuGy9M                                                                              │
│  └──                                                                                                                                 │
│ Mutated Objects:                                                                                                                     │
│  ┌──                                                                                                                                 │
│  │ ObjectID: 0xc1ecb008f20a5c4504545de9107057c2ce0674ca34ebf614ebed8e5a77772ccb                                                      │
│  │ Sender: 0xc63163862ecc6c4d97f877f33a9c86fad0fc0a2ce3f5cc59b21b73d28fba3e53                                                        │
│  │ Owner: Shared( 410395976 )                                                                                                        │
│  │ ObjectType: 0x2::coin::TreasuryCap<0x388ecc0ef7261e40f7be055c723e4bf275d3eeb33eae3525e4b7096065b19b73::faucet_coin::FAUCET_COIN>  │
│  │ Version: 410395996                                                                                                                │
│  │ Digest: f1NCkrJihQoc9CHYncwcNjnnJLPW2ZTMRxSBS4oxLBn                                                                               │
│  └──                                                                                                                                 │
│  ┌──                                                                                                                                 │
│  │ ObjectID: 0xdf0c4d6d1906ebaae49bd06d909eb7afb1e5af9d6ed93aa7649ed5b5d56b5883                                                      │
│  │ Sender: 0xc63163862ecc6c4d97f877f33a9c86fad0fc0a2ce3f5cc59b21b73d28fba3e53                                                        │
│  │ Owner: Account Address ( 0xc63163862ecc6c4d97f877f33a9c86fad0fc0a2ce3f5cc59b21b73d28fba3e53 )                                     │
│  │ ObjectType: 0x2::coin::Coin<0x2::sui::SUI>                                                                                        │
│  │ Version: 410395996                                                                                                                │
│  │ Digest: HT5j39LAxmKyy3sFpdQtF9KTgHa1CoxQxM2HzfQZRWKm                                                                              │
│  └──                                                                                                                                 │
╰──────────────────────────────────────────────────────────────────────────────────────────────────────────────────────────────────────╯
╭────────────────────────────────────────────────────────────────────────────────────────────────────────────╮
│ Balance Changes                                                                                            │
├────────────────────────────────────────────────────────────────────────────────────────────────────────────┤
│  ┌──                                                                                                       │
│  │ Owner: Account Address ( 0x2f06f8b1ed9d542fbd181914e57427a1ba49b4c2e75eb36e0753cf4b94465bb9 )           │
│  │ CoinType: 0x388ecc0ef7261e40f7be055c723e4bf275d3eeb33eae3525e4b7096065b19b73::faucet_coin::FAUCET_COIN  │
│  │ Amount: 100                                                                                             │
│  └──                                                                                                       │
│  ┌──                                                                                                       │
│  │ Owner: Account Address ( 0xc63163862ecc6c4d97f877f33a9c86fad0fc0a2ce3f5cc59b21b73d28fba3e53 )           │
│  │ CoinType: 0x2::sui::SUI                                                                                 │
│  │ Amount: -2206768                                                                                        │
│  └──                                                                                                       │
╰────────────────────────────────────────────────────────────────────────────────────────────────────────────╯
