Transaction Digest: E5o3oGtiRAfkrhuhCYzisSiLSxiA1ok2hgNqRhDf3p35
╭─────────────────────────────────────────────────────────────────────────────────────────────────╮
│ Transaction Data                                                                                │
├─────────────────────────────────────────────────────────────────────────────────────────────────┤
│ Sender: 0x2f06f8b1ed9d542fbd181914e57427a1ba49b4c2e75eb36e0753cf4b94465bb9                      │
│ Gas Owner: 0x2f06f8b1ed9d542fbd181914e57427a1ba49b4c2e75eb36e0753cf4b94465bb9                   │
│ Gas Budget: 2519388 MIST                                                                        │
│ Gas Price: 750 MIST                                                                             │
│ Gas Payment:                                                                                    │
│  ┌──                                                                                            │
│  │ ID: 0x0a1b2714b887c1710862581369689d7e0ecb008a8474a6470a87341532c91ea0                       │
│  │ Version: 410395991                                                                           │
│  │ Digest: CBNru4bFYdZ817PknYmA2FHZYoC7ny4dvVq96oL1QNma                                         │
│  └──                                                                                            │
│                                                                                                 │
│ Transaction Kind: Programmable                                                                  │
│ ╭─────────────────────────────────────────────────────────────────────────────────────────────╮ │
│ │ Input Objects                                                                               │ │
│ ├─────────────────────────────────────────────────────────────────────────────────────────────┤ │
│ │ 0   Imm/Owned Object ID: 0x1b1847f32e00ec1b1144023981d9282a4ca5676f677b01656b99ac8a98da1879 │ │
│ │ 1   Shared Object    ID: 0x79e91b7f2c253964d258a011fe5c91570fecb3c6a515a97b59fede8eb108541c │ │
│ │ 2   Shared Object    ID: 0x0000000000000000000000000000000000000000000000000000000000000008 │ │
│ ╰─────────────────────────────────────────────────────────────────────────────────────────────╯ │
│ ╭──────────────────────────────────────────────────────────────────────────────────╮            │
│ │ Commands                                                                         │            │
│ ├──────────────────────────────────────────────────────────────────────────────────┤            │
│ │ 0  MoveCall:                                                                     │            │
│ │  ┌                                                                               │            │
│ │  │ Function:  play                                                               │            │
│ │  │ Module:    my_game                                                            │            │
│ │  │ Package:   0xc6a269283b5468f11507e20d6e984de8edfb5f2722c0670bb943a863e6fd47fb │            │
│ │  │ Arguments:                                                                    │            │
│ │  │   Input  0                                                                    │            │
│ │  │   Input  1                                                                    │            │
│ │  │   Input  2                                                                    │            │
│ │  └                                                                               │            │
│ ╰──────────────────────────────────────────────────────────────────────────────────╯            │
│                                                                                                 │
│ Signatures:                                                                                     │
│    KvB66TbGDBv1eaIGf6fCa27E4TBxpuLWwgitrjv0uK9T1L/XphgDZmQ6hyZL8CZAwUKRDXgYZxZcWtOXV6W1qA==     │
│                                                                                                 │
╰─────────────────────────────────────────────────────────────────────────────────────────────────╯
╭───────────────────────────────────────────────────────────────────────────────────────────────────╮
│ Transaction Effects                                                                               │
├───────────────────────────────────────────────────────────────────────────────────────────────────┤
│ Digest: E5o3oGtiRAfkrhuhCYzisSiLSxiA1ok2hgNqRhDf3p35                                              │
│ Status: Success                                                                                   │
│ Executed Epoch: 598                                                                               │
│ Mutated Objects:                                                                                  │
│  ┌──                                                                                              │
│  │ ID: 0x0a1b2714b887c1710862581369689d7e0ecb008a8474a6470a87341532c91ea0                         │
│  │ Owner: Account Address ( 0x2f06f8b1ed9d542fbd181914e57427a1ba49b4c2e75eb36e0753cf4b94465bb9 )  │
│  │ Version: 410395998                                                                             │
│  │ Digest: G1A1RXxCVwRkv3y6RcWmgie6GJTNVVTz5QEyKup37aws                                           │
│  └──                                                                                              │
│  ┌──                                                                                              │
│  │ ID: 0x1b1847f32e00ec1b1144023981d9282a4ca5676f677b01656b99ac8a98da1879                         │
│  │ Owner: Account Address ( 0x2f06f8b1ed9d542fbd181914e57427a1ba49b4c2e75eb36e0753cf4b94465bb9 )  │
│  │ Version: 410395998                                                                             │
│  │ Digest: HtEH1sAeizfdMDjK864XXsDXw6pTr3kjftmpWkQjY1BD                                           │
│  └──                                                                                              │
│  ┌──                                                                                              │
│  │ ID: 0x79e91b7f2c253964d258a011fe5c91570fecb3c6a515a97b59fede8eb108541c                         │
│  │ Owner: Shared( 410395994 )                                                                     │
│  │ Version: 410395998                                                                             │
│  │ Digest: Ad9vCcKAjnnTDny8y2xnei21u9XdT9vyoexsXRe62W6M                                           │
│  └──                                                                                              │
│ Shared Objects:                                                                                   │
│  ┌──                                                                                              │
│  │ ID: 0x79e91b7f2c253964d258a011fe5c91570fecb3c6a515a97b59fede8eb108541c                         │
│  │ Version: 410395997                                                                             │
│  │ Digest: 9FpxWe41XVdkAVbHKmE9SXXR4apx7ZDrHTQPKQa1sWEC                                           │
│  └──                                                                                              │
│  ┌──                                                                                              │
│  │ ID: 0x0000000000000000000000000000000000000000000000000000000000000008                         │
│  │ Version: 342029767                                                                             │
│  │ Digest: FnGBnUJrxHhmMBkbfW66z7MgHzv7XXjMEepaoQP8o7yR                                           │
│  └──                                                                                              │
│ Gas Object:                                                                                       │
│  ┌──                                                                                              │
│  │ ID: 0x0a1b2714b887c1710862581369689d7e0ecb008a8474a6470a87341532c91ea0                         │
│  │ Owner: Account Address ( 0x2f06f8b1ed9d542fbd181914e57427a1ba49b4c2e75eb36e0753cf4b94465bb9 )  │
│  │ Version: 410395998                                                                             │
│  │ Digest: G1A1RXxCVwRkv3y6RcWmgie6GJTNVVTz5QEyKup37aws                                           │
│  └──                                                                                              │
│ Gas Cost Summary:                                                                                 │
│    Storage Cost: 4126800 MIST                                                                     │
│    Computation Cost: 750000 MIST                                                                  │
│    Storage Rebate: 4085532 MIST                                                                   │
│    Non-refundable Storage Fee: 41268 MIST                                                         │
│                                                                                                   │
│ Transaction Dependencies:                                                                         │
│    5YphejPk4GKyFcxvEVmgpfnz436zYqpQQ9E18pCtiToq                                                   │
│    9ag8kQTg5BJ5LKCiveF12e8LAZ64JbrdwZzRDEArSimn                                                   │
│    DhWwrQvKN2ExqCPvaUoEvJ4GhCRsuGqwRYBBfSg9fkks                                                   │
│    ETC76GzPnLUNZpNFnU8bHHhL32dhns1KziN8A3kgx6XD                                                   │
│    F6fxDczFcAH1qKeVfqs9phdHUTVCzXc79HZoyRT9eWW8                                                   │
╰───────────────────────────────────────────────────────────────────────────────────────────────────╯
╭─────────────────────────────╮
│ No transaction block events │
╰─────────────────────────────╯

╭───────────────────────────────────────────────────────────────────────────────────────────────────────────────────────────────╮
│ Object Changes                                                                                                                │
├───────────────────────────────────────────────────────────────────────────────────────────────────────────────────────────────┤
│ Mutated Objects:                                                                                                              │
│  ┌──                                                                                                                          │
│  │ ObjectID: 0x0a1b2714b887c1710862581369689d7e0ecb008a8474a6470a87341532c91ea0                                               │
│  │ Sender: 0x2f06f8b1ed9d542fbd181914e57427a1ba49b4c2e75eb36e0753cf4b94465bb9                                                 │
│  │ Owner: Account Address ( 0x2f06f8b1ed9d542fbd181914e57427a1ba49b4c2e75eb36e0753cf4b94465bb9 )                              │
│  │ ObjectType: 0x2::coin::Coin<0x2::sui::SUI>                                                                                 │
│  │ Version: 410395998                                                                                                         │
│  │ Digest: G1A1RXxCVwRkv3y6RcWmgie6GJTNVVTz5QEyKup37aws                                                                       │
│  └──                                                                                                                          │
│  ┌──                                                                                                                          │
│  │ ObjectID: 0x1b1847f32e00ec1b1144023981d9282a4ca5676f677b01656b99ac8a98da1879                                               │
│  │ Sender: 0x2f06f8b1ed9d542fbd181914e57427a1ba49b4c2e75eb36e0753cf4b94465bb9                                                 │
│  │ Owner: Account Address ( 0x2f06f8b1ed9d542fbd181914e57427a1ba49b4c2e75eb36e0753cf4b94465bb9 )                              │
│  │ ObjectType: 0x2::coin::Coin<0x388ecc0ef7261e40f7be055c723e4bf275d3eeb33eae3525e4b7096065b19b73::faucet_coin::FAUCET_COIN>  │
│  │ Version: 410395998                                                                                                         │
│  │ Digest: HtEH1sAeizfdMDjK864XXsDXw6pTr3kjftmpWkQjY1BD                                                                       │
│  └──                                                                                                                          │
│  ┌──                                                                                                                          │
│  │ ObjectID: 0x79e91b7f2c253964d258a011fe5c91570fecb3c6a515a97b59fede8eb108541c                                               │
│  │ Sender: 0x2f06f8b1ed9d542fbd181914e57427a1ba49b4c2e75eb36e0753cf4b94465bb9                                                 │
│  │ Owner: Shared( 410395994 )                                                                                                 │
│  │ ObjectType: 0xc6a269283b5468f11507e20d6e984de8edfb5f2722c0670bb943a863e6fd47fb::my_game::Game                              │
│  │ Version: 410395998                                                                                                         │
│  │ Digest: Ad9vCcKAjnnTDny8y2xnei21u9XdT9vyoexsXRe62W6M                                                                       │
│  └──                                                                                                                          │
╰───────────────────────────────────────────────────────────────────────────────────────────────────────────────────────────────╯
╭────────────────────────────────────────────────────────────────────────────────────────────────────────────╮
│ Balance Changes                                                                                            │
├────────────────────────────────────────────────────────────────────────────────────────────────────────────┤
│  ┌──                                                                                                       │
│  │ Owner: Account Address ( 0x2f06f8b1ed9d542fbd181914e57427a1ba49b4c2e75eb36e0753cf4b94465bb9 )           │
│  │ CoinType: 0x2::sui::SUI                                                                                 │
│  │ Amount: -791268                                                                                         │
│  └──                                                                                                       │
│  ┌──                                                                                                       │
│  │ Owner: Account Address ( 0x2f06f8b1ed9d542fbd181914e57427a1ba49b4c2e75eb36e0753cf4b94465bb9 )           │
│  │ CoinType: 0x388ecc0ef7261e40f7be055c723e4bf275d3eeb33eae3525e4b7096065b19b73::faucet_coin::FAUCET_COIN  │
│  │ Amount: -100                                                                                            │
│  └──                                                                                                       │
╰────────────────────────────────────────────────────────────────────────────────────────────────────────────╯
