Successfully verified dependencies on-chain against source.
Transaction Digest: DhWwrQvKN2ExqCPvaUoEvJ4GhCRsuGqwRYBBfSg9fkks
╭──────────────────────────────────────────────────────────────────────────────────────────────────────────────╮
│ Transaction Data                                                                                             │
├──────────────────────────────────────────────────────────────────────────────────────────────────────────────┤
│ Sender: 0xc63163862ecc6c4d97f877f33a9c86fad0fc0a2ce3f5cc59b21b73d28fba3e53                                   │
│ Gas Owner: 0xc63163862ecc6c4d97f877f33a9c86fad0fc0a2ce3f5cc59b21b73d28fba3e53                                │
│ Gas Budget: 20340400 MIST                                                                                    │
│ Gas Price: 750 MIST                                                                                          │
│ Gas Payment:                                                                                                 │
│  ┌──                                                                                                         │
│  │ ID: 0xdf0c4d6d1906ebaae49bd06d909eb7afb1e5af9d6ed93aa7649ed5b5d56b5883                                    │
│  │ Version: 410395993                                                                                        │
│  │ Digest: 37JaBMJgLKyovRPjRTkKd1ficX97TA4KV2VH3GCHgeLC                                                      │
│  └──                                                                                                         │
│                                                                                                              │
│ Transaction Kind: Programmable                                                                               │
│ ╭──────────────────────────────────────────────────────────────────────────────────────────────────────────╮ │
│ │ Input Objects                                                                                            │ │
│ ├──────────────────────────────────────────────────────────────────────────────────────────────────────────┤ │
│ │ 0   Pure Arg: Type: address, Value: "0xc63163862ecc6c4d97f877f33a9c86fad0fc0a2ce3f5cc59b21b73d28fba3e53" │ │
│ ╰──────────────────────────────────────────────────────────────────────────────────────────────────────────╯ │
│ ╭─────────────────────────────────────────────────────────────────────────╮                                  │
│ │ Commands                                                                │                                  │
│ ├─────────────────────────────────────────────────────────────────────────┤                                  │
│ │ 0  Publish:                                                             │                                  │
│ │  ┌                                                                      │                                  │
│ │  │ Dependencies:                                                        │                                  │
│ │  │   0x0000000000000000000000000000000000000000000000000000000000000001 │                                  │
│ │  │   0x0000000000000000000000000000000000000000000000000000000000000002 │                                  │
│ │  │   0x388ecc0ef7261e40f7be055c723e4bf275d3eeb33eae3525e4b7096065b19b73 │                                  │
│ │  └                                                                      │                                  │
│ │                                                                         │                                  │
│ │ 1  TransferObjects:                                                     │                                  │
│ │  ┌                                                                      │                                  │
│ │  │ Arguments:                                                           │                                  │
│ │  │   Result 0                                                           │                                  │
│ │  │ Address: Input  0                                                    │                                  │
│ │  └                                                                      │                                  │
│ ╰─────────────────────────────────────────────────────────────────────────╯                                  │
│                                                                                                              │
│ Signatures:                                                                                                  │
│    Np2ZFS144G5RiPZe7bVSoGxngZLfLTDGioG9SXVNoqUzS9v5XgITArUJgWSlInPFDBzTpVKTf/U34QI5ROrNrg==                  │
│                                                                                                              │
╰──────────────────────────────────────────────────────────────────────────────────────────────────────────────╯
╭───────────────────────────────────────────────────────────────────────────────────────────────────╮
│ Transaction Effects                                                                               │
├───────────────────────────────────────────────────────────────────────────────────────────────────┤
│ Digest: DhWwrQvKN2ExqCPvaUoEvJ4GhCRsuGqwRYBBfSg9fkks                                              │
│ Status: Success                                                                                   │
│ Executed Epoch: 598                                                                               │
│                                                                                                   │
│ Created Objects:                                                                                  │
│  ┌──                                                                                              │
│  │ ID: 0x514ad65bf217bad6b0acdca474ec0d8437650b58f2dfadb21bfe79dd85a077de                         │
│  │ Owner: Account Address ( 0xc63163862ecc6c4d97f877f33a9c86fad0fc0a2ce3f5cc59b21b73d28fba3e53 )  │
│  │ Version: 410395994                                                                             │
│  │ Digest: 144iUDvswJgGCe32hzcTiSrTbpHwxcugDyCkwAYrv7bk                                           │
│  └──                                                                                              │
│  ┌──                                                                                              │
│  │ ID: 0x79e91b7f2c253964d258a011fe5c91570fecb3c6a515a97b59fede8eb108541c                         │
│  │ Owner: Shared( 410395994 )                                                                     │
│  │ Version: 410395994                                                                             │
│  │ Digest: BhgjhJ8hA34Mk2f6WgNRBTWc3zdLhbRX46BqUfnsyXDv                                           │
│  └──                                                                                              │
│  ┌──                                                                                              │
│  │ ID: 0xc6a269283b5468f11507e20d6e984de8edfb5f2722c0670bb943a863e6fd47fb                         │
│  │ Owner: Immutable                                                                               │
│  │ Version: 1                                                                                     │
│  │ Digest: Hq2KgVn4TiFViDSMDpTo9DZDSWUmUZNYf2JNiHrUJ7qh                                           │
│  └──                                                                                              │
│  ┌──                                                                                              │
│  │ ID: 0xe2c56763f284de1818466c7865efc5b1290cc82d75cc298f2c3b53ac8d57d860                         │
│  │ Owner: Account Address ( 0xc63163862ecc6c4d97f877f33a9c86fad0fc0a2ce3f5cc59b21b73d28fba3e53 )  │
│  │ Version: 410395994                                                                             │
│  │ Digest: CS1HhEwJXweHAH6nuLToKrea1RZEvgqkkTdkrjxq3FPJ                                           │
│  └──                                                                                              │
│ Mutated Objects:                                                                                  │
│  ┌──                                                                                              │
│  │ ID: 0xdf0c4d6d1906ebaae49bd06d909eb7afb1e5af9d6ed93aa7649ed5b5d56b5883                         │
│  │ Owner: Account Address ( 0xc63163862ecc6c4d97f877f33a9c86fad0fc0a2ce3f5cc59b21b73d28fba3e53 )  │
│  │ Version: 410395994                                                                             │
│  │ Digest: 5znSvpLVEBq5vgLmw6gWfsS5evz6w44o2oL7cn75AqZy                                           │
│  └──                                                                                              │
│ Gas Object:                                                                                       │
│  ┌──                                                                                              │
│  │ ID: 0xdf0c4d6d1906ebaae49bd06d909eb7afb1e5af9d6ed93aa7649ed5b5d56b5883                         │
│  │ Owner: Account Address ( 0xc63163862ecc6c4d97f877f33a9c86fad0fc0a2ce3f5cc59b21b73d28fba3e53 )  │
│  │ Version: 410395994                                                                             │
│  │ Digest: 5znSvpLVEBq5vgLmw6gWfsS5evz6w44o2oL7cn75AqZy                                           │
│  └──                                                                                              │
│ Gas Cost Summary:                                                                                 │
│    Storage Cost: 18840400 MIST                                                                    │
│    Computation Cost: 750000 MIST                                                                  │
│    Storage Rebate: 978120 MIST                                                                    │
│    Non-refundable Storage Fee: 9880 MIST                                                          │
│                                                                                                   │
│ Transaction Dependencies:                                                                         │
│    4ueMWExEYyCMGDAAbRxfZ3B4JoYwPtSQr2p92z7srhRe                                                   │
│    9R5NscTzYwQ4tfejMDAATQUqmQwUJ7WbKw2m4amjjdeL                                                   │
│    FPQJirZF6XaBX9wcmQbPUPPX9CzbpymnF3c8vtnpHqWt                                                   │
╰───────────────────────────────────────────────────────────────────────────────────────────────────╯
╭─────────────────────────────╮
│ No transaction block events │
╰─────────────────────────────╯

╭───────────────────────────────────────────────────────────────────────────────────────────────────────────╮
│ Object Changes                                                                                            │
├───────────────────────────────────────────────────────────────────────────────────────────────────────────┤
│ Created Objects:                                                                                          │
│  ┌──                                                                                                      │
│  │ ObjectID: 0x514ad65bf217bad6b0acdca474ec0d8437650b58f2dfadb21bfe79dd85a077de                           │
│  │ Sender: 0xc63163862ecc6c4d97f877f33a9c86fad0fc0a2ce3f5cc59b21b73d28fba3e53                             │
│  │ Owner: Account Address ( 0xc63163862ecc6c4d97f877f33a9c86fad0fc0a2ce3f5cc59b21b73d28fba3e53 )          │
│  │ ObjectType: 0xc6a269283b5468f11507e20d6e984de8edfb5f2722c0670bb943a863e6fd47fb::my_game::GameAdminCap  │
│  │ Version: 410395994                                                                                     │
│  │ Digest: 144iUDvswJgGCe32hzcTiSrTbpHwxcugDyCkwAYrv7bk                                                   │
│  └──                                                                                                      │
│  ┌──                                                                                                      │
│  │ ObjectID: 0x79e91b7f2c253964d258a011fe5c91570fecb3c6a515a97b59fede8eb108541c                           │
│  │ Sender: 0xc63163862ecc6c4d97f877f33a9c86fad0fc0a2ce3f5cc59b21b73d28fba3e53                             │
│  │ Owner: Shared( 410395994 )                                                                             │
│  │ ObjectType: 0xc6a269283b5468f11507e20d6e984de8edfb5f2722c0670bb943a863e6fd47fb::my_game::Game          │
│  │ Version: 410395994                                                                                     │
│  │ Digest: BhgjhJ8hA34Mk2f6WgNRBTWc3zdLhbRX46BqUfnsyXDv                                                   │
│  └──                                                                                                      │
│  ┌──                                                                                                      │
│  │ ObjectID: 0xe2c56763f284de1818466c7865efc5b1290cc82d75cc298f2c3b53ac8d57d860                           │
│  │ Sender: 0xc63163862ecc6c4d97f877f33a9c86fad0fc0a2ce3f5cc59b21b73d28fba3e53                             │
│  │ Owner: Account Address ( 0xc63163862ecc6c4d97f877f33a9c86fad0fc0a2ce3f5cc59b21b73d28fba3e53 )          │
│  │ ObjectType: 0x2::package::UpgradeCap                                                                   │
│  │ Version: 410395994                                                                                     │
│  │ Digest: CS1HhEwJXweHAH6nuLToKrea1RZEvgqkkTdkrjxq3FPJ                                                   │
│  └──                                                                                                      │
│ Mutated Objects:                                                                                          │
│  ┌──                                                                                                      │
│  │ ObjectID: 0xdf0c4d6d1906ebaae49bd06d909eb7afb1e5af9d6ed93aa7649ed5b5d56b5883                           │
│  │ Sender: 0xc63163862ecc6c4d97f877f33a9c86fad0fc0a2ce3f5cc59b21b73d28fba3e53                             │
│  │ Owner: Account Address ( 0xc63163862ecc6c4d97f877f33a9c86fad0fc0a2ce3f5cc59b21b73d28fba3e53 )          │
│  │ ObjectType: 0x2::coin::Coin<0x2::sui::SUI>                                                             │
│  │ Version: 410395994                                                                                     │
│  │ Digest: 5znSvpLVEBq5vgLmw6gWfsS5evz6w44o2oL7cn75AqZy                                                   │
│  └──                                                                                                      │
│ Published Objects:                                                                                        │
│  ┌──                                                                                                      │
│  │ PackageID: 0xc6a269283b5468f11507e20d6e984de8edfb5f2722c0670bb943a863e6fd47fb                          │
│  │ Version: 1                                                                                             │
│  │ Digest: Hq2KgVn4TiFViDSMDpTo9DZDSWUmUZNYf2JNiHrUJ7qh                                                   │
│  │ Modules: my_game                                                                                       │
│  └──                                                                                                      │
╰───────────────────────────────────────────────────────────────────────────────────────────────────────────╯
╭───────────────────────────────────────────────────────────────────────────────────────────────────╮
│ Balance Changes                                                                                   │
├───────────────────────────────────────────────────────────────────────────────────────────────────┤
│  ┌──                                                                                              │
│  │ Owner: Account Address ( 0xc63163862ecc6c4d97f877f33a9c86fad0fc0a2ce3f5cc59b21b73d28fba3e53 )  │
│  │ CoinType: 0x2::sui::SUI                                                                        │
│  │ Amount: -18612280                                                                              │
│  └──                                                                                              │
╰───────────────────────────────────────────────────────────────────────────────────────────────────╯
