Transaction Digest: 6aRYR46CJwwd2Wksq4J7Vwf4ot8xxqgp1QAwp4fccpxW
╭─────────────────────────────────────────────────────────────────────────────────────────────────╮
│ Transaction Data                                                                                │
├─────────────────────────────────────────────────────────────────────────────────────────────────┤
│ Sender: 0xc63163862ecc6c4d97f877f33a9c86fad0fc0a2ce3f5cc59b21b73d28fba3e53                      │
│ Gas Owner: 0xc63163862ecc6c4d97f877f33a9c86fad0fc0a2ce3f5cc59b21b73d28fba3e53                   │
│ Gas Budget: 10000000 MIST                                                                       │
│ Gas Price: 750 MIST                                                                             │
│ Gas Payment:                                                                                    │
│  ┌──                                                                                            │
│  │ ID: 0x1a13cfb2175f1d8f603fb9d3b17d656cf5d9175502f643ac743443d351502ded                       │
│  │ Version: 435202757                                                                           │
│  │ Digest: 4y33HRLozvFus925bbEQQiL2i1FjHVkVAc8ZCWTag2pR                                         │
│  └──                                                                                            │
│                                                                                                 │
│ Transaction Kind: Programmable                                                                  │
│ ╭─────────────────────────────────────────────────────────────────────────────────────────────╮ │
│ │ Input Objects                                                                               │ │
│ ├─────────────────────────────────────────────────────────────────────────────────────────────┤ │
│ │ 0   Imm/Owned Object ID: 0x514ad65bf217bad6b0acdca474ec0d8437650b58f2dfadb21bfe79dd85a077de │ │
│ │ 1   Shared Object    ID: 0x79e91b7f2c253964d258a011fe5c91570fecb3c6a515a97b59fede8eb108541c │ │
│ │ 2   Pure Arg: Type: u64, Value: "900"                                                       │ │
│ ╰─────────────────────────────────────────────────────────────────────────────────────────────╯ │
│ ╭──────────────────────────────────────────────────────────────────────────────────╮            │
│ │ Commands                                                                         │            │
│ ├──────────────────────────────────────────────────────────────────────────────────┤            │
│ │ 0  MoveCall:                                                                     │            │
│ │  ┌                                                                               │            │
│ │  │ Function:  withdraw_balance                                                   │            │
│ │  │ Module:    my_game                                                            │            │
│ │  │ Package:   0xc6a269283b5468f11507e20d6e984de8edfb5f2722c0670bb943a863e6fd47fb │            │
│ │  │ Arguments:                                                                    │            │
│ │  │   Input  0                                                                    │            │
│ │  │   Input  1                                                                    │            │
│ │  │   Input  2                                                                    │            │
│ │  └                                                                               │            │
│ ╰──────────────────────────────────────────────────────────────────────────────────╯            │
│                                                                                                 │
│ Signatures:                                                                                     │
│    saiG8m1Cns7RbNNLVNYdCyVpbs51qfHdW7od5RLKR0NLg6y6I5uzWVLHFoDvd5fZ+9sh/Np/y0WRzaeZ3DbVPQ==     │
│                                                                                                 │
╰─────────────────────────────────────────────────────────────────────────────────────────────────╯
╭───────────────────────────────────────────────────────────────────────────────────────────────────╮
│ Transaction Effects                                                                               │
├───────────────────────────────────────────────────────────────────────────────────────────────────┤
│ Digest: 6aRYR46CJwwd2Wksq4J7Vwf4ot8xxqgp1QAwp4fccpxW                                              │
│ Status: Success                                                                                   │
│ Executed Epoch: 598                                                                               │
│                                                                                                   │
│ Created Objects:                                                                                  │
│  ┌──                                                                                              │
│  │ ID: 0x593e6a1b470579bd10ca3677bf99f8187d266d16ee7506b4385527dfd861fb25                         │
│  │ Owner: Account Address ( 0xc63163862ecc6c4d97f877f33a9c86fad0fc0a2ce3f5cc59b21b73d28fba3e53 )  │
│  │ Version: 435202758                                                                             │
│  │ Digest: DkST5rR53rrKtYBpuLTiNFVSHK2NShadDeoxHnY5seAx                                           │
│  └──                                                                                              │
│ Mutated Objects:                                                                                  │
│  ┌──                                                                                              │
│  │ ID: 0x1a13cfb2175f1d8f603fb9d3b17d656cf5d9175502f643ac743443d351502ded                         │
│  │ Owner: Account Address ( 0xc63163862ecc6c4d97f877f33a9c86fad0fc0a2ce3f5cc59b21b73d28fba3e53 )  │
│  │ Version: 435202758                                                                             │
│  │ Digest: DsKP1u252Zb3mCksnLfXjNuf5Waakj24ofsHjj4siBr9                                           │
│  └──                                                                                              │
│  ┌──                                                                                              │
│  │ ID: 0x514ad65bf217bad6b0acdca474ec0d8437650b58f2dfadb21bfe79dd85a077de                         │
│  │ Owner: Account Address ( 0xc63163862ecc6c4d97f877f33a9c86fad0fc0a2ce3f5cc59b21b73d28fba3e53 )  │
│  │ Version: 435202758                                                                             │
│  │ Digest: 5S8FQKw2eUKDkCXcf9hLYqL8LReKDkns6ECg1Ho8Tjg8                                           │
│  └──                                                                                              │
│  ┌──                                                                                              │
│  │ ID: 0x79e91b7f2c253964d258a011fe5c91570fecb3c6a515a97b59fede8eb108541c                         │
│  │ Owner: Shared( 410395994 )                                                                     │
│  │ Version: 435202758                                                                             │
│  │ Digest: 7se6AbJmTJQpby4CccAZTbh1vtTECVvD2HkcxNUhmsm9                                           │
│  └──                                                                                              │
│ Shared Objects:                                                                                   │
│  ┌──                                                                                              │
│  │ ID: 0x79e91b7f2c253964d258a011fe5c91570fecb3c6a515a97b59fede8eb108541c                         │
│  │ Version: 435202757                                                                             │
│  │ Digest: BsGpzRrC83EPokPznqeJAEu2xraMuoewLQiCW3XWJKAw                                           │
│  └──                                                                                              │
│ Gas Object:                                                                                       │
│  ┌──                                                                                              │
│  │ ID: 0x1a13cfb2175f1d8f603fb9d3b17d656cf5d9175502f643ac743443d351502ded                         │
│  │ Owner: Account Address ( 0xc63163862ecc6c4d97f877f33a9c86fad0fc0a2ce3f5cc59b21b73d28fba3e53 )  │
│  │ Version: 435202758                                                                             │
│  │ Digest: DsKP1u252Zb3mCksnLfXjNuf5Waakj24ofsHjj4siBr9                                           │
│  └──                                                                                              │
│ Gas Cost Summary:                                                                                 │
│    Storage Cost: 5464400 MIST                                                                     │
│    Computation Cost: 750000 MIST                                                                  │
│    Storage Rebate: 3995244 MIST                                                                   │
│    Non-refundable Storage Fee: 40356 MIST                                                         │
│                                                                                                   │
│ Transaction Dependencies:                                                                         │
│    DhWwrQvKN2ExqCPvaUoEvJ4GhCRsuGqwRYBBfSg9fkks                                                   │
│    EVeM48DfHuBiqgR5cFBdTmovPVPNFtaSiy4xFWZwy6rq                                                   │
╰───────────────────────────────────────────────────────────────────────────────────────────────────╯
╭─────────────────────────────╮
│ No transaction block events │
╰─────────────────────────────╯

╭───────────────────────────────────────────────────────────────────────────────────────────────────────────────────────────────╮
│ Object Changes                                                                                                                │
├───────────────────────────────────────────────────────────────────────────────────────────────────────────────────────────────┤
│ Created Objects:                                                                                                              │
│  ┌──                                                                                                                          │
│  │ ObjectID: 0x593e6a1b470579bd10ca3677bf99f8187d266d16ee7506b4385527dfd861fb25                                               │
│  │ Sender: 0xc63163862ecc6c4d97f877f33a9c86fad0fc0a2ce3f5cc59b21b73d28fba3e53                                                 │
│  │ Owner: Account Address ( 0xc63163862ecc6c4d97f877f33a9c86fad0fc0a2ce3f5cc59b21b73d28fba3e53 )                              │
│  │ ObjectType: 0x2::coin::Coin<0x388ecc0ef7261e40f7be055c723e4bf275d3eeb33eae3525e4b7096065b19b73::faucet_coin::FAUCET_COIN>  │
│  │ Version: 435202758                                                                                                         │
│  │ Digest: DkST5rR53rrKtYBpuLTiNFVSHK2NShadDeoxHnY5seAx                                                                       │
│  └──                                                                                                                          │
│ Mutated Objects:                                                                                                              │
│  ┌──                                                                                                                          │
│  │ ObjectID: 0x1a13cfb2175f1d8f603fb9d3b17d656cf5d9175502f643ac743443d351502ded                                               │
│  │ Sender: 0xc63163862ecc6c4d97f877f33a9c86fad0fc0a2ce3f5cc59b21b73d28fba3e53                                                 │
│  │ Owner: Account Address ( 0xc63163862ecc6c4d97f877f33a9c86fad0fc0a2ce3f5cc59b21b73d28fba3e53 )                              │
│  │ ObjectType: 0x2::coin::Coin<0x2::sui::SUI>                                                                                 │
│  │ Version: 435202758                                                                                                         │
│  │ Digest: DsKP1u252Zb3mCksnLfXjNuf5Waakj24ofsHjj4siBr9                                                                       │
│  └──                                                                                                                          │
│  ┌──                                                                                                                          │
│  │ ObjectID: 0x514ad65bf217bad6b0acdca474ec0d8437650b58f2dfadb21bfe79dd85a077de                                               │
│  │ Sender: 0xc63163862ecc6c4d97f877f33a9c86fad0fc0a2ce3f5cc59b21b73d28fba3e53                                                 │
│  │ Owner: Account Address ( 0xc63163862ecc6c4d97f877f33a9c86fad0fc0a2ce3f5cc59b21b73d28fba3e53 )                              │
│  │ ObjectType: 0xc6a269283b5468f11507e20d6e984de8edfb5f2722c0670bb943a863e6fd47fb::my_game::GameAdminCap                      │
│  │ Version: 435202758                                                                                                         │
│  │ Digest: 5S8FQKw2eUKDkCXcf9hLYqL8LReKDkns6ECg1Ho8Tjg8                                                                       │
│  └──                                                                                                                          │
│  ┌──                                                                                                                          │
│  │ ObjectID: 0x79e91b7f2c253964d258a011fe5c91570fecb3c6a515a97b59fede8eb108541c                                               │
│  │ Sender: 0xc63163862ecc6c4d97f877f33a9c86fad0fc0a2ce3f5cc59b21b73d28fba3e53                                                 │
│  │ Owner: Shared( 410395994 )                                                                                                 │
│  │ ObjectType: 0xc6a269283b5468f11507e20d6e984de8edfb5f2722c0670bb943a863e6fd47fb::my_game::Game                              │
│  │ Version: 435202758                                                                                                         │
│  │ Digest: 7se6AbJmTJQpby4CccAZTbh1vtTECVvD2HkcxNUhmsm9                                                                       │
│  └──                                                                                                                          │
╰───────────────────────────────────────────────────────────────────────────────────────────────────────────────────────────────╯
╭────────────────────────────────────────────────────────────────────────────────────────────────────────────╮
│ Balance Changes                                                                                            │
├────────────────────────────────────────────────────────────────────────────────────────────────────────────┤
│  ┌──                                                                                                       │
│  │ Owner: Account Address ( 0xc63163862ecc6c4d97f877f33a9c86fad0fc0a2ce3f5cc59b21b73d28fba3e53 )           │
│  │ CoinType: 0x2::sui::SUI                                                                                 │
│  │ Amount: -2219156                                                                                        │
│  └──                                                                                                       │
│  ┌──                                                                                                       │
│  │ Owner: Account Address ( 0xc63163862ecc6c4d97f877f33a9c86fad0fc0a2ce3f5cc59b21b73d28fba3e53 )           │
│  │ CoinType: 0x388ecc0ef7261e40f7be055c723e4bf275d3eeb33eae3525e4b7096065b19b73::faucet_coin::FAUCET_COIN  │
│  │ Amount: 900                                                                                             │
│  └──                                                                                                       │
╰────────────────────────────────────────────────────────────────────────────────────────────────────────────╯
