yizuo@MM69 yizuo_coin % sui client publish
UPDATING GIT DEPENDENCY https://github.com/MystenLabs/sui.git
INCLUDING DEPENDENCY Sui
INCLUDING DEPENDENCY MoveStdlib
BUILDING yizuo_coin
Successfully verified dependencies on-chain against source.
Transaction Digest: 7V56eLuqGeVZHAnh3ZgVKkrC7L6XSHo1fb2BAKtBmfkr
╭──────────────────────────────────────────────────────────────────────────────────────────────────────────────╮
│ Transaction Data                                                                                             │
├──────────────────────────────────────────────────────────────────────────────────────────────────────────────┤
│ Sender: 0xae8da2da7d08b7591709a6e6ff95e1a64067526087749aa4ecf8bb5cb4b8e273                                   │
│ Gas Owner: 0xae8da2da7d08b7591709a6e6ff95e1a64067526087749aa4ecf8bb5cb4b8e273                                │
│ Gas Budget: 14214800 MIST                                                                                    │
│ Gas Price: 750 MIST                                                                                          │
│ Gas Payment:                                                                                                 │
│  ┌──                                                                                                         │
│  │ ID: 0xc92fa04dddf8fc31251c409ec3409d3b482c751d4b11cdc8b535a80c669b4afb                                    │
│  │ Version: 429881358                                                                                        │
│  │ Digest: Df9jp5gYjs7c9TqCaMZJr4fFm9KZUBX8VST32aVQuQcZ                                                      │
│  └──                                                                                                         │
│                                                                                                              │
│ Transaction Kind: Programmable                                                                               │
│ ╭──────────────────────────────────────────────────────────────────────────────────────────────────────────╮ │
│ │ Input Objects                                                                                            │ │
│ ├──────────────────────────────────────────────────────────────────────────────────────────────────────────┤ │
│ │ 0   Pure Arg: Type: address, Value: "0xae8da2da7d08b7591709a6e6ff95e1a64067526087749aa4ecf8bb5cb4b8e273" │ │
│ ╰──────────────────────────────────────────────────────────────────────────────────────────────────────────╯ │
│ ╭─────────────────────────────────────────────────────────────────────────╮                                  │
│ │ Commands                                                                │                                  │
│ ├─────────────────────────────────────────────────────────────────────────┤                                  │
│ │ 0  Publish:                                                             │                                  │
│ │  ┌                                                                      │                                  │
│ │  │ Dependencies:                                                        │                                  │
│ │  │   0x0000000000000000000000000000000000000000000000000000000000000001 │                                  │
│ │  │   0x0000000000000000000000000000000000000000000000000000000000000002 │                                  │
│ │  └                                                                      │                                  │
│ │                                                                         │                                  │
│ │ 1  TransferObjects:                                                     │                                  │
│ │  ┌                                                                      │                                  │
│ │  │ Arguments:                                                           │                                  │
│ │  │   Result 0                                                           │                                  │
│ │  │ Address: Input  0                                                    │                                  │
│ │  └                                                                      │                                  │
│ ╰─────────────────────────────────────────────────────────────────────────╯                                  │
│                                                                                                              │
│ Signatures:                                                                                                  │
│    C3I1LGMMfOk/9icyNhiYHTxJcXt78YJrES42tNEoN0qH6tMdfb9s+j+nloe3yHzbLoAiQ5STtcX/TW5WVx05Dw==                  │
│                                                                                                              │
╰──────────────────────────────────────────────────────────────────────────────────────────────────────────────╯
╭───────────────────────────────────────────────────────────────────────────────────────────────────╮
│ Transaction Effects                                                                               │
├───────────────────────────────────────────────────────────────────────────────────────────────────┤
│ Digest: 7V56eLuqGeVZHAnh3ZgVKkrC7L6XSHo1fb2BAKtBmfkr                                              │
│ Status: Success                                                                                   │
│ Executed Epoch: 606                                                                               │
│                                                                                                   │
│ Created Objects:                                                                                  │
│  ┌──                                                                                              │
│  │ ID: 0x2076506802cfdf80533f90e9b973fe5d2d258c3c86ce57249f91a017b5d9877c                         │
│  │ Owner: Immutable                                                                               │
│  │ Version: 1                                                                                     │
│  │ Digest: HoBeip6VJxkjGR4o6Yx1M7Fq6q2WCKnyHgBVvuTqjU1R                                           │
│  └──                                                                                              │
│  ┌──                                                                                              │
│  │ ID: 0x2e3262c0d5fd6424c9644ff16d425dc9ab7083e41858113ee36a09471581d303                         │
│  │ Owner: Account Address ( 0xae8da2da7d08b7591709a6e6ff95e1a64067526087749aa4ecf8bb5cb4b8e273 )  │
│  │ Version: 429881359                                                                             │
│  │ Digest: 9V7cJq4FiSwJM2fr2ixZdyuzcW7W2umHTvZTxJGsNgen                                           │
│  └──                                                                                              │
│  ┌──                                                                                              │
│  │ ID: 0xae2009c5edab335bae270edff8d5b15c89af78acd245541b11b1d724732d9ff3                         │
│  │ Owner: Immutable                                                                               │
│  │ Version: 429881359                                                                             │
│  │ Digest: Ct4XuMskxf85NHFpEHgnb3o5ASrAFHyCQ4GRuq6itZUW                                           │
│  └──                                                                                              │
│  ┌──                                                                                              │
│  │ ID: 0xe2f304c059d687020ddc5b2590c811d1b1fd4e9a1e180dca5ddbfbad55adb395                         │
│  │ Owner: Account Address ( 0xae8da2da7d08b7591709a6e6ff95e1a64067526087749aa4ecf8bb5cb4b8e273 )  │
│  │ Version: 429881359                                                                             │
│  │ Digest: FKooM3go8YSoC5iKbCrAfEGAuPTPPiwAhrsrTK4hxUMX                                           │
│  └──                                                                                              │
│ Mutated Objects:                                                                                  │
│  ┌──                                                                                              │
│  │ ID: 0xc92fa04dddf8fc31251c409ec3409d3b482c751d4b11cdc8b535a80c669b4afb                         │
│  │ Owner: Account Address ( 0xae8da2da7d08b7591709a6e6ff95e1a64067526087749aa4ecf8bb5cb4b8e273 )  │
│  │ Version: 429881359                                                                             │
│  │ Digest: FEgweDfRJ3t9kuT6hX4uB5dYWdcTCjLrnbKTbWgcBa9h                                           │
│  └──                                                                                              │
│ Gas Object:                                                                                       │
│  ┌──                                                                                              │
│  │ ID: 0xc92fa04dddf8fc31251c409ec3409d3b482c751d4b11cdc8b535a80c669b4afb                         │
│  │ Owner: Account Address ( 0xae8da2da7d08b7591709a6e6ff95e1a64067526087749aa4ecf8bb5cb4b8e273 )  │
│  │ Version: 429881359                                                                             │
│  │ Digest: FEgweDfRJ3t9kuT6hX4uB5dYWdcTCjLrnbKTbWgcBa9h                                           │
│  └──                                                                                              │
│ Gas Cost Summary:                                                                                 │
│    Storage Cost: 12714800 MIST                                                                    │
│    Computation Cost: 750000 MIST                                                                  │
│    Storage Rebate: 978120 MIST                                                                    │
│    Non-refundable Storage Fee: 9880 MIST                                                          │
│                                                                                                   │
│ Transaction Dependencies:                                                                         │
│    BtN4soCwRTcMJ6Jhgc5M6E6CVv1SF5EShYUSWrmxR9Xn                                                   │
│    FPQJirZF6XaBX9wcmQbPUPPX9CzbpymnF3c8vtnpHqWt                                                   │
╰───────────────────────────────────────────────────────────────────────────────────────────────────╯
╭─────────────────────────────╮
│ No transaction block events │
╰─────────────────────────────╯

╭───────────────────────────────────────────────────────────────────────────────────────────────────────────────────────────╮
│ Object Changes                                                                                                            │
├───────────────────────────────────────────────────────────────────────────────────────────────────────────────────────────┤
│ Created Objects:                                                                                                          │
│  ┌──                                                                                                                      │
│  │ ObjectID: 0x2e3262c0d5fd6424c9644ff16d425dc9ab7083e41858113ee36a09471581d303                                           │
│  │ Sender: 0xae8da2da7d08b7591709a6e6ff95e1a64067526087749aa4ecf8bb5cb4b8e273                                             │
│  │ Owner: Account Address ( 0xae8da2da7d08b7591709a6e6ff95e1a64067526087749aa4ecf8bb5cb4b8e273 )                          │
│  │ ObjectType: 0x2::package::UpgradeCap                                                                                   │
│  │ Version: 429881359                                                                                                     │
│  │ Digest: 9V7cJq4FiSwJM2fr2ixZdyuzcW7W2umHTvZTxJGsNgen                                                                   │
│  └──                                                                                                                      │
│  ┌──                                                                                                                      │
│  │ ObjectID: 0xae2009c5edab335bae270edff8d5b15c89af78acd245541b11b1d724732d9ff3                                           │
│  │ Sender: 0xae8da2da7d08b7591709a6e6ff95e1a64067526087749aa4ecf8bb5cb4b8e273                                             │
│  │ Owner: Immutable                                                                                                       │
│  │ ObjectType: 0x2::coin::CoinMetadata<0x2076506802cfdf80533f90e9b973fe5d2d258c3c86ce57249f91a017b5d9877c::yizuo::YIZUO>  │
│  │ Version: 429881359                                                                                                     │
│  │ Digest: Ct4XuMskxf85NHFpEHgnb3o5ASrAFHyCQ4GRuq6itZUW                                                                   │
│  └──                                                                                                                      │
│  ┌──                                                                                                                      │
│  │ ObjectID: 0xe2f304c059d687020ddc5b2590c811d1b1fd4e9a1e180dca5ddbfbad55adb395                                           │
│  │ Sender: 0xae8da2da7d08b7591709a6e6ff95e1a64067526087749aa4ecf8bb5cb4b8e273                                             │
│  │ Owner: Account Address ( 0xae8da2da7d08b7591709a6e6ff95e1a64067526087749aa4ecf8bb5cb4b8e273 )                          │
│  │ ObjectType: 0x2::coin::TreasuryCap<0x2076506802cfdf80533f90e9b973fe5d2d258c3c86ce57249f91a017b5d9877c::yizuo::YIZUO>   │
│  │ Version: 429881359                                                                                                     │
│  │ Digest: FKooM3go8YSoC5iKbCrAfEGAuPTPPiwAhrsrTK4hxUMX                                                                   │
│  └──                                                                                                                      │
│ Mutated Objects:                                                                                                          │
│  ┌──                                                                                                                      │
│  │ ObjectID: 0xc92fa04dddf8fc31251c409ec3409d3b482c751d4b11cdc8b535a80c669b4afb                                           │
│  │ Sender: 0xae8da2da7d08b7591709a6e6ff95e1a64067526087749aa4ecf8bb5cb4b8e273                                             │
│  │ Owner: Account Address ( 0xae8da2da7d08b7591709a6e6ff95e1a64067526087749aa4ecf8bb5cb4b8e273 )                          │
│  │ ObjectType: 0x2::coin::Coin<0x2::sui::SUI>                                                                             │
│  │ Version: 429881359                                                                                                     │
│  │ Digest: FEgweDfRJ3t9kuT6hX4uB5dYWdcTCjLrnbKTbWgcBa9h                                                                   │
│  └──                                                                                                                      │
│ Published Objects:                                                                                                        │
│  ┌──                                                                                                                      │
│  │ PackageID: 0x2076506802cfdf80533f90e9b973fe5d2d258c3c86ce57249f91a017b5d9877c                                          │
│  │ Version: 1                                                                                                             │
│  │ Digest: HoBeip6VJxkjGR4o6Yx1M7Fq6q2WCKnyHgBVvuTqjU1R                                                                   │
│  │ Modules: yizuo                                                                                                         │
│  └──                                                                                                                      │
╰───────────────────────────────────────────────────────────────────────────────────────────────────────────────────────────╯
╭───────────────────────────────────────────────────────────────────────────────────────────────────╮
│ Balance Changes                                                                                   │
├───────────────────────────────────────────────────────────────────────────────────────────────────┤
│  ┌──                                                                                              │
│  │ Owner: Account Address ( 0xae8da2da7d08b7591709a6e6ff95e1a64067526087749aa4ecf8bb5cb4b8e273 )  │
│  │ CoinType: 0x2::sui::SUI                                                                        │
│  │ Amount: -12486680                                                                              │
│  └──                                                                                              │
╰───────────────────────────────────────────────────────────────────────────────────────────────────╯