yizuo@MM69 yizuo_coin % sui client publish 
[warning] Client/Server api version mismatch, client api version : 1.38.1, server api version : 1.38.2
UPDATING GIT DEPENDENCY https://github.com/MystenLabs/sui.git
INCLUDING DEPENDENCY Sui
INCLUDING DEPENDENCY MoveStdlib
BUILDING yizuo_coin
Successfully verified dependencies on-chain against source.
Transaction Digest: FZgK4AQLfRLEq3nujTbdLBjSAdPAwskVzC3cn5Vrk2Xp
╭──────────────────────────────────────────────────────────────────────────────────────────────────────────────╮
│ Transaction Data                                                                                             │
├──────────────────────────────────────────────────────────────────────────────────────────────────────────────┤
│ Sender: 0xae8da2da7d08b7591709a6e6ff95e1a64067526087749aa4ecf8bb5cb4b8e273                                   │
│ Gas Owner: 0xae8da2da7d08b7591709a6e6ff95e1a64067526087749aa4ecf8bb5cb4b8e273                                │
│ Gas Budget: 14714800 MIST                                                                                    │
│ Gas Price: 1000 MIST                                                                                         │
│ Gas Payment:                                                                                                 │
│  ┌──                                                                                                         │
│  │ ID: 0xf10537bf642010da16aa62719ee98e4d69135489c2b0f12b1232699576ec98f0                                    │
│  │ Version: 236173280                                                                                        │
│  │ Digest: DRS8mJhayjZLwAjNfYPbyqtVDcPiyeE7fcQ1WmFTsaAd                                                      │
│  └──                                                                                                         │
│                                                                                                              │
│ Transaction Kind: Programmable                                                                               │
│ ╭──────────────────────────────────────────────────────────────────────────────────────────────────────────╮ │
│ │ Input Objects                                                                                            │ │
│ ├──────────────────────────────────────────────────────────────────────────────────────────────────────────┤ │
│ │ 0   Pure Arg: Type: address, Value: "0xae8da2da7d08b7591709a6e6ff95e1a64067526087749aa4ecf8bb5cb4b8e273" │ │
│ ╰──────────────────────────────────────────────────────────────────────────────────────────────────────────╯ │
│ ╭─────────────────────────────────────────────────────────────────────────╮                                  │
│ │ Commands                                                                │                                  │
│ ├─────────────────────────────────────────────────────────────────────────┤                                  │
│ │ 0  Publish:                                                             │                                  │
│ │  ┌                                                                      │                                  │
│ │  │ Dependencies:                                                        │                                  │
│ │  │   0x0000000000000000000000000000000000000000000000000000000000000001 │                                  │
│ │  │   0x0000000000000000000000000000000000000000000000000000000000000002 │                                  │
│ │  └                                                                      │                                  │
│ │                                                                         │                                  │
│ │ 1  TransferObjects:                                                     │                                  │
│ │  ┌                                                                      │                                  │
│ │  │ Arguments:                                                           │                                  │
│ │  │   Result 0                                                           │                                  │
│ │  │ Address: Input  0                                                    │                                  │
│ │  └                                                                      │                                  │
│ ╰─────────────────────────────────────────────────────────────────────────╯                                  │
│                                                                                                              │
│ Signatures:                                                                                                  │
│    kMzID4tvgSy2QaI7dxgJWoe1uyqCRFXsvchI/lZFj/Tkzn8H9cZ0+BPFhIoOYKLzRfvUojU5iXpZ03i9KoJLBg==                  │
│                                                                                                              │
╰──────────────────────────────────────────────────────────────────────────────────────────────────────────────╯
╭───────────────────────────────────────────────────────────────────────────────────────────────────╮
│ Transaction Effects                                                                               │
├───────────────────────────────────────────────────────────────────────────────────────────────────┤
│ Digest: FZgK4AQLfRLEq3nujTbdLBjSAdPAwskVzC3cn5Vrk2Xp                                              │
│ Status: Success                                                                                   │
│ Executed Epoch: 566                                                                               │
│                                                                                                   │
│ Created Objects:                                                                                  │
│  ┌──                                                                                              │
│  │ ID: 0x1484c74770daea990bca0821296b7c740d83e484c4e342dafc4aed68b5e0e6b0                         │
│  │ Owner: Immutable                                                                               │
│  │ Version: 1                                                                                     │
│  │ Digest: 3FC8pgbFKMAwdrFKBtgmpgG74ugfXKUhvLomGdUwZTYo                                           │
│  └──                                                                                              │
│  ┌──                                                                                              │
│  │ ID: 0x3104577ea239b03fc4cfa3bcb7ed167e5f1ac79d4f2b6c9f10a414e6946497d8                         │
│  │ Owner: Account Address ( 0xae8da2da7d08b7591709a6e6ff95e1a64067526087749aa4ecf8bb5cb4b8e273 )  │
│  │ Version: 236173281                                                                             │
│  │ Digest: 2g87oYrjbsC78mDNoEhJruuWLdk1SwGWCjSB6kxryjjT                                           │
│  └──                                                                                              │
│  ┌──                                                                                              │
│  │ ID: 0xc61d70b478abe8617d51f7f754fe1e5690fc5a1cca725b8d613ba98dd99a81b6                         │
│  │ Owner: Account Address ( 0xae8da2da7d08b7591709a6e6ff95e1a64067526087749aa4ecf8bb5cb4b8e273 )  │
│  │ Version: 236173281                                                                             │
│  │ Digest: 4AZ4VyJf1QfFtHZV3VaMXLMZ8cygwrDp3mJYHeDToBxq                                           │
│  └──                                                                                              │
│  ┌──                                                                                              │
│  │ ID: 0xf7c992662a3f39ceb9976695147dd244270bc10ff615d5af85095ae8c424fc7b                         │
│  │ Owner: Immutable                                                                               │
│  │ Version: 236173281                                                                             │
│  │ Digest: 4M9DYSX4FavfjNTKUQrvJLNaHGaCNnrDgNLu9wQ6hcEn                                           │
│  └──                                                                                              │
│ Mutated Objects:                                                                                  │
│  ┌──                                                                                              │
│  │ ID: 0xf10537bf642010da16aa62719ee98e4d69135489c2b0f12b1232699576ec98f0                         │
│  │ Owner: Account Address ( 0xae8da2da7d08b7591709a6e6ff95e1a64067526087749aa4ecf8bb5cb4b8e273 )  │
│  │ Version: 236173281                                                                             │
│  │ Digest: 6wMvxX7hQukDa2TvBLhNvWnzrnveVWNybfExBD2gZL1a                                           │
│  └──                                                                                              │
│ Gas Object:                                                                                       │
│  ┌──                                                                                              │
│  │ ID: 0xf10537bf642010da16aa62719ee98e4d69135489c2b0f12b1232699576ec98f0                         │
│  │ Owner: Account Address ( 0xae8da2da7d08b7591709a6e6ff95e1a64067526087749aa4ecf8bb5cb4b8e273 )  │
│  │ Version: 236173281                                                                             │
│  │ Digest: 6wMvxX7hQukDa2TvBLhNvWnzrnveVWNybfExBD2gZL1a                                           │
│  └──                                                                                              │
│ Gas Cost Summary:                                                                                 │
│    Storage Cost: 12714800 MIST                                                                    │
│    Computation Cost: 1000000 MIST                                                                 │
│    Storage Rebate: 978120 MIST                                                                    │
│    Non-refundable Storage Fee: 9880 MIST                                                          │
│                                                                                                   │
│ Transaction Dependencies:                                                                         │
│    FbcDBqtxeoi1xX4Yh1WPnj6eGRYiZ1FiAtDLjzXwjyjU                                                   │
│    GMBJA2gEEvtwv1wGGT7ZEDkQdrmUTKaE4TeinNGQ2feC                                                   │
╰───────────────────────────────────────────────────────────────────────────────────────────────────╯
╭─────────────────────────────╮
│ No transaction block events │
╰─────────────────────────────╯

╭───────────────────────────────────────────────────────────────────────────────────────────────────────────────────────────╮
│ Object Changes                                                                                                            │
├───────────────────────────────────────────────────────────────────────────────────────────────────────────────────────────┤
│ Created Objects:                                                                                                          │
│  ┌──                                                                                                                      │
│  │ ObjectID: 0x3104577ea239b03fc4cfa3bcb7ed167e5f1ac79d4f2b6c9f10a414e6946497d8                                           │
│  │ Sender: 0xae8da2da7d08b7591709a6e6ff95e1a64067526087749aa4ecf8bb5cb4b8e273                                             │
│  │ Owner: Account Address ( 0xae8da2da7d08b7591709a6e6ff95e1a64067526087749aa4ecf8bb5cb4b8e273 )                          │
│  │ ObjectType: 0x2::coin::TreasuryCap<0x1484c74770daea990bca0821296b7c740d83e484c4e342dafc4aed68b5e0e6b0::yizuo::YIZUO>   │
│  │ Version: 236173281                                                                                                     │
│  │ Digest: 2g87oYrjbsC78mDNoEhJruuWLdk1SwGWCjSB6kxryjjT                                                                   │
│  └──                                                                                                                      │
│  ┌──                                                                                                                      │
│  │ ObjectID: 0xc61d70b478abe8617d51f7f754fe1e5690fc5a1cca725b8d613ba98dd99a81b6                                           │
│  │ Sender: 0xae8da2da7d08b7591709a6e6ff95e1a64067526087749aa4ecf8bb5cb4b8e273                                             │
│  │ Owner: Account Address ( 0xae8da2da7d08b7591709a6e6ff95e1a64067526087749aa4ecf8bb5cb4b8e273 )                          │
│  │ ObjectType: 0x2::package::UpgradeCap                                                                                   │
│  │ Version: 236173281                                                                                                     │
│  │ Digest: 4AZ4VyJf1QfFtHZV3VaMXLMZ8cygwrDp3mJYHeDToBxq                                                                   │
│  └──                                                                                                                      │
│  ┌──                                                                                                                      │
│  │ ObjectID: 0xf7c992662a3f39ceb9976695147dd244270bc10ff615d5af85095ae8c424fc7b                                           │
│  │ Sender: 0xae8da2da7d08b7591709a6e6ff95e1a64067526087749aa4ecf8bb5cb4b8e273                                             │
│  │ Owner: Immutable                                                                                                       │
│  │ ObjectType: 0x2::coin::CoinMetadata<0x1484c74770daea990bca0821296b7c740d83e484c4e342dafc4aed68b5e0e6b0::yizuo::YIZUO>  │
│  │ Version: 236173281                                                                                                     │
│  │ Digest: 4M9DYSX4FavfjNTKUQrvJLNaHGaCNnrDgNLu9wQ6hcEn                                                                   │
│  └──                                                                                                                      │
│ Mutated Objects:                                                                                                          │
│  ┌──                                                                                                                      │
│  │ ObjectID: 0xf10537bf642010da16aa62719ee98e4d69135489c2b0f12b1232699576ec98f0                                           │
│  │ Sender: 0xae8da2da7d08b7591709a6e6ff95e1a64067526087749aa4ecf8bb5cb4b8e273                                             │
│  │ Owner: Account Address ( 0xae8da2da7d08b7591709a6e6ff95e1a64067526087749aa4ecf8bb5cb4b8e273 )                          │
│  │ ObjectType: 0x2::coin::Coin<0x2::sui::SUI>                                                                             │
│  │ Version: 236173281                                                                                                     │
│  │ Digest: 6wMvxX7hQukDa2TvBLhNvWnzrnveVWNybfExBD2gZL1a                                                                   │
│  └──                                                                                                                      │
│ Published Objects:                                                                                                        │
│  ┌──                                                                                                                      │
│  │ PackageID: 0x1484c74770daea990bca0821296b7c740d83e484c4e342dafc4aed68b5e0e6b0                                          │
│  │ Version: 1                                                                                                             │
│  │ Digest: 3FC8pgbFKMAwdrFKBtgmpgG74ugfXKUhvLomGdUwZTYo                                                                   │
│  │ Modules: yizuo                                                                                                         │
│  └──                                                                                                                      │
╰───────────────────────────────────────────────────────────────────────────────────────────────────────────────────────────╯
╭───────────────────────────────────────────────────────────────────────────────────────────────────╮
│ Balance Changes                                                                                   │
├───────────────────────────────────────────────────────────────────────────────────────────────────┤
│  ┌──                                                                                              │
│  │ Owner: Account Address ( 0xae8da2da7d08b7591709a6e6ff95e1a64067526087749aa4ecf8bb5cb4b8e273 )  │
│  │ CoinType: 0x2::sui::SUI                                                                        │
│  │ Amount: -12736680                                                                              │
│  └──                                                                                              │
╰───────────────────────────────────────────────────────────────────────────────────────────────────╯




yizuo@MM69 yizuo_coin % sui client publish
[warning] Client/Server api version mismatch, client api version : 1.38.1, server api version : 1.38.2
UPDATING GIT DEPENDENCY https://github.com/MystenLabs/sui.git
INCLUDING DEPENDENCY Sui
INCLUDING DEPENDENCY MoveStdlib
BUILDING yizuo_coin
Successfully verified dependencies on-chain against source.
Transaction Digest: 6BuaE2Xt8QWoy9Gt3LKtC4g9zbfHs5fmAgDNUS8Kh8eG
╭──────────────────────────────────────────────────────────────────────────────────────────────────────────────╮
│ Transaction Data                                                                                             │
├──────────────────────────────────────────────────────────────────────────────────────────────────────────────┤
│ Sender: 0xae8da2da7d08b7591709a6e6ff95e1a64067526087749aa4ecf8bb5cb4b8e273                                   │
│ Gas Owner: 0xae8da2da7d08b7591709a6e6ff95e1a64067526087749aa4ecf8bb5cb4b8e273                                │
│ Gas Budget: 14714800 MIST                                                                                    │
│ Gas Price: 1000 MIST                                                                                         │
│ Gas Payment:                                                                                                 │
│  ┌──                                                                                                         │
│  │ ID: 0xf10537bf642010da16aa62719ee98e4d69135489c2b0f12b1232699576ec98f0                                    │
│  │ Version: 236173281                                                                                        │
│  │ Digest: 6wMvxX7hQukDa2TvBLhNvWnzrnveVWNybfExBD2gZL1a                                                      │
│  └──                                                                                                         │
│                                                                                                              │
│ Transaction Kind: Programmable                                                                               │
│ ╭──────────────────────────────────────────────────────────────────────────────────────────────────────────╮ │
│ │ Input Objects                                                                                            │ │
│ ├──────────────────────────────────────────────────────────────────────────────────────────────────────────┤ │
│ │ 0   Pure Arg: Type: address, Value: "0xae8da2da7d08b7591709a6e6ff95e1a64067526087749aa4ecf8bb5cb4b8e273" │ │
│ ╰──────────────────────────────────────────────────────────────────────────────────────────────────────────╯ │
│ ╭─────────────────────────────────────────────────────────────────────────╮                                  │
│ │ Commands                                                                │                                  │
│ ├─────────────────────────────────────────────────────────────────────────┤                                  │
│ │ 0  Publish:                                                             │                                  │
│ │  ┌                                                                      │                                  │
│ │  │ Dependencies:                                                        │                                  │
│ │  │   0x0000000000000000000000000000000000000000000000000000000000000001 │                                  │
│ │  │   0x0000000000000000000000000000000000000000000000000000000000000002 │                                  │
│ │  └                                                                      │                                  │
│ │                                                                         │                                  │
│ │ 1  TransferObjects:                                                     │                                  │
│ │  ┌                                                                      │                                  │
│ │  │ Arguments:                                                           │                                  │
│ │  │   Result 0                                                           │                                  │
│ │  │ Address: Input  0                                                    │                                  │
│ │  └                                                                      │                                  │
│ ╰─────────────────────────────────────────────────────────────────────────╯                                  │
│                                                                                                              │
│ Signatures:                                                                                                  │
│    YystqR5nkxMyERxmx72CTfsfcd81eV9jWxNdoojD1nIbFH9bjVqeULogkmyKXxMpu8U5r0Wn8+aI1FLYvxNQCg==                  │
│                                                                                                              │
╰──────────────────────────────────────────────────────────────────────────────────────────────────────────────╯
╭───────────────────────────────────────────────────────────────────────────────────────────────────╮
│ Transaction Effects                                                                               │
├───────────────────────────────────────────────────────────────────────────────────────────────────┤
│ Digest: 6BuaE2Xt8QWoy9Gt3LKtC4g9zbfHs5fmAgDNUS8Kh8eG                                              │
│ Status: Success                                                                                   │
│ Executed Epoch: 566                                                                               │
│                                                                                                   │
│ Created Objects:                                                                                  │
│  ┌──                                                                                              │
│  │ ID: 0x4b6229e46fcbea797d6618de5fb311a0deb757ed532b779200ce64926007964a                         │
│  │ Owner: Account Address ( 0xae8da2da7d08b7591709a6e6ff95e1a64067526087749aa4ecf8bb5cb4b8e273 )  │
│  │ Version: 236173282                                                                             │
│  │ Digest: ANW6u3FQgDo78VQ8Zh7jUSBF9CFnu5EkFBc2Urutfu5D                                           │
│  └──                                                                                              │
│  ┌──                                                                                              │
│  │ ID: 0xc4e4544df63287f56b2d6d84cb9ec7e2d8c978311d7e02dc18624fc7058513d4                         │
│  │ Owner: Immutable                                                                               │
│  │ Version: 236173282                                                                             │
│  │ Digest: H5fwB6mSusfEqMvxdFBFHvfKGvBsSaXMKcTXj7gk5Y1f                                           │
│  └──                                                                                              │
│  ┌──                                                                                              │
│  │ ID: 0xcc61159ac83c2ea47d730268f85a25081a79d86a7dec7aff4e2cd9b076edb608                         │
│  │ Owner: Immutable                                                                               │
│  │ Version: 1                                                                                     │
│  │ Digest: B6Wr3Q9GNuzSwbLcAn2WLmj6uYzVs7xERzBEeF7r2XYm                                           │
│  └──                                                                                              │
│  ┌──                                                                                              │
│  │ ID: 0xe5757f08cc942536816c83c9a73e863a496719e19b9d8349df9d1f331204277d                         │
│  │ Owner: Account Address ( 0xae8da2da7d08b7591709a6e6ff95e1a64067526087749aa4ecf8bb5cb4b8e273 )  │
│  │ Version: 236173282                                                                             │
│  │ Digest: 5RZsygoY8DTGGefoRMuGqAtvMnnhWa3GKJauEd9Uzxy7                                           │
│  └──                                                                                              │
│ Mutated Objects:                                                                                  │
│  ┌──                                                                                              │
│  │ ID: 0xf10537bf642010da16aa62719ee98e4d69135489c2b0f12b1232699576ec98f0                         │
│  │ Owner: Account Address ( 0xae8da2da7d08b7591709a6e6ff95e1a64067526087749aa4ecf8bb5cb4b8e273 )  │
│  │ Version: 236173282                                                                             │
│  │ Digest: 6ZGgGQAy7MUH48uddwu49jEsiDNZpYfpudkLHNctAeHK                                           │
│  └──                                                                                              │
│ Gas Object:                                                                                       │
│  ┌──                                                                                              │
│  │ ID: 0xf10537bf642010da16aa62719ee98e4d69135489c2b0f12b1232699576ec98f0                         │
│  │ Owner: Account Address ( 0xae8da2da7d08b7591709a6e6ff95e1a64067526087749aa4ecf8bb5cb4b8e273 )  │
│  │ Version: 236173282                                                                             │
│  │ Digest: 6ZGgGQAy7MUH48uddwu49jEsiDNZpYfpudkLHNctAeHK                                           │
│  └──                                                                                              │
│ Gas Cost Summary:                                                                                 │
│    Storage Cost: 12714800 MIST                                                                    │
│    Computation Cost: 1000000 MIST                                                                 │
│    Storage Rebate: 978120 MIST                                                                    │
│    Non-refundable Storage Fee: 9880 MIST                                                          │
│                                                                                                   │
│ Transaction Dependencies:                                                                         │
│    FZgK4AQLfRLEq3nujTbdLBjSAdPAwskVzC3cn5Vrk2Xp                                                   │
│    GMBJA2gEEvtwv1wGGT7ZEDkQdrmUTKaE4TeinNGQ2feC                                                   │
╰───────────────────────────────────────────────────────────────────────────────────────────────────╯
╭─────────────────────────────╮
│ No transaction block events │
╰─────────────────────────────╯

╭───────────────────────────────────────────────────────────────────────────────────────────────────────────────────────────╮
│ Object Changes                                                                                                            │
├───────────────────────────────────────────────────────────────────────────────────────────────────────────────────────────┤
│ Created Objects:                                                                                                          │
│  ┌──                                                                                                                      │
│  │ ObjectID: 0x4b6229e46fcbea797d6618de5fb311a0deb757ed532b779200ce64926007964a                                           │
│  │ Sender: 0xae8da2da7d08b7591709a6e6ff95e1a64067526087749aa4ecf8bb5cb4b8e273                                             │
│  │ Owner: Account Address ( 0xae8da2da7d08b7591709a6e6ff95e1a64067526087749aa4ecf8bb5cb4b8e273 )                          │
│  │ ObjectType: 0x2::package::UpgradeCap                                                                                   │
│  │ Version: 236173282                                                                                                     │
│  │ Digest: ANW6u3FQgDo78VQ8Zh7jUSBF9CFnu5EkFBc2Urutfu5D                                                                   │
│  └──                                                                                                                      │
│  ┌──                                                                                                                      │
│  │ ObjectID: 0xc4e4544df63287f56b2d6d84cb9ec7e2d8c978311d7e02dc18624fc7058513d4                                           │
│  │ Sender: 0xae8da2da7d08b7591709a6e6ff95e1a64067526087749aa4ecf8bb5cb4b8e273                                             │
│  │ Owner: Immutable                                                                                                       │
│  │ ObjectType: 0x2::coin::CoinMetadata<0xcc61159ac83c2ea47d730268f85a25081a79d86a7dec7aff4e2cd9b076edb608::yizuo::YIZUO>  │
│  │ Version: 236173282                                                                                                     │
│  │ Digest: H5fwB6mSusfEqMvxdFBFHvfKGvBsSaXMKcTXj7gk5Y1f                                                                   │
│  └──                                                                                                                      │
│  ┌──                                                                                                                      │
│  │ ObjectID: 0xe5757f08cc942536816c83c9a73e863a496719e19b9d8349df9d1f331204277d                                           │
│  │ Sender: 0xae8da2da7d08b7591709a6e6ff95e1a64067526087749aa4ecf8bb5cb4b8e273                                             │
│  │ Owner: Account Address ( 0xae8da2da7d08b7591709a6e6ff95e1a64067526087749aa4ecf8bb5cb4b8e273 )                          │
│  │ ObjectType: 0x2::coin::TreasuryCap<0xcc61159ac83c2ea47d730268f85a25081a79d86a7dec7aff4e2cd9b076edb608::yizuo::YIZUO>   │
│  │ Version: 236173282                                                                                                     │
│  │ Digest: 5RZsygoY8DTGGefoRMuGqAtvMnnhWa3GKJauEd9Uzxy7                                                                   │
│  └──                                                                                                                      │
│ Mutated Objects:                                                                                                          │
│  ┌──                                                                                                                      │
│  │ ObjectID: 0xf10537bf642010da16aa62719ee98e4d69135489c2b0f12b1232699576ec98f0                                           │
│  │ Sender: 0xae8da2da7d08b7591709a6e6ff95e1a64067526087749aa4ecf8bb5cb4b8e273                                             │
│  │ Owner: Account Address ( 0xae8da2da7d08b7591709a6e6ff95e1a64067526087749aa4ecf8bb5cb4b8e273 )                          │
│  │ ObjectType: 0x2::coin::Coin<0x2::sui::SUI>                                                                             │
│  │ Version: 236173282                                                                                                     │
│  │ Digest: 6ZGgGQAy7MUH48uddwu49jEsiDNZpYfpudkLHNctAeHK                                                                   │
│  └──                                                                                                                      │
│ Published Objects:                                                                                                        │
│  ┌──                                                                                                                      │
│  │ PackageID: 0xcc61159ac83c2ea47d730268f85a25081a79d86a7dec7aff4e2cd9b076edb608                                          │
│  │ Version: 1                                                                                                             │
│  │ Digest: B6Wr3Q9GNuzSwbLcAn2WLmj6uYzVs7xERzBEeF7r2XYm                                                                   │
│  │ Modules: yizuo                                                                                                         │
│  └──                                                                                                                      │
╰───────────────────────────────────────────────────────────────────────────────────────────────────────────────────────────╯
╭───────────────────────────────────────────────────────────────────────────────────────────────────╮
│ Balance Changes                                                                                   │
├───────────────────────────────────────────────────────────────────────────────────────────────────┤
│  ┌──                                                                                              │
│  │ Owner: Account Address ( 0xae8da2da7d08b7591709a6e6ff95e1a64067526087749aa4ecf8bb5cb4b8e273 )  │
│  │ CoinType: 0x2::sui::SUI                                                                        │
│  │ Amount: -12736680                                                                              │
│  └──                                                                                              │
╰───────────────────────────────────────────────────────────────────────────────────────────────────╯






Successfully verified dependencies on-chain against source.
Transaction Digest: 3UMURqpi2u6ri2Qz1aDBtM7QRwzKGJcrGaznbV6x8YQK
╭──────────────────────────────────────────────────────────────────────────────────────────────────────────────╮
│ Transaction Data                                                                                             │
├──────────────────────────────────────────────────────────────────────────────────────────────────────────────┤
│ Sender: 0xae8da2da7d08b7591709a6e6ff95e1a64067526087749aa4ecf8bb5cb4b8e273                                   │
│ Gas Owner: 0xae8da2da7d08b7591709a6e6ff95e1a64067526087749aa4ecf8bb5cb4b8e273                                │
│ Gas Budget: 23295200 MIST                                                                                    │
│ Gas Price: 1000 MIST                                                                                         │
│ Gas Payment:                                                                                                 │
│  ┌──                                                                                                         │
│  │ ID: 0xf10537bf642010da16aa62719ee98e4d69135489c2b0f12b1232699576ec98f0                                    │
│  │ Version: 236173284                                                                                        │
│  │ Digest: DCm6kHsmURLasq32HViuGPKt2iEwD85ExZjrXK9iq6Gp                                                      │
│  └──                                                                                                         │
│                                                                                                              │
│ Transaction Kind: Programmable                                                                               │
│ ╭──────────────────────────────────────────────────────────────────────────────────────────────────────────╮ │
│ │ Input Objects                                                                                            │ │
│ ├──────────────────────────────────────────────────────────────────────────────────────────────────────────┤ │
│ │ 0   Pure Arg: Type: address, Value: "0xae8da2da7d08b7591709a6e6ff95e1a64067526087749aa4ecf8bb5cb4b8e273" │ │
│ ╰──────────────────────────────────────────────────────────────────────────────────────────────────────────╯ │
│ ╭─────────────────────────────────────────────────────────────────────────╮                                  │
│ │ Commands                                                                │                                  │
│ ├─────────────────────────────────────────────────────────────────────────┤                                  │
│ │ 0  Publish:                                                             │                                  │
│ │  ┌                                                                      │                                  │
│ │  │ Dependencies:                                                        │                                  │
│ │  │   0x0000000000000000000000000000000000000000000000000000000000000001 │                                  │
│ │  │   0x0000000000000000000000000000000000000000000000000000000000000002 │                                  │
│ │  └                                                                      │                                  │
│ │                                                                         │                                  │
│ │ 1  TransferObjects:                                                     │                                  │
│ │  ┌                                                                      │                                  │
│ │  │ Arguments:                                                           │                                  │
│ │  │   Result 0                                                           │                                  │
│ │  │ Address: Input  0                                                    │                                  │
│ │  └                                                                      │                                  │
│ ╰─────────────────────────────────────────────────────────────────────────╯                                  │
│                                                                                                              │
│ Signatures:                                                                                                  │
│    nosM4nMXQPiZDsS+f7q+9g+tomKlvEvCSG/KeAe1OPHukDm/0GIxiy9QgY0lpcQoQBWv7AWifbIysaowQjYSAQ==                  │
│                                                                                                              │
╰──────────────────────────────────────────────────────────────────────────────────────────────────────────────╯
╭───────────────────────────────────────────────────────────────────────────────────────────────────╮
│ Transaction Effects                                                                               │
├───────────────────────────────────────────────────────────────────────────────────────────────────┤
│ Digest: 3UMURqpi2u6ri2Qz1aDBtM7QRwzKGJcrGaznbV6x8YQK                                              │
│ Status: Success                                                                                   │
│ Executed Epoch: 566                                                                               │
│                                                                                                   │
│ Created Objects:                                                                                  │
│  ┌──                                                                                              │
│  │ ID: 0x1243c21d6c7b16971b2ca966b17c0d7d0bc066632c38fa0a0786fd80d8fe3a74                         │
│  │ Owner: Account Address ( 0xae8da2da7d08b7591709a6e6ff95e1a64067526087749aa4ecf8bb5cb4b8e273 )  │
│  │ Version: 236173285                                                                             │
│  │ Digest: AVYWQwQrQNboLT1F3XPLSNXQkmvWfJTs1P5vEcfcPNuK                                           │
│  └──                                                                                              │
│  ┌──                                                                                              │
│  │ ID: 0x27c72eccb2dc9516bd5544f77d244c0279977fc5fd63e4383dd96dd04f598160                         │
│  │ Owner: Immutable                                                                               │
│  │ Version: 236173285                                                                             │
│  │ Digest: EMkAxTDuXC2GpNq71Ma9o16xkZDEYQeUZzGekFttKfGX                                           │
│  └──                                                                                              │
│  ┌──                                                                                              │
│  │ ID: 0x7f386c989322e8d8f812fc1c264ef693dd3490af94db72b19b9e113b40232fce                         │
│  │ Owner: Immutable                                                                               │
│  │ Version: 236173285                                                                             │
│  │ Digest: AgAfKbEeCKkrvSrFL6PicG8RYvxKNG3ewNhqLDW8d6y8                                           │
│  └──                                                                                              │
│  ┌──                                                                                              │
│  │ ID: 0xa0a891e5d45cbe13080228285ad6aab5202e4f7f727d1deb5cff452674ce09f1                         │
│  │ Owner: Account Address ( 0xae8da2da7d08b7591709a6e6ff95e1a64067526087749aa4ecf8bb5cb4b8e273 )  │
│  │ Version: 236173285                                                                             │
│  │ Digest: 8BQFRXuJDZa14HEe62wPDhxrojLdwows4x7VYMRgnYMx                                           │
│  └──                                                                                              │
│  ┌──                                                                                              │
│  │ ID: 0xa86b066a51f60c6c86b20f61d3c17b58be469ded3c8068837c4a6d7106f66761                         │
│  │ Owner: Immutable                                                                               │
│  │ Version: 1                                                                                     │
│  │ Digest: F8pUcR3ZPJ6rA7PEcusbBU4LDkvDnBEjE8UWuT8SeMoB                                           │
│  └──                                                                                              │
│  ┌──                                                                                              │
│  │ ID: 0xd057f05afd299294f21e9764a97e5b69d866a15c25cb753cc49d7a1969194072                         │
│  │ Owner: Shared( 236173285 )                                                                     │
│  │ Version: 236173285                                                                             │
│  │ Digest: 2eEQckd6fmCp75ocQHnNLm6cz5caErxoRtQKu5M8BKYW                                           │
│  └──                                                                                              │
│ Mutated Objects:                                                                                  │
│  ┌──                                                                                              │
│  │ ID: 0xf10537bf642010da16aa62719ee98e4d69135489c2b0f12b1232699576ec98f0                         │
│  │ Owner: Account Address ( 0xae8da2da7d08b7591709a6e6ff95e1a64067526087749aa4ecf8bb5cb4b8e273 )  │
│  │ Version: 236173285                                                                             │
│  │ Digest: 3LVgFzq59UvedvYimVeEJj6HbFpRAQ6SCjvcCezwfovD                                           │
│  └──                                                                                              │
│ Gas Object:                                                                                       │
│  ┌──                                                                                              │
│  │ ID: 0xf10537bf642010da16aa62719ee98e4d69135489c2b0f12b1232699576ec98f0                         │
│  │ Owner: Account Address ( 0xae8da2da7d08b7591709a6e6ff95e1a64067526087749aa4ecf8bb5cb4b8e273 )  │
│  │ Version: 236173285                                                                             │
│  │ Digest: 3LVgFzq59UvedvYimVeEJj6HbFpRAQ6SCjvcCezwfovD                                           │
│  └──                                                                                              │
│ Gas Cost Summary:                                                                                 │
│    Storage Cost: 21295200 MIST                                                                    │
│    Computation Cost: 1000000 MIST                                                                 │
│    Storage Rebate: 978120 MIST                                                                    │
│    Non-refundable Storage Fee: 9880 MIST                                                          │
│                                                                                                   │
│ Transaction Dependencies:                                                                         │
│    EvfmeiTBu1KtdEqcufr4nAGXo2dnHJ9Gc4LYPGgHnMCg                                                   │
│    GMBJA2gEEvtwv1wGGT7ZEDkQdrmUTKaE4TeinNGQ2feC                                                   │
╰───────────────────────────────────────────────────────────────────────────────────────────────────╯
╭─────────────────────────────╮
│ No transaction block events │
╰─────────────────────────────╯

╭───────────────────────────────────────────────────────────────────────────────────────────────────────────────────────────────────╮
│ Object Changes                                                                                                                    │
├───────────────────────────────────────────────────────────────────────────────────────────────────────────────────────────────────┤
│ Created Objects:                                                                                                                  │
│  ┌──                                                                                                                              │
│  │ ObjectID: 0x1243c21d6c7b16971b2ca966b17c0d7d0bc066632c38fa0a0786fd80d8fe3a74                                                   │
│  │ Sender: 0xae8da2da7d08b7591709a6e6ff95e1a64067526087749aa4ecf8bb5cb4b8e273                                                     │
│  │ Owner: Account Address ( 0xae8da2da7d08b7591709a6e6ff95e1a64067526087749aa4ecf8bb5cb4b8e273 )                                  │
│  │ ObjectType: 0x2::coin::TreasuryCap<0xa86b066a51f60c6c86b20f61d3c17b58be469ded3c8068837c4a6d7106f66761::yizuo::YIZUO>           │
│  │ Version: 236173285                                                                                                             │
│  │ Digest: AVYWQwQrQNboLT1F3XPLSNXQkmvWfJTs1P5vEcfcPNuK                                                                           │
│  └──                                                                                                                              │
│  ┌──                                                                                                                              │
│  │ ObjectID: 0x27c72eccb2dc9516bd5544f77d244c0279977fc5fd63e4383dd96dd04f598160                                                   │
│  │ Sender: 0xae8da2da7d08b7591709a6e6ff95e1a64067526087749aa4ecf8bb5cb4b8e273                                                     │
│  │ Owner: Immutable                                                                                                               │
│  │ ObjectType: 0x2::coin::CoinMetadata<0xa86b066a51f60c6c86b20f61d3c17b58be469ded3c8068837c4a6d7106f66761::yizuo::YIZUO>          │
│  │ Version: 236173285                                                                                                             │
│  │ Digest: EMkAxTDuXC2GpNq71Ma9o16xkZDEYQeUZzGekFttKfGX                                                                           │
│  └──                                                                                                                              │
│  ┌──                                                                                                                              │
│  │ ObjectID: 0x7f386c989322e8d8f812fc1c264ef693dd3490af94db72b19b9e113b40232fce                                                   │
│  │ Sender: 0xae8da2da7d08b7591709a6e6ff95e1a64067526087749aa4ecf8bb5cb4b8e273                                                     │
│  │ Owner: Immutable                                                                                                               │
│  │ ObjectType: 0x2::coin::CoinMetadata<0xa86b066a51f60c6c86b20f61d3c17b58be469ded3c8068837c4a6d7106f66761::yizuo_rmb::YIZUO_RMB>  │
│  │ Version: 236173285                                                                                                             │
│  │ Digest: AgAfKbEeCKkrvSrFL6PicG8RYvxKNG3ewNhqLDW8d6y8                                                                           │
│  └──                                                                                                                              │
│  ┌──                                                                                                                              │
│  │ ObjectID: 0xa0a891e5d45cbe13080228285ad6aab5202e4f7f727d1deb5cff452674ce09f1                                                   │
│  │ Sender: 0xae8da2da7d08b7591709a6e6ff95e1a64067526087749aa4ecf8bb5cb4b8e273                                                     │
│  │ Owner: Account Address ( 0xae8da2da7d08b7591709a6e6ff95e1a64067526087749aa4ecf8bb5cb4b8e273 )                                  │
│  │ ObjectType: 0x2::package::UpgradeCap                                                                                           │
│  │ Version: 236173285                                                                                                             │
│  │ Digest: 8BQFRXuJDZa14HEe62wPDhxrojLdwows4x7VYMRgnYMx                                                                           │
│  └──                                                                                                                              │
│  ┌──                                                                                                                              │
│  │ ObjectID: 0xd057f05afd299294f21e9764a97e5b69d866a15c25cb753cc49d7a1969194072                                                   │
│  │ Sender: 0xae8da2da7d08b7591709a6e6ff95e1a64067526087749aa4ecf8bb5cb4b8e273                                                     │
│  │ Owner: Shared( 236173285 )                                                                                                     │
│  │ ObjectType: 0x2::coin::TreasuryCap<0xa86b066a51f60c6c86b20f61d3c17b58be469ded3c8068837c4a6d7106f66761::yizuo_rmb::YIZUO_RMB>   │
│  │ Version: 236173285                                                                                                             │
│  │ Digest: 2eEQckd6fmCp75ocQHnNLm6cz5caErxoRtQKu5M8BKYW                                                                           │
│  └──                                                                                                                              │
│ Mutated Objects:                                                                                                                  │
│  ┌──                                                                                                                              │
│  │ ObjectID: 0xf10537bf642010da16aa62719ee98e4d69135489c2b0f12b1232699576ec98f0                                                   │
│  │ Sender: 0xae8da2da7d08b7591709a6e6ff95e1a64067526087749aa4ecf8bb5cb4b8e273                                                     │
│  │ Owner: Account Address ( 0xae8da2da7d08b7591709a6e6ff95e1a64067526087749aa4ecf8bb5cb4b8e273 )                                  │
│  │ ObjectType: 0x2::coin::Coin<0x2::sui::SUI>                                                                                     │
│  │ Version: 236173285                                                                                                             │
│  │ Digest: 3LVgFzq59UvedvYimVeEJj6HbFpRAQ6SCjvcCezwfovD                                                                           │
│  └──                                                                                                                              │
│ Published Objects:                                                                                                                │
│  ┌──                                                                                                                              │
│  │ PackageID: 0xa86b066a51f60c6c86b20f61d3c17b58be469ded3c8068837c4a6d7106f66761                                                  │
│  │ Version: 1                                                                                                                     │
│  │ Digest: F8pUcR3ZPJ6rA7PEcusbBU4LDkvDnBEjE8UWuT8SeMoB                                                                           │
│  │ Modules: yizuo, yizuo_rmb                                                                                                      │
│  └──                                                                                                                              │
╰───────────────────────────────────────────────────────────────────────────────────────────────────────────────────────────────────╯
╭───────────────────────────────────────────────────────────────────────────────────────────────────╮
│ Balance Changes                                                                                   │
├───────────────────────────────────────────────────────────────────────────────────────────────────┤
│  ┌──                                                                                              │
│  │ Owner: Account Address ( 0xae8da2da7d08b7591709a6e6ff95e1a64067526087749aa4ecf8bb5cb4b8e273 )  │
│  │ CoinType: 0x2::sui::SUI                                                                        │
│  │ Amount: -21317080                                                                              │
│  └──                                                                                              │
╰───────────────────────────────────────────────────────────────────────────────────────────────────╯