Transaction Digest: 4DPu5jE6Jug6gC2MLwDMTGXB3cSiwVKouHQrghRcKKwq
╭──────────────────────────────────────────────────────────────────────────────────────────────────────────────╮
│ Transaction Data                                                                                             │
├──────────────────────────────────────────────────────────────────────────────────────────────────────────────┤
│ Sender: 0x0b41c802f6fcbe6c1b051c6b93dfd62fa3b7b439094d50c82ca55f79bb28910e                                   │
│ Gas Owner: 0x0b41c802f6fcbe6c1b051c6b93dfd62fa3b7b439094d50c82ca55f79bb28910e                                │
│ Gas Budget: 100000000 MIST                                                                                   │
│ Gas Price: 1000 MIST                                                                                         │
│ Gas Payment:                                                                                                 │
│  ┌──                                                                                                         │
│  │ ID: 0x23d243fa87b1744f5fa2db0a6c533cb5b2d265bb64ecb1424c9729692c37de78                                    │
│  │ Version: 50728924                                                                                         │
│  │ Digest: ebm9hUVSF7RrbHU4VFw7snxHNJfvfpMtVhNV2CQCe8e                                                       │
│  └──                                                                                                         │
│                                                                                                              │
│ Transaction Kind: Programmable                                                                               │
│ ╭──────────────────────────────────────────────────────────────────────────────────────────────────────────╮ │
│ │ Input Objects                                                                                            │ │
│ ├──────────────────────────────────────────────────────────────────────────────────────────────────────────┤ │
│ │ 0   Shared Object    ID: 0x214422d08971e049f001ec42875e9093a9b54278bd8bc0fca67c848d5afd790e              │ │
│ │ 1   Pure Arg: Type: u64, Value: "20000000"                                                               │ │
│ │ 2   Pure Arg: Type: address, Value: "0x0b41c802f6fcbe6c1b051c6b93dfd62fa3b7b439094d50c82ca55f79bb28910e" │ │
│ ╰──────────────────────────────────────────────────────────────────────────────────────────────────────────╯ │
│ ╭──────────────────────────────────────────────────────────────────────────────────╮                         │
│ │ Commands                                                                         │                         │
│ ├──────────────────────────────────────────────────────────────────────────────────┤                         │
│ │ 0  MoveCall:                                                                     │                         │
│ │  ┌                                                                               │                         │
│ │  │ Function:  mint                                                               │                         │
│ │  │ Module:    usd                                                                │                         │
│ │  │ Package:   0x47e96c5b5043ce5f0852251bed1b923178919c66717ad5dd2666e6d416975b1b │                         │
│ │  │ Arguments:                                                                    │                         │
│ │  │   Input  0                                                                    │                         │
│ │  │   Input  1                                                                    │                         │
│ │  │   Input  2                                                                    │                         │
│ │  └                                                                               │                         │
│ ╰──────────────────────────────────────────────────────────────────────────────────╯                         │
│                                                                                                              │
│ Signatures:                                                                                                  │
│    1GdT9YqLduQQkQG2NgVcO9HwoFRKdN9qWDhJelqyh/PrLhTjopM8UB2lz9pNcQgt+akl7aV6qR50BDUiVhfZBQ==                  │
│                                                                                                              │
╰──────────────────────────────────────────────────────────────────────────────────────────────────────────────╯
╭───────────────────────────────────────────────────────────────────────────────────────────────────╮
│ Transaction Effects                                                                               │
├───────────────────────────────────────────────────────────────────────────────────────────────────┤
│ Digest: 4DPu5jE6Jug6gC2MLwDMTGXB3cSiwVKouHQrghRcKKwq                                              │
│ Status: Success                                                                                   │
│ Executed Epoch: 413                                                                               │
│                                                                                                   │
│ Created Objects:                                                                                  │
│  ┌──                                                                                              │
│  │ ID: 0x1c5d30d0af9930a082d649dd6e1422d5ef50a664bf7b6aa80f4cff86b759fa32                         │
│  │ Owner: Account Address ( 0x0b41c802f6fcbe6c1b051c6b93dfd62fa3b7b439094d50c82ca55f79bb28910e )  │
│  │ Version: 50728925                                                                              │
│  │ Digest: 72nhaVYqNdQ59CFtz2UcWALGvi7yfqV2EaBXJPyjHCLz                                           │
│  └──                                                                                              │
│ Mutated Objects:                                                                                  │
│  ┌──                                                                                              │
│  │ ID: 0x214422d08971e049f001ec42875e9093a9b54278bd8bc0fca67c848d5afd790e                         │
│  │ Owner: Shared( 50639342 )                                                                      │
│  │ Version: 50728925                                                                              │
│  │ Digest: F4SFYM8EeMo9jv1QbXsCoAbvQ7vF2KdgyikUUvgTHvg7                                           │
│  └──                                                                                              │
│  ┌──                                                                                              │
│  │ ID: 0x23d243fa87b1744f5fa2db0a6c533cb5b2d265bb64ecb1424c9729692c37de78                         │
│  │ Owner: Account Address ( 0x0b41c802f6fcbe6c1b051c6b93dfd62fa3b7b439094d50c82ca55f79bb28910e )  │
│  │ Version: 50728925                                                                              │
│  │ Digest: Ad7yDu78DPNnSYb6NDQ8WpeQogHUABrxMCk7BhM9a1sT                                           │
│  └──                                                                                              │
│ Shared Objects:                                                                                   │
│  ┌──                                                                                              │
│  │ ID: 0x214422d08971e049f001ec42875e9093a9b54278bd8bc0fca67c848d5afd790e                         │
│  │ Version: 50639352                                                                              │
│  │ Digest: EavVXxVrgRsfgbHLK58xzTZQ4fKUs2MKqFrScQ4vmJbd                                           │
│  └──                                                                                              │
│ Gas Object:                                                                                       │
│  ┌──                                                                                              │
│  │ ID: 0x23d243fa87b1744f5fa2db0a6c533cb5b2d265bb64ecb1424c9729692c37de78                         │
│  │ Owner: Account Address ( 0x0b41c802f6fcbe6c1b051c6b93dfd62fa3b7b439094d50c82ca55f79bb28910e )  │
│  │ Version: 50728925                                                                              │
│  │ Digest: Ad7yDu78DPNnSYb6NDQ8WpeQogHUABrxMCk7BhM9a1sT                                           │
│  └──                                                                                              │
│ Gas Cost Summary:                                                                                 │
│    Storage Cost: 3982400 MIST                                                                     │
│    Computation Cost: 1000000 MIST                                                                 │
│    Storage Rebate: 2648448 MIST                                                                   │
│    Non-refundable Storage Fee: 26752 MIST                                                         │
│                                                                                                   │
│ Transaction Dependencies:                                                                         │
│    2ew9tPGogdCEYqyG8VecqS3ioKZHSDb1xtD6jy8fDKmH                                                   │
│    7n7ancGYDjaYBb44wZCBSvhLKUCRakWVEFP7bQm42pYR                                                   │
│    AX3P5KF5kwmTZZXhDghkVsy18C4No3EVeoBPPQzCW2AT                                                   │
╰───────────────────────────────────────────────────────────────────────────────────────────────────╯
╭─────────────────────────────╮
│ No transaction block events │
╰─────────────────────────────╯

╭──────────────────────────────────────────────────────────────────────────────────────────────────────────────────────╮
│ Object Changes                                                                                                       │
├──────────────────────────────────────────────────────────────────────────────────────────────────────────────────────┤
│ Created Objects:                                                                                                     │
│  ┌──                                                                                                                 │
│  │ ObjectID: 0x1c5d30d0af9930a082d649dd6e1422d5ef50a664bf7b6aa80f4cff86b759fa32                                      │
│  │ Sender: 0x0b41c802f6fcbe6c1b051c6b93dfd62fa3b7b439094d50c82ca55f79bb28910e                                        │
│  │ Owner: Account Address ( 0x0b41c802f6fcbe6c1b051c6b93dfd62fa3b7b439094d50c82ca55f79bb28910e )                     │
│  │ ObjectType: 0x2::coin::Coin<0x47e96c5b5043ce5f0852251bed1b923178919c66717ad5dd2666e6d416975b1b::usd::USD>         │
│  │ Version: 50728925                                                                                                 │
│  │ Digest: 72nhaVYqNdQ59CFtz2UcWALGvi7yfqV2EaBXJPyjHCLz                                                              │
│  └──                                                                                                                 │
│ Mutated Objects:                                                                                                     │
│  ┌──                                                                                                                 │
│  │ ObjectID: 0x214422d08971e049f001ec42875e9093a9b54278bd8bc0fca67c848d5afd790e                                      │
│  │ Sender: 0x0b41c802f6fcbe6c1b051c6b93dfd62fa3b7b439094d50c82ca55f79bb28910e                                        │
│  │ Owner: Shared( 50639342 )                                                                                         │
│  │ ObjectType: 0x2::coin::TreasuryCap<0x47e96c5b5043ce5f0852251bed1b923178919c66717ad5dd2666e6d416975b1b::usd::USD>  │
│  │ Version: 50728925                                                                                                 │
│  │ Digest: F4SFYM8EeMo9jv1QbXsCoAbvQ7vF2KdgyikUUvgTHvg7                                                              │
│  └──                                                                                                                 │
│  ┌──                                                                                                                 │
│  │ ObjectID: 0x23d243fa87b1744f5fa2db0a6c533cb5b2d265bb64ecb1424c9729692c37de78                                      │
│  │ Sender: 0x0b41c802f6fcbe6c1b051c6b93dfd62fa3b7b439094d50c82ca55f79bb28910e                                        │
│  │ Owner: Account Address ( 0x0b41c802f6fcbe6c1b051c6b93dfd62fa3b7b439094d50c82ca55f79bb28910e )                     │
│  │ ObjectType: 0x2::coin::Coin<0x2::sui::SUI>                                                                        │
│  │ Version: 50728925                                                                                                 │
│  │ Digest: Ad7yDu78DPNnSYb6NDQ8WpeQogHUABrxMCk7BhM9a1sT                                                              │
│  └──                                                                                                                 │
╰──────────────────────────────────────────────────────────────────────────────────────────────────────────────────────╯
╭───────────────────────────────────────────────────────────────────────────────────────────────────╮
│ Balance Changes                                                                                   │
├───────────────────────────────────────────────────────────────────────────────────────────────────┤
│  ┌──                                                                                              │
│  │ Owner: Account Address ( 0x0b41c802f6fcbe6c1b051c6b93dfd62fa3b7b439094d50c82ca55f79bb28910e )  │
│  │ CoinType: 0x2::sui::SUI                                                                        │
│  │ Amount: -2333952                                                                               │
│  └──                                                                                              │
│  ┌──                                                                                              │
│  │ Owner: Account Address ( 0x0b41c802f6fcbe6c1b051c6b93dfd62fa3b7b439094d50c82ca55f79bb28910e )  │
│  │ CoinType: 0x47e96c5b5043ce5f0852251bed1b923178919c66717ad5dd2666e6d416975b1b::usd::USD         │
│  │ Amount: 20000000                                                                               │
│  └──                                                                                              │
╰───────────────────────────────────────────────────────────────────────────────────────────────────╯
