Transaction Digest: 7n7ancGYDjaYBb44wZCBSvhLKUCRakWVEFP7bQm42pYR
╭──────────────────────────────────────────────────────────────────────────────────────────────────────────────╮
│ Transaction Data                                                                                             │
├──────────────────────────────────────────────────────────────────────────────────────────────────────────────┤
│ Sender: 0x0b41c802f6fcbe6c1b051c6b93dfd62fa3b7b439094d50c82ca55f79bb28910e                                   │
│ Gas Owner: 0x0b41c802f6fcbe6c1b051c6b93dfd62fa3b7b439094d50c82ca55f79bb28910e                                │
│ Gas Budget: 100000000 MIST                                                                                   │
│ Gas Price: 1000 MIST                                                                                         │
│ Gas Payment:                                                                                                 │
│  ┌──                                                                                                         │
│  │ ID: 0x23d243fa87b1744f5fa2db0a6c533cb5b2d265bb64ecb1424c9729692c37de78                                    │
│  │ Version: 50728923                                                                                         │
│  │ Digest: 2yy4mWkQotiH1QWWNhJ8x58F6gzfxK92jYm4KwaDifvN                                                      │
│  └──                                                                                                         │
│                                                                                                              │
│ Transaction Kind: Programmable                                                                               │
│ ╭──────────────────────────────────────────────────────────────────────────────────────────────────────────╮ │
│ │ Input Objects                                                                                            │ │
│ ├──────────────────────────────────────────────────────────────────────────────────────────────────────────┤ │
│ │ 0   Imm/Owned Object ID: 0xd9a008d72f6b98dede41e044e4197483e94b7f23adde35ec0256491c5c48b714              │ │
│ │ 1   Pure Arg: Type: u64, Value: "10000000"                                                               │ │
│ │ 2   Pure Arg: Type: address, Value: "0x0b41c802f6fcbe6c1b051c6b93dfd62fa3b7b439094d50c82ca55f79bb28910e" │ │
│ ╰──────────────────────────────────────────────────────────────────────────────────────────────────────────╯ │
│ ╭──────────────────────────────────────────────────────────────────────────────────╮                         │
│ │ Commands                                                                         │                         │
│ ├──────────────────────────────────────────────────────────────────────────────────┤                         │
│ │ 0  MoveCall:                                                                     │                         │
│ │  ┌                                                                               │                         │
│ │  │ Function:  mint                                                               │                         │
│ │  │ Module:    rmb                                                                │                         │
│ │  │ Package:   0x47e96c5b5043ce5f0852251bed1b923178919c66717ad5dd2666e6d416975b1b │                         │
│ │  │ Arguments:                                                                    │                         │
│ │  │   Input  0                                                                    │                         │
│ │  │   Input  1                                                                    │                         │
│ │  │   Input  2                                                                    │                         │
│ │  └                                                                               │                         │
│ ╰──────────────────────────────────────────────────────────────────────────────────╯                         │
│                                                                                                              │
│ Signatures:                                                                                                  │
│    3HAFGQ0+x26ChwreMtmRdqGhPJ1lfGbMs0/nszKTxmDKazpQkRl6pr8bwSNp51JJ5f8tDHQ81JHJJONeOBUNAg==                  │
│                                                                                                              │
╰──────────────────────────────────────────────────────────────────────────────────────────────────────────────╯
╭───────────────────────────────────────────────────────────────────────────────────────────────────╮
│ Transaction Effects                                                                               │
├───────────────────────────────────────────────────────────────────────────────────────────────────┤
│ Digest: 7n7ancGYDjaYBb44wZCBSvhLKUCRakWVEFP7bQm42pYR                                              │
│ Status: Success                                                                                   │
│ Executed Epoch: 413                                                                               │
│                                                                                                   │
│ Created Objects:                                                                                  │
│  ┌──                                                                                              │
│  │ ID: 0x737d6ddaa9970efa5350f665c860dfc11e6fcc145fdce0d06b4eafa921ebd570                         │
│  │ Owner: Account Address ( 0x0b41c802f6fcbe6c1b051c6b93dfd62fa3b7b439094d50c82ca55f79bb28910e )  │
│  │ Version: 50728924                                                                              │
│  │ Digest: 2GMAZA5cq61YN8ajFMJ8c2qZ3DSr3gkXA2h5feQ8hVr1                                           │
│  └──                                                                                              │
│ Mutated Objects:                                                                                  │
│  ┌──                                                                                              │
│  │ ID: 0x23d243fa87b1744f5fa2db0a6c533cb5b2d265bb64ecb1424c9729692c37de78                         │
│  │ Owner: Account Address ( 0x0b41c802f6fcbe6c1b051c6b93dfd62fa3b7b439094d50c82ca55f79bb28910e )  │
│  │ Version: 50728924                                                                              │
│  │ Digest: ebm9hUVSF7RrbHU4VFw7snxHNJfvfpMtVhNV2CQCe8e                                            │
│  └──                                                                                              │
│  ┌──                                                                                              │
│  │ ID: 0xd9a008d72f6b98dede41e044e4197483e94b7f23adde35ec0256491c5c48b714                         │
│  │ Owner: Account Address ( 0x0b41c802f6fcbe6c1b051c6b93dfd62fa3b7b439094d50c82ca55f79bb28910e )  │
│  │ Version: 50728924                                                                              │
│  │ Digest: 8MndfMsJQidauLjL9ZuvxwM8zPtJwEZH9JZWLLFJz18s                                           │
│  └──                                                                                              │
│ Gas Object:                                                                                       │
│  ┌──                                                                                              │
│  │ ID: 0x23d243fa87b1744f5fa2db0a6c533cb5b2d265bb64ecb1424c9729692c37de78                         │
│  │ Owner: Account Address ( 0x0b41c802f6fcbe6c1b051c6b93dfd62fa3b7b439094d50c82ca55f79bb28910e )  │
│  │ Version: 50728924                                                                              │
│  │ Digest: ebm9hUVSF7RrbHU4VFw7snxHNJfvfpMtVhNV2CQCe8e                                            │
│  └──                                                                                              │
│ Gas Cost Summary:                                                                                 │
│    Storage Cost: 3982400 MIST                                                                     │
│    Computation Cost: 1000000 MIST                                                                 │
│    Storage Rebate: 2648448 MIST                                                                   │
│    Non-refundable Storage Fee: 26752 MIST                                                         │
│                                                                                                   │
│ Transaction Dependencies:                                                                         │
│    AX3P5KF5kwmTZZXhDghkVsy18C4No3EVeoBPPQzCW2AT                                                   │
│    FeDFFueDDVg3yTdqhH9cAHy3wuv1Xcvv95A7oga8QQt4                                                   │
│    GfxNmmiYFzVFDAUhHZ9dGbn5c6rFsP9yucnfkpjRyn1M                                                   │
╰───────────────────────────────────────────────────────────────────────────────────────────────────╯
╭─────────────────────────────╮
│ No transaction block events │
╰─────────────────────────────╯

╭──────────────────────────────────────────────────────────────────────────────────────────────────────────────────────╮
│ Object Changes                                                                                                       │
├──────────────────────────────────────────────────────────────────────────────────────────────────────────────────────┤
│ Created Objects:                                                                                                     │
│  ┌──                                                                                                                 │
│  │ ObjectID: 0x737d6ddaa9970efa5350f665c860dfc11e6fcc145fdce0d06b4eafa921ebd570                                      │
│  │ Sender: 0x0b41c802f6fcbe6c1b051c6b93dfd62fa3b7b439094d50c82ca55f79bb28910e                                        │
│  │ Owner: Account Address ( 0x0b41c802f6fcbe6c1b051c6b93dfd62fa3b7b439094d50c82ca55f79bb28910e )                     │
│  │ ObjectType: 0x2::coin::Coin<0x47e96c5b5043ce5f0852251bed1b923178919c66717ad5dd2666e6d416975b1b::rmb::RMB>         │
│  │ Version: 50728924                                                                                                 │
│  │ Digest: 2GMAZA5cq61YN8ajFMJ8c2qZ3DSr3gkXA2h5feQ8hVr1                                                              │
│  └──                                                                                                                 │
│ Mutated Objects:                                                                                                     │
│  ┌──                                                                                                                 │
│  │ ObjectID: 0x23d243fa87b1744f5fa2db0a6c533cb5b2d265bb64ecb1424c9729692c37de78                                      │
│  │ Sender: 0x0b41c802f6fcbe6c1b051c6b93dfd62fa3b7b439094d50c82ca55f79bb28910e                                        │
│  │ Owner: Account Address ( 0x0b41c802f6fcbe6c1b051c6b93dfd62fa3b7b439094d50c82ca55f79bb28910e )                     │
│  │ ObjectType: 0x2::coin::Coin<0x2::sui::SUI>                                                                        │
│  │ Version: 50728924                                                                                                 │
│  │ Digest: ebm9hUVSF7RrbHU4VFw7snxHNJfvfpMtVhNV2CQCe8e                                                               │
│  └──                                                                                                                 │
│  ┌──                                                                                                                 │
│  │ ObjectID: 0xd9a008d72f6b98dede41e044e4197483e94b7f23adde35ec0256491c5c48b714                                      │
│  │ Sender: 0x0b41c802f6fcbe6c1b051c6b93dfd62fa3b7b439094d50c82ca55f79bb28910e                                        │
│  │ Owner: Account Address ( 0x0b41c802f6fcbe6c1b051c6b93dfd62fa3b7b439094d50c82ca55f79bb28910e )                     │
│  │ ObjectType: 0x2::coin::TreasuryCap<0x47e96c5b5043ce5f0852251bed1b923178919c66717ad5dd2666e6d416975b1b::rmb::RMB>  │
│  │ Version: 50728924                                                                                                 │
│  │ Digest: 8MndfMsJQidauLjL9ZuvxwM8zPtJwEZH9JZWLLFJz18s                                                              │
│  └──                                                                                                                 │
╰──────────────────────────────────────────────────────────────────────────────────────────────────────────────────────╯
╭───────────────────────────────────────────────────────────────────────────────────────────────────╮
│ Balance Changes                                                                                   │
├───────────────────────────────────────────────────────────────────────────────────────────────────┤
│  ┌──                                                                                              │
│  │ Owner: Account Address ( 0x0b41c802f6fcbe6c1b051c6b93dfd62fa3b7b439094d50c82ca55f79bb28910e )  │
│  │ CoinType: 0x2::sui::SUI                                                                        │
│  │ Amount: -2333952                                                                               │
│  └──                                                                                              │
│  ┌──                                                                                              │
│  │ Owner: Account Address ( 0x0b41c802f6fcbe6c1b051c6b93dfd62fa3b7b439094d50c82ca55f79bb28910e )  │
│  │ CoinType: 0x47e96c5b5043ce5f0852251bed1b923178919c66717ad5dd2666e6d416975b1b::rmb::RMB         │
│  │ Amount: 10000000                                                                               │
│  └──                                                                                              │
╰───────────────────────────────────────────────────────────────────────────────────────────────────╯
