Transaction Digest: EaeiWWMo9sN8zhn3cTXDpSygzwUnPMqeCfSRbCm18V6N
╭─────────────────────────────────────────────────────────────────────────────────────────────────╮
│ Transaction Data                                                                                │
├─────────────────────────────────────────────────────────────────────────────────────────────────┤
│ Sender: 0x0b41c802f6fcbe6c1b051c6b93dfd62fa3b7b439094d50c82ca55f79bb28910e                      │
│ Gas Owner: 0x0b41c802f6fcbe6c1b051c6b93dfd62fa3b7b439094d50c82ca55f79bb28910e                   │
│ Gas Budget: 100000000 MIST                                                                      │
│ Gas Price: 1000 MIST                                                                            │
│ Gas Payment:                                                                                    │
│  ┌──                                                                                            │
│  │ ID: 0x23d243fa87b1744f5fa2db0a6c533cb5b2d265bb64ecb1424c9729692c37de78                       │
│  │ Version: 50728930                                                                            │
│  │ Digest: E5P6FFbFARyohMjey8fpDtczwS88PfdLHNdeZSWbDozA                                         │
│  └──                                                                                            │
│                                                                                                 │
│ Transaction Kind: Programmable                                                                  │
│ ╭─────────────────────────────────────────────────────────────────────────────────────────────╮ │
│ │ Input Objects                                                                               │ │
│ ├─────────────────────────────────────────────────────────────────────────────────────────────┤ │
│ │ 0   Shared Object    ID: 0x99ce2b727806aa332a13ff196ebcc61e90fa9a3d51f61bc629dbeadac4238d81 │ │
│ │ 1   Imm/Owned Object ID: 0xed989adccd87b190e0cdd9b520b76d8aa5b7b59d95a5402326d70f79cc2272b9 │ │
│ ╰─────────────────────────────────────────────────────────────────────────────────────────────╯ │
│ ╭──────────────────────────────────────────────────────────────────────────────────╮            │
│ │ Commands                                                                         │            │
│ ├──────────────────────────────────────────────────────────────────────────────────┤            │
│ │ 0  MoveCall:                                                                     │            │
│ │  ┌                                                                               │            │
│ │  │ Function:  swap_b_2_a                                                         │            │
│ │  │ Module:    move_swap                                                          │            │
│ │  │ Package:   0x5d6177c7fe73c10cb50e3cefabc9dbbf1f126715ad2b0df7cae46de9138b2d2d │            │
│ │  │ Arguments:                                                                    │            │
│ │  │   Input  0                                                                    │            │
│ │  │   Input  1                                                                    │            │
│ │  └                                                                               │            │
│ ╰──────────────────────────────────────────────────────────────────────────────────╯            │
│                                                                                                 │
│ Signatures:                                                                                     │
│    SEZ73PFLtrCKTYKYwpKmh6/92TG1W81cv66ShUQLxJF9QJ4hLfOU/Hw4WpImvWZQ7kDVW8kILfU+SVCFcIFsBw==     │
│                                                                                                 │
╰─────────────────────────────────────────────────────────────────────────────────────────────────╯
╭───────────────────────────────────────────────────────────────────────────────────────────────────╮
│ Transaction Effects                                                                               │
├───────────────────────────────────────────────────────────────────────────────────────────────────┤
│ Digest: EaeiWWMo9sN8zhn3cTXDpSygzwUnPMqeCfSRbCm18V6N                                              │
│ Status: Success                                                                                   │
│ Executed Epoch: 413                                                                               │
│                                                                                                   │
│ Created Objects:                                                                                  │
│  ┌──                                                                                              │
│  │ ID: 0xee3a84b6e58707aa7b513626f7aadf98d1da40d1b137d0c7fe7e366d8c6d2ea8                         │
│  │ Owner: Account Address ( 0x0b41c802f6fcbe6c1b051c6b93dfd62fa3b7b439094d50c82ca55f79bb28910e )  │
│  │ Version: 50728931                                                                              │
│  │ Digest: JAP3NfksoFHhmvkYhidaXhHGZANeFkHACGDnEzRvxbjz                                           │
│  └──                                                                                              │
│ Mutated Objects:                                                                                  │
│  ┌──                                                                                              │
│  │ ID: 0x23d243fa87b1744f5fa2db0a6c533cb5b2d265bb64ecb1424c9729692c37de78                         │
│  │ Owner: Account Address ( 0x0b41c802f6fcbe6c1b051c6b93dfd62fa3b7b439094d50c82ca55f79bb28910e )  │
│  │ Version: 50728931                                                                              │
│  │ Digest: 6zpghdcD7gQGL7S3cvyi6QhEfCMnxWcnj6XPcZbWGVLn                                           │
│  └──                                                                                              │
│  ┌──                                                                                              │
│  │ ID: 0x99ce2b727806aa332a13ff196ebcc61e90fa9a3d51f61bc629dbeadac4238d81                         │
│  │ Owner: Shared( 50728923 )                                                                      │
│  │ Version: 50728931                                                                              │
│  │ Digest: J9VCMfD7rEy5JsKhEjx2HSRYfUPNYK6fARMXoQy4gTCB                                           │
│  └──                                                                                              │
│ Shared Objects:                                                                                   │
│  ┌──                                                                                              │
│  │ ID: 0x99ce2b727806aa332a13ff196ebcc61e90fa9a3d51f61bc629dbeadac4238d81                         │
│  │ Version: 50728930                                                                              │
│  │ Digest: By1rhkuT76VXwvoWjuvDVWGsL8MpEMSQF7L3m8PjNiK2                                           │
│  └──                                                                                              │
│ Deleted Objects:                                                                                  │
│  ┌──                                                                                              │
│  │ ID: 0xed989adccd87b190e0cdd9b520b76d8aa5b7b59d95a5402326d70f79cc2272b9                         │
│  │ Version: 50728931                                                                              │
│  │ Digest: 7gyGAp71YXQRoxmFBaHxofQXAipvgHyBKPyxmdSJxyvz                                           │
│  └──                                                                                              │
│ Gas Object:                                                                                       │
│  ┌──                                                                                              │
│  │ ID: 0x23d243fa87b1744f5fa2db0a6c533cb5b2d265bb64ecb1424c9729692c37de78                         │
│  │ Owner: Account Address ( 0x0b41c802f6fcbe6c1b051c6b93dfd62fa3b7b439094d50c82ca55f79bb28910e )  │
│  │ Version: 50728931                                                                              │
│  │ Digest: 6zpghdcD7gQGL7S3cvyi6QhEfCMnxWcnj6XPcZbWGVLn                                           │
│  └──                                                                                              │
│ Gas Cost Summary:                                                                                 │
│    Storage Cost: 3708800 MIST                                                                     │
│    Computation Cost: 1000000 MIST                                                                 │
│    Storage Rebate: 3671712 MIST                                                                   │
│    Non-refundable Storage Fee: 37088 MIST                                                         │
│                                                                                                   │
│ Transaction Dependencies:                                                                         │
│    14BY8HFFCv2a7qYTyk8pEbpe8n3UdbiVb4fpUMBX2fe3                                                   │
│    5TtCSxp4mejMDsg7rrfuGUPBGZYUqhcqNb26mc8yMK7Z                                                   │
│    FeDFFueDDVg3yTdqhH9cAHy3wuv1Xcvv95A7oga8QQt4                                                   │
╰───────────────────────────────────────────────────────────────────────────────────────────────────╯
╭─────────────────────────────╮
│ No transaction block events │
╰─────────────────────────────╯

╭───────────────────────────────────────────────────────────────────────────────────────────────────────────────╮
│ Object Changes                                                                                                │
├───────────────────────────────────────────────────────────────────────────────────────────────────────────────┤
│ Created Objects:                                                                                              │
│  ┌──                                                                                                          │
│  │ ObjectID: 0xee3a84b6e58707aa7b513626f7aadf98d1da40d1b137d0c7fe7e366d8c6d2ea8                               │
│  │ Sender: 0x0b41c802f6fcbe6c1b051c6b93dfd62fa3b7b439094d50c82ca55f79bb28910e                                 │
│  │ Owner: Account Address ( 0x0b41c802f6fcbe6c1b051c6b93dfd62fa3b7b439094d50c82ca55f79bb28910e )              │
│  │ ObjectType: 0x2::coin::Coin<0x47e96c5b5043ce5f0852251bed1b923178919c66717ad5dd2666e6d416975b1b::rmb::RMB>  │
│  │ Version: 50728931                                                                                          │
│  │ Digest: JAP3NfksoFHhmvkYhidaXhHGZANeFkHACGDnEzRvxbjz                                                       │
│  └──                                                                                                          │
│ Mutated Objects:                                                                                              │
│  ┌──                                                                                                          │
│  │ ObjectID: 0x23d243fa87b1744f5fa2db0a6c533cb5b2d265bb64ecb1424c9729692c37de78                               │
│  │ Sender: 0x0b41c802f6fcbe6c1b051c6b93dfd62fa3b7b439094d50c82ca55f79bb28910e                                 │
│  │ Owner: Account Address ( 0x0b41c802f6fcbe6c1b051c6b93dfd62fa3b7b439094d50c82ca55f79bb28910e )              │
│  │ ObjectType: 0x2::coin::Coin<0x2::sui::SUI>                                                                 │
│  │ Version: 50728931                                                                                          │
│  │ Digest: 6zpghdcD7gQGL7S3cvyi6QhEfCMnxWcnj6XPcZbWGVLn                                                       │
│  └──                                                                                                          │
│  ┌──                                                                                                          │
│  │ ObjectID: 0x99ce2b727806aa332a13ff196ebcc61e90fa9a3d51f61bc629dbeadac4238d81                               │
│  │ Sender: 0x0b41c802f6fcbe6c1b051c6b93dfd62fa3b7b439094d50c82ca55f79bb28910e                                 │
│  │ Owner: Shared( 50728923 )                                                                                  │
│  │ ObjectType: 0x5d6177c7fe73c10cb50e3cefabc9dbbf1f126715ad2b0df7cae46de9138b2d2d::move_swap::Pool            │
│  │ Version: 50728931                                                                                          │
│  │ Digest: J9VCMfD7rEy5JsKhEjx2HSRYfUPNYK6fARMXoQy4gTCB                                                       │
│  └──                                                                                                          │
╰───────────────────────────────────────────────────────────────────────────────────────────────────────────────╯
╭───────────────────────────────────────────────────────────────────────────────────────────────────╮
│ Balance Changes                                                                                   │
├───────────────────────────────────────────────────────────────────────────────────────────────────┤
│  ┌──                                                                                              │
│  │ Owner: Account Address ( 0x0b41c802f6fcbe6c1b051c6b93dfd62fa3b7b439094d50c82ca55f79bb28910e )  │
│  │ CoinType: 0x2::sui::SUI                                                                        │
│  │ Amount: -1037088                                                                               │
│  └──                                                                                              │
│  ┌──                                                                                              │
│  │ Owner: Account Address ( 0x0b41c802f6fcbe6c1b051c6b93dfd62fa3b7b439094d50c82ca55f79bb28910e )  │
│  │ CoinType: 0x47e96c5b5043ce5f0852251bed1b923178919c66717ad5dd2666e6d416975b1b::rmb::RMB         │
│  │ Amount: 1000000                                                                                │
│  └──                                                                                              │
│  ┌──                                                                                              │
│  │ Owner: Account Address ( 0x0b41c802f6fcbe6c1b051c6b93dfd62fa3b7b439094d50c82ca55f79bb28910e )  │
│  │ CoinType: 0x47e96c5b5043ce5f0852251bed1b923178919c66717ad5dd2666e6d416975b1b::usd::USD         │
│  │ Amount: -2000000                                                                               │
│  └──                                                                                              │
╰───────────────────────────────────────────────────────────────────────────────────────────────────╯
