Transaction Digest: CsgMdFShFoBwk54KAg2bH7NexM7CNov6pH2y5UNhe6E1
╭─────────────────────────────────────────────────────────────────────────────────────────────────╮
│ Transaction Data                                                                                │
├─────────────────────────────────────────────────────────────────────────────────────────────────┤
│ Sender: 0x0b41c802f6fcbe6c1b051c6b93dfd62fa3b7b439094d50c82ca55f79bb28910e                      │
│ Gas Owner: 0x0b41c802f6fcbe6c1b051c6b93dfd62fa3b7b439094d50c82ca55f79bb28910e                   │
│ Gas Budget: 100000000 MIST                                                                      │
│ Gas Price: 1000 MIST                                                                            │
│ Gas Payment:                                                                                    │
│  ┌──                                                                                            │
│  │ ID: 0x23d243fa87b1744f5fa2db0a6c533cb5b2d265bb64ecb1424c9729692c37de78                       │
│  │ Version: 50728927                                                                            │
│  │ Digest: 2hnszdLhCiriKQ3HhPne8qQYiWieUMVY8ekJ7wMcWr58                                         │
│  └──                                                                                            │
│                                                                                                 │
│ Transaction Kind: Programmable                                                                  │
│ ╭─────────────────────────────────────────────────────────────────────────────────────────────╮ │
│ │ Input Objects                                                                               │ │
│ ├─────────────────────────────────────────────────────────────────────────────────────────────┤ │
│ │ 0   Imm/Owned Object ID: 0x47b85cd23f1334b027646d782200ff7392c25ac8ad14eb72295d40d9c02d4fcc │ │
│ │ 1   Shared Object    ID: 0x99ce2b727806aa332a13ff196ebcc61e90fa9a3d51f61bc629dbeadac4238d81 │ │
│ │ 2   Pure Arg: Type: u64, Value: "1000000"                                                   │ │
│ ╰─────────────────────────────────────────────────────────────────────────────────────────────╯ │
│ ╭──────────────────────────────────────────────────────────────────────────────────╮            │
│ │ Commands                                                                         │            │
│ ├──────────────────────────────────────────────────────────────────────────────────┤            │
│ │ 0  MoveCall:                                                                     │            │
│ │  ┌                                                                               │            │
│ │  │ Function:  withdraw_a                                                         │            │
│ │  │ Module:    move_swap                                                          │            │
│ │  │ Package:   0x5d6177c7fe73c10cb50e3cefabc9dbbf1f126715ad2b0df7cae46de9138b2d2d │            │
│ │  │ Arguments:                                                                    │            │
│ │  │   Input  0                                                                    │            │
│ │  │   Input  1                                                                    │            │
│ │  │   Input  2                                                                    │            │
│ │  └                                                                               │            │
│ ╰──────────────────────────────────────────────────────────────────────────────────╯            │
│                                                                                                 │
│ Signatures:                                                                                     │
│    lQdhR/lT/Hm9ya5hxalM+7tDVowod469+mhNxcRZuyjeAnx1twjkFbFNTJAxzoAgHKg7twKhxRe76c0qQWd1Cw==     │
│                                                                                                 │
╰─────────────────────────────────────────────────────────────────────────────────────────────────╯
╭───────────────────────────────────────────────────────────────────────────────────────────────────╮
│ Transaction Effects                                                                               │
├───────────────────────────────────────────────────────────────────────────────────────────────────┤
│ Digest: CsgMdFShFoBwk54KAg2bH7NexM7CNov6pH2y5UNhe6E1                                              │
│ Status: Success                                                                                   │
│ Executed Epoch: 413                                                                               │
│                                                                                                   │
│ Created Objects:                                                                                  │
│  ┌──                                                                                              │
│  │ ID: 0xdef0e445be62ba2b1db08510a3464e2c7fd334d64aaf814ed137c7a01c1ab4cb                         │
│  │ Owner: Account Address ( 0x0b41c802f6fcbe6c1b051c6b93dfd62fa3b7b439094d50c82ca55f79bb28910e )  │
│  │ Version: 50728928                                                                              │
│  │ Digest: BpKb7QZch6q1UZafYiKkuYo9eh3X63WGwXc1fGu3uN5E                                           │
│  └──                                                                                              │
│ Mutated Objects:                                                                                  │
│  ┌──                                                                                              │
│  │ ID: 0x23d243fa87b1744f5fa2db0a6c533cb5b2d265bb64ecb1424c9729692c37de78                         │
│  │ Owner: Account Address ( 0x0b41c802f6fcbe6c1b051c6b93dfd62fa3b7b439094d50c82ca55f79bb28910e )  │
│  │ Version: 50728928                                                                              │
│  │ Digest: AfRW3rrERHpmY5PZS8FQ1u4Fu2MpSaLnXVG9yuWq2VGe                                           │
│  └──                                                                                              │
│  ┌──                                                                                              │
│  │ ID: 0x47b85cd23f1334b027646d782200ff7392c25ac8ad14eb72295d40d9c02d4fcc                         │
│  │ Owner: Account Address ( 0x0b41c802f6fcbe6c1b051c6b93dfd62fa3b7b439094d50c82ca55f79bb28910e )  │
│  │ Version: 50728928                                                                              │
│  │ Digest: BEUQdEy1Y3wYx1KYC5CFxVbSfRLqxbByP6mVtviFenNF                                           │
│  └──                                                                                              │
│  ┌──                                                                                              │
│  │ ID: 0x99ce2b727806aa332a13ff196ebcc61e90fa9a3d51f61bc629dbeadac4238d81                         │
│  │ Owner: Shared( 50728923 )                                                                      │
│  │ Version: 50728928                                                                              │
│  │ Digest: 7EAeJ2iwFNMh4JSYoZSZDC8ba9GF9oeyht9UDMdYGtNa                                           │
│  └──                                                                                              │
│ Shared Objects:                                                                                   │
│  ┌──                                                                                              │
│  │ ID: 0x99ce2b727806aa332a13ff196ebcc61e90fa9a3d51f61bc629dbeadac4238d81                         │
│  │ Version: 50728927                                                                              │
│  │ Digest: Ekmq7DTQUwgAeaBiazcidzpGsN6GU2ms2JjQyEHo65V4                                           │
│  └──                                                                                              │
│ Gas Object:                                                                                       │
│  ┌──                                                                                              │
│  │ ID: 0x23d243fa87b1744f5fa2db0a6c533cb5b2d265bb64ecb1424c9729692c37de78                         │
│  │ Owner: Account Address ( 0x0b41c802f6fcbe6c1b051c6b93dfd62fa3b7b439094d50c82ca55f79bb28910e )  │
│  │ Version: 50728928                                                                              │
│  │ Digest: AfRW3rrERHpmY5PZS8FQ1u4Fu2MpSaLnXVG9yuWq2VGe                                           │
│  └──                                                                                              │
│ Gas Cost Summary:                                                                                 │
│    Storage Cost: 5031200 MIST                                                                     │
│    Computation Cost: 1000000 MIST                                                                 │
│    Storage Rebate: 3686760 MIST                                                                   │
│    Non-refundable Storage Fee: 37240 MIST                                                         │
│                                                                                                   │
│ Transaction Dependencies:                                                                         │
│    BkW797qaghw9BQjUEyrvdYnphNV1nBw14W5uFRRPanen                                                   │
│    FeDFFueDDVg3yTdqhH9cAHy3wuv1Xcvv95A7oga8QQt4                                                   │
╰───────────────────────────────────────────────────────────────────────────────────────────────────╯
╭─────────────────────────────╮
│ No transaction block events │
╰─────────────────────────────╯

╭───────────────────────────────────────────────────────────────────────────────────────────────────────────────╮
│ Object Changes                                                                                                │
├───────────────────────────────────────────────────────────────────────────────────────────────────────────────┤
│ Created Objects:                                                                                              │
│  ┌──                                                                                                          │
│  │ ObjectID: 0xdef0e445be62ba2b1db08510a3464e2c7fd334d64aaf814ed137c7a01c1ab4cb                               │
│  │ Sender: 0x0b41c802f6fcbe6c1b051c6b93dfd62fa3b7b439094d50c82ca55f79bb28910e                                 │
│  │ Owner: Account Address ( 0x0b41c802f6fcbe6c1b051c6b93dfd62fa3b7b439094d50c82ca55f79bb28910e )              │
│  │ ObjectType: 0x2::coin::Coin<0x47e96c5b5043ce5f0852251bed1b923178919c66717ad5dd2666e6d416975b1b::rmb::RMB>  │
│  │ Version: 50728928                                                                                          │
│  │ Digest: BpKb7QZch6q1UZafYiKkuYo9eh3X63WGwXc1fGu3uN5E                                                       │
│  └──                                                                                                          │
│ Mutated Objects:                                                                                              │
│  ┌──                                                                                                          │
│  │ ObjectID: 0x23d243fa87b1744f5fa2db0a6c533cb5b2d265bb64ecb1424c9729692c37de78                               │
│  │ Sender: 0x0b41c802f6fcbe6c1b051c6b93dfd62fa3b7b439094d50c82ca55f79bb28910e                                 │
│  │ Owner: Account Address ( 0x0b41c802f6fcbe6c1b051c6b93dfd62fa3b7b439094d50c82ca55f79bb28910e )              │
│  │ ObjectType: 0x2::coin::Coin<0x2::sui::SUI>                                                                 │
│  │ Version: 50728928                                                                                          │
│  │ Digest: AfRW3rrERHpmY5PZS8FQ1u4Fu2MpSaLnXVG9yuWq2VGe                                                       │
│  └──                                                                                                          │
│  ┌──                                                                                                          │
│  │ ObjectID: 0x47b85cd23f1334b027646d782200ff7392c25ac8ad14eb72295d40d9c02d4fcc                               │
│  │ Sender: 0x0b41c802f6fcbe6c1b051c6b93dfd62fa3b7b439094d50c82ca55f79bb28910e                                 │
│  │ Owner: Account Address ( 0x0b41c802f6fcbe6c1b051c6b93dfd62fa3b7b439094d50c82ca55f79bb28910e )              │
│  │ ObjectType: 0x5d6177c7fe73c10cb50e3cefabc9dbbf1f126715ad2b0df7cae46de9138b2d2d::move_swap::AdminCap        │
│  │ Version: 50728928                                                                                          │
│  │ Digest: BEUQdEy1Y3wYx1KYC5CFxVbSfRLqxbByP6mVtviFenNF                                                       │
│  └──                                                                                                          │
│  ┌──                                                                                                          │
│  │ ObjectID: 0x99ce2b727806aa332a13ff196ebcc61e90fa9a3d51f61bc629dbeadac4238d81                               │
│  │ Sender: 0x0b41c802f6fcbe6c1b051c6b93dfd62fa3b7b439094d50c82ca55f79bb28910e                                 │
│  │ Owner: Shared( 50728923 )                                                                                  │
│  │ ObjectType: 0x5d6177c7fe73c10cb50e3cefabc9dbbf1f126715ad2b0df7cae46de9138b2d2d::move_swap::Pool            │
│  │ Version: 50728928                                                                                          │
│  │ Digest: 7EAeJ2iwFNMh4JSYoZSZDC8ba9GF9oeyht9UDMdYGtNa                                                       │
│  └──                                                                                                          │
╰───────────────────────────────────────────────────────────────────────────────────────────────────────────────╯
╭───────────────────────────────────────────────────────────────────────────────────────────────────╮
│ Balance Changes                                                                                   │
├───────────────────────────────────────────────────────────────────────────────────────────────────┤
│  ┌──                                                                                              │
│  │ Owner: Account Address ( 0x0b41c802f6fcbe6c1b051c6b93dfd62fa3b7b439094d50c82ca55f79bb28910e )  │
│  │ CoinType: 0x2::sui::SUI                                                                        │
│  │ Amount: -2344440                                                                               │
│  └──                                                                                              │
│  ┌──                                                                                              │
│  │ Owner: Account Address ( 0x0b41c802f6fcbe6c1b051c6b93dfd62fa3b7b439094d50c82ca55f79bb28910e )  │
│  │ CoinType: 0x47e96c5b5043ce5f0852251bed1b923178919c66717ad5dd2666e6d416975b1b::rmb::RMB         │
│  │ Amount: 1000000                                                                                │
│  └──                                                                                              │
╰───────────────────────────────────────────────────────────────────────────────────────────────────╯
