Transaction Digest: 3yAKS1GQamxE1iAXDZozQeBev4rwa6gys5JWZxEeyUPF
╭──────────────────────────────────────────────────────────────────────────────────────────────────────────────╮
│ Transaction Data                                                                                             │
├──────────────────────────────────────────────────────────────────────────────────────────────────────────────┤
│ Sender: 0x25da60a72fd67e693958534887564c488fc71aae3b75f3d06e9fd02a37c952f1                                   │
│ Gas Owner: 0x25da60a72fd67e693958534887564c488fc71aae3b75f3d06e9fd02a37c952f1                                │
│ Gas Budget: 100000000 MIST                                                                                   │
│ Gas Price: 1000 MIST                                                                                         │
│ Gas Payment:                                                                                                 │
│  ┌──                                                                                                         │
│  │ ID: 0x37d2bb01b38f3766a47fca0bbb063aa652ebf3552fef1cf99c6862fe6f87d2ae                                    │
│  │ Version: 74743778                                                                                         │
│  │ Digest: DxLMNFBrTept46jEczDUegaQpFDVPWG5ATpVgnMozn64                                                      │
│  └──                                                                                                         │
│                                                                                                              │
│ Transaction Kind: Programmable                                                                               │
│ ╭──────────────────────────────────────────────────────────────────────────────────────────────────────────╮ │
│ │ Input Objects                                                                                            │ │
│ ├──────────────────────────────────────────────────────────────────────────────────────────────────────────┤ │
│ │ 0   Imm/Owned Object ID: 0xfeb082a53c14f0dfb44c6eaa54c6c852e805dd823bffdbddc7fe84bc0b0e9983              │ │
│ │ 1   Pure Arg: Type: u64, Value: "10000000"                                                               │ │
│ │ 2   Pure Arg: Type: address, Value: "0x25da60a72fd67e693958534887564c488fc71aae3b75f3d06e9fd02a37c952f1" │ │
│ ╰──────────────────────────────────────────────────────────────────────────────────────────────────────────╯ │
│ ╭──────────────────────────────────────────────────────────────────────────────────╮                         │
│ │ Commands                                                                         │                         │
│ ├──────────────────────────────────────────────────────────────────────────────────┤                         │
│ │ 0  MoveCall:                                                                     │                         │
│ │  ┌                                                                               │                         │
│ │  │ Function:  mint                                                               │                         │
│ │  │ Module:    tmm_coin                                                           │                         │
│ │  │ Package:   0xcb1ae9e203c0de5d70271aebb5a7dca82186ef3572647d82a4bde975c5b6a59c │                         │
│ │  │ Arguments:                                                                    │                         │
│ │  │   Input  0                                                                    │                         │
│ │  │   Input  1                                                                    │                         │
│ │  │   Input  2                                                                    │                         │
│ │  └                                                                               │                         │
│ ╰──────────────────────────────────────────────────────────────────────────────────╯                         │
│                                                                                                              │
│ Signatures:                                                                                                  │
│    ET1rA+E3lmyQrVj4gE7aTLz8n24FA+wMbPjRZf262gA+AKyCBuYOpCDopauyyD5plyiVTQ8xHT4gcJnp2WEgDg==                  │
│                                                                                                              │
╰──────────────────────────────────────────────────────────────────────────────────────────────────────────────╯
╭───────────────────────────────────────────────────────────────────────────────────────────────────╮
│ Transaction Effects                                                                               │
├───────────────────────────────────────────────────────────────────────────────────────────────────┤
│ Digest: 3yAKS1GQamxE1iAXDZozQeBev4rwa6gys5JWZxEeyUPF                                              │
│ Status: Success                                                                                   │
│ Executed Epoch: 425                                                                               │
│                                                                                                   │
│ Created Objects:                                                                                  │
│  ┌──                                                                                              │
│  │ ID: 0xdb21c1222f9c3169c7190b99725b2db4c2ab2005ad6917d9bba4ba3206097360                         │
│  │ Owner: Account Address ( 0x25da60a72fd67e693958534887564c488fc71aae3b75f3d06e9fd02a37c952f1 )  │
│  │ Version: 74743779                                                                              │
│  │ Digest: Am6zaFStbGyFe4vJ2FMidoSp4SWt82aLRAjbHUaeurqx                                           │
│  └──                                                                                              │
│ Mutated Objects:                                                                                  │
│  ┌──                                                                                              │
│  │ ID: 0x37d2bb01b38f3766a47fca0bbb063aa652ebf3552fef1cf99c6862fe6f87d2ae                         │
│  │ Owner: Account Address ( 0x25da60a72fd67e693958534887564c488fc71aae3b75f3d06e9fd02a37c952f1 )  │
│  │ Version: 74743779                                                                              │
│  │ Digest: G9L8eoik7fyZbACbRzTqhKmqTEBNiorVLzhqmry7YSn6                                           │
│  └──                                                                                              │
│  ┌──                                                                                              │
│  │ ID: 0xfeb082a53c14f0dfb44c6eaa54c6c852e805dd823bffdbddc7fe84bc0b0e9983                         │
│  │ Owner: Account Address ( 0x25da60a72fd67e693958534887564c488fc71aae3b75f3d06e9fd02a37c952f1 )  │
│  │ Version: 74743779                                                                              │
│  │ Digest: 8cQH2DSEmPaGW54wDhsvuGv4Muwf6v3jsoyQeQPUuPBi                                           │
│  └──                                                                                              │
│ Gas Object:                                                                                       │
│  ┌──                                                                                              │
│  │ ID: 0x37d2bb01b38f3766a47fca0bbb063aa652ebf3552fef1cf99c6862fe6f87d2ae                         │
│  │ Owner: Account Address ( 0x25da60a72fd67e693958534887564c488fc71aae3b75f3d06e9fd02a37c952f1 )  │
│  │ Version: 74743779                                                                              │
│  │ Digest: G9L8eoik7fyZbACbRzTqhKmqTEBNiorVLzhqmry7YSn6                                           │
│  └──                                                                                              │
│ Gas Cost Summary:                                                                                 │
│    Storage Cost: 4134400 MIST                                                                     │
│    Computation Cost: 1000000 MIST                                                                 │
│    Storage Rebate: 2723688 MIST                                                                   │
│    Non-refundable Storage Fee: 27512 MIST                                                         │
│                                                                                                   │
│ Transaction Dependencies:                                                                         │
│    8rear4BXR2KZsHHfsSdpS3pmUizeCd4ia4MtrCVmDv2L                                                   │
│    EkpyZ2WRZKYiqa422hYCeEEN1JZqLitSbB7k6sTvNWHA                                                   │
│    EumHPvErMp9fBQZakpg3HTWCmgHkeEix8WhPgNobi8yU                                                   │
╰───────────────────────────────────────────────────────────────────────────────────────────────────╯
╭─────────────────────────────╮
│ No transaction block events │
╰─────────────────────────────╯

╭────────────────────────────────────────────────────────────────────────────────────────────────────────────────────────────────╮
│ Object Changes                                                                                                                 │
├────────────────────────────────────────────────────────────────────────────────────────────────────────────────────────────────┤
│ Created Objects:                                                                                                               │
│  ┌──                                                                                                                           │
│  │ ObjectID: 0xdb21c1222f9c3169c7190b99725b2db4c2ab2005ad6917d9bba4ba3206097360                                                │
│  │ Sender: 0x25da60a72fd67e693958534887564c488fc71aae3b75f3d06e9fd02a37c952f1                                                  │
│  │ Owner: Account Address ( 0x25da60a72fd67e693958534887564c488fc71aae3b75f3d06e9fd02a37c952f1 )                               │
│  │ ObjectType: 0x2::coin::Coin<0xcb1ae9e203c0de5d70271aebb5a7dca82186ef3572647d82a4bde975c5b6a59c::tmm_coin::TMM_COIN>         │
│  │ Version: 74743779                                                                                                           │
│  │ Digest: Am6zaFStbGyFe4vJ2FMidoSp4SWt82aLRAjbHUaeurqx                                                                        │
│  └──                                                                                                                           │
│ Mutated Objects:                                                                                                               │
│  ┌──                                                                                                                           │
│  │ ObjectID: 0x37d2bb01b38f3766a47fca0bbb063aa652ebf3552fef1cf99c6862fe6f87d2ae                                                │
│  │ Sender: 0x25da60a72fd67e693958534887564c488fc71aae3b75f3d06e9fd02a37c952f1                                                  │
│  │ Owner: Account Address ( 0x25da60a72fd67e693958534887564c488fc71aae3b75f3d06e9fd02a37c952f1 )                               │
│  │ ObjectType: 0x2::coin::Coin<0x2::sui::SUI>                                                                                  │
│  │ Version: 74743779                                                                                                           │
│  │ Digest: G9L8eoik7fyZbACbRzTqhKmqTEBNiorVLzhqmry7YSn6                                                                        │
│  └──                                                                                                                           │
│  ┌──                                                                                                                           │
│  │ ObjectID: 0xfeb082a53c14f0dfb44c6eaa54c6c852e805dd823bffdbddc7fe84bc0b0e9983                                                │
│  │ Sender: 0x25da60a72fd67e693958534887564c488fc71aae3b75f3d06e9fd02a37c952f1                                                  │
│  │ Owner: Account Address ( 0x25da60a72fd67e693958534887564c488fc71aae3b75f3d06e9fd02a37c952f1 )                               │
│  │ ObjectType: 0x2::coin::TreasuryCap<0xcb1ae9e203c0de5d70271aebb5a7dca82186ef3572647d82a4bde975c5b6a59c::tmm_coin::TMM_COIN>  │
│  │ Version: 74743779                                                                                                           │
│  │ Digest: 8cQH2DSEmPaGW54wDhsvuGv4Muwf6v3jsoyQeQPUuPBi                                                                        │
│  └──                                                                                                                           │
╰────────────────────────────────────────────────────────────────────────────────────────────────────────────────────────────────╯
╭──────────────────────────────────────────────────────────────────────────────────────────────────────╮
│ Balance Changes                                                                                      │
├──────────────────────────────────────────────────────────────────────────────────────────────────────┤
│  ┌──                                                                                                 │
│  │ Owner: Account Address ( 0x25da60a72fd67e693958534887564c488fc71aae3b75f3d06e9fd02a37c952f1 )     │
│  │ CoinType: 0x2::sui::SUI                                                                           │
│  │ Amount: -2410712                                                                                  │
│  └──                                                                                                 │
│  ┌──                                                                                                 │
│  │ Owner: Account Address ( 0x25da60a72fd67e693958534887564c488fc71aae3b75f3d06e9fd02a37c952f1 )     │
│  │ CoinType: 0xcb1ae9e203c0de5d70271aebb5a7dca82186ef3572647d82a4bde975c5b6a59c::tmm_coin::TMM_COIN  │
│  │ Amount: 10000000                                                                                  │
│  └──                                                                                                 │
╰──────────────────────────────────────────────────────────────────────────────────────────────────────╯
