[warn] Client/Server api version mismatch, client api version : 1.29.0, server api version : 1.28.3
UPDATING GIT DEPENDENCY https://github.com/MystenLabs/sui.git
Warning: unknown field name found. Expected one of [name, authors, license, edition, flavor, published-at, version], but found 'publish-at'
Warning: unknown field name found. Expected one of [name, authors, license, edition, flavor, published-at, version], but found 'publish-at'
Warning: unknown field name found. Expected one of [name, authors, license, edition, flavor, published-at, version], but found 'publish-at'
Warning: unknown field name found. Expected one of [name, authors, license, edition, flavor, published-at, version], but found 'publish-at'
INCLUDING DEPENDENCY faucet_coin
INCLUDING DEPENDENCY my_coin
INCLUDING DEPENDENCY Sui
INCLUDING DEPENDENCY MoveStdlib
BUILDING move_swap
[0m[1m[38;5;11mwarning[W09001][0m[1m: unused alias[0m
  [0m[34m┌─[0m /root/letsmove/mover/hellogmegg/code/task5/move_swap/sources/move_swap.move:6:27
  [0m[34m│[0m
[0m[34m6[0m [0m[34m│[0m     use sui::coin::{Coin, [0m[33mbalance[0m};
  [0m[34m│[0m                           [0m[33m^^^^^^^[0m [0m[33mUnused 'use' of alias 'balance'. Consider removing it[0m
  [0m[34m│[0m
  [0m[34m=[0m This warning can be suppressed with '#[allow(unused_use)]' applied to the 'module' or module member ('const', 'fun', or 'struct')

[0m[1m[38;5;11mwarning[W09001][0m[1m: unused alias[0m
  [0m[34m┌─[0m /root/letsmove/mover/hellogmegg/code/task5/move_swap/sources/move_swap.move:7:19
  [0m[34m│[0m
[0m[34m7[0m [0m[34m│[0m     use sui::sui::[0m[33mtransfer[0m;
  [0m[34m│[0m                   [0m[33m^^^^^^^^[0m [0m[33mUnused 'use' of alias 'transfer'. Consider removing it[0m
  [0m[34m│[0m
  [0m[34m=[0m This warning can be suppressed with '#[allow(unused_use)]' applied to the 'module' or module member ('const', 'fun', or 'struct')

[0m[1m[38;5;11mwarning[W09011][0m[1m: unused constant[0m
   [0m[34m┌─[0m /root/letsmove/mover/hellogmegg/code/task5/move_swap/sources/move_swap.move:14:11
   [0m[34m│[0m
[0m[34m14[0m [0m[34m│[0m     const [0m[33mSWAP_A_2_B[0m: u64 = 2;
   [0m[34m│[0m           [0m[33m^^^^^^^^^^[0m [0m[33mThe constant 'SWAP_A_2_B' is never used. Consider removing it.[0m
   [0m[34m│[0m
   [0m[34m=[0m This warning can be suppressed with '#[allow(unused_const)]' applied to the 'module' or module member ('const', 'fun', or 'struct')

Successfully verified dependencies on-chain against source.
Transaction Digest: 8rear4BXR2KZsHHfsSdpS3pmUizeCd4ia4MtrCVmDv2L
╭──────────────────────────────────────────────────────────────────────────────────────────────────────────────╮
│ Transaction Data                                                                                             │
├──────────────────────────────────────────────────────────────────────────────────────────────────────────────┤
│ Sender: 0x25da60a72fd67e693958534887564c488fc71aae3b75f3d06e9fd02a37c952f1                                   │
│ Gas Owner: 0x25da60a72fd67e693958534887564c488fc71aae3b75f3d06e9fd02a37c952f1                                │
│ Gas Budget: 19274800 MIST                                                                                    │
│ Gas Price: 1000 MIST                                                                                         │
│ Gas Payment:                                                                                                 │
│  ┌──                                                                                                         │
│  │ ID: 0x37d2bb01b38f3766a47fca0bbb063aa652ebf3552fef1cf99c6862fe6f87d2ae                                    │
│  │ Version: 74743777                                                                                         │
│  │ Digest: Ffs62i18d5XFmnXvvEj3SqRWroXwN7vRBgsduLnanXwN                                                      │
│  └──                                                                                                         │
│                                                                                                              │
│ Transaction Kind: Programmable                                                                               │
│ ╭──────────────────────────────────────────────────────────────────────────────────────────────────────────╮ │
│ │ Input Objects                                                                                            │ │
│ ├──────────────────────────────────────────────────────────────────────────────────────────────────────────┤ │
│ │ 0   Pure Arg: Type: address, Value: "0x25da60a72fd67e693958534887564c488fc71aae3b75f3d06e9fd02a37c952f1" │ │
│ ╰──────────────────────────────────────────────────────────────────────────────────────────────────────────╯ │
│ ╭─────────────────────────────────────────────────────────────────────────╮                                  │
│ │ Commands                                                                │                                  │
│ ├─────────────────────────────────────────────────────────────────────────┤                                  │
│ │ 0  Publish:                                                             │                                  │
│ │  ┌                                                                      │                                  │
│ │  │ Dependencies:                                                        │                                  │
│ │  │   0x0000000000000000000000000000000000000000000000000000000000000001 │                                  │
│ │  │   0x0000000000000000000000000000000000000000000000000000000000000002 │                                  │
│ │  │   0x0cd90c8de37218c15b9e7b908057eab00c19a1910147cb4f59046db8fe5410b7 │                                  │
│ │  │   0xcb1ae9e203c0de5d70271aebb5a7dca82186ef3572647d82a4bde975c5b6a59c │                                  │
│ │  └                                                                      │                                  │
│ │                                                                         │                                  │
│ │ 1  TransferObjects:                                                     │                                  │
│ │  ┌                                                                      │                                  │
│ │  │ Arguments:                                                           │                                  │
│ │  │   Result 0                                                           │                                  │
│ │  │ Address: Input  0                                                    │                                  │
│ │  └                                                                      │                                  │
│ ╰─────────────────────────────────────────────────────────────────────────╯                                  │
│                                                                                                              │
│ Signatures:                                                                                                  │
│    5aqGrCNWAdzj/oE3gDCBYK2EjYA5/zzPDqn5d0zCjx1hxGVoL95Rf8ln1DGRiU0ZZp15qKOnXQ7Hp3RjzUOgAQ==                  │
│                                                                                                              │
╰──────────────────────────────────────────────────────────────────────────────────────────────────────────────╯
╭───────────────────────────────────────────────────────────────────────────────────────────────────╮
│ Transaction Effects                                                                               │
├───────────────────────────────────────────────────────────────────────────────────────────────────┤
│ Digest: 8rear4BXR2KZsHHfsSdpS3pmUizeCd4ia4MtrCVmDv2L                                              │
│ Status: Success                                                                                   │
│ Executed Epoch: 425                                                                               │
│                                                                                                   │
│ Created Objects:                                                                                  │
│  ┌──                                                                                              │
│  │ ID: 0x07d683a85a7b55253e2829eac3d2e632ad7c4e0b71a0c7b08d4a6a9793f746ed                         │
│  │ Owner: Account Address ( 0x25da60a72fd67e693958534887564c488fc71aae3b75f3d06e9fd02a37c952f1 )  │
│  │ Version: 74743778                                                                              │
│  │ Digest: 5wHUD5in1wZYDtFiSPxZa6SxHXziGYTKmgCCKqnuTN7M                                           │
│  └──                                                                                              │
│  ┌──                                                                                              │
│  │ ID: 0x0e045d10ae1557afb8e9d79095157bf807fec73d64b2dc3fb1e34825e2d850ff                         │
│  │ Owner: Immutable                                                                               │
│  │ Version: 1                                                                                     │
│  │ Digest: 5ZRqLNzZbiaEinoG1SdmepxPVQib7mjSoDbg6L28thf4                                           │
│  └──                                                                                              │
│  ┌──                                                                                              │
│  │ ID: 0x69ae38993252cfd99ca8e07ada0b9ce0b403de0d047789e96db94be61057a860                         │
│  │ Owner: Account Address ( 0x25da60a72fd67e693958534887564c488fc71aae3b75f3d06e9fd02a37c952f1 )  │
│  │ Version: 74743778                                                                              │
│  │ Digest: 5YqQfF8vsqxr1wEyKKN4bt6nfdm2pTckndL51Ym5JiDV                                           │
│  └──                                                                                              │
│  ┌──                                                                                              │
│  │ ID: 0xafe973d9033cc69306aae6eb809f257a7f690e55b0ead32df1cb795d77bdac2a                         │
│  │ Owner: Shared( 74743778 )                                                                      │
│  │ Version: 74743778                                                                              │
│  │ Digest: 9HWgAT2y3MXwv7VpoHRZ6ormPitn2mn21jnzmzWb6epN                                           │
│  └──                                                                                              │
│ Mutated Objects:                                                                                  │
│  ┌──                                                                                              │
│  │ ID: 0x37d2bb01b38f3766a47fca0bbb063aa652ebf3552fef1cf99c6862fe6f87d2ae                         │
│  │ Owner: Account Address ( 0x25da60a72fd67e693958534887564c488fc71aae3b75f3d06e9fd02a37c952f1 )  │
│  │ Version: 74743778                                                                              │
│  │ Digest: DxLMNFBrTept46jEczDUegaQpFDVPWG5ATpVgnMozn64                                           │
│  └──                                                                                              │
│ Gas Object:                                                                                       │
│  ┌──                                                                                              │
│  │ ID: 0x37d2bb01b38f3766a47fca0bbb063aa652ebf3552fef1cf99c6862fe6f87d2ae                         │
│  │ Owner: Account Address ( 0x25da60a72fd67e693958534887564c488fc71aae3b75f3d06e9fd02a37c952f1 )  │
│  │ Version: 74743778                                                                              │
│  │ Digest: DxLMNFBrTept46jEczDUegaQpFDVPWG5ATpVgnMozn64                                           │
│  └──                                                                                              │
│ Gas Cost Summary:                                                                                 │
│    Storage Cost: 17274800 MIST                                                                    │
│    Computation Cost: 1000000 MIST                                                                 │
│    Storage Rebate: 978120 MIST                                                                    │
│    Non-refundable Storage Fee: 9880 MIST                                                          │
│                                                                                                   │
│ Transaction Dependencies:                                                                         │
│    3Hry5CyWQUTNV5nRZTNxoWyfN9zxBEcwsYkXUyTHCrmE                                                   │
│    4dhK26UmfFb6Q7cHjhwLEYGhW4napZK3kKp4DNwgD3JA                                                   │
│    6c3hAbXwoKqSv8Grf4wv7VAJYpT7UnPxV3zqeRjmN1JY                                                   │
│    CRsLXRo4Zj4RQbVwsJxewoLesfmoEiQqvqwLKt6egM2w                                                   │
│    EkpyZ2WRZKYiqa422hYCeEEN1JZqLitSbB7k6sTvNWHA                                                   │
╰───────────────────────────────────────────────────────────────────────────────────────────────────╯
╭─────────────────────────────╮
│ No transaction block events │
╰─────────────────────────────╯

╭────────────────────────────────────────────────────────────────────────────────────────────────────────╮
│ Object Changes                                                                                         │
├────────────────────────────────────────────────────────────────────────────────────────────────────────┤
│ Created Objects:                                                                                       │
│  ┌──                                                                                                   │
│  │ ObjectID: 0x07d683a85a7b55253e2829eac3d2e632ad7c4e0b71a0c7b08d4a6a9793f746ed                        │
│  │ Sender: 0x25da60a72fd67e693958534887564c488fc71aae3b75f3d06e9fd02a37c952f1                          │
│  │ Owner: Account Address ( 0x25da60a72fd67e693958534887564c488fc71aae3b75f3d06e9fd02a37c952f1 )       │
│  │ ObjectType: 0xe045d10ae1557afb8e9d79095157bf807fec73d64b2dc3fb1e34825e2d850ff::move_swap::AdminCap  │
│  │ Version: 74743778                                                                                   │
│  │ Digest: 5wHUD5in1wZYDtFiSPxZa6SxHXziGYTKmgCCKqnuTN7M                                                │
│  └──                                                                                                   │
│  ┌──                                                                                                   │
│  │ ObjectID: 0x69ae38993252cfd99ca8e07ada0b9ce0b403de0d047789e96db94be61057a860                        │
│  │ Sender: 0x25da60a72fd67e693958534887564c488fc71aae3b75f3d06e9fd02a37c952f1                          │
│  │ Owner: Account Address ( 0x25da60a72fd67e693958534887564c488fc71aae3b75f3d06e9fd02a37c952f1 )       │
│  │ ObjectType: 0x2::package::UpgradeCap                                                                │
│  │ Version: 74743778                                                                                   │
│  │ Digest: 5YqQfF8vsqxr1wEyKKN4bt6nfdm2pTckndL51Ym5JiDV                                                │
│  └──                                                                                                   │
│  ┌──                                                                                                   │
│  │ ObjectID: 0xafe973d9033cc69306aae6eb809f257a7f690e55b0ead32df1cb795d77bdac2a                        │
│  │ Sender: 0x25da60a72fd67e693958534887564c488fc71aae3b75f3d06e9fd02a37c952f1                          │
│  │ Owner: Shared( 74743778 )                                                                           │
│  │ ObjectType: 0xe045d10ae1557afb8e9d79095157bf807fec73d64b2dc3fb1e34825e2d850ff::move_swap::Pool      │
│  │ Version: 74743778                                                                                   │
│  │ Digest: 9HWgAT2y3MXwv7VpoHRZ6ormPitn2mn21jnzmzWb6epN                                                │
│  └──                                                                                                   │
│ Mutated Objects:                                                                                       │
│  ┌──                                                                                                   │
│  │ ObjectID: 0x37d2bb01b38f3766a47fca0bbb063aa652ebf3552fef1cf99c6862fe6f87d2ae                        │
│  │ Sender: 0x25da60a72fd67e693958534887564c488fc71aae3b75f3d06e9fd02a37c952f1                          │
│  │ Owner: Account Address ( 0x25da60a72fd67e693958534887564c488fc71aae3b75f3d06e9fd02a37c952f1 )       │
│  │ ObjectType: 0x2::coin::Coin<0x2::sui::SUI>                                                          │
│  │ Version: 74743778                                                                                   │
│  │ Digest: DxLMNFBrTept46jEczDUegaQpFDVPWG5ATpVgnMozn64                                                │
│  └──                                                                                                   │
│ Published Objects:                                                                                     │
│  ┌──                                                                                                   │
│  │ PackageID: 0x0e045d10ae1557afb8e9d79095157bf807fec73d64b2dc3fb1e34825e2d850ff                       │
│  │ Version: 1                                                                                          │
│  │ Digest: 5ZRqLNzZbiaEinoG1SdmepxPVQib7mjSoDbg6L28thf4                                                │
│  │ Modules: move_swap                                                                                  │
│  └──                                                                                                   │
╰────────────────────────────────────────────────────────────────────────────────────────────────────────╯
╭───────────────────────────────────────────────────────────────────────────────────────────────────╮
│ Balance Changes                                                                                   │
├───────────────────────────────────────────────────────────────────────────────────────────────────┤
│  ┌──                                                                                              │
│  │ Owner: Account Address ( 0x25da60a72fd67e693958534887564c488fc71aae3b75f3d06e9fd02a37c952f1 )  │
│  │ CoinType: 0x2::sui::SUI                                                                        │
│  │ Amount: -17296680                                                                              │
│  └──                                                                                              │
╰───────────────────────────────────────────────────────────────────────────────────────────────────╯
