Transaction Digest: HJuwNQd5bXNdD6XTtyyRARtBGdrLw5MroZ2wMKjsFefJ
╭─────────────────────────────────────────────────────────────────────────────────────────────────╮
│ Transaction Data                                                                                │
├─────────────────────────────────────────────────────────────────────────────────────────────────┤
│ Sender: 0x25da60a72fd67e693958534887564c488fc71aae3b75f3d06e9fd02a37c952f1                      │
│ Gas Owner: 0x25da60a72fd67e693958534887564c488fc71aae3b75f3d06e9fd02a37c952f1                   │
│ Gas Budget: 100000000 MIST                                                                      │
│ Gas Price: 1000 MIST                                                                            │
│ Gas Payment:                                                                                    │
│  ┌──                                                                                            │
│  │ ID: 0x37d2bb01b38f3766a47fca0bbb063aa652ebf3552fef1cf99c6862fe6f87d2ae                       │
│  │ Version: 74743783                                                                            │
│  │ Digest: F52PobJey65UGAHnv4ZkoqQrc43dxvsjjUBfmvjzFj5F                                         │
│  └──                                                                                            │
│                                                                                                 │
│ Transaction Kind: Programmable                                                                  │
│ ╭─────────────────────────────────────────────────────────────────────────────────────────────╮ │
│ │ Input Objects                                                                               │ │
│ ├─────────────────────────────────────────────────────────────────────────────────────────────┤ │
│ │ 0   Imm/Owned Object ID: 0x07d683a85a7b55253e2829eac3d2e632ad7c4e0b71a0c7b08d4a6a9793f746ed │ │
│ │ 1   Shared Object    ID: 0xafe973d9033cc69306aae6eb809f257a7f690e55b0ead32df1cb795d77bdac2a │ │
│ │ 2   Pure Arg: Type: u64, Value: "1000000"                                                   │ │
│ ╰─────────────────────────────────────────────────────────────────────────────────────────────╯ │
│ ╭──────────────────────────────────────────────────────────────────────────────────╮            │
│ │ Commands                                                                         │            │
│ ├──────────────────────────────────────────────────────────────────────────────────┤            │
│ │ 0  MoveCall:                                                                     │            │
│ │  ┌                                                                               │            │
│ │  │ Function:  withdraw_a                                                         │            │
│ │  │ Module:    move_swap                                                          │            │
│ │  │ Package:   0x0e045d10ae1557afb8e9d79095157bf807fec73d64b2dc3fb1e34825e2d850ff │            │
│ │  │ Arguments:                                                                    │            │
│ │  │   Input  0                                                                    │            │
│ │  │   Input  1                                                                    │            │
│ │  │   Input  2                                                                    │            │
│ │  └                                                                               │            │
│ ╰──────────────────────────────────────────────────────────────────────────────────╯            │
│                                                                                                 │
│ Signatures:                                                                                     │
│    CV13bm9yGLng88m4SPnfmpocyjDWBLowWFeDWXK20HPkTge7XmclJm15x117kVzbuB0yKmw+iLTzSncFKwtpBQ==     │
│                                                                                                 │
╰─────────────────────────────────────────────────────────────────────────────────────────────────╯
╭───────────────────────────────────────────────────────────────────────────────────────────────────╮
│ Transaction Effects                                                                               │
├───────────────────────────────────────────────────────────────────────────────────────────────────┤
│ Digest: HJuwNQd5bXNdD6XTtyyRARtBGdrLw5MroZ2wMKjsFefJ                                              │
│ Status: Success                                                                                   │
│ Executed Epoch: 425                                                                               │
│                                                                                                   │
│ Created Objects:                                                                                  │
│  ┌──                                                                                              │
│  │ ID: 0x13b541bd99ae3919a2c0dd7448f9123e4ac15e50f39fe7a38069727ae6c28a41                         │
│  │ Owner: Account Address ( 0x25da60a72fd67e693958534887564c488fc71aae3b75f3d06e9fd02a37c952f1 )  │
│  │ Version: 74743784                                                                              │
│  │ Digest: AWtitNnrhrbN5NWVPpc6B6cFSUp6p4KfeLFquZtVw7W7                                           │
│  └──                                                                                              │
│ Mutated Objects:                                                                                  │
│  ┌──                                                                                              │
│  │ ID: 0x07d683a85a7b55253e2829eac3d2e632ad7c4e0b71a0c7b08d4a6a9793f746ed                         │
│  │ Owner: Account Address ( 0x25da60a72fd67e693958534887564c488fc71aae3b75f3d06e9fd02a37c952f1 )  │
│  │ Version: 74743784                                                                              │
│  │ Digest: BR26j5U9CGHWjpNXwjXM44juhLVFE5185Cr5ow1mmikc                                           │
│  └──                                                                                              │
│  ┌──                                                                                              │
│  │ ID: 0x37d2bb01b38f3766a47fca0bbb063aa652ebf3552fef1cf99c6862fe6f87d2ae                         │
│  │ Owner: Account Address ( 0x25da60a72fd67e693958534887564c488fc71aae3b75f3d06e9fd02a37c952f1 )  │
│  │ Version: 74743784                                                                              │
│  │ Digest: 2eL6GcJhfmYU4jfFvj1hKNmGnS3cxBMUDgMEoZMB3AcB                                           │
│  └──                                                                                              │
│  ┌──                                                                                              │
│  │ ID: 0xafe973d9033cc69306aae6eb809f257a7f690e55b0ead32df1cb795d77bdac2a                         │
│  │ Owner: Shared( 74743778 )                                                                      │
│  │ Version: 74743784                                                                              │
│  │ Digest: 8US5SsEp1s5wYaE6BL1J5sdD63HZnTCo6RffXd2suHRw                                           │
│  └──                                                                                              │
│ Shared Objects:                                                                                   │
│  ┌──                                                                                              │
│  │ ID: 0xafe973d9033cc69306aae6eb809f257a7f690e55b0ead32df1cb795d77bdac2a                         │
│  │ Version: 74743782                                                                              │
│  │ Digest: 5sSKKWFPVNycg7CaX3im4AxWeZ3dDSeQNpjrhGcPyKsq                                           │
│  └──                                                                                              │
│ Gas Object:                                                                                       │
│  ┌──                                                                                              │
│  │ ID: 0x37d2bb01b38f3766a47fca0bbb063aa652ebf3552fef1cf99c6862fe6f87d2ae                         │
│  │ Owner: Account Address ( 0x25da60a72fd67e693958534887564c488fc71aae3b75f3d06e9fd02a37c952f1 )  │
│  │ Version: 74743784                                                                              │
│  │ Digest: 2eL6GcJhfmYU4jfFvj1hKNmGnS3cxBMUDgMEoZMB3AcB                                           │
│  └──                                                                                              │
│ Gas Cost Summary:                                                                                 │
│    Storage Cost: 5107200 MIST                                                                     │
│    Computation Cost: 1000000 MIST                                                                 │
│    Storage Rebate: 3686760 MIST                                                                   │
│    Non-refundable Storage Fee: 37240 MIST                                                         │
│                                                                                                   │
│ Transaction Dependencies:                                                                         │
│    j1pW2cmM3jAWtvmpXm5DEk8PVx4UXTUbSKL9n6wvTnf                                                    │
│    8rear4BXR2KZsHHfsSdpS3pmUizeCd4ia4MtrCVmDv2L                                                   │
│    HaUSzMFi8juNU1oDcHmRJdtVftwfGoPtUddYXgR3UgcA                                                   │
╰───────────────────────────────────────────────────────────────────────────────────────────────────╯
╭─────────────────────────────╮
│ No transaction block events │
╰─────────────────────────────╯

╭─────────────────────────────────────────────────────────────────────────────────────────────────────────────────────────╮
│ Object Changes                                                                                                          │
├─────────────────────────────────────────────────────────────────────────────────────────────────────────────────────────┤
│ Created Objects:                                                                                                        │
│  ┌──                                                                                                                    │
│  │ ObjectID: 0x13b541bd99ae3919a2c0dd7448f9123e4ac15e50f39fe7a38069727ae6c28a41                                         │
│  │ Sender: 0x25da60a72fd67e693958534887564c488fc71aae3b75f3d06e9fd02a37c952f1                                           │
│  │ Owner: Account Address ( 0x25da60a72fd67e693958534887564c488fc71aae3b75f3d06e9fd02a37c952f1 )                        │
│  │ ObjectType: 0x2::coin::Coin<0xcb1ae9e203c0de5d70271aebb5a7dca82186ef3572647d82a4bde975c5b6a59c::tmm_coin::TMM_COIN>  │
│  │ Version: 74743784                                                                                                    │
│  │ Digest: AWtitNnrhrbN5NWVPpc6B6cFSUp6p4KfeLFquZtVw7W7                                                                 │
│  └──                                                                                                                    │
│ Mutated Objects:                                                                                                        │
│  ┌──                                                                                                                    │
│  │ ObjectID: 0x07d683a85a7b55253e2829eac3d2e632ad7c4e0b71a0c7b08d4a6a9793f746ed                                         │
│  │ Sender: 0x25da60a72fd67e693958534887564c488fc71aae3b75f3d06e9fd02a37c952f1                                           │
│  │ Owner: Account Address ( 0x25da60a72fd67e693958534887564c488fc71aae3b75f3d06e9fd02a37c952f1 )                        │
│  │ ObjectType: 0xe045d10ae1557afb8e9d79095157bf807fec73d64b2dc3fb1e34825e2d850ff::move_swap::AdminCap                   │
│  │ Version: 74743784                                                                                                    │
│  │ Digest: BR26j5U9CGHWjpNXwjXM44juhLVFE5185Cr5ow1mmikc                                                                 │
│  └──                                                                                                                    │
│  ┌──                                                                                                                    │
│  │ ObjectID: 0x37d2bb01b38f3766a47fca0bbb063aa652ebf3552fef1cf99c6862fe6f87d2ae                                         │
│  │ Sender: 0x25da60a72fd67e693958534887564c488fc71aae3b75f3d06e9fd02a37c952f1                                           │
│  │ Owner: Account Address ( 0x25da60a72fd67e693958534887564c488fc71aae3b75f3d06e9fd02a37c952f1 )                        │
│  │ ObjectType: 0x2::coin::Coin<0x2::sui::SUI>                                                                           │
│  │ Version: 74743784                                                                                                    │
│  │ Digest: 2eL6GcJhfmYU4jfFvj1hKNmGnS3cxBMUDgMEoZMB3AcB                                                                 │
│  └──                                                                                                                    │
│  ┌──                                                                                                                    │
│  │ ObjectID: 0xafe973d9033cc69306aae6eb809f257a7f690e55b0ead32df1cb795d77bdac2a                                         │
│  │ Sender: 0x25da60a72fd67e693958534887564c488fc71aae3b75f3d06e9fd02a37c952f1                                           │
│  │ Owner: Shared( 74743778 )                                                                                            │
│  │ ObjectType: 0xe045d10ae1557afb8e9d79095157bf807fec73d64b2dc3fb1e34825e2d850ff::move_swap::Pool                       │
│  │ Version: 74743784                                                                                                    │
│  │ Digest: 8US5SsEp1s5wYaE6BL1J5sdD63HZnTCo6RffXd2suHRw                                                                 │
│  └──                                                                                                                    │
╰─────────────────────────────────────────────────────────────────────────────────────────────────────────────────────────╯
╭──────────────────────────────────────────────────────────────────────────────────────────────────────╮
│ Balance Changes                                                                                      │
├──────────────────────────────────────────────────────────────────────────────────────────────────────┤
│  ┌──                                                                                                 │
│  │ Owner: Account Address ( 0x25da60a72fd67e693958534887564c488fc71aae3b75f3d06e9fd02a37c952f1 )     │
│  │ CoinType: 0x2::sui::SUI                                                                           │
│  │ Amount: -2420440                                                                                  │
│  └──                                                                                                 │
│  ┌──                                                                                                 │
│  │ Owner: Account Address ( 0x25da60a72fd67e693958534887564c488fc71aae3b75f3d06e9fd02a37c952f1 )     │
│  │ CoinType: 0xcb1ae9e203c0de5d70271aebb5a7dca82186ef3572647d82a4bde975c5b6a59c::tmm_coin::TMM_COIN  │
│  │ Amount: 1000000                                                                                   │
│  └──                                                                                                 │
╰──────────────────────────────────────────────────────────────────────────────────────────────────────╯
