Successfully verified dependencies on-chain against source.
Transaction Digest: ETNvAAQXmjNbMrm92NZVxTVsHpRt6tWLBuPosBXNG9HU
╭──────────────────────────────────────────────────────────────────────────────────────────────────────────────╮
│ Transaction Data                                                                                             │
├──────────────────────────────────────────────────────────────────────────────────────────────────────────────┤
│ Sender: 0x540105a7d2f5f54a812c630f2996f1790ed0e60d1f9a870ce397f03e4cec9b38                                   │
│ Gas Owner: 0x540105a7d2f5f54a812c630f2996f1790ed0e60d1f9a870ce397f03e4cec9b38                                │
│ Gas Budget: 26017600 MIST                                                                                    │
│ Gas Price: 750 MIST                                                                                          │
│ Gas Payment:                                                                                                 │
│  ┌──                                                                                                         │
│  │ ID: 0xd5d7d66c296d0980d3d355a61d6f3a33b94ae9d8520b741724fe22106ac2c40e                                    │
│  │ Version: 415586839                                                                                        │
│  │ Digest: 7DVzthFwi2ARMPJTSDkMYFwFBQ8eZV5DDEDKzZ4pkcC9                                                      │
│  └──                                                                                                         │
│                                                                                                              │
│ Transaction Kind: Programmable                                                                               │
│ ╭──────────────────────────────────────────────────────────────────────────────────────────────────────────╮ │
│ │ Input Objects                                                                                            │ │
│ ├──────────────────────────────────────────────────────────────────────────────────────────────────────────┤ │
│ │ 0   Pure Arg: Type: address, Value: "0x540105a7d2f5f54a812c630f2996f1790ed0e60d1f9a870ce397f03e4cec9b38" │ │
│ ╰──────────────────────────────────────────────────────────────────────────────────────────────────────────╯ │
│ ╭─────────────────────────────────────────────────────────────────────────╮                                  │
│ │ Commands                                                                │                                  │
│ ├─────────────────────────────────────────────────────────────────────────┤                                  │
│ │ 0  Publish:                                                             │                                  │
│ │  ┌                                                                      │                                  │
│ │  │ Dependencies:                                                        │                                  │
│ │  │   0x0000000000000000000000000000000000000000000000000000000000000001 │                                  │
│ │  │   0x0000000000000000000000000000000000000000000000000000000000000002 │                                  │
│ │  │   0x5004eab7e42fd66ad3b7475632ae3070e9a4015f8f8976009e7e8637592e9d76 │                                  │
│ │  └                                                                      │                                  │
│ │                                                                         │                                  │
│ │ 1  TransferObjects:                                                     │                                  │
│ │  ┌                                                                      │                                  │
│ │  │ Arguments:                                                           │                                  │
│ │  │   Result 0                                                           │                                  │
│ │  │ Address: Input  0                                                    │                                  │
│ │  └                                                                      │                                  │
│ ╰─────────────────────────────────────────────────────────────────────────╯                                  │
│                                                                                                              │
│ Signatures:                                                                                                  │
│    V6wRaXwGMWdCzu+ERWbc3HwEfFkN9qaj9rojs22VZvsg4QSgRkIdnTERY8r1qxRe2XMfu8ZSsaHBlVyFub8abg==                  │
│                                                                                                              │
╰──────────────────────────────────────────────────────────────────────────────────────────────────────────────╯
╭───────────────────────────────────────────────────────────────────────────────────────────────────╮
│ Transaction Effects                                                                               │
├───────────────────────────────────────────────────────────────────────────────────────────────────┤
│ Digest: ETNvAAQXmjNbMrm92NZVxTVsHpRt6tWLBuPosBXNG9HU                                              │
│ Status: Success                                                                                   │
│ Executed Epoch: 591                                                                               │
│                                                                                                   │
│ Created Objects:                                                                                  │
│  ┌──                                                                                              │
│  │ ID: 0x80f3da6457c89720ca6de5474d2d130b5d7b2c5a443bfad3daa36299d77c4d25                         │
│  │ Owner: Immutable                                                                               │
│  │ Version: 1                                                                                     │
│  │ Digest: 566u1MN4u9xTh36DCDWoLE8JgiF5yZaAF1ZxS3ek3wyD                                           │
│  └──                                                                                              │
│  ┌──                                                                                              │
│  │ ID: 0x86afb31c444e12753611161af10ba43ea5749f79f5010b6d9368ec57bfbc8199                         │
│  │ Owner: Shared( 415586840 )                                                                     │
│  │ Version: 415586840                                                                             │
│  │ Digest: BFFNLKod3jH9x5dr4UZWHo3bxMgCNMAcmmvDyaBpznsT                                           │
│  └──                                                                                              │
│  ┌──                                                                                              │
│  │ ID: 0x88ab3c1061e1cc6dbb127695b20e5cd2eeefcd3ae887d459732265962f9b676d                         │
│  │ Owner: Account Address ( 0x540105a7d2f5f54a812c630f2996f1790ed0e60d1f9a870ce397f03e4cec9b38 )  │
│  │ Version: 415586840                                                                             │
│  │ Digest: EecyspyVT6PAt7ViVqPuRvcGKs7VL89TJPnPFZaDNyQx                                           │
│  └──                                                                                              │
│  ┌──                                                                                              │
│  │ ID: 0xf22f117dccabd82f9f424fea239cb8662e4cde5607d6f507ae105be31ecd0775                         │
│  │ Owner: Account Address ( 0x540105a7d2f5f54a812c630f2996f1790ed0e60d1f9a870ce397f03e4cec9b38 )  │
│  │ Version: 415586840                                                                             │
│  │ Digest: 5cRLQ1exaMurWdCz24dZGqxWkggDwkVUrfPe7wnzwGJm                                           │
│  └──                                                                                              │
│ Mutated Objects:                                                                                  │
│  ┌──                                                                                              │
│  │ ID: 0xd5d7d66c296d0980d3d355a61d6f3a33b94ae9d8520b741724fe22106ac2c40e                         │
│  │ Owner: Account Address ( 0x540105a7d2f5f54a812c630f2996f1790ed0e60d1f9a870ce397f03e4cec9b38 )  │
│  │ Version: 415586840                                                                             │
│  │ Digest: DQxF8kXKYX2JCihrsfYtH52zjPrNMXm1gSihMdtGmnxF                                           │
│  └──                                                                                              │
│ Gas Object:                                                                                       │
│  ┌──                                                                                              │
│  │ ID: 0xd5d7d66c296d0980d3d355a61d6f3a33b94ae9d8520b741724fe22106ac2c40e                         │
│  │ Owner: Account Address ( 0x540105a7d2f5f54a812c630f2996f1790ed0e60d1f9a870ce397f03e4cec9b38 )  │
│  │ Version: 415586840                                                                             │
│  │ Digest: DQxF8kXKYX2JCihrsfYtH52zjPrNMXm1gSihMdtGmnxF                                           │
│  └──                                                                                              │
│ Gas Cost Summary:                                                                                 │
│    Storage Cost: 24517600 MIST                                                                    │
│    Computation Cost: 750000 MIST                                                                  │
│    Storage Rebate: 978120 MIST                                                                    │
│    Non-refundable Storage Fee: 9880 MIST                                                          │
│                                                                                                   │
│ Transaction Dependencies:                                                                         │
│    3j9AJ67C7KuTZmTJDynkUAzoqndBqDT6wBNwFzbWbrS9                                                   │
│    DQMWZ4nEYZ4Cc6MN8HXkRWmajTJTh9Psf9euSDCTSUJt                                                   │
│    FPQJirZF6XaBX9wcmQbPUPPX9CzbpymnF3c8vtnpHqWt                                                   │
╰───────────────────────────────────────────────────────────────────────────────────────────────────╯
╭─────────────────────────────╮
│ No transaction block events │
╰─────────────────────────────╯

╭───────────────────────────────────────────────────────────────────────────────────────────────────────╮
│ Object Changes                                                                                        │
├───────────────────────────────────────────────────────────────────────────────────────────────────────┤
│ Created Objects:                                                                                      │
│  ┌──                                                                                                  │
│  │ ObjectID: 0x86afb31c444e12753611161af10ba43ea5749f79f5010b6d9368ec57bfbc8199                       │
│  │ Sender: 0x540105a7d2f5f54a812c630f2996f1790ed0e60d1f9a870ce397f03e4cec9b38                         │
│  │ Owner: Shared( 415586840 )                                                                         │
│  │ ObjectType: 0x80f3da6457c89720ca6de5474d2d130b5d7b2c5a443bfad3daa36299d77c4d25::game::GameStorage  │
│  │ Version: 415586840                                                                                 │
│  │ Digest: BFFNLKod3jH9x5dr4UZWHo3bxMgCNMAcmmvDyaBpznsT                                               │
│  └──                                                                                                  │
│  ┌──                                                                                                  │
│  │ ObjectID: 0x88ab3c1061e1cc6dbb127695b20e5cd2eeefcd3ae887d459732265962f9b676d                       │
│  │ Sender: 0x540105a7d2f5f54a812c630f2996f1790ed0e60d1f9a870ce397f03e4cec9b38                         │
│  │ Owner: Account Address ( 0x540105a7d2f5f54a812c630f2996f1790ed0e60d1f9a870ce397f03e4cec9b38 )      │
│  │ ObjectType: 0x2::package::UpgradeCap                                                               │
│  │ Version: 415586840                                                                                 │
│  │ Digest: EecyspyVT6PAt7ViVqPuRvcGKs7VL89TJPnPFZaDNyQx                                               │
│  └──                                                                                                  │
│  ┌──                                                                                                  │
│  │ ObjectID: 0xf22f117dccabd82f9f424fea239cb8662e4cde5607d6f507ae105be31ecd0775                       │
│  │ Sender: 0x540105a7d2f5f54a812c630f2996f1790ed0e60d1f9a870ce397f03e4cec9b38                         │
│  │ Owner: Account Address ( 0x540105a7d2f5f54a812c630f2996f1790ed0e60d1f9a870ce397f03e4cec9b38 )      │
│  │ ObjectType: 0x80f3da6457c89720ca6de5474d2d130b5d7b2c5a443bfad3daa36299d77c4d25::game::AdminCap     │
│  │ Version: 415586840                                                                                 │
│  │ Digest: 5cRLQ1exaMurWdCz24dZGqxWkggDwkVUrfPe7wnzwGJm                                               │
│  └──                                                                                                  │
│ Mutated Objects:                                                                                      │
│  ┌──                                                                                                  │
│  │ ObjectID: 0xd5d7d66c296d0980d3d355a61d6f3a33b94ae9d8520b741724fe22106ac2c40e                       │
│  │ Sender: 0x540105a7d2f5f54a812c630f2996f1790ed0e60d1f9a870ce397f03e4cec9b38                         │
│  │ Owner: Account Address ( 0x540105a7d2f5f54a812c630f2996f1790ed0e60d1f9a870ce397f03e4cec9b38 )      │
│  │ ObjectType: 0x2::coin::Coin<0x2::sui::SUI>                                                         │
│  │ Version: 415586840                                                                                 │
│  │ Digest: DQxF8kXKYX2JCihrsfYtH52zjPrNMXm1gSihMdtGmnxF                                               │
│  └──                                                                                                  │
│ Published Objects:                                                                                    │
│  ┌──                                                                                                  │
│  │ PackageID: 0x80f3da6457c89720ca6de5474d2d130b5d7b2c5a443bfad3daa36299d77c4d25                      │
│  │ Version: 1                                                                                         │
│  │ Digest: 566u1MN4u9xTh36DCDWoLE8JgiF5yZaAF1ZxS3ek3wyD                                               │
│  │ Modules: game, utils                                                                               │
│  └──                                                                                                  │
╰───────────────────────────────────────────────────────────────────────────────────────────────────────╯
╭───────────────────────────────────────────────────────────────────────────────────────────────────╮
│ Balance Changes                                                                                   │
├───────────────────────────────────────────────────────────────────────────────────────────────────┤
│  ┌──                                                                                              │
│  │ Owner: Account Address ( 0x540105a7d2f5f54a812c630f2996f1790ed0e60d1f9a870ce397f03e4cec9b38 )  │
│  │ CoinType: 0x2::sui::SUI                                                                        │
│  │ Amount: -24289480                                                                              │
│  └──                                                                                              │
╰───────────────────────────────────────────────────────────────────────────────────────────────────╯