ljl@ljl-i5-14400:~/work/sui/nextuser/code/task3/nft_author$ sui client publish --skip-dependency-verification
[warn] Client/Server api version mismatch, client api version : 1.37.1, server api version : 1.36.2
UPDATING GIT DEPENDENCY https://github.com/MystenLabs/sui.git
^C
ljl@ljl-i5-14400:~/work/sui/nextuser/code/task3/nft_author$ sui client publish --skip-dependency-verification
[warn] Client/Server api version mismatch, client api version : 1.37.1, server api version : 1.36.2
UPDATING GIT DEPENDENCY https://gitee.com/MystenLabs/sui.git
INCLUDING DEPENDENCY Sui
INCLUDING DEPENDENCY MoveStdlib
BUILDING nft_author
Skipping dependency verification
Transaction Digest: F1J7GBm1unSLdet5zJQHq44rnzZXLCqv5e3WgvGg2Gvw
╭──────────────────────────────────────────────────────────────────────────────────────────────────────────────╮
│ Transaction Data                                                                                             │
├──────────────────────────────────────────────────────────────────────────────────────────────────────────────┤
│ Sender: 0x540105a7d2f5f54a812c630f2996f1790ed0e60d1f9a870ce397f03e4cec9b38                                   │
│ Gas Owner: 0x540105a7d2f5f54a812c630f2996f1790ed0e60d1f9a870ce397f03e4cec9b38                                │
│ Gas Budget: 19200400 MIST                                                                                    │
│ Gas Price: 750 MIST                                                                                          │
│ Gas Payment:                                                                                                 │
│  ┌──                                                                                                         │
│  │ ID: 0xd5d7d66c296d0980d3d355a61d6f3a33b94ae9d8520b741724fe22106ac2c40e                                    │
│  │ Version: 415586834                                                                                        │
│  │ Digest: DRsx1mPqznKV9suBrc7RCR99c7WESL7Ji61kQ2tus8sf                                                      │
│  └──                                                                                                         │
│                                                                                                              │
│ Transaction Kind: Programmable                                                                               │
│ ╭──────────────────────────────────────────────────────────────────────────────────────────────────────────╮ │
│ │ Input Objects                                                                                            │ │
│ ├──────────────────────────────────────────────────────────────────────────────────────────────────────────┤ │
│ │ 0   Pure Arg: Type: address, Value: "0x540105a7d2f5f54a812c630f2996f1790ed0e60d1f9a870ce397f03e4cec9b38" │ │
│ ╰──────────────────────────────────────────────────────────────────────────────────────────────────────────╯ │
│ ╭─────────────────────────────────────────────────────────────────────────╮                                  │
│ │ Commands                                                                │                                  │
│ ├─────────────────────────────────────────────────────────────────────────┤                                  │
│ │ 0  Publish:                                                             │                                  │
│ │  ┌                                                                      │                                  │
│ │  │ Dependencies:                                                        │                                  │
│ │  │   0x0000000000000000000000000000000000000000000000000000000000000001 │                                  │
│ │  │   0x0000000000000000000000000000000000000000000000000000000000000002 │                                  │
│ │  └                                                                      │                                  │
│ │                                                                         │                                  │
│ │ 1  TransferObjects:                                                     │                                  │
│ │  ┌                                                                      │                                  │
│ │  │ Arguments:                                                           │                                  │
│ │  │   Result 0                                                           │                                  │
│ │  │ Address: Input  0                                                    │                                  │
│ │  └                                                                      │                                  │
│ ╰─────────────────────────────────────────────────────────────────────────╯                                  │
│                                                                                                              │
│ Signatures:                                                                                                  │
│    VnkTzc2HJYWCySrW8BbFQSjdRzz6mgPaoRgATde1+YctpY/xrnpFof3D//k8GW5eqbC/uG/box6yP+GGIieJ1w==                  │
│                                                                                                              │
╰──────────────────────────────────────────────────────────────────────────────────────────────────────────────╯
╭───────────────────────────────────────────────────────────────────────────────────────────────────╮
│ Transaction Effects                                                                               │
├───────────────────────────────────────────────────────────────────────────────────────────────────┤
│ Digest: F1J7GBm1unSLdet5zJQHq44rnzZXLCqv5e3WgvGg2Gvw                                              │
│ Status: Success                                                                                   │
│ Executed Epoch: 580                                                                               │
│                                                                                                   │
│ Created Objects:                                                                                  │
│  ┌──                                                                                              │
│  │ ID: 0x7f60e62f2fe72bdfc76841210435dcb3969387b8c1d74b96c6162206d3e20774                         │
│  │ Owner: Account Address ( 0x540105a7d2f5f54a812c630f2996f1790ed0e60d1f9a870ce397f03e4cec9b38 )  │
│  │ Version: 415586835                                                                             │
│  │ Digest: 2pXTsqDKVYK2C5TvWseXDMc4JKjPKU1icUrZ8YSsLkL8                                           │
│  └──                                                                                              │
│  ┌──                                                                                              │
│  │ ID: 0xb31a9c9d53f02ba0c1d89966f86372a0b683a9d13d475d4011e692621955d1cb                         │
│  │ Owner: Account Address ( 0x540105a7d2f5f54a812c630f2996f1790ed0e60d1f9a870ce397f03e4cec9b38 )  │
│  │ Version: 415586835                                                                             │
│  │ Digest: 2H1L1zJtZTZNfVKrqafhDtfyGo2tnQJEZgo7WmJk8VMT                                           │
│  └──                                                                                              │
│  ┌──                                                                                              │
│  │ ID: 0xcaf1d107eb08c9c7e39fab4eba69dedfa7a427e2859d63238a8b906a79e6fa0f                         │
│  │ Owner: Immutable                                                                               │
│  │ Version: 1                                                                                     │
│  │ Digest: AWsH5LoGryBRyWJdqg2TLgstha4TYc29tT6S64zcNuAp                                           │
│  └──                                                                                              │
│  ┌──                                                                                              │
│  │ ID: 0xf8fdfce05160b328a2112719a9af3ccf608d49465ee703cb74c9fca04a5703e5                         │
│  │ Owner: Account Address ( 0x540105a7d2f5f54a812c630f2996f1790ed0e60d1f9a870ce397f03e4cec9b38 )  │
│  │ Version: 415586835                                                                             │
│  │ Digest: D4KaPQzLnoKF5kgpWe8Fx4Kgv5yoRuNntAfAYZH3TYxt                                           │
│  └──                                                                                              │
│ Mutated Objects:                                                                                  │
│  ┌──                                                                                              │
│  │ ID: 0xd5d7d66c296d0980d3d355a61d6f3a33b94ae9d8520b741724fe22106ac2c40e                         │
│  │ Owner: Account Address ( 0x540105a7d2f5f54a812c630f2996f1790ed0e60d1f9a870ce397f03e4cec9b38 )  │
│  │ Version: 415586835                                                                             │
│  │ Digest: CwWhCjXQtJ9TsupFU31YGfja1HNLqSoG64XuoXyViXXM                                           │
│  └──                                                                                              │
│ Gas Object:                                                                                       │
│  ┌──                                                                                              │
│  │ ID: 0xd5d7d66c296d0980d3d355a61d6f3a33b94ae9d8520b741724fe22106ac2c40e                         │
│  │ Owner: Account Address ( 0x540105a7d2f5f54a812c630f2996f1790ed0e60d1f9a870ce397f03e4cec9b38 )  │
│  │ Version: 415586835                                                                             │
│  │ Digest: CwWhCjXQtJ9TsupFU31YGfja1HNLqSoG64XuoXyViXXM                                           │
│  └──                                                                                              │
│ Gas Cost Summary:                                                                                 │
│    Storage Cost: 17700400 MIST                                                                    │
│    Computation Cost: 750000 MIST                                                                  │
│    Storage Rebate: 978120 MIST                                                                    │
│    Non-refundable Storage Fee: 9880 MIST                                                          │
│                                                                                                   │
│ Transaction Dependencies:                                                                         │
│    49puDQZwHRnu7zYoARCjco1dFKMiK7LVSS8B5Si1yVdh                                                   │
│    6ikiNifs7P194KBXkfRzc2rYEpc8k9urhUzAVMxhWzar                                                   │
│    8MkMyu5cseLwqyWDwg947q7U2d7ipSoGu9LZQh744JRJ                                                   │
╰───────────────────────────────────────────────────────────────────────────────────────────────────╯
╭────────────────────────────────────────────────────────────────────────────────────────────────────────────────────────────────────╮
│ Transaction Block Events                                                                                                           │
├────────────────────────────────────────────────────────────────────────────────────────────────────────────────────────────────────┤
│  ┌──                                                                                                                               │
│  │ EventID: F1J7GBm1unSLdet5zJQHq44rnzZXLCqv5e3WgvGg2Gvw:0                                                                         │
│  │ PackageID: 0xcaf1d107eb08c9c7e39fab4eba69dedfa7a427e2859d63238a8b906a79e6fa0f                                                   │
│  │ Transaction Module: nft_author                                                                                                  │
│  │ Sender: 0x540105a7d2f5f54a812c630f2996f1790ed0e60d1f9a870ce397f03e4cec9b38                                                      │
│  │ EventType: 0x2::display::DisplayCreated<0xcaf1d107eb08c9c7e39fab4eba69dedfa7a427e2859d63238a8b906a79e6fa0f::nft_author::Author> │
│  │ ParsedJSON:                                                                                                                     │
│  │   ┌────┬────────────────────────────────────────────────────────────────────┐                                                   │
│  │   │ id │ 0x7f60e62f2fe72bdfc76841210435dcb3969387b8c1d74b96c6162206d3e20774 │                                                   │
│  │   └────┴────────────────────────────────────────────────────────────────────┘                                                   │
│  └──                                                                                                                               │
│  ┌──                                                                                                                               │
│  │ EventID: F1J7GBm1unSLdet5zJQHq44rnzZXLCqv5e3WgvGg2Gvw:1                                                                         │
│  │ PackageID: 0xcaf1d107eb08c9c7e39fab4eba69dedfa7a427e2859d63238a8b906a79e6fa0f                                                   │
│  │ Transaction Module: nft_author                                                                                                  │
│  │ Sender: 0x540105a7d2f5f54a812c630f2996f1790ed0e60d1f9a870ce397f03e4cec9b38                                                      │
│  │ EventType: 0x2::display::VersionUpdated<0xcaf1d107eb08c9c7e39fab4eba69dedfa7a427e2859d63238a8b906a79e6fa0f::nft_author::Author> │
│  │ ParsedJSON:                                                                                                                     │
│  │   ┌─────────┬──────────┬───────┬──────────────────────────────────────────────────┐                                             │
│  │   │ fields  │ contents │ key   │ name                                             │                                             │
│  │   │         │          ├───────┼──────────────────────────────────────────────────┤                                             │
│  │   │         │          │ value │ {name}                                           │                                             │
│  │   │         │          ├───────┼──────────────────────────────────────────────────┤                                             │
│  │   │         │          │ key   │ link                                             │                                             │
│  │   │         │          ├───────┼──────────────────────────────────────────────────┤                                             │
│  │   │         │          │ value │ https://github.com/{name}                        │                                             │
│  │   │         │          ├───────┼──────────────────────────────────────────────────┤                                             │
│  │   │         │          │ key   │ image_url                                        │                                             │
│  │   │         │          ├───────┼──────────────────────────────────────────────────┤                                             │
│  │   │         │          │ value │ {image_url}                                      │                                             │
│  │   │         │          ├───────┼──────────────────────────────────────────────────┤                                             │
│  │   │         │          │ key   │ description                                      │                                             │
│  │   │         │          ├───────┼──────────────────────────────────────────────────┤                                             │
│  │   │         │          │ value │ simple nft with the image icon from github user  │                                             │
│  │   │         │          ├───────┼──────────────────────────────────────────────────┤                                             │
│  │   │         │          │ key   │ project_url                                      │                                             │
│  │   │         │          ├───────┼──────────────────────────────────────────────────┤                                             │
│  │   │         │          │ value │ https://github.com/{name}/letsmove               │                                             │
│  │   │         │          ├───────┼──────────────────────────────────────────────────┤                                             │
│  │   │         │          │ key   │ creator                                          │                                             │
│  │   │         │          ├───────┼──────────────────────────────────────────────────┤                                             │
│  │   │         │          │ value │ charles j lee                                    │                                             │
│  │   ├─────────┼──────────┴───────┴──────────────────────────────────────────────────┤                                             │
│  │   │ id      │ 0x7f60e62f2fe72bdfc76841210435dcb3969387b8c1d74b96c6162206d3e20774  │                                             │
│  │   ├─────────┼─────────────────────────────────────────────────────────────────────┤                                             │
│  │   │ version │ 1                                                                   │                                             │
│  │   └─────────┴─────────────────────────────────────────────────────────────────────┘                                             │
│  └──                                                                                                                               │
╰────────────────────────────────────────────────────────────────────────────────────────────────────────────────────────────────────╯
╭───────────────────────────────────────────────────────────────────────────────────────────────────────────────────────────────╮
│ Object Changes                                                                                                                │
├───────────────────────────────────────────────────────────────────────────────────────────────────────────────────────────────┤
│ Created Objects:                                                                                                              │
│  ┌──                                                                                                                          │
│  │ ObjectID: 0x7f60e62f2fe72bdfc76841210435dcb3969387b8c1d74b96c6162206d3e20774                                               │
│  │ Sender: 0x540105a7d2f5f54a812c630f2996f1790ed0e60d1f9a870ce397f03e4cec9b38                                                 │
│  │ Owner: Account Address ( 0x540105a7d2f5f54a812c630f2996f1790ed0e60d1f9a870ce397f03e4cec9b38 )                              │
│  │ ObjectType: 0x2::display::Display<0xcaf1d107eb08c9c7e39fab4eba69dedfa7a427e2859d63238a8b906a79e6fa0f::nft_author::Author>  │
│  │ Version: 415586835                                                                                                         │
│  │ Digest: 2pXTsqDKVYK2C5TvWseXDMc4JKjPKU1icUrZ8YSsLkL8                                                                       │
│  └──                                                                                                                          │
│  ┌──                                                                                                                          │
│  │ ObjectID: 0xb31a9c9d53f02ba0c1d89966f86372a0b683a9d13d475d4011e692621955d1cb                                               │
│  │ Sender: 0x540105a7d2f5f54a812c630f2996f1790ed0e60d1f9a870ce397f03e4cec9b38                                                 │
│  │ Owner: Account Address ( 0x540105a7d2f5f54a812c630f2996f1790ed0e60d1f9a870ce397f03e4cec9b38 )                              │
│  │ ObjectType: 0x2::package::UpgradeCap                                                                                       │
│  │ Version: 415586835                                                                                                         │
│  │ Digest: 2H1L1zJtZTZNfVKrqafhDtfyGo2tnQJEZgo7WmJk8VMT                                                                       │
│  └──                                                                                                                          │
│  ┌──                                                                                                                          │
│  │ ObjectID: 0xf8fdfce05160b328a2112719a9af3ccf608d49465ee703cb74c9fca04a5703e5                                               │
│  │ Sender: 0x540105a7d2f5f54a812c630f2996f1790ed0e60d1f9a870ce397f03e4cec9b38                                                 │
│  │ Owner: Account Address ( 0x540105a7d2f5f54a812c630f2996f1790ed0e60d1f9a870ce397f03e4cec9b38 )                              │
│  │ ObjectType: 0x2::package::Publisher                                                                                        │
│  │ Version: 415586835                                                                                                         │
│  │ Digest: D4KaPQzLnoKF5kgpWe8Fx4Kgv5yoRuNntAfAYZH3TYxt                                                                       │
│  └──                                                                                                                          │
│ Mutated Objects:                                                                                                              │
│  ┌──                                                                                                                          │
│  │ ObjectID: 0xd5d7d66c296d0980d3d355a61d6f3a33b94ae9d8520b741724fe22106ac2c40e                                               │
│  │ Sender: 0x540105a7d2f5f54a812c630f2996f1790ed0e60d1f9a870ce397f03e4cec9b38                                                 │
│  │ Owner: Account Address ( 0x540105a7d2f5f54a812c630f2996f1790ed0e60d1f9a870ce397f03e4cec9b38 )                              │
│  │ ObjectType: 0x2::coin::Coin<0x2::sui::SUI>                                                                                 │
│  │ Version: 415586835                                                                                                         │
│  │ Digest: CwWhCjXQtJ9TsupFU31YGfja1HNLqSoG64XuoXyViXXM                                                                       │
│  └──                                                                                                                          │
│ Published Objects:                                                                                                            │
│  ┌──                                                                                                                          │
│  │ PackageID: 0xcaf1d107eb08c9c7e39fab4eba69dedfa7a427e2859d63238a8b906a79e6fa0f                                              │
│  │ Version: 1                                                                                                                 │
│  │ Digest: AWsH5LoGryBRyWJdqg2TLgstha4TYc29tT6S64zcNuAp                                                                       │
│  │ Modules: nft_author                                                                                                        │
│  └──                                                                                                                          │
╰───────────────────────────────────────────────────────────────────────────────────────────────────────────────────────────────╯
╭───────────────────────────────────────────────────────────────────────────────────────────────────╮
│ Balance Changes                                                                                   │
├───────────────────────────────────────────────────────────────────────────────────────────────────┤
│  ┌──                                                                                              │
│  │ Owner: Account Address ( 0x540105a7d2f5f54a812c630f2996f1790ed0e60d1f9a870ce397f03e4cec9b38 )  │
│  │ CoinType: 0x2::sui::SUI                                                                        │
│  │ Amount: -17472280                                                                              │
│  └──                                                                                              │
╰───────────────────────────────────────────────────────────────────────────────────────────────────╯
ljl@ljl-i5-14400:~/work/sui/nextuser/code/task3/nft_author$ 