Transaction Digest: Fiqq1oiy9j17NkBJFLwVSgFDGwjE7oKWTEsae5PeGYsg
╭──────────────────────────────────────────────────────────────────────────────────────────────────────────────╮
│ Transaction Data                                                                                             │
├──────────────────────────────────────────────────────────────────────────────────────────────────────────────┤
│ Sender: 0x78444b9e42a6f9bd2544e80656270bfba227d3238154bcded245192a362683bc                                   │
│ Gas Owner: 0x78444b9e42a6f9bd2544e80656270bfba227d3238154bcded245192a362683bc                                │
│ Gas Budget: 100000000 MIST                                                                                   │
│ Gas Price: 758 MIST                                                                                          │
│ Gas Payment:                                                                                                 │
│  ┌──                                                                                                         │
│  │ ID: 0x496348493f043f275b305c6c528c6e4b4438ab94f8b105d3a112398c006ea229                                    │
│  │ Version: 308908063                                                                                        │
│  │ Digest: jm4PG6VTFMmucvRq6zEToXWuSB8y9BCMJb6a5zDS8M8                                                       │
│  └──                                                                                                         │
│                                                                                                              │
│ Transaction Kind: Programmable                                                                               │
│ ╭──────────────────────────────────────────────────────────────────────────────────────────────────────────╮ │
│ │ Input Objects                                                                                            │ │
│ ├──────────────────────────────────────────────────────────────────────────────────────────────────────────┤ │
│ │ 0   Shared Object    ID: 0x4e9a5e6b2851042d64841e607aded5df09a76c262b36230761281dc999e1a55a              │ │
│ │ 1   Pure Arg: Type: u64, Value: "10000000000"                                                            │ │
│ │ 2   Pure Arg: Type: address, Value: "0x7b8e0864967427679b4e129f79dc332a885c6087ec9e187b53451a9006ee15f2" │ │
│ ╰──────────────────────────────────────────────────────────────────────────────────────────────────────────╯ │
│ ╭──────────────────────────────────────────────────────────────────────────────────╮                         │
│ │ Commands                                                                         │                         │
│ ├──────────────────────────────────────────────────────────────────────────────────┤                         │
│ │ 0  MoveCall:                                                                     │                         │
│ │  ┌                                                                               │                         │
│ │  │ Function:  mint                                                               │                         │
│ │  │ Module:    faucet_coin                                                        │                         │
│ │  │ Package:   0x6b6c7b2c758e0a391cf636013f9ce177f6b81f4834a7d4c472e156d260148a2b │                         │
│ │  │ Arguments:                                                                    │                         │
│ │  │   Input  0                                                                    │                         │
│ │  │   Input  1                                                                    │                         │
│ │  │   Input  2                                                                    │                         │
│ │  └                                                                               │                         │
│ ╰──────────────────────────────────────────────────────────────────────────────────╯                         │
│                                                                                                              │
│ Signatures:                                                                                                  │
│    EgQqFo5hNGyijahaE8SaKbQbr3diIqKybhx0NkglrM51hkPgOPJYQ+BMHmjeb+sRCunV1D/3aFTD4eNX+7nNDg==                  │
│                                                                                                              │
╰──────────────────────────────────────────────────────────────────────────────────────────────────────────────╯
╭───────────────────────────────────────────────────────────────────────────────────────────────────╮
│ Transaction Effects                                                                               │
├───────────────────────────────────────────────────────────────────────────────────────────────────┤
│ Digest: Fiqq1oiy9j17NkBJFLwVSgFDGwjE7oKWTEsae5PeGYsg                                              │
│ Status: Success                                                                                   │
│ Executed Epoch: 471                                                                               │
│                                                                                                   │
│ Created Objects:                                                                                  │
│  ┌──                                                                                              │
│  │ ID: 0x99964d160c4bcf7c1917bd6ade00539cae52b032613248b3e78b70a44add8764                         │
│  │ Owner: Account Address ( 0x7b8e0864967427679b4e129f79dc332a885c6087ec9e187b53451a9006ee15f2 )  │
│  │ Version: 308908064                                                                             │
│  │ Digest: 56tWCYJySmJffchPD1gWvy55xKrXigD6SRxuttd1mzf4                                           │
│  └──                                                                                              │
│ Mutated Objects:                                                                                  │
│  ┌──                                                                                              │
│  │ ID: 0x496348493f043f275b305c6c528c6e4b4438ab94f8b105d3a112398c006ea229                         │
│  │ Owner: Account Address ( 0x78444b9e42a6f9bd2544e80656270bfba227d3238154bcded245192a362683bc )  │
│  │ Version: 308908064                                                                             │
│  │ Digest: EfyeZZKt6evmWvWy1XyJG3tdSKnbSReVTEFDW37rvPE6                                           │
│  └──                                                                                              │
│  ┌──                                                                                              │
│  │ ID: 0x4e9a5e6b2851042d64841e607aded5df09a76c262b36230761281dc999e1a55a                         │
│  │ Owner: Shared( 308908062 )                                                                     │
│  │ Version: 308908064                                                                             │
│  │ Digest: EgsQ1PHwRK77PNAVADxUcAgEpwY7P2fe4Cw66ymhxtr9                                           │
│  └──                                                                                              │
│ Shared Objects:                                                                                   │
│  ┌──                                                                                              │
│  │ ID: 0x4e9a5e6b2851042d64841e607aded5df09a76c262b36230761281dc999e1a55a                         │
│  │ Version: 308908063                                                                             │
│  │ Digest: 8isGR3tLtpRe6T5Cp9Yh1NQGRHpxSniymM47PyqqriAU                                           │
│  └──                                                                                              │
│ Gas Object:                                                                                       │
│  ┌──                                                                                              │
│  │ ID: 0x496348493f043f275b305c6c528c6e4b4438ab94f8b105d3a112398c006ea229                         │
│  │ Owner: Account Address ( 0x78444b9e42a6f9bd2544e80656270bfba227d3238154bcded245192a362683bc )  │
│  │ Version: 308908064                                                                             │
│  │ Digest: EfyeZZKt6evmWvWy1XyJG3tdSKnbSReVTEFDW37rvPE6                                           │
│  └──                                                                                              │
│ Gas Cost Summary:                                                                                 │
│    Storage Cost: 4225600 MIST                                                                     │
│    Computation Cost: 758000 MIST                                                                  │
│    Storage Rebate: 2768832 MIST                                                                   │
│    Non-refundable Storage Fee: 27968 MIST                                                         │
│                                                                                                   │
│ Transaction Dependencies:                                                                         │
│    7PZv78dXqyTfrWaTHRRkEY4NQH9pHHkwfw6DDkvSxxrS                                                   │
│    8qLt9KGFen2R1yfJqmMQmpyLKFvxhiVsjuCV9rx4wP4P                                                   │
╰───────────────────────────────────────────────────────────────────────────────────────────────────╯
╭─────────────────────────────╮
│ No transaction block events │
╰─────────────────────────────╯

╭──────────────────────────────────────────────────────────────────────────────────────────────────────────────────────────────────────╮
│ Object Changes                                                                                                                       │
├──────────────────────────────────────────────────────────────────────────────────────────────────────────────────────────────────────┤
│ Created Objects:                                                                                                                     │
│  ┌──                                                                                                                                 │
│  │ ObjectID: 0x99964d160c4bcf7c1917bd6ade00539cae52b032613248b3e78b70a44add8764                                                      │
│  │ Sender: 0x78444b9e42a6f9bd2544e80656270bfba227d3238154bcded245192a362683bc                                                        │
│  │ Owner: Account Address ( 0x7b8e0864967427679b4e129f79dc332a885c6087ec9e187b53451a9006ee15f2 )                                     │
│  │ ObjectType: 0x2::coin::Coin<0x6b6c7b2c758e0a391cf636013f9ce177f6b81f4834a7d4c472e156d260148a2b::faucet_coin::FAUCET_COIN>         │
│  │ Version: 308908064                                                                                                                │
│  │ Digest: 56tWCYJySmJffchPD1gWvy55xKrXigD6SRxuttd1mzf4                                                                              │
│  └──                                                                                                                                 │
│ Mutated Objects:                                                                                                                     │
│  ┌──                                                                                                                                 │
│  │ ObjectID: 0x496348493f043f275b305c6c528c6e4b4438ab94f8b105d3a112398c006ea229                                                      │
│  │ Sender: 0x78444b9e42a6f9bd2544e80656270bfba227d3238154bcded245192a362683bc                                                        │
│  │ Owner: Account Address ( 0x78444b9e42a6f9bd2544e80656270bfba227d3238154bcded245192a362683bc )                                     │
│  │ ObjectType: 0x2::coin::Coin<0x2::sui::SUI>                                                                                        │
│  │ Version: 308908064                                                                                                                │
│  │ Digest: EfyeZZKt6evmWvWy1XyJG3tdSKnbSReVTEFDW37rvPE6                                                                              │
│  └──                                                                                                                                 │
│  ┌──                                                                                                                                 │
│  │ ObjectID: 0x4e9a5e6b2851042d64841e607aded5df09a76c262b36230761281dc999e1a55a                                                      │
│  │ Sender: 0x78444b9e42a6f9bd2544e80656270bfba227d3238154bcded245192a362683bc                                                        │
│  │ Owner: Shared( 308908062 )                                                                                                        │
│  │ ObjectType: 0x2::coin::TreasuryCap<0x6b6c7b2c758e0a391cf636013f9ce177f6b81f4834a7d4c472e156d260148a2b::faucet_coin::FAUCET_COIN>  │
│  │ Version: 308908064                                                                                                                │
│  │ Digest: EgsQ1PHwRK77PNAVADxUcAgEpwY7P2fe4Cw66ymhxtr9                                                                              │
│  └──                                                                                                                                 │
╰──────────────────────────────────────────────────────────────────────────────────────────────────────────────────────────────────────╯
╭────────────────────────────────────────────────────────────────────────────────────────────────────────────╮
│ Balance Changes                                                                                            │
├────────────────────────────────────────────────────────────────────────────────────────────────────────────┤
│  ┌──                                                                                                       │
│  │ Owner: Account Address ( 0x78444b9e42a6f9bd2544e80656270bfba227d3238154bcded245192a362683bc )           │
│  │ CoinType: 0x2::sui::SUI                                                                                 │
│  │ Amount: -2214768                                                                                        │
│  └──                                                                                                       │
│  ┌──                                                                                                       │
│  │ Owner: Account Address ( 0x7b8e0864967427679b4e129f79dc332a885c6087ec9e187b53451a9006ee15f2 )           │
│  │ CoinType: 0x6b6c7b2c758e0a391cf636013f9ce177f6b81f4834a7d4c472e156d260148a2b::faucet_coin::FAUCET_COIN  │
│  │ Amount: 10000000000                                                                                     │
│  └──                                                                                                       │
╰────────────────────────────────────────────────────────────────────────────────────────────────────────────╯
