[warn] Client/Server api version mismatch, client api version : 1.27.2, server api version : 1.28.0
UPDATING GIT DEPENDENCY https://github.com/MystenLabs/sui.git
INCLUDING DEPENDENCY Sui
INCLUDING DEPENDENCY MoveStdlib
BUILDING check_in
[0m[1m[38;5;11mwarning[W09002][0m[1m: unused variable[0m
   [0m[34m┌─[0m /home/qyoung/github/letsmove/mover/isQyoung/code/task7/check_in/sources/check_in.move:79:9
   [0m[34m│[0m
[0m[34m79[0m [0m[34m│[0m         [0m[33mctx[0m: &mut TxContext
   [0m[34m│[0m         [0m[33m^^^[0m [0m[33mUnused parameter 'ctx'. Consider removing or prefixing with an underscore: '_ctx'[0m
   [0m[34m│[0m
   [0m[34m=[0m This warning can be suppressed with '#[allow(unused_variable)]' applied to the 'module' or module member ('const', 'fun', or 'struct')

Successfully verified dependencies on-chain against source.
Transaction Digest: 3svUMYqbYbNVpzx3hDBAb7tCtot2xYzgeRRz1fZM1jCz
╭──────────────────────────────────────────────────────────────────────────────────────────────────────────────╮
│ Transaction Data                                                                                             │
├──────────────────────────────────────────────────────────────────────────────────────────────────────────────┤
│ Sender: 0x4b03a7bf4069d21d3f05b69d80fd4f9bcd8456ca846a564a90c8087916b08bc4                                   │
│ Gas Owner: 0x4b03a7bf4069d21d3f05b69d80fd4f9bcd8456ca846a564a90c8087916b08bc4                                │
│ Gas Budget: 15953600 MIST                                                                                    │
│ Gas Price: 1000 MIST                                                                                         │
│ Gas Payment:                                                                                                 │
│  ┌──                                                                                                         │
│  │ ID: 0x000047c14186ce4a68cce6effde8864b982819fcc39798bc4910b28efe273eed                                    │
│  │ Version: 59320773                                                                                         │
│  │ Digest: 7qRMFZTHaf6X4czRdP34t3Q2QtvQ1JGUDkDAk1ZJLoUN                                                      │
│  └──                                                                                                         │
│                                                                                                              │
│ Transaction Kind: Programmable                                                                               │
│ ╭──────────────────────────────────────────────────────────────────────────────────────────────────────────╮ │
│ │ Input Objects                                                                                            │ │
│ ├──────────────────────────────────────────────────────────────────────────────────────────────────────────┤ │
│ │ 0   Pure Arg: Type: address, Value: "0x4b03a7bf4069d21d3f05b69d80fd4f9bcd8456ca846a564a90c8087916b08bc4" │ │
│ ╰──────────────────────────────────────────────────────────────────────────────────────────────────────────╯ │
│ ╭─────────────────────────────────────────────────────────────────────────╮                                  │
│ │ Commands                                                                │                                  │
│ ├─────────────────────────────────────────────────────────────────────────┤                                  │
│ │ 0  Publish:                                                             │                                  │
│ │  ┌                                                                      │                                  │
│ │  │ Dependencies:                                                        │                                  │
│ │  │   0x0000000000000000000000000000000000000000000000000000000000000001 │                                  │
│ │  │   0x0000000000000000000000000000000000000000000000000000000000000002 │                                  │
│ │  └                                                                      │                                  │
│ │                                                                         │                                  │
│ │ 1  TransferObjects:                                                     │                                  │
│ │  ┌                                                                      │                                  │
│ │  │ Arguments:                                                           │                                  │
│ │  │   Result 0                                                           │                                  │
│ │  │ Address: Input  0                                                    │                                  │
│ │  └                                                                      │                                  │
│ ╰─────────────────────────────────────────────────────────────────────────╯                                  │
│                                                                                                              │
│ Signatures:                                                                                                  │
│    XWUPXL72JNCgWvX0xzar5fNESVub2ErPVmmJnQHvMV0YG9Lsy9VDygfD2LI8oRa1Cu2a0o95sN4byNeTSF3SDA==                  │
│                                                                                                              │
╰──────────────────────────────────────────────────────────────────────────────────────────────────────────────╯
╭───────────────────────────────────────────────────────────────────────────────────────────────────╮
│ Transaction Effects                                                                               │
├───────────────────────────────────────────────────────────────────────────────────────────────────┤
│ Digest: 3svUMYqbYbNVpzx3hDBAb7tCtot2xYzgeRRz1fZM1jCz                                              │
│ Status: Success                                                                                   │
│ Executed Epoch: 414                                                                               │
│                                                                                                   │
│ Created Objects:                                                                                  │
│  ┌──                                                                                              │
│  │ ID: 0x42fd69e72707f6b5699e1b37b827d139bce75116f67f9ffb1fff5c2f6ba958e6                         │
│  │ Owner: Immutable                                                                               │
│  │ Version: 1                                                                                     │
│  │ Digest: GFQs4PMxdVsTBQjEU99nWuPmtwGLwDN2ZoQnpDgmnGg2                                           │
│  └──                                                                                              │
│  ┌──                                                                                              │
│  │ ID: 0xb0018d316a40424dfe50f5ec3106b0e70c7df4898f09c704da23f54a7c5998af                         │
│  │ Owner: Account Address ( 0x4b03a7bf4069d21d3f05b69d80fd4f9bcd8456ca846a564a90c8087916b08bc4 )  │
│  │ Version: 59320774                                                                              │
│  │ Digest: CMMF8eGXBncdzicNjD64FvtQTw6BYbEqwLnrr9QTbuC3                                           │
│  └──                                                                                              │
│  ┌──                                                                                              │
│  │ ID: 0xc9750d187491a5bc5fd245b4cf72f408aca593c886e577ae6e9730889f9e56bd                         │
│  │ Owner: Shared( 59320774 )                                                                      │
│  │ Version: 59320774                                                                              │
│  │ Digest: 6hX4fGECRv6rQJD2g1Dyh39frAHKrTVb38p7saU8NA5x                                           │
│  └──                                                                                              │
│ Mutated Objects:                                                                                  │
│  ┌──                                                                                              │
│  │ ID: 0x000047c14186ce4a68cce6effde8864b982819fcc39798bc4910b28efe273eed                         │
│  │ Owner: Account Address ( 0x4b03a7bf4069d21d3f05b69d80fd4f9bcd8456ca846a564a90c8087916b08bc4 )  │
│  │ Version: 59320774                                                                              │
│  │ Digest: BpB3GpyHihJuXDZS2uXkWSp1tCDkehLh8qWqrJrRiXmU                                           │
│  └──                                                                                              │
│ Gas Object:                                                                                       │
│  ┌──                                                                                              │
│  │ ID: 0x000047c14186ce4a68cce6effde8864b982819fcc39798bc4910b28efe273eed                         │
│  │ Owner: Account Address ( 0x4b03a7bf4069d21d3f05b69d80fd4f9bcd8456ca846a564a90c8087916b08bc4 )  │
│  │ Version: 59320774                                                                              │
│  │ Digest: BpB3GpyHihJuXDZS2uXkWSp1tCDkehLh8qWqrJrRiXmU                                           │
│  └──                                                                                              │
│ Gas Cost Summary:                                                                                 │
│    Storage Cost: 13953600 MIST                                                                    │
│    Computation Cost: 1000000 MIST                                                                 │
│    Storage Rebate: 978120 MIST                                                                    │
│    Non-refundable Storage Fee: 9880 MIST                                                          │
│                                                                                                   │
│ Transaction Dependencies:                                                                         │
│    3Hry5CyWQUTNV5nRZTNxoWyfN9zxBEcwsYkXUyTHCrmE                                                   │
│    6c3hAbXwoKqSv8Grf4wv7VAJYpT7UnPxV3zqeRjmN1JY                                                   │
│    CVCWvLWpAiMLiKYwQV3EafSPQmRTjCAcbdrGsrhxSBZy                                                   │
╰───────────────────────────────────────────────────────────────────────────────────────────────────╯
╭─────────────────────────────╮
│ No transaction block events │
╰─────────────────────────────╯

╭──────────────────────────────────────────────────────────────────────────────────────────────────────────╮
│ Object Changes                                                                                           │
├──────────────────────────────────────────────────────────────────────────────────────────────────────────┤
│ Created Objects:                                                                                         │
│  ┌──                                                                                                     │
│  │ ObjectID: 0xb0018d316a40424dfe50f5ec3106b0e70c7df4898f09c704da23f54a7c5998af                          │
│  │ Sender: 0x4b03a7bf4069d21d3f05b69d80fd4f9bcd8456ca846a564a90c8087916b08bc4                            │
│  │ Owner: Account Address ( 0x4b03a7bf4069d21d3f05b69d80fd4f9bcd8456ca846a564a90c8087916b08bc4 )         │
│  │ ObjectType: 0x2::package::UpgradeCap                                                                  │
│  │ Version: 59320774                                                                                     │
│  │ Digest: CMMF8eGXBncdzicNjD64FvtQTw6BYbEqwLnrr9QTbuC3                                                  │
│  └──                                                                                                     │
│  ┌──                                                                                                     │
│  │ ObjectID: 0xc9750d187491a5bc5fd245b4cf72f408aca593c886e577ae6e9730889f9e56bd                          │
│  │ Sender: 0x4b03a7bf4069d21d3f05b69d80fd4f9bcd8456ca846a564a90c8087916b08bc4                            │
│  │ Owner: Shared( 59320774 )                                                                             │
│  │ ObjectType: 0x42fd69e72707f6b5699e1b37b827d139bce75116f67f9ffb1fff5c2f6ba958e6::check_in::FlagString  │
│  │ Version: 59320774                                                                                     │
│  │ Digest: 6hX4fGECRv6rQJD2g1Dyh39frAHKrTVb38p7saU8NA5x                                                  │
│  └──                                                                                                     │
│ Mutated Objects:                                                                                         │
│  ┌──                                                                                                     │
│  │ ObjectID: 0x000047c14186ce4a68cce6effde8864b982819fcc39798bc4910b28efe273eed                          │
│  │ Sender: 0x4b03a7bf4069d21d3f05b69d80fd4f9bcd8456ca846a564a90c8087916b08bc4                            │
│  │ Owner: Account Address ( 0x4b03a7bf4069d21d3f05b69d80fd4f9bcd8456ca846a564a90c8087916b08bc4 )         │
│  │ ObjectType: 0x2::coin::Coin<0x2::sui::SUI>                                                            │
│  │ Version: 59320774                                                                                     │
│  │ Digest: BpB3GpyHihJuXDZS2uXkWSp1tCDkehLh8qWqrJrRiXmU                                                  │
│  └──                                                                                                     │
│ Published Objects:                                                                                       │
│  ┌──                                                                                                     │
│  │ PackageID: 0x42fd69e72707f6b5699e1b37b827d139bce75116f67f9ffb1fff5c2f6ba958e6                         │
│  │ Version: 1                                                                                            │
│  │ Digest: GFQs4PMxdVsTBQjEU99nWuPmtwGLwDN2ZoQnpDgmnGg2                                                  │
│  │ Modules: check_in                                                                                     │
│  └──                                                                                                     │
╰──────────────────────────────────────────────────────────────────────────────────────────────────────────╯
╭───────────────────────────────────────────────────────────────────────────────────────────────────╮
│ Balance Changes                                                                                   │
├───────────────────────────────────────────────────────────────────────────────────────────────────┤
│  ┌──                                                                                              │
│  │ Owner: Account Address ( 0x4b03a7bf4069d21d3f05b69d80fd4f9bcd8456ca846a564a90c8087916b08bc4 )  │
│  │ CoinType: 0x2::sui::SUI                                                                        │
│  │ Amount: -13975480                                                                              │
│  └──                                                                                              │
╰───────────────────────────────────────────────────────────────────────────────────────────────────╯
