Transaction Digest: 5VjXJpFNSyvmAMDNrk5uW4B5fYaAe954gTDmNdGKXSNH
╭─────────────────────────────────────────────────────────────────────────────────────────────────╮
│ Transaction Data                                                                                │
├─────────────────────────────────────────────────────────────────────────────────────────────────┤
│ Sender: 0x0b41c802f6fcbe6c1b051c6b93dfd62fa3b7b439094d50c82ca55f79bb28910e                      │
│ Gas Owner: 0x0b41c802f6fcbe6c1b051c6b93dfd62fa3b7b439094d50c82ca55f79bb28910e                   │
│ Gas Budget: 3078896 MIST                                                                        │
│ Gas Price: 1000 MIST                                                                            │
│ Gas Payment:                                                                                    │
│  ┌──                                                                                            │
│  │ ID: 0x23d243fa87b1744f5fa2db0a6c533cb5b2d265bb64ecb1424c9729692c37de78                       │
│  │ Version: 68549763                                                                            │
│  │ Digest: BP8kKgfATALXMABuiUuZMYHRpZUm4zRZFNMnmwcVv8Bn                                         │
│  └──                                                                                            │
│                                                                                                 │
│ Transaction Kind: Programmable                                                                  │
│ ╭─────────────────────────────────────────────────────────────────────────────────────────────╮ │
│ │ Input Objects                                                                               │ │
│ ├─────────────────────────────────────────────────────────────────────────────────────────────┤ │
│ │ 0   Pure Arg: Type: vector<u8>, Value: [69,140,39]                                          │ │
│ │ 1   Pure Arg: Type: 0x1::ascii::String, Value: "Qiuyangfeng"                                │ │
│ │ 2   Shared Object    ID: 0x19e76ca504c5a5fa5e214a45fca6c058171ba333f6da897b82731094504d5ab9 │ │
│ │ 3   Shared Object    ID: 0x0000000000000000000000000000000000000000000000000000000000000008 │ │
│ ╰─────────────────────────────────────────────────────────────────────────────────────────────╯ │
│ ╭──────────────────────────────────────────────────────────────────────────────────╮            │
│ │ Commands                                                                         │            │
│ ├──────────────────────────────────────────────────────────────────────────────────┤            │
│ │ 0  MoveCall:                                                                     │            │
│ │  ┌                                                                               │            │
│ │  │ Function:  get_flag                                                           │            │
│ │  │ Module:    lets_move                                                          │            │
│ │  │ Package:   0x097a3833b6b5c62ca6ad10f0509dffdadff7ce31e1d86e63e884a14860cedc0f │            │
│ │  │ Arguments:                                                                    │            │
│ │  │   Input  0                                                                    │            │
│ │  │   Input  1                                                                    │            │
│ │  │   Input  2                                                                    │            │
│ │  │   Input  3                                                                    │            │
│ │  └                                                                               │            │
│ ╰──────────────────────────────────────────────────────────────────────────────────╯            │
│                                                                                                 │
│ Signatures:                                                                                     │
│    bEbGCeHp+qoJKFDNnW7+QBQlEwoRb0ZtO9vByS8T4pGYJbW8CZ+AbmrG8PbFBGPnMo2BlURh7064uLmb1bO9DA==     │
│                                                                                                 │
╰─────────────────────────────────────────────────────────────────────────────────────────────────╯
╭───────────────────────────────────────────────────────────────────────────────────────────────────╮
│ Transaction Effects                                                                               │
├───────────────────────────────────────────────────────────────────────────────────────────────────┤
│ Digest: 5VjXJpFNSyvmAMDNrk5uW4B5fYaAe954gTDmNdGKXSNH                                              │
│ Status: Success                                                                                   │
│ Executed Epoch: 425                                                                               │
│ Mutated Objects:                                                                                  │
│  ┌──                                                                                              │
│  │ ID: 0x19e76ca504c5a5fa5e214a45fca6c058171ba333f6da897b82731094504d5ab9                         │
│  │ Owner: Shared( 48002539 )                                                                      │
│  │ Version: 68550711                                                                              │
│  │ Digest: D6dBH6ZjGTtkYpXU2Xcw1VJMQG6fpSKVGVwZaXVHic8Q                                           │
│  └──                                                                                              │
│  ┌──                                                                                              │
│  │ ID: 0x23d243fa87b1744f5fa2db0a6c533cb5b2d265bb64ecb1424c9729692c37de78                         │
│  │ Owner: Account Address ( 0x0b41c802f6fcbe6c1b051c6b93dfd62fa3b7b439094d50c82ca55f79bb28910e )  │
│  │ Version: 68550711                                                                              │
│  │ Digest: 4DVj9Eu2baFRSV6qqFdAepGDUBKeeX3VuQZFzZZ8pdJJ                                           │
│  └──                                                                                              │
│ Shared Objects:                                                                                   │
│  ┌──                                                                                              │
│  │ ID: 0x19e76ca504c5a5fa5e214a45fca6c058171ba333f6da897b82731094504d5ab9                         │
│  │ Version: 68550710                                                                              │
│  │ Digest: 3dMTRZrx1F9tBV7JZAvQin8ZDzVkmU1kNWZD3hBkRMk2                                           │
│  └──                                                                                              │
│  ┌──                                                                                              │
│  │ ID: 0x0000000000000000000000000000000000000000000000000000000000000008                         │
│  │ Version: 54691149                                                                              │
│  │ Digest: 2n5GvB9nZDUUk7cWavywx3XSFy4qCAPuhmq5uzpFDPYc                                           │
│  └──                                                                                              │
│ Gas Object:                                                                                       │
│  ┌──                                                                                              │
│  │ ID: 0x23d243fa87b1744f5fa2db0a6c533cb5b2d265bb64ecb1424c9729692c37de78                         │
│  │ Owner: Account Address ( 0x0b41c802f6fcbe6c1b051c6b93dfd62fa3b7b439094d50c82ca55f79bb28910e )  │
│  │ Version: 68550711                                                                              │
│  │ Digest: 4DVj9Eu2baFRSV6qqFdAepGDUBKeeX3VuQZFzZZ8pdJJ                                           │
│  └──                                                                                              │
│ Gas Cost Summary:                                                                                 │
│    Storage Cost: 2614400 MIST                                                                     │
│    Computation Cost: 1000000 MIST                                                                 │
│    Storage Rebate: 2452824 MIST                                                                   │
│    Non-refundable Storage Fee: 24776 MIST                                                         │
│                                                                                                   │
│ Transaction Dependencies:                                                                         │
│    2FcbWmsmBbZ4vGwrnWMRdpYGN6tbzHCm9XnpYPN3xX5d                                                   │
│    42wmqLuEBW8fKyDDZXvw1kiUpVFqMU8wi1gTkzzU9no1                                                   │
│    9BXdyzLLYhHh8uQwNiputcByFoYpJ1vtn2QJrSeAjeGb                                                   │
│    AcQ1yY1g7Rg2ShBNmDX9UatPwk17a9QDfbEQGPegMP8G                                                   │
╰───────────────────────────────────────────────────────────────────────────────────────────────────╯
╭──────────────────────────────────────────────────────────────────────────────────────────────────╮
│ Transaction Block Events                                                                         │
├──────────────────────────────────────────────────────────────────────────────────────────────────┤
│  ┌──                                                                                             │
│  │ EventID: 5VjXJpFNSyvmAMDNrk5uW4B5fYaAe954gTDmNdGKXSNH:0                                       │
│  │ PackageID: 0x097a3833b6b5c62ca6ad10f0509dffdadff7ce31e1d86e63e884a14860cedc0f                 │
│  │ Transaction Module: lets_move                                                                 │
│  │ Sender: 0x0b41c802f6fcbe6c1b051c6b93dfd62fa3b7b439094d50c82ca55f79bb28910e                    │
│  │ EventType: 0x97a3833b6b5c62ca6ad10f0509dffdadff7ce31e1d86e63e884a14860cedc0f::lets_move::Flag │
│  │ ParsedJSON:                                                                                   │
│  │   ┌───────────┬────────────────────────────────────────────────────────────────────┐          │
│  │   │ flag      │ true                                                               │          │
│  │   ├───────────┼────────────────────────────────────────────────────────────────────┤          │
│  │   │ github_id │ Qiuyangfeng                                                        │          │
│  │   ├───────────┼────────────────────────────────────────────────────────────────────┤          │
│  │   │ sender    │ 0x0b41c802f6fcbe6c1b051c6b93dfd62fa3b7b439094d50c82ca55f79bb28910e │          │
│  │   ├───────────┼────────────────────────────────────────────────────────────────────┤          │
│  │   │ ture_num  │ 37                                                                 │          │
│  │   └───────────┴────────────────────────────────────────────────────────────────────┘          │
│  └──                                                                                             │
╰──────────────────────────────────────────────────────────────────────────────────────────────────╯
╭─────────────────────────────────────────────────────────────────────────────────────────────────────────╮
│ Object Changes                                                                                          │
├─────────────────────────────────────────────────────────────────────────────────────────────────────────┤
│ Mutated Objects:                                                                                        │
│  ┌──                                                                                                    │
│  │ ObjectID: 0x19e76ca504c5a5fa5e214a45fca6c058171ba333f6da897b82731094504d5ab9                         │
│  │ Sender: 0x0b41c802f6fcbe6c1b051c6b93dfd62fa3b7b439094d50c82ca55f79bb28910e                           │
│  │ Owner: Shared( 48002539 )                                                                            │
│  │ ObjectType: 0x97a3833b6b5c62ca6ad10f0509dffdadff7ce31e1d86e63e884a14860cedc0f::lets_move::Challenge  │
│  │ Version: 68550711                                                                                    │
│  │ Digest: D6dBH6ZjGTtkYpXU2Xcw1VJMQG6fpSKVGVwZaXVHic8Q                                                 │
│  └──                                                                                                    │
│  ┌──                                                                                                    │
│  │ ObjectID: 0x23d243fa87b1744f5fa2db0a6c533cb5b2d265bb64ecb1424c9729692c37de78                         │
│  │ Sender: 0x0b41c802f6fcbe6c1b051c6b93dfd62fa3b7b439094d50c82ca55f79bb28910e                           │
│  │ Owner: Account Address ( 0x0b41c802f6fcbe6c1b051c6b93dfd62fa3b7b439094d50c82ca55f79bb28910e )        │
│  │ ObjectType: 0x2::coin::Coin<0x2::sui::SUI>                                                           │
│  │ Version: 68550711                                                                                    │
│  │ Digest: 4DVj9Eu2baFRSV6qqFdAepGDUBKeeX3VuQZFzZZ8pdJJ                                                 │
│  └──                                                                                                    │
╰─────────────────────────────────────────────────────────────────────────────────────────────────────────╯
╭───────────────────────────────────────────────────────────────────────────────────────────────────╮
│ Balance Changes                                                                                   │
├───────────────────────────────────────────────────────────────────────────────────────────────────┤
│  ┌──                                                                                              │
│  │ Owner: Account Address ( 0x0b41c802f6fcbe6c1b051c6b93dfd62fa3b7b439094d50c82ca55f79bb28910e )  │
│  │ CoinType: 0x2::sui::SUI                                                                        │
│  │ Amount: -1161576                                                                               │
│  └──                                                                                              │
╰───────────────────────────────────────────────────────────────────────────────────────────────────╯
