Transaction Digest: 5vkuNwGGsgL3u2rRXqnjD1SMoPRDvXxA5cBGze1L1BJB
╭──────────────────────────────────────────────────────────────────────────────────────────────────────────────╮
│ Transaction Data                                                                                             │
├──────────────────────────────────────────────────────────────────────────────────────────────────────────────┤
│ Sender: 0x8613f7b2a3b760d34957d0d299ea89486cb0592139814892f64fab43a0ebf7b9                                   │
│ Gas Owner: 0x8613f7b2a3b760d34957d0d299ea89486cb0592139814892f64fab43a0ebf7b9                                │
│ Gas Budget: 100000000 MIST                                                                                   │
│ Gas Price: 1000 MIST                                                                                         │
│ Gas Payment:                                                                                                 │
│  ┌──                                                                                                         │
│  │ ID: 0xb2263ec06ddce3a7dd8b6071b87cc8d9948735de140a2a79c956c0694bab284a                                    │
│  │ Version: 17                                                                                               │
│  │ Digest: AcAW8qW75ZYUgq7JihSQt9LBrnaqAY27VZjkCiefLj6g                                                      │
│  └──                                                                                                         │
│                                                                                                              │
│ Transaction Kind: Programmable                                                                               │
│ ╭──────────────────────────────────────────────────────────────────────────────────────────────────────────╮ │
│ │ Input Objects                                                                                            │ │
│ ├──────────────────────────────────────────────────────────────────────────────────────────────────────────┤ │
│ │ 0   Pure Arg: Type: address, Value: "0x8613f7b2a3b760d34957d0d299ea89486cb0592139814892f64fab43a0ebf7b9" │ │
│ ╰──────────────────────────────────────────────────────────────────────────────────────────────────────────╯ │
│ ╭─────────────────────────────────────────────────────────────────────────╮                                  │
│ │ Commands                                                                │                                  │
│ ├─────────────────────────────────────────────────────────────────────────┤                                  │
│ │ 0  Publish:                                                             │                                  │
│ │  ┌                                                                      │                                  │
│ │  │ Dependencies:                                                        │                                  │
│ │  │   0x0000000000000000000000000000000000000000000000000000000000000001 │                                  │
│ │  │   0x0000000000000000000000000000000000000000000000000000000000000002 │                                  │
│ │  └                                                                      │                                  │
│ │                                                                         │                                  │
│ │ 1  TransferObjects:                                                     │                                  │
│ │  ┌                                                                      │                                  │
│ │  │ Arguments:                                                           │                                  │
│ │  │   Result 0                                                           │                                  │
│ │  │ Address: Input  0                                                    │                                  │
│ │  └                                                                      │                                  │
│ ╰─────────────────────────────────────────────────────────────────────────╯                                  │
│                                                                                                              │
│ Signatures:                                                                                                  │
│    U5MOspfv4zuc2QUhJrl3Icx4I0AQ8XlKD7Nxq5Gu2xGs+iRC/Vvx5gchiuR3ZOUsPDISe1TiATCoX6/cTxjqAQ==                  │
│                                                                                                              │
╰──────────────────────────────────────────────────────────────────────────────────────────────────────────────╯
╭───────────────────────────────────────────────────────────────────────────────────────────────────╮
│ Transaction Effects                                                                               │
├───────────────────────────────────────────────────────────────────────────────────────────────────┤
│ Digest: 5vkuNwGGsgL3u2rRXqnjD1SMoPRDvXxA5cBGze1L1BJB                                              │
│ Status: Success                                                                                   │
│ Executed Epoch: 20                                                                                │
│                                                                                                   │
│ Created Objects:                                                                                  │
│  ┌──                                                                                              │
│  │ ID: 0x21a84c2cd51270a6eb41addd209027c587da9cd3a298d3f07e3e21ec66d35309                         │
│  │ Owner: Account Address ( 0x8613f7b2a3b760d34957d0d299ea89486cb0592139814892f64fab43a0ebf7b9 )  │
│  │ Version: 18                                                                                    │
│  │ Digest: 4JtKxSVWokEvSMxAccL6EC3iGzSFCZSi5QYav9r3NxbK                                           │
│  └──                                                                                              │
│  ┌──                                                                                              │
│  │ ID: 0x9993b643226a60ab1a178422b1bccc767b9f589e92e5f83a8dba79c0431620f9                         │
│  │ Owner: Immutable                                                                               │
│  │ Version: 1                                                                                     │
│  │ Digest: GM3whkprbpnQXB4mn5P6WCqoNRzWzenG7gqa4mSpqBV1                                           │
│  └──                                                                                              │
│ Mutated Objects:                                                                                  │
│  ┌──                                                                                              │
│  │ ID: 0xb2263ec06ddce3a7dd8b6071b87cc8d9948735de140a2a79c956c0694bab284a                         │
│  │ Owner: Account Address ( 0x8613f7b2a3b760d34957d0d299ea89486cb0592139814892f64fab43a0ebf7b9 )  │
│  │ Version: 18                                                                                    │
│  │ Digest: 3soNC6Mrt47mS6KViHkWoPHZyb1NxKadqEoKY8wfyMVY                                           │
│  └──                                                                                              │
│ Gas Object:                                                                                       │
│  ┌──                                                                                              │
│  │ ID: 0xb2263ec06ddce3a7dd8b6071b87cc8d9948735de140a2a79c956c0694bab284a                         │
│  │ Owner: Account Address ( 0x8613f7b2a3b760d34957d0d299ea89486cb0592139814892f64fab43a0ebf7b9 )  │
│  │ Version: 18                                                                                    │
│  │ Digest: 3soNC6Mrt47mS6KViHkWoPHZyb1NxKadqEoKY8wfyMVY                                           │
│  └──                                                                                              │
│ Gas Cost Summary:                                                                                 │
│    Storage Cost: 15838400 MIST                                                                    │
│    Computation Cost: 1000000 MIST                                                                 │
│    Storage Rebate: 978120 MIST                                                                    │
│    Non-refundable Storage Fee: 9880 MIST                                                          │
│                                                                                                   │
│ Transaction Dependencies:                                                                         │
│    CHfyM8Wtw5KJh36boV9isP9PZSfm5vcWJEEFKiw8TGzw                                                   │
│    DKxqKCy5d7tEPtbQZdSRqagBa53qbpA7uEcG73CTMbH6                                                   │
╰───────────────────────────────────────────────────────────────────────────────────────────────────╯
╭─────────────────────────────╮
│ No transaction block events │
╰─────────────────────────────╯

╭──────────────────────────────────────────────────────────────────────────────────────────────────╮
│ Object Changes                                                                                   │
├──────────────────────────────────────────────────────────────────────────────────────────────────┤
│ Created Objects:                                                                                 │
│  ┌──                                                                                             │
│  │ ObjectID: 0x21a84c2cd51270a6eb41addd209027c587da9cd3a298d3f07e3e21ec66d35309                  │
│  │ Sender: 0x8613f7b2a3b760d34957d0d299ea89486cb0592139814892f64fab43a0ebf7b9                    │
│  │ Owner: Account Address ( 0x8613f7b2a3b760d34957d0d299ea89486cb0592139814892f64fab43a0ebf7b9 ) │
│  │ ObjectType: 0x2::package::UpgradeCap                                                          │
│  │ Version: 18                                                                                   │
│  │ Digest: 4JtKxSVWokEvSMxAccL6EC3iGzSFCZSi5QYav9r3NxbK                                          │
│  └──                                                                                             │
│ Mutated Objects:                                                                                 │
│  ┌──                                                                                             │
│  │ ObjectID: 0xb2263ec06ddce3a7dd8b6071b87cc8d9948735de140a2a79c956c0694bab284a                  │
│  │ Sender: 0x8613f7b2a3b760d34957d0d299ea89486cb0592139814892f64fab43a0ebf7b9                    │
│  │ Owner: Account Address ( 0x8613f7b2a3b760d34957d0d299ea89486cb0592139814892f64fab43a0ebf7b9 ) │
│  │ ObjectType: 0x2::coin::Coin<0x2::sui::SUI>                                                    │
│  │ Version: 18                                                                                   │
│  │ Digest: 3soNC6Mrt47mS6KViHkWoPHZyb1NxKadqEoKY8wfyMVY                                          │
│  └──                                                                                             │
│ Published Objects:                                                                               │
│  ┌──                                                                                             │
│  │ PackageID: 0x9993b643226a60ab1a178422b1bccc767b9f589e92e5f83a8dba79c0431620f9                 │
│  │ Version: 1                                                                                    │
│  │ Digest: GM3whkprbpnQXB4mn5P6WCqoNRzWzenG7gqa4mSpqBV1                                          │
│  │ Modules: minority                                                                             │
│  └──                                                                                             │
╰──────────────────────────────────────────────────────────────────────────────────────────────────╯
╭───────────────────────────────────────────────────────────────────────────────────────────────────╮
│ Balance Changes                                                                                   │
├───────────────────────────────────────────────────────────────────────────────────────────────────┤
│  ┌──                                                                                              │
│  │ Owner: Account Address ( 0x8613f7b2a3b760d34957d0d299ea89486cb0592139814892f64fab43a0ebf7b9 )  │
│  │ CoinType: 0x2::sui::SUI                                                                        │
│  │ Amount: -15860280                                                                              │
│  └──                                                                                              │
╰───────────────────────────────────────────────────────────────────────────────────────────────────╯