 sui client call `
>> --package  0x2 `
>> --module coin `
>> --function mint_and_transfer `
>> --type-args '0x388ecc0ef7261e40f7be055c723e4bf275d3eeb33eae3525e4b7096065b19b73::faucet_coin::FAUCET_COIN' `
>> --args 0xc1ecb008f20a5c4504545de9107057c2ce0674ca34ebf614ebed8e5a77772ccb 100000000000 0xc63163862ecc6c4d97f877f33a9c86fad0fc0a2ce3f5cc59b21b73d28fba3e53
[warn] Client/Server api version mismatch, client api version : 1.35.0, server api version : 1.36.2
Transaction Digest: KyxELgY5Ph3vHhugZirRYLS9ThGJbLUyrTLobgGyN3U
╭──────────────────────────────────────────────────────────────────────────────────────────────────────────────╮
│ Transaction Data                                                                                             │
├──────────────────────────────────────────────────────────────────────────────────────────────────────────────┤
│ Sender: 0xc63163862ecc6c4d97f877f33a9c86fad0fc0a2ce3f5cc59b21b73d28fba3e53                                   │
│ Gas Owner: 0xc63163862ecc6c4d97f877f33a9c86fad0fc0a2ce3f5cc59b21b73d28fba3e53                                │
│ Gas Budget: 3934888 MIST                                                                                     │
│ Gas Price: 750 MIST                                                                                          │
│ Gas Payment:                                                                                                 │
│  ┌──                                                                                                         │
│  │ ID: 0xdf0c4d6d1906ebaae49bd06d909eb7afb1e5af9d6ed93aa7649ed5b5d56b5883                                    │
│  │ Version: 410395978                                                                                        │
│  │ Digest: 4Zop6TrdhjcAaKCuP1e6bbpFmH1f8sN9wQLLAxkiNF8z                                                      │
│  └──                                                                                                         │
│                                                                                                              │
│ Transaction Kind: Programmable                                                                               │
│ ╭──────────────────────────────────────────────────────────────────────────────────────────────────────────╮ │
│ │ Input Objects                                                                                            │ │
│ ├──────────────────────────────────────────────────────────────────────────────────────────────────────────┤ │
│ │ 0   Shared Object    ID: 0xc1ecb008f20a5c4504545de9107057c2ce0674ca34ebf614ebed8e5a77772ccb              │ │
│ │ 1   Pure Arg: Type: u64, Value: "100000000000"                                                           │ │
│ │ 2   Pure Arg: Type: address, Value: "0xc63163862ecc6c4d97f877f33a9c86fad0fc0a2ce3f5cc59b21b73d28fba3e53" │ │
│ ╰──────────────────────────────────────────────────────────────────────────────────────────────────────────╯ │
│ ╭───────────────────────────────────────────────────────────────────────────────────────────────────╮        │
│ │ Commands                                                                                          │        │
│ ├───────────────────────────────────────────────────────────────────────────────────────────────────┤        │
│ │ 0  MoveCall:                                                                                      │        │
│ │  ┌                                                                                                │        │
│ │  │ Function:  mint_and_transfer                                                                   │        │
│ │  │ Module:    coin                                                                                │        │
│ │  │ Package:   0x0000000000000000000000000000000000000000000000000000000000000002                  │        │
│ │  │ Type Arguments:                                                                                │        │
│ │  │   0x388ecc0ef7261e40f7be055c723e4bf275d3eeb33eae3525e4b7096065b19b73::faucet_coin::FAUCET_COIN │        │
│ │  │ Arguments:                                                                                     │        │
│ │  │   Input  0                                                                                     │        │
│ │  │   Input  1                                                                                     │        │
│ │  │   Input  2                                                                                     │        │
│ │  └                                                                                                │        │
│ ╰───────────────────────────────────────────────────────────────────────────────────────────────────╯        │
│                                                                                                              │
│ Signatures:                                                                                                  │
│    Aqx2ByVINOnHFT304cTCcrBv/Id0U1+DfZzs/suaqn4fdPwqi1vE73xF7fG7r+Iak78RcPKfBnzk5v99/Ifsmg==                  │
│                                                                                                              │
╰──────────────────────────────────────────────────────────────────────────────────────────────────────────────╯
╭───────────────────────────────────────────────────────────────────────────────────────────────────╮
│ Transaction Effects                                                                               │
├───────────────────────────────────────────────────────────────────────────────────────────────────┤
│ Digest: KyxELgY5Ph3vHhugZirRYLS9ThGJbLUyrTLobgGyN3U                                               │
│ Status: Success                                                                                   │
│ Executed Epoch: 569                                                                               │
│                                                                                                   │
│ Created Objects:                                                                                  │
│  ┌──                                                                                              │
│  │ ID: 0x557b390030f862b98077a897cea3f25c6d01018ec6efb8dc0edae3a149993e09                         │
│  │ Owner: Account Address ( 0xc63163862ecc6c4d97f877f33a9c86fad0fc0a2ce3f5cc59b21b73d28fba3e53 )  │
│  │ Version: 410395979                                                                             │
│  │ Digest: Hx7pPfzQwTD7WV7nDkuG3tUYms1cTXJxCST3T5Hthrez                                           │
│  └──                                                                                              │
│ Mutated Objects:                                                                                  │
│  ┌──                                                                                              │
│  │ ID: 0xc1ecb008f20a5c4504545de9107057c2ce0674ca34ebf614ebed8e5a77772ccb                         │
│  │ Owner: Shared( 410395976 )                                                                     │
│  │ Version: 410395979                                                                             │
│  │ Digest: 8y4iL9XFwumuEzqoC5PRdSFdpLxJ1C6zkEygUBQE7qUT                                           │
│  └──                                                                                              │
│  ┌──                                                                                              │
│  │ ID: 0xdf0c4d6d1906ebaae49bd06d909eb7afb1e5af9d6ed93aa7649ed5b5d56b5883                         │
│  │ Owner: Account Address ( 0xc63163862ecc6c4d97f877f33a9c86fad0fc0a2ce3f5cc59b21b73d28fba3e53 )  │
│  │ Version: 410395979                                                                             │
│  │ Digest: 9U2VBbgqkcWU84j5Sc5gxH1oxFc49o6T2yDSGvsaacUj                                           │
│  └──                                                                                              │
│ Shared Objects:                                                                                   │
│  ┌──                                                                                              │
│  │ ID: 0xc1ecb008f20a5c4504545de9107057c2ce0674ca34ebf614ebed8e5a77772ccb                         │
│  │ Version: 410395978                                                                             │
│  │ Digest: 5e9kL6CHdxkZWg4y7ELZbwJBVrzcSFsEpjbYxML8bjwC                                           │
│  └──                                                                                              │
│ Gas Object:                                                                                       │
│  ┌──                                                                                              │
│  │ ID: 0xdf0c4d6d1906ebaae49bd06d909eb7afb1e5af9d6ed93aa7649ed5b5d56b5883                         │
│  │ Owner: Account Address ( 0xc63163862ecc6c4d97f877f33a9c86fad0fc0a2ce3f5cc59b21b73d28fba3e53 )  │
│  │ Version: 410395979                                                                             │
│  │ Digest: 9U2VBbgqkcWU84j5Sc5gxH1oxFc49o6T2yDSGvsaacUj                                           │
│  └──                                                                                              │
│ Gas Cost Summary:                                                                                 │
│    Storage Cost: 4225600 MIST                                                                     │
│    Computation Cost: 750000 MIST                                                                  │
│    Storage Rebate: 2768832 MIST                                                                   │
│    Non-refundable Storage Fee: 27968 MIST                                                         │
│                                                                                                   │
│ Transaction Dependencies:                                                                         │
│    49puDQZwHRnu7zYoARCjco1dFKMiK7LVSS8B5Si1yVdh                                                   │
│    4ueMWExEYyCMGDAAbRxfZ3B4JoYwPtSQr2p92z7srhRe                                                   │
│    9mjRntTG3Jx2wTg219SwoysnazjQg1Uo6NGVLWDYkEmC                                                   │
╰───────────────────────────────────────────────────────────────────────────────────────────────────╯
╭─────────────────────────────╮
│ No transaction block events │
╰─────────────────────────────╯

╭──────────────────────────────────────────────────────────────────────────────────────────────────────────────────────────────────────╮
│ Object Changes                                                                                                                       │
├──────────────────────────────────────────────────────────────────────────────────────────────────────────────────────────────────────┤
│ Created Objects:                                                                                                                     │
│  ┌──                                                                                                                                 │
│  │ ObjectID: 0x557b390030f862b98077a897cea3f25c6d01018ec6efb8dc0edae3a149993e09                                                      │
│  │ Sender: 0xc63163862ecc6c4d97f877f33a9c86fad0fc0a2ce3f5cc59b21b73d28fba3e53                                                        │
│  │ Owner: Account Address ( 0xc63163862ecc6c4d97f877f33a9c86fad0fc0a2ce3f5cc59b21b73d28fba3e53 )                                     │
│  │ ObjectType: 0x2::coin::Coin<0x388ecc0ef7261e40f7be055c723e4bf275d3eeb33eae3525e4b7096065b19b73::faucet_coin::FAUCET_COIN>         │
│  │ Version: 410395979                                                                                                                │
│  │ Digest: Hx7pPfzQwTD7WV7nDkuG3tUYms1cTXJxCST3T5Hthrez                                                                              │
│  └──                                                                                                                                 │
│ Mutated Objects:                                                                                                                     │
│  ┌──                                                                                                                                 │
│  │ ObjectID: 0xc1ecb008f20a5c4504545de9107057c2ce0674ca34ebf614ebed8e5a77772ccb                                                      │
│  │ Sender: 0xc63163862ecc6c4d97f877f33a9c86fad0fc0a2ce3f5cc59b21b73d28fba3e53                                                        │
│  │ Owner: Shared( 410395976 )                                                                                                        │
│  │ ObjectType: 0x2::coin::TreasuryCap<0x388ecc0ef7261e40f7be055c723e4bf275d3eeb33eae3525e4b7096065b19b73::faucet_coin::FAUCET_COIN>  │
│  │ Version: 410395979                                                                                                                │
│  │ Digest: 8y4iL9XFwumuEzqoC5PRdSFdpLxJ1C6zkEygUBQE7qUT                                                                              │
│  └──                                                                                                                                 │
│  ┌──                                                                                                                                 │
│  │ ObjectID: 0xdf0c4d6d1906ebaae49bd06d909eb7afb1e5af9d6ed93aa7649ed5b5d56b5883                                                      │
│  │ Sender: 0xc63163862ecc6c4d97f877f33a9c86fad0fc0a2ce3f5cc59b21b73d28fba3e53                                                        │
│  │ Owner: Account Address ( 0xc63163862ecc6c4d97f877f33a9c86fad0fc0a2ce3f5cc59b21b73d28fba3e53 )                                     │
│  │ ObjectType: 0x2::coin::Coin<0x2::sui::SUI>                                                                                        │
│  │ Version: 410395979                                                                                                                │
│  │ Digest: 9U2VBbgqkcWU84j5Sc5gxH1oxFc49o6T2yDSGvsaacUj                                                                              │
│  └──                                                                                                                                 │
╰──────────────────────────────────────────────────────────────────────────────────────────────────────────────────────────────────────╯
╭────────────────────────────────────────────────────────────────────────────────────────────────────────────╮
│ Balance Changes                                                                                            │
├────────────────────────────────────────────────────────────────────────────────────────────────────────────┤
│  ┌──                                                                                                       │
│  │ Owner: Account Address ( 0xc63163862ecc6c4d97f877f33a9c86fad0fc0a2ce3f5cc59b21b73d28fba3e53 )           │
│  │ CoinType: 0x2::sui::SUI                                                                                 │
│  │ Amount: -2206768                                                                                        │
│  └──                                                                                                       │
│  ┌──                                                                                                       │
│  │ Owner: Account Address ( 0xc63163862ecc6c4d97f877f33a9c86fad0fc0a2ce3f5cc59b21b73d28fba3e53 )           │
│  │ CoinType: 0x388ecc0ef7261e40f7be055c723e4bf275d3eeb33eae3525e4b7096065b19b73::faucet_coin::FAUCET_COIN  │
│  │ Amount: 100000000000                                                                                    │
│  └──                                                                                                       │
╰────────────────────────────────────────────────────────────────────────────────────────────────────────────╯
PS D:\myproject\letsmove\mover\poshitou\code\task2\my_coin> sui client addresses
╭───────────────────────┬────────────────────────────────────────────────────────────────────┬────────────────╮
│ alias                 │ address                                                            │ active address │
├───────────────────────┼────────────────────────────────────────────────────────────────────┼────────────────┤
│ affectionate-hematite │ 0xc63163862ecc6c4d97f877f33a9c86fad0fc0a2ce3f5cc59b21b73d28fba3e53 │ *              │
│ naughty-dichroite     │ 0xd842b07687548bef8605dab499624f8aacd2c6108b7909db433a6394b435f57c │                │
╰───────────────────────┴────────────────────────────────────────────────────────────────────┴────────────────╯
PS D:\myproject\letsmove\mover\poshitou\code\task2\my_coin> sui client
Client for interacting with the Sui network

Usage: sui client [OPTIONS] [COMMAND]

Commands:
  active-address              Default address used for commands when none specified
  active-env                  Default environment used for commands when none specified
  addresses                   Obtain the Addresses managed by the client
  balance                     List the coin balance of an address
  call                        Call Move function
  chain-identifier            Query the chain identifier from the rpc endpoint
  dynamic-field               Query a dynamic field by its address
  envs                        List all Sui environments
  execute-signed-tx           Execute a Signed Transaction. This is useful when the user prefers to sign elsewhere and use this command to execute
  execute-combined-signed-tx  Execute a combined serialized SenderSignedData string
  faucet                      Request gas coin from faucet. By default, it will use the active address and the active network
  gas                         Obtain all gas objects owned by the address. An address' alias can be used instead of the address
  merge-coin                  Merge two coin objects into one coin
  new-address                 Generate new address and keypair with keypair scheme flag {ed25519 | secp256k1 | secp256r1} with optional derivation path, default to m/44'/784'/0'/0'/0' for ed25519 or m/54'/784'/0'/0/0 for secp256k1 or m/74'/784'/0'/0/0 for secp256r1. Word length can be { word12 | word15
                                  | word18 | word21 | word24} default to word12 if not specified
  new-env                     Add new Sui environment
  object                      Get object info
  objects                     Obtain all objects owned by the address. It also accepts an address by its alias
  pay                         Pay coins to recipients following specified amounts, with input coins. Length of recipients must be the same as that of amounts
  pay-all-sui                 Pay all residual SUI coins to the recipient with input coins, after deducting the gas cost. The input coins also include the coin for gas payment, so no extra gas coin is required
  pay-sui                     Pay SUI coins to recipients following following specified amounts, with input coins. Length of recipients must be the same as that of amounts. The input coins also include the coin for gas payment, so no extra gas coin is required
  ptb                         Run a PTB from the provided args
  publish                     Publish Move modules
  split-coin                  Split a coin object into multiple coins
  switch                      Switch active address and network(e.g., devnet, local rpc server)
  tx-block                    Get the effects of executing the given transaction block
  transfer                    Transfer object
  transfer-sui                Transfer SUI, and pay gas with the same SUI coin object. If amount is specified, only the amount is transferred; otherwise the entire object is transferred
  upgrade                     Upgrade Move modules
  verify-bytecode-meter       Run the bytecode verifier on the package
  verify-source               Verify local Move packages against on-chain packages, and optionally their dependencies
  profile-transaction         Profile the gas usage of a transaction. Unless an output filepath is not specified, outputs a file `gas_profile_{tx_digest}_{unix_timestamp}.json` which can be opened in a flamegraph tool such as speedscope
  replay-transaction          Replay a given transaction to view transaction effects. Set environment variable MOVE_VM_STEP=1 to debug
  replay-batch                Replay transactions listed in a file
  replay-checkpoint           Replay all transactions in a range of checkpoints
  help                        Print this message or the help of the given subcommand(s)

Options:
      --client.config <CONFIG>  Sets the file storing the state of our user accounts (an empty one will be created if missing)
      --json                    Return command outputs in json format
  -y, --yes
  -h, --help                    Print help
PS D:\myproject\letsmove\mover\poshitou\code\task2\my_coin> sui client new-address secp256k1
╭────────────────────────────────────────────────────────────────────────────────────────────────╮
│ Created new keypair and saved it to keystore.                                                  │
├────────────────┬───────────────────────────────────────────────────────────────────────────────┤
│ alias          │ relaxed-spinel                                                                │
│ address        │ 0x2f06f8b1ed9d542fbd181914e57427a1ba49b4c2e75eb36e0753cf4b94465bb9            │
│ keyScheme      │ secp256k1                                                                     │
│ recoveryPhrase │ yellow shoe illegal bargain empty right sponsor pull fashion bag hollow seven │
╰────────────────┴───────────────────────────────────────────────────────────────────────────────╯
PS D:\myproject\letsmove\mover\poshitou\code\task2\my_coin> sui client addresses
╭───────────────────────┬────────────────────────────────────────────────────────────────────┬────────────────╮
│ alias                 │ address                                                            │ active address │
├───────────────────────┼────────────────────────────────────────────────────────────────────┼────────────────┤
│ relaxed-spinel        │ 0x2f06f8b1ed9d542fbd181914e57427a1ba49b4c2e75eb36e0753cf4b94465bb9 │                │
│ affectionate-hematite │ 0xc63163862ecc6c4d97f877f33a9c86fad0fc0a2ce3f5cc59b21b73d28fba3e53 │ *              │
│ naughty-dichroite     │ 0xd842b07687548bef8605dab499624f8aacd2c6108b7909db433a6394b435f57c │                │
╰───────────────────────┴────────────────────────────────────────────────────────────────────┴────────────────╯
PS D:\myproject\letsmove\mover\poshitou\code\task2\my_coin> sui client switch --address relaxed-spinel
Active address switched to 0x2f06f8b1ed9d542fbd181914e57427a1ba49b4c2e75eb36e0753cf4b94465bb9
PS D:\myproject\letsmove\mover\poshitou\code\task2\my_coin> sui client address
error: unrecognized subcommand 'address'

  tip: some similar subcommands exist: 'new-address', 'addresses'

Usage: sui.exe client [OPTIONS] [COMMAND]

For more information, try '--help'.
PS D:\myproject\letsmove\mover\poshitou\code\task2\my_coin> sui client addresses
╭───────────────────────┬────────────────────────────────────────────────────────────────────┬────────────────╮
│ alias                 │ address                                                            │ active address │
├───────────────────────┼────────────────────────────────────────────────────────────────────┼────────────────┤
│ relaxed-spinel        │ 0x2f06f8b1ed9d542fbd181914e57427a1ba49b4c2e75eb36e0753cf4b94465bb9 │ *              │
│ affectionate-hematite │ 0xc63163862ecc6c4d97f877f33a9c86fad0fc0a2ce3f5cc59b21b73d28fba3e53 │                │
│ naughty-dichroite     │ 0xd842b07687548bef8605dab499624f8aacd2c6108b7909db433a6394b435f57c │                │
╰───────────────────────┴────────────────────────────────────────────────────────────────────┴────────────────╯
PS D:\myproject\letsmove\mover\poshitou\code\task2\my_coin> sui client call `
>> --package  0x2 `
>> --module coin `
>> --function mint_and_transfer `
>> --type-args '0x388ecc0ef7261e40f7be055c723e4bf275d3eeb33eae3525e4b7096065b19b73::faucet_coin::FAUCET_COIN' `
>> --args 0xc1ecb008f20a5c4504545de9107057c2ce0674ca34ebf614ebed8e5a77772ccb 100000000000 0x2f06f8b1ed9d542fbd181914e57427a1ba49b4c2e75eb36e0753cf4b94465bb9
[warn] Client/Server api version mismatch, client api version : 1.35.0, server api version : 1.36.2
Cannot find gas coin for signer address 0x2f06f8b1ed9d542fbd181914e57427a1ba49b4c2e75eb36e0753cf4b94465bb9 with amount sufficient for the required gas budget 3934888. If you are using the pay or transfer commands, you can use pay-sui or transfer-sui commands instead, which will use the only object as gas payment.
PS D:\myproject\letsmove\mover\poshitou\code\task2\my_coin> sui client gas
[warn] Client/Server api version mismatch, client api version : 1.35.0, server api version : 1.36.2
╭────────────────────────────────────────────────────────────────────┬────────────────────┬──────────────────╮
│ gasCoinId                                                          │ mistBalance (MIST) │ suiBalance (SUI) │
├────────────────────────────────────────────────────────────────────┼────────────────────┼──────────────────┤
│ 0xe468107cb5f0a8afb12aa3f6de7a414368c5ee2721324796c64349cd8c29a680 │ 10000000           │ 0.01             │
╰────────────────────────────────────────────────────────────────────┴────────────────────┴──────────────────╯
PS D:\myproject\letsmove\mover\poshitou\code\task2\my_coin> sui client call `
>> --package  0x2 `
>> --module coin `
>> --function mint_and_transfer `
>> --type-args '0x388ecc0ef7261e40f7be055c723e4bf275d3eeb33eae3525e4b7096065b19b73::faucet_coin::FAUCET_COIN' `
>> --args 0xc1ecb008f20a5c4504545de9107057c2ce0674ca34ebf614ebed8e5a77772ccb 100000000000 0x2f06f8b1ed9d542fbd181914e57427a1ba49b4c2e75eb36e0753cf4b94465bb9
[warn] Client/Server api version mismatch, client api version : 1.35.0, server api version : 1.36.2
Transaction Digest: 6Bb5a4MGsqxRaYHx1EpDuVzostWkZ8W45bYZhURVb9sw
╭──────────────────────────────────────────────────────────────────────────────────────────────────────────────╮
│ Transaction Data                                                                                             │
├──────────────────────────────────────────────────────────────────────────────────────────────────────────────┤
│ Sender: 0x2f06f8b1ed9d542fbd181914e57427a1ba49b4c2e75eb36e0753cf4b94465bb9                                   │
│ Gas Owner: 0x2f06f8b1ed9d542fbd181914e57427a1ba49b4c2e75eb36e0753cf4b94465bb9                                │
│ Gas Budget: 3934888 MIST                                                                                     │
│ Gas Price: 750 MIST                                                                                          │
│ Gas Payment:                                                                                                 │
│  ┌──                                                                                                         │
│  │ ID: 0xe468107cb5f0a8afb12aa3f6de7a414368c5ee2721324796c64349cd8c29a680                                    │
│  │ Version: 410395975                                                                                        │
│  │ Digest: 35kmENHbmwNHHoMWqu6HUfdimr2MV7LaUgmsxmANGTFx                                                      │
│  └──                                                                                                         │
│                                                                                                              │
│ Transaction Kind: Programmable                                                                               │
│ ╭──────────────────────────────────────────────────────────────────────────────────────────────────────────╮ │
│ │ Input Objects                                                                                            │ │
│ ├──────────────────────────────────────────────────────────────────────────────────────────────────────────┤ │
│ │ 0   Shared Object    ID: 0xc1ecb008f20a5c4504545de9107057c2ce0674ca34ebf614ebed8e5a77772ccb              │ │
│ │ 1   Pure Arg: Type: u64, Value: "100000000000"                                                           │ │
│ │ 2   Pure Arg: Type: address, Value: "0x2f06f8b1ed9d542fbd181914e57427a1ba49b4c2e75eb36e0753cf4b94465bb9" │ │
│ ╰──────────────────────────────────────────────────────────────────────────────────────────────────────────╯ │
│ ╭───────────────────────────────────────────────────────────────────────────────────────────────────╮        │
│ │ Commands                                                                                          │        │
│ ├───────────────────────────────────────────────────────────────────────────────────────────────────┤        │
│ │ 0  MoveCall:                                                                                      │        │
│ │  ┌                                                                                                │        │
│ │  │ Function:  mint_and_transfer                                                                   │        │
│ │  │ Module:    coin                                                                                │        │
│ │  │ Package:   0x0000000000000000000000000000000000000000000000000000000000000002                  │        │
│ │  │ Type Arguments:                                                                                │        │
│ │  │   0x388ecc0ef7261e40f7be055c723e4bf275d3eeb33eae3525e4b7096065b19b73::faucet_coin::FAUCET_COIN │        │
│ │  │ Arguments:                                                                                     │        │
│ │  │   Input  0                                                                                     │        │
│ │  │   Input  1                                                                                     │        │
│ │  │   Input  2                                                                                     │        │
│ │  └                                                                                                │        │
│ ╰───────────────────────────────────────────────────────────────────────────────────────────────────╯        │
│                                                                                                              │
│ Signatures:                                                                                                  │
│    S+NS+dpReClTI5Bp9OFkpu7H3qn9wGqFoYBVxt/mtkFFa63IZzyk5tLtzcxSI2rYNezEAlMSV6DZ0V1NBg7TJw==                  │
│                                                                                                              │
╰──────────────────────────────────────────────────────────────────────────────────────────────────────────────╯
╭───────────────────────────────────────────────────────────────────────────────────────────────────╮
│ Transaction Effects                                                                               │
├───────────────────────────────────────────────────────────────────────────────────────────────────┤
│ Digest: 6Bb5a4MGsqxRaYHx1EpDuVzostWkZ8W45bYZhURVb9sw                                              │
│ Status: Success                                                                                   │
│ Executed Epoch: 569                                                                               │
│                                                                                                   │
│ Created Objects:                                                                                  │
│  ┌──                                                                                              │
│  │ ID: 0x416de40ddcbddd01d99271125164c761bf2d2b89b6a0a5ab1f75a5d140c02f7d                         │
│  │ Owner: Account Address ( 0x2f06f8b1ed9d542fbd181914e57427a1ba49b4c2e75eb36e0753cf4b94465bb9 )  │
│  │ Version: 410395980                                                                             │
│  │ Digest: 2z9MyjFYLRzbjVEm2drovdwtUVNCTtCXU1N1MxviqGoL                                           │
│  └──                                                                                              │
│ Mutated Objects:                                                                                  │
│  ┌──                                                                                              │
│  │ ID: 0xc1ecb008f20a5c4504545de9107057c2ce0674ca34ebf614ebed8e5a77772ccb                         │
│  │ Owner: Shared( 410395976 )                                                                     │
│  │ Version: 410395980                                                                             │
│  │ Digest: AxhjCmkR3eEBwujDdoW8zEuDvY6PoioPkvhL812GHk7M                                           │
│  └──                                                                                              │
│  ┌──                                                                                              │
│  │ ID: 0xe468107cb5f0a8afb12aa3f6de7a414368c5ee2721324796c64349cd8c29a680                         │
│  │ Owner: Account Address ( 0x2f06f8b1ed9d542fbd181914e57427a1ba49b4c2e75eb36e0753cf4b94465bb9 )  │
│  │ Version: 410395980                                                                             │
│  │ Digest: gy71VR1g3xTRgxNkbpLXQj3z36B9rqSjuPZhj6nEY5k                                            │
│  └──                                                                                              │
│ Shared Objects:                                                                                   │
│  ┌──                                                                                              │
│  │ ID: 0xc1ecb008f20a5c4504545de9107057c2ce0674ca34ebf614ebed8e5a77772ccb                         │
│  │ Version: 410395979                                                                             │
│  │ Digest: 8y4iL9XFwumuEzqoC5PRdSFdpLxJ1C6zkEygUBQE7qUT                                           │
│  └──                                                                                              │
│ Gas Object:                                                                                       │
│  ┌──                                                                                              │
│  │ ID: 0xe468107cb5f0a8afb12aa3f6de7a414368c5ee2721324796c64349cd8c29a680                         │
│  │ Owner: Account Address ( 0x2f06f8b1ed9d542fbd181914e57427a1ba49b4c2e75eb36e0753cf4b94465bb9 )  │
│  │ Version: 410395980                                                                             │
│  │ Digest: gy71VR1g3xTRgxNkbpLXQj3z36B9rqSjuPZhj6nEY5k                                            │
│  └──                                                                                              │
│ Gas Cost Summary:                                                                                 │
│    Storage Cost: 4225600 MIST                                                                     │
│    Computation Cost: 750000 MIST                                                                  │
│    Storage Rebate: 2768832 MIST                                                                   │
│    Non-refundable Storage Fee: 27968 MIST                                                         │
│                                                                                                   │
│ Transaction Dependencies:                                                                         │
│    KyxELgY5Ph3vHhugZirRYLS9ThGJbLUyrTLobgGyN3U                                                    │
│    49puDQZwHRnu7zYoARCjco1dFKMiK7LVSS8B5Si1yVdh                                                   │
│    4ueMWExEYyCMGDAAbRxfZ3B4JoYwPtSQr2p92z7srhRe                                                   │
│    Aidc7M23G7A8FYxdNiTjDAvRpNaiuAMgQB8ihtu4298X                                                   │
╰───────────────────────────────────────────────────────────────────────────────────────────────────╯
╭─────────────────────────────╮
│ No transaction block events │
╰─────────────────────────────╯

╭──────────────────────────────────────────────────────────────────────────────────────────────────────────────────────────────────────╮
│ Object Changes                                                                                                                       │
├──────────────────────────────────────────────────────────────────────────────────────────────────────────────────────────────────────┤
│ Created Objects:                                                                                                                     │
│  ┌──                                                                                                                                 │
│  │ ObjectID: 0x416de40ddcbddd01d99271125164c761bf2d2b89b6a0a5ab1f75a5d140c02f7d                                                      │
│  │ Sender: 0x2f06f8b1ed9d542fbd181914e57427a1ba49b4c2e75eb36e0753cf4b94465bb9                                                        │
│  │ Owner: Account Address ( 0x2f06f8b1ed9d542fbd181914e57427a1ba49b4c2e75eb36e0753cf4b94465bb9 )                                     │
│  │ ObjectType: 0x2::coin::Coin<0x388ecc0ef7261e40f7be055c723e4bf275d3eeb33eae3525e4b7096065b19b73::faucet_coin::FAUCET_COIN>         │
│  │ Version: 410395980                                                                                                                │
│  │ Digest: 2z9MyjFYLRzbjVEm2drovdwtUVNCTtCXU1N1MxviqGoL                                                                              │
│  └──                                                                                                                                 │
│ Mutated Objects:                                                                                                                     │
│  ┌──                                                                                                                                 │
│  │ ObjectID: 0xc1ecb008f20a5c4504545de9107057c2ce0674ca34ebf614ebed8e5a77772ccb                                                      │
│  │ Sender: 0x2f06f8b1ed9d542fbd181914e57427a1ba49b4c2e75eb36e0753cf4b94465bb9                                                        │
│  │ Owner: Shared( 410395976 )                                                                                                        │
│  │ ObjectType: 0x2::coin::TreasuryCap<0x388ecc0ef7261e40f7be055c723e4bf275d3eeb33eae3525e4b7096065b19b73::faucet_coin::FAUCET_COIN>  │
│  │ Version: 410395980                                                                                                                │
│  │ Digest: AxhjCmkR3eEBwujDdoW8zEuDvY6PoioPkvhL812GHk7M                                                                              │
│  └──                                                                                                                                 │
│  ┌──                                                                                                                                 │
│  │ ObjectID: 0xe468107cb5f0a8afb12aa3f6de7a414368c5ee2721324796c64349cd8c29a680                                                      │
│  │ Sender: 0x2f06f8b1ed9d542fbd181914e57427a1ba49b4c2e75eb36e0753cf4b94465bb9                                                        │
│  │ Owner: Account Address ( 0x2f06f8b1ed9d542fbd181914e57427a1ba49b4c2e75eb36e0753cf4b94465bb9 )                                     │
│  │ ObjectType: 0x2::coin::Coin<0x2::sui::SUI>                                                                                        │
│  │ Version: 410395980                                                                                                                │
│  │ Digest: gy71VR1g3xTRgxNkbpLXQj3z36B9rqSjuPZhj6nEY5k                                                                               │
│  └──                                                                                                                                 │
╰──────────────────────────────────────────────────────────────────────────────────────────────────────────────────────────────────────╯
╭────────────────────────────────────────────────────────────────────────────────────────────────────────────╮
│ Balance Changes                                                                                            │
├────────────────────────────────────────────────────────────────────────────────────────────────────────────┤
│  ┌──                                                                                                       │
│  │ Owner: Account Address ( 0x2f06f8b1ed9d542fbd181914e57427a1ba49b4c2e75eb36e0753cf4b94465bb9 )           │
│  │ CoinType: 0x2::sui::SUI                                                                                 │
│  │ Amount: -2206768                                                                                        │
│  └──                                                                                                       │
│  ┌──                                                                                                       │
│  │ Owner: Account Address ( 0x2f06f8b1ed9d542fbd181914e57427a1ba49b4c2e75eb36e0753cf4b94465bb9 )           │
│  │ CoinType: 0x388ecc0ef7261e40f7be055c723e4bf275d3eeb33eae3525e4b7096065b19b73::faucet_coin::FAUCET_COIN  │
│  │ Amount: 100000000000                                                                                    │
│  └──                                                                                                       │
╰────────────────────────────────────────────────────────────────────────────────────────────────────────────╯
