sui client publish
Successfully verified dependencies on-chain against source.
Transaction Digest: 4ueMWExEYyCMGDAAbRxfZ3B4JoYwPtSQr2p92z7srhRe
╭──────────────────────────────────────────────────────────────────────────────────────────────────────────────╮
│ Transaction Data                                                                                             │
├──────────────────────────────────────────────────────────────────────────────────────────────────────────────┤
│ Sender: 0xd842b07687548bef8605dab499624f8aacd2c6108b7909db433a6394b435f57c                                   │
│ Gas Owner: 0xd842b07687548bef8605dab499624f8aacd2c6108b7909db433a6394b435f57c                                │
│ Gas Budget: 22263200 MIST                                                                                    │
│ Gas Price: 750 MIST                                                                                          │
│ Gas Payment:                                                                                                 │
│  ┌──                                                                                                         │
│  │ ID: 0x2f4da0b0ad39e6428ab2b919ae0ce25b7f5a238ca6b1007f96417f1327cd99d1                                    │
│  │ Version: 410395975                                                                                        │
│  │ Digest: EGVxoaWKFzEXsnkiPMfGtmQtunEHVDrmrZ2cR2tsGi4F                                                      │
│  └──                                                                                                         │
│                                                                                                              │
│ Transaction Kind: Programmable                                                                               │
│ ╭──────────────────────────────────────────────────────────────────────────────────────────────────────────╮ │
│ │ Input Objects                                                                                            │ │
│ ├──────────────────────────────────────────────────────────────────────────────────────────────────────────┤ │
│ │ 0   Pure Arg: Type: address, Value: "0xd842b07687548bef8605dab499624f8aacd2c6108b7909db433a6394b435f57c" │ │
│ ╰──────────────────────────────────────────────────────────────────────────────────────────────────────────╯ │
│ ╭─────────────────────────────────────────────────────────────────────────╮                                  │
│ │ Commands                                                                │                                  │
│ ├─────────────────────────────────────────────────────────────────────────┤                                  │
│ │ 0  Publish:                                                             │                                  │
│ │  ┌                                                                      │                                  │
│ │  │ Dependencies:                                                        │                                  │
│ │  │   0x0000000000000000000000000000000000000000000000000000000000000001 │                                  │
│ │  │   0x0000000000000000000000000000000000000000000000000000000000000002 │                                  │
│ │  └                                                                      │                                  │
│ │                                                                         │                                  │
│ │ 1  TransferObjects:                                                     │                                  │
│ │  ┌                                                                      │                                  │
│ │  │ Arguments:                                                           │                                  │
│ │  │   Result 0                                                           │                                  │
│ │  │ Address: Input  0                                                    │                                  │
│ │  └                                                                      │                                  │
│ ╰─────────────────────────────────────────────────────────────────────────╯                                  │
│                                                                                                              │
│ Signatures:                                                                                                  │
│    2tZ5s/yOGY7xVPXK3JXjBrzFA6Zn9kJpOyOJq0PyZ9oei92kvS6Hjp88N6TIkZ1rkcBdOcEZQRnjgqmYgT8UDw==                  │
│                                                                                                              │
╰──────────────────────────────────────────────────────────────────────────────────────────────────────────────╯
╭───────────────────────────────────────────────────────────────────────────────────────────────────╮
│ Transaction Effects                                                                               │
├───────────────────────────────────────────────────────────────────────────────────────────────────┤
│ Digest: 4ueMWExEYyCMGDAAbRxfZ3B4JoYwPtSQr2p92z7srhRe                                              │
│ Status: Success                                                                                   │
│ Executed Epoch: 569                                                                               │
│                                                                                                   │
│ Created Objects:                                                                                  │
│  ┌──                                                                                              │
│  │ ID: 0x388ecc0ef7261e40f7be055c723e4bf275d3eeb33eae3525e4b7096065b19b73                         │
│  │ Owner: Immutable                                                                               │
│  │ Version: 1                                                                                     │
│  │ Digest: 8UBnMBoPSKCbqXiYVEmnXTsrk33wrjYWkMsnFFxFkVZE                                           │
│  └──                                                                                              │
│  ┌──                                                                                              │
│  │ ID: 0x6ac26db65b65654a40712bcca6d669e9a730b221f8632e7f3fecc430ec7e30fe                         │
│  │ Owner: Account Address ( 0xd842b07687548bef8605dab499624f8aacd2c6108b7909db433a6394b435f57c )  │
│  │ Version: 410395976                                                                             │
│  │ Digest: 7g4wfYA928tvdn2QXwJAPRavD75SRXthdSQiwVTazR1h                                           │
│  └──                                                                                              │
│  ┌──                                                                                              │
│  │ ID: 0x79e0ce6670d392d54ee8ed7c1958f146f1575808faa0f08e354993e7886e5923                         │
│  │ Owner: Immutable                                                                               │
│  │ Version: 410395976                                                                             │
│  │ Digest: ADFsXxdWj9pCEfHYSdjbrxPL3BUfHYne9v7Rte8eLYYG                                           │
│  └──                                                                                              │
│  ┌──                                                                                              │
│  │ ID: 0x9a7542f2b37e3217cbfdb3ed748f6017664fd1653a0fc36f695c6f7bfc20f49d                         │
│  │ Owner: Account Address ( 0xd842b07687548bef8605dab499624f8aacd2c6108b7909db433a6394b435f57c )  │
│  │ Version: 410395976                                                                             │
│  │ Digest: AQ56neTJnuUNAm4TBwv3e1tD2aiKJZRREHkwXwhu3dzV                                           │
│  └──                                                                                              │
│  ┌──                                                                                              │
│  │ ID: 0xab999880c2986e864e2e7f8d80c496dd3a3cd58da354dc887a92e554c3ed8ddd                         │
│  │ Owner: Immutable                                                                               │
│  │ Version: 410395976                                                                             │
│  │ Digest: EekXR8SaV7pZ9YaaMNvoRLU8K5hBmJfrxRmwNEkbA3q6                                           │
│  └──                                                                                              │
│  ┌──                                                                                              │
│  │ ID: 0xc1ecb008f20a5c4504545de9107057c2ce0674ca34ebf614ebed8e5a77772ccb                         │
│  │ Owner: Shared( 410395976 )                                                                     │
│  │ Version: 410395976                                                                             │
│  │ Digest: 9cwjZ4d1dyC8w9ym4fr8mZhJ4h8Fve1KkC9CKS8ZcAGq                                           │
│  └──                                                                                              │
│ Mutated Objects:                                                                                  │
│  ┌──                                                                                              │
│  │ ID: 0x2f4da0b0ad39e6428ab2b919ae0ce25b7f5a238ca6b1007f96417f1327cd99d1                         │
│  │ Owner: Account Address ( 0xd842b07687548bef8605dab499624f8aacd2c6108b7909db433a6394b435f57c )  │
│  │ Version: 410395976                                                                             │
│  │ Digest: 5vAtHQCiyeo9pwqity1FxsiJdSknVMnBaBYWmsu6avfu                                           │
│  └──                                                                                              │
│ Gas Object:                                                                                       │
│  ┌──                                                                                              │
│  │ ID: 0x2f4da0b0ad39e6428ab2b919ae0ce25b7f5a238ca6b1007f96417f1327cd99d1                         │
│  │ Owner: Account Address ( 0xd842b07687548bef8605dab499624f8aacd2c6108b7909db433a6394b435f57c )  │
│  │ Version: 410395976                                                                             │
│  │ Digest: 5vAtHQCiyeo9pwqity1FxsiJdSknVMnBaBYWmsu6avfu                                           │
│  └──                                                                                              │
│ Gas Cost Summary:                                                                                 │
│    Storage Cost: 20763200 MIST                                                                    │
│    Computation Cost: 750000 MIST                                                                  │
│    Storage Rebate: 978120 MIST                                                                    │
│    Non-refundable Storage Fee: 9880 MIST                                                          │
│                                                                                                   │
│ Transaction Dependencies:                                                                         │
│    49puDQZwHRnu7zYoARCjco1dFKMiK7LVSS8B5Si1yVdh                                                   │
│    8MkMyu5cseLwqyWDwg947q7U2d7ipSoGu9LZQh744JRJ                                                   │
│    J2qSuqrp1bgXbCMtYWaLtZvDVsfr8uHjpkMpohv4P9RC                                                   │
╰───────────────────────────────────────────────────────────────────────────────────────────────────╯
╭─────────────────────────────╮
│ No transaction block events │
╰─────────────────────────────╯

╭───────────────────────────────────────────────────────────────────────────────────────────────────────────────────────────────────────╮
│ Object Changes                                                                                                                        │
├───────────────────────────────────────────────────────────────────────────────────────────────────────────────────────────────────────┤
│ Created Objects:                                                                                                                      │
│  ┌──                                                                                                                                  │
│  │ ObjectID: 0x6ac26db65b65654a40712bcca6d669e9a730b221f8632e7f3fecc430ec7e30fe                                                       │
│  │ Sender: 0xd842b07687548bef8605dab499624f8aacd2c6108b7909db433a6394b435f57c                                                         │
│  │ Owner: Account Address ( 0xd842b07687548bef8605dab499624f8aacd2c6108b7909db433a6394b435f57c )                                      │
│  │ ObjectType: 0x2::package::UpgradeCap                                                                                               │
│  │ Version: 410395976                                                                                                                 │
│  │ Digest: 7g4wfYA928tvdn2QXwJAPRavD75SRXthdSQiwVTazR1h                                                                               │
│  └──                                                                                                                                  │
│  ┌──                                                                                                                                  │
│  │ ObjectID: 0x79e0ce6670d392d54ee8ed7c1958f146f1575808faa0f08e354993e7886e5923                                                       │
│  │ Sender: 0xd842b07687548bef8605dab499624f8aacd2c6108b7909db433a6394b435f57c                                                         │
│  │ Owner: Immutable                                                                                                                   │
│  │ ObjectType: 0x2::coin::CoinMetadata<0x388ecc0ef7261e40f7be055c723e4bf275d3eeb33eae3525e4b7096065b19b73::my_coin::MY_COIN>          │
│  │ Version: 410395976                                                                                                                 │
│  │ Digest: ADFsXxdWj9pCEfHYSdjbrxPL3BUfHYne9v7Rte8eLYYG                                                                               │
│  └──                                                                                                                                  │
│  ┌──                                                                                                                                  │
│  │ ObjectID: 0x9a7542f2b37e3217cbfdb3ed748f6017664fd1653a0fc36f695c6f7bfc20f49d                                                       │
│  │ Sender: 0xd842b07687548bef8605dab499624f8aacd2c6108b7909db433a6394b435f57c                                                         │
│  │ Owner: Account Address ( 0xd842b07687548bef8605dab499624f8aacd2c6108b7909db433a6394b435f57c )                                      │
│  │ ObjectType: 0x2::coin::TreasuryCap<0x388ecc0ef7261e40f7be055c723e4bf275d3eeb33eae3525e4b7096065b19b73::my_coin::MY_COIN>           │
│  │ Version: 410395976                                                                                                                 │
│  │ Digest: AQ56neTJnuUNAm4TBwv3e1tD2aiKJZRREHkwXwhu3dzV                                                                               │
│  └──                                                                                                                                  │
│  ┌──                                                                                                                                  │
│  │ ObjectID: 0xab999880c2986e864e2e7f8d80c496dd3a3cd58da354dc887a92e554c3ed8ddd                                                       │
│  │ Sender: 0xd842b07687548bef8605dab499624f8aacd2c6108b7909db433a6394b435f57c                                                         │
│  │ Owner: Immutable                                                                                                                   │
│  │ ObjectType: 0x2::coin::CoinMetadata<0x388ecc0ef7261e40f7be055c723e4bf275d3eeb33eae3525e4b7096065b19b73::faucet_coin::FAUCET_COIN>  │
│  │ Version: 410395976                                                                                                                 │
│  │ Digest: EekXR8SaV7pZ9YaaMNvoRLU8K5hBmJfrxRmwNEkbA3q6                                                                               │
│  └──                                                                                                                                  │
│  ┌──                                                                                                                                  │
│  │ ObjectID: 0xc1ecb008f20a5c4504545de9107057c2ce0674ca34ebf614ebed8e5a77772ccb                                                       │
│  │ Sender: 0xd842b07687548bef8605dab499624f8aacd2c6108b7909db433a6394b435f57c                                                         │
│  │ Owner: Shared( 410395976 )                                                                                                         │
│  │ ObjectType: 0x2::coin::TreasuryCap<0x388ecc0ef7261e40f7be055c723e4bf275d3eeb33eae3525e4b7096065b19b73::faucet_coin::FAUCET_COIN>   │
│  │ Version: 410395976                                                                                                                 │
│  │ Digest: 9cwjZ4d1dyC8w9ym4fr8mZhJ4h8Fve1KkC9CKS8ZcAGq                                                                               │
│  └──                                                                                                                                  │
│ Mutated Objects:                                                                                                                      │
│  ┌──                                                                                                                                  │
│  │ ObjectID: 0x2f4da0b0ad39e6428ab2b919ae0ce25b7f5a238ca6b1007f96417f1327cd99d1                                                       │
│  │ Sender: 0xd842b07687548bef8605dab499624f8aacd2c6108b7909db433a6394b435f57c                                                         │
│  │ Owner: Account Address ( 0xd842b07687548bef8605dab499624f8aacd2c6108b7909db433a6394b435f57c )                                      │
│  │ ObjectType: 0x2::coin::Coin<0x2::sui::SUI>                                                                                         │
│  │ Version: 410395976                                                                                                                 │
│  │ Digest: 5vAtHQCiyeo9pwqity1FxsiJdSknVMnBaBYWmsu6avfu                                                                               │
│  └──                                                                                                                                  │
│ Published Objects:                                                                                                                    │
│  ┌──                                                                                                                                  │
│  │ PackageID: 0x388ecc0ef7261e40f7be055c723e4bf275d3eeb33eae3525e4b7096065b19b73                                                      │
│  │ Version: 1                                                                                                                         │
│  │ Digest: 8UBnMBoPSKCbqXiYVEmnXTsrk33wrjYWkMsnFFxFkVZE                                                                               │
│  │ Modules: faucet_coin, my_coin                                                                                                      │
│  └──                                                                                                                                  │
╰───────────────────────────────────────────────────────────────────────────────────────────────────────────────────────────────────────╯
╭───────────────────────────────────────────────────────────────────────────────────────────────────╮
│ Balance Changes                                                                                   │
├───────────────────────────────────────────────────────────────────────────────────────────────────┤
│  ┌──                                                                                              │
│  │ Owner: Account Address ( 0xd842b07687548bef8605dab499624f8aacd2c6108b7909db433a6394b435f57c )  │
│  │ CoinType: 0x2::sui::SUI                                                                        │
│  │ Amount: -20535080                                                                              │
│  └──                                                                                              │
╰───────────────────────────────────────────────────────────────────────────────────────────────────╯
