sui client call `
>> --package  0x2 `
>> --module coin `
>> --function mint_and_transfer `
>> --type-args '0x388ecc0ef7261e40f7be055c723e4bf275d3eeb33eae3525e4b7096065b19b73::my_coin::MY_COIN' `
>> --args 0x9a7542f2b37e3217cbfdb3ed748f6017664fd1653a0fc36f695c6f7bfc20f49d 100000000000 0x7b8e0864967427679b4e129f79dc332a885c6087ec9e187b53451a9006ee15f2
[warn] Client/Server api version mismatch, client api version : 1.35.0, server api version : 1.36.2
Transaction Digest: 6uoiAJdExVurr1bTUwx129PdvEUQGYtYa9TLwjJVgEs7
╭──────────────────────────────────────────────────────────────────────────────────────────────────────────────╮
│ Transaction Data                                                                                             │
├──────────────────────────────────────────────────────────────────────────────────────────────────────────────┤
│ Sender: 0xd842b07687548bef8605dab499624f8aacd2c6108b7909db433a6394b435f57c                                   │
│ Gas Owner: 0xd842b07687548bef8605dab499624f8aacd2c6108b7909db433a6394b435f57c                                │
│ Gas Budget: 3873480 MIST                                                                                     │
│ Gas Price: 750 MIST                                                                                          │
│ Gas Payment:                                                                                                 │
│  ┌──                                                                                                         │
│  │ ID: 0x2f4da0b0ad39e6428ab2b919ae0ce25b7f5a238ca6b1007f96417f1327cd99d1                                    │
│  │ Version: 410395976                                                                                        │
│  │ Digest: 5vAtHQCiyeo9pwqity1FxsiJdSknVMnBaBYWmsu6avfu                                                      │
│  └──                                                                                                         │
│                                                                                                              │
│ Transaction Kind: Programmable                                                                               │
│ ╭──────────────────────────────────────────────────────────────────────────────────────────────────────────╮ │
│ │ Input Objects                                                                                            │ │
│ ├──────────────────────────────────────────────────────────────────────────────────────────────────────────┤ │
│ │ 0   Imm/Owned Object ID: 0x9a7542f2b37e3217cbfdb3ed748f6017664fd1653a0fc36f695c6f7bfc20f49d              │ │
│ │ 1   Pure Arg: Type: u64, Value: "100000000000"                                                           │ │
│ │ 2   Pure Arg: Type: address, Value: "0x7b8e0864967427679b4e129f79dc332a885c6087ec9e187b53451a9006ee15f2" │ │
│ ╰──────────────────────────────────────────────────────────────────────────────────────────────────────────╯ │
│ ╭───────────────────────────────────────────────────────────────────────────────────────────╮                │
│ │ Commands                                                                                  │                │
│ ├───────────────────────────────────────────────────────────────────────────────────────────┤                │
│ │ 0  MoveCall:                                                                              │                │
│ │  ┌                                                                                        │                │
│ │  │ Function:  mint_and_transfer                                                           │                │
│ │  │ Module:    coin                                                                        │                │
│ │  │ Package:   0x0000000000000000000000000000000000000000000000000000000000000002          │                │
│ │  │ Type Arguments:                                                                        │                │
│ │  │   0x388ecc0ef7261e40f7be055c723e4bf275d3eeb33eae3525e4b7096065b19b73::my_coin::MY_COIN │                │
│ │  │ Arguments:                                                                             │                │
│ │  │   Input  0                                                                             │                │
│ │  │   Input  1                                                                             │                │
│ │  │   Input  2                                                                             │                │
│ │  └                                                                                        │                │
│ ╰───────────────────────────────────────────────────────────────────────────────────────────╯                │
│                                                                                                              │
│ Signatures:                                                                                                  │
│    UmPJKu6ozdA7GV+A+Ik4O3fYWpkfmuoBcwWUizcxo5tnVtAFlwl2eHys1j5oPZXn1OBHnaHslB/me0wH7C0XNw==                  │
│                                                                                                              │
╰──────────────────────────────────────────────────────────────────────────────────────────────────────────────╯
╭───────────────────────────────────────────────────────────────────────────────────────────────────╮
│ Transaction Effects                                                                               │
├───────────────────────────────────────────────────────────────────────────────────────────────────┤
│ Digest: 6uoiAJdExVurr1bTUwx129PdvEUQGYtYa9TLwjJVgEs7                                              │
│ Status: Success                                                                                   │
│ Executed Epoch: 569                                                                               │
│                                                                                                   │
│ Created Objects:                                                                                  │
│  ┌──                                                                                              │
│  │ ID: 0x99168982c2aa5ac0638a4449b0646572bb024378a9084f7e8bca451d8f4e44f8                         │
│  │ Owner: Account Address ( 0x7b8e0864967427679b4e129f79dc332a885c6087ec9e187b53451a9006ee15f2 )  │
│  │ Version: 410395977                                                                             │
│  │ Digest: 7BCdAALBokoHUge3UBUF3E55yRmuZca1vZukk6sesGg7                                           │
│  └──                                                                                              │
│ Mutated Objects:                                                                                  │
│  ┌──                                                                                              │
│  │ ID: 0x2f4da0b0ad39e6428ab2b919ae0ce25b7f5a238ca6b1007f96417f1327cd99d1                         │
│  │ Owner: Account Address ( 0xd842b07687548bef8605dab499624f8aacd2c6108b7909db433a6394b435f57c )  │
│  │ Version: 410395977                                                                             │
│  │ Digest: 3aWazWcV9ktEvtfJjhJsToc6qk8reMWEYx8pNyJZPohc                                           │
│  └──                                                                                              │
│  ┌──                                                                                              │
│  │ ID: 0x9a7542f2b37e3217cbfdb3ed748f6017664fd1653a0fc36f695c6f7bfc20f49d                         │
│  │ Owner: Account Address ( 0xd842b07687548bef8605dab499624f8aacd2c6108b7909db433a6394b435f57c )  │
│  │ Version: 410395977                                                                             │
│  │ Digest: 9QFZWYBKRL1LKCude5DTe35sx6E95GVkasG92pqUqprB                                           │
│  └──                                                                                              │
│ Gas Object:                                                                                       │
│  ┌──                                                                                              │
│  │ ID: 0x2f4da0b0ad39e6428ab2b919ae0ce25b7f5a238ca6b1007f96417f1327cd99d1                         │
│  │ Owner: Account Address ( 0xd842b07687548bef8605dab499624f8aacd2c6108b7909db433a6394b435f57c )  │
│  │ Version: 410395977                                                                             │
│  │ Digest: 3aWazWcV9ktEvtfJjhJsToc6qk8reMWEYx8pNyJZPohc                                           │
│  └──                                                                                              │
│ Gas Cost Summary:                                                                                 │
│    Storage Cost: 4104000 MIST                                                                     │
│    Computation Cost: 750000 MIST                                                                  │
│    Storage Rebate: 2708640 MIST                                                                   │
│    Non-refundable Storage Fee: 27360 MIST                                                         │
│                                                                                                   │
│ Transaction Dependencies:                                                                         │
│    49puDQZwHRnu7zYoARCjco1dFKMiK7LVSS8B5Si1yVdh                                                   │
│    4ueMWExEYyCMGDAAbRxfZ3B4JoYwPtSQr2p92z7srhRe                                                   │
╰───────────────────────────────────────────────────────────────────────────────────────────────────╯
╭─────────────────────────────╮
│ No transaction block events │
╰─────────────────────────────╯

╭──────────────────────────────────────────────────────────────────────────────────────────────────────────────────────────────╮
│ Object Changes                                                                                                               │
├──────────────────────────────────────────────────────────────────────────────────────────────────────────────────────────────┤
│ Created Objects:                                                                                                             │
│  ┌──                                                                                                                         │
│  │ ObjectID: 0x99168982c2aa5ac0638a4449b0646572bb024378a9084f7e8bca451d8f4e44f8                                              │
│  │ Sender: 0xd842b07687548bef8605dab499624f8aacd2c6108b7909db433a6394b435f57c                                                │
│  │ Owner: Account Address ( 0x7b8e0864967427679b4e129f79dc332a885c6087ec9e187b53451a9006ee15f2 )                             │
│  │ ObjectType: 0x2::coin::Coin<0x388ecc0ef7261e40f7be055c723e4bf275d3eeb33eae3525e4b7096065b19b73::my_coin::MY_COIN>         │
│  │ Version: 410395977                                                                                                        │
│  │ Digest: 7BCdAALBokoHUge3UBUF3E55yRmuZca1vZukk6sesGg7                                                                      │
│  └──                                                                                                                         │
│ Mutated Objects:                                                                                                             │
│  ┌──                                                                                                                         │
│  │ ObjectID: 0x2f4da0b0ad39e6428ab2b919ae0ce25b7f5a238ca6b1007f96417f1327cd99d1                                              │
│  │ Sender: 0xd842b07687548bef8605dab499624f8aacd2c6108b7909db433a6394b435f57c                                                │
│  │ Owner: Account Address ( 0xd842b07687548bef8605dab499624f8aacd2c6108b7909db433a6394b435f57c )                             │
│  │ ObjectType: 0x2::coin::Coin<0x2::sui::SUI>                                                                                │
│  │ Version: 410395977                                                                                                        │
│  │ Digest: 3aWazWcV9ktEvtfJjhJsToc6qk8reMWEYx8pNyJZPohc                                                                      │
│  └──                                                                                                                         │
│  ┌──                                                                                                                         │
│  │ ObjectID: 0x9a7542f2b37e3217cbfdb3ed748f6017664fd1653a0fc36f695c6f7bfc20f49d                                              │
│  │ Sender: 0xd842b07687548bef8605dab499624f8aacd2c6108b7909db433a6394b435f57c                                                │
│  │ Owner: Account Address ( 0xd842b07687548bef8605dab499624f8aacd2c6108b7909db433a6394b435f57c )                             │
│  │ ObjectType: 0x2::coin::TreasuryCap<0x388ecc0ef7261e40f7be055c723e4bf275d3eeb33eae3525e4b7096065b19b73::my_coin::MY_COIN>  │
│  │ Version: 410395977                                                                                                        │
│  │ Digest: 9QFZWYBKRL1LKCude5DTe35sx6E95GVkasG92pqUqprB                                                                      │
│  └──                                                                                                                         │
╰──────────────────────────────────────────────────────────────────────────────────────────────────────────────────────────────╯
╭────────────────────────────────────────────────────────────────────────────────────────────────────╮
│ Balance Changes                                                                                    │
├────────────────────────────────────────────────────────────────────────────────────────────────────┤
│  ┌──                                                                                               │
│  │ Owner: Account Address ( 0x7b8e0864967427679b4e129f79dc332a885c6087ec9e187b53451a9006ee15f2 )   │
│  │ CoinType: 0x388ecc0ef7261e40f7be055c723e4bf275d3eeb33eae3525e4b7096065b19b73::my_coin::MY_COIN  │
│  │ Amount: 100000000000                                                                            │
│  └──                                                                                               │
│  ┌──                                                                                               │
│  │ Owner: Account Address ( 0xd842b07687548bef8605dab499624f8aacd2c6108b7909db433a6394b435f57c )   │
│  │ CoinType: 0x2::sui::SUI                                                                         │
│  │ Amount: -2145360                                                                                │
│  └──                                                                                               │
╰────────────────────────────────────────────────────────────────────────────────────────────────────╯
