Transaction Digest: 8xY61QaUpu7Z6ZCVLYyLCZ66DgYjZvrbaRit6Tu6wUvH
╭──────────────────────────────────────────────────────────────────────────────────────────────────────────────╮
│ Transaction Data                                                                                             │
├──────────────────────────────────────────────────────────────────────────────────────────────────────────────┤
│ Sender: 0x0b41c802f6fcbe6c1b051c6b93dfd62fa3b7b439094d50c82ca55f79bb28910e                                   │
│ Gas Owner: 0x0b41c802f6fcbe6c1b051c6b93dfd62fa3b7b439094d50c82ca55f79bb28910e                                │
│ Gas Budget: 100000000 MIST                                                                                   │
│ Gas Price: 1000 MIST                                                                                         │
│ Gas Payment:                                                                                                 │
│  ┌──                                                                                                         │
│  │ ID: 0x23d243fa87b1744f5fa2db0a6c533cb5b2d265bb64ecb1424c9729692c37de78                                    │
│  │ Version: 50639344                                                                                         │
│  │ Digest: KAyYcorqEcgsTCQDz9cSp5y69ikAGjVF1nipAFcqnSy                                                       │
│  └──                                                                                                         │
│                                                                                                              │
│ Transaction Kind: Programmable                                                                               │
│ ╭──────────────────────────────────────────────────────────────────────────────────────────────────────────╮ │
│ │ Input Objects                                                                                            │ │
│ ├──────────────────────────────────────────────────────────────────────────────────────────────────────────┤ │
│ │ 0   Shared Object    ID: 0x214422d08971e049f001ec42875e9093a9b54278bd8bc0fca67c848d5afd790e              │ │
│ │ 1   Pure Arg: Type: u64, Value: "20000000"                                                               │ │
│ │ 2   Pure Arg: Type: address, Value: "0x0b41c802f6fcbe6c1b051c6b93dfd62fa3b7b439094d50c82ca55f79bb28910e" │ │
│ ╰──────────────────────────────────────────────────────────────────────────────────────────────────────────╯ │
│ ╭──────────────────────────────────────────────────────────────────────────────────╮                         │
│ │ Commands                                                                         │                         │
│ ├──────────────────────────────────────────────────────────────────────────────────┤                         │
│ │ 0  MoveCall:                                                                     │                         │
│ │  ┌                                                                               │                         │
│ │  │ Function:  mint                                                               │                         │
│ │  │ Module:    usd                                                                │                         │
│ │  │ Package:   0x47e96c5b5043ce5f0852251bed1b923178919c66717ad5dd2666e6d416975b1b │                         │
│ │  │ Arguments:                                                                    │                         │
│ │  │   Input  0                                                                    │                         │
│ │  │   Input  1                                                                    │                         │
│ │  │   Input  2                                                                    │                         │
│ │  └                                                                               │                         │
│ ╰──────────────────────────────────────────────────────────────────────────────────╯                         │
│                                                                                                              │
│ Signatures:                                                                                                  │
│    Adv+QHGVYR9cyHNUYZxtrrNhcheWq+213z80x2sFTTOqQ5f2TsCyzk0ctLlRHaMC007hYe+J5jg+SyNrWcpJAA==                  │
│                                                                                                              │
╰──────────────────────────────────────────────────────────────────────────────────────────────────────────────╯
╭───────────────────────────────────────────────────────────────────────────────────────────────────╮
│ Transaction Effects                                                                               │
├───────────────────────────────────────────────────────────────────────────────────────────────────┤
│ Digest: 8xY61QaUpu7Z6ZCVLYyLCZ66DgYjZvrbaRit6Tu6wUvH                                              │
│ Status: Success                                                                                   │
│ Executed Epoch: 413                                                                               │
│                                                                                                   │
│ Created Objects:                                                                                  │
│  ┌──                                                                                              │
│  │ ID: 0x3bfcdb27737d9226a44e47f88b2a5fea7be95fc7aa289271734c70dbc3d1b445                         │
│  │ Owner: Account Address ( 0x0b41c802f6fcbe6c1b051c6b93dfd62fa3b7b439094d50c82ca55f79bb28910e )  │
│  │ Version: 50639345                                                                              │
│  │ Digest: GRmvzV5EywnVNsUdC58H2Yu3ABz4QGvkF5yXsLkPUTLW                                           │
│  └──                                                                                              │
│ Mutated Objects:                                                                                  │
│  ┌──                                                                                              │
│  │ ID: 0x214422d08971e049f001ec42875e9093a9b54278bd8bc0fca67c848d5afd790e                         │
│  │ Owner: Shared( 50639342 )                                                                      │
│  │ Version: 50639345                                                                              │
│  │ Digest: AeWzN63z2kL6MH86c9XrUfFPzc2kfu4xVeeA8FjACjh9                                           │
│  └──                                                                                              │
│  ┌──                                                                                              │
│  │ ID: 0x23d243fa87b1744f5fa2db0a6c533cb5b2d265bb64ecb1424c9729692c37de78                         │
│  │ Owner: Account Address ( 0x0b41c802f6fcbe6c1b051c6b93dfd62fa3b7b439094d50c82ca55f79bb28910e )  │
│  │ Version: 50639345                                                                              │
│  │ Digest: 8CFPzsa44jBqk5QrUnQc4JfN8gavqy8yzzPNYZFGRSQv                                           │
│  └──                                                                                              │
│ Shared Objects:                                                                                   │
│  ┌──                                                                                              │
│  │ ID: 0x214422d08971e049f001ec42875e9093a9b54278bd8bc0fca67c848d5afd790e                         │
│  │ Version: 50639343                                                                              │
│  │ Digest: 8feJBbTQcg8hRmfvdCAgUr9wHma12xutToX2DWyAg1KW                                           │
│  └──                                                                                              │
│ Gas Object:                                                                                       │
│  ┌──                                                                                              │
│  │ ID: 0x23d243fa87b1744f5fa2db0a6c533cb5b2d265bb64ecb1424c9729692c37de78                         │
│  │ Owner: Account Address ( 0x0b41c802f6fcbe6c1b051c6b93dfd62fa3b7b439094d50c82ca55f79bb28910e )  │
│  │ Version: 50639345                                                                              │
│  │ Digest: 8CFPzsa44jBqk5QrUnQc4JfN8gavqy8yzzPNYZFGRSQv                                           │
│  └──                                                                                              │
│ Gas Cost Summary:                                                                                 │
│    Storage Cost: 3982400 MIST                                                                     │
│    Computation Cost: 1000000 MIST                                                                 │
│    Storage Rebate: 2648448 MIST                                                                   │
│    Non-refundable Storage Fee: 26752 MIST                                                         │
│                                                                                                   │
│ Transaction Dependencies:                                                                         │
│    5hDwgBDUQuBzNdsnUdZHrA6yrBwQqg6tdnD3Uf6vkbq3                                                   │
│    AX3P5KF5kwmTZZXhDghkVsy18C4No3EVeoBPPQzCW2AT                                                   │
│    FRToUksKcJYXBU4NNb23MPNLAoo4XeLEkMxcb5noPaKU                                                   │
╰───────────────────────────────────────────────────────────────────────────────────────────────────╯
╭─────────────────────────────╮
│ No transaction block events │
╰─────────────────────────────╯

╭──────────────────────────────────────────────────────────────────────────────────────────────────────────────────────╮
│ Object Changes                                                                                                       │
├──────────────────────────────────────────────────────────────────────────────────────────────────────────────────────┤
│ Created Objects:                                                                                                     │
│  ┌──                                                                                                                 │
│  │ ObjectID: 0x3bfcdb27737d9226a44e47f88b2a5fea7be95fc7aa289271734c70dbc3d1b445                                      │
│  │ Sender: 0x0b41c802f6fcbe6c1b051c6b93dfd62fa3b7b439094d50c82ca55f79bb28910e                                        │
│  │ Owner: Account Address ( 0x0b41c802f6fcbe6c1b051c6b93dfd62fa3b7b439094d50c82ca55f79bb28910e )                     │
│  │ ObjectType: 0x2::coin::Coin<0x47e96c5b5043ce5f0852251bed1b923178919c66717ad5dd2666e6d416975b1b::usd::USD>         │
│  │ Version: 50639345                                                                                                 │
│  │ Digest: GRmvzV5EywnVNsUdC58H2Yu3ABz4QGvkF5yXsLkPUTLW                                                              │
│  └──                                                                                                                 │
│ Mutated Objects:                                                                                                     │
│  ┌──                                                                                                                 │
│  │ ObjectID: 0x214422d08971e049f001ec42875e9093a9b54278bd8bc0fca67c848d5afd790e                                      │
│  │ Sender: 0x0b41c802f6fcbe6c1b051c6b93dfd62fa3b7b439094d50c82ca55f79bb28910e                                        │
│  │ Owner: Shared( 50639342 )                                                                                         │
│  │ ObjectType: 0x2::coin::TreasuryCap<0x47e96c5b5043ce5f0852251bed1b923178919c66717ad5dd2666e6d416975b1b::usd::USD>  │
│  │ Version: 50639345                                                                                                 │
│  │ Digest: AeWzN63z2kL6MH86c9XrUfFPzc2kfu4xVeeA8FjACjh9                                                              │
│  └──                                                                                                                 │
│  ┌──                                                                                                                 │
│  │ ObjectID: 0x23d243fa87b1744f5fa2db0a6c533cb5b2d265bb64ecb1424c9729692c37de78                                      │
│  │ Sender: 0x0b41c802f6fcbe6c1b051c6b93dfd62fa3b7b439094d50c82ca55f79bb28910e                                        │
│  │ Owner: Account Address ( 0x0b41c802f6fcbe6c1b051c6b93dfd62fa3b7b439094d50c82ca55f79bb28910e )                     │
│  │ ObjectType: 0x2::coin::Coin<0x2::sui::SUI>                                                                        │
│  │ Version: 50639345                                                                                                 │
│  │ Digest: 8CFPzsa44jBqk5QrUnQc4JfN8gavqy8yzzPNYZFGRSQv                                                              │
│  └──                                                                                                                 │
╰──────────────────────────────────────────────────────────────────────────────────────────────────────────────────────╯
╭───────────────────────────────────────────────────────────────────────────────────────────────────╮
│ Balance Changes                                                                                   │
├───────────────────────────────────────────────────────────────────────────────────────────────────┤
│  ┌──                                                                                              │
│  │ Owner: Account Address ( 0x0b41c802f6fcbe6c1b051c6b93dfd62fa3b7b439094d50c82ca55f79bb28910e )  │
│  │ CoinType: 0x2::sui::SUI                                                                        │
│  │ Amount: -2333952                                                                               │
│  └──                                                                                              │
│  ┌──                                                                                              │
│  │ Owner: Account Address ( 0x0b41c802f6fcbe6c1b051c6b93dfd62fa3b7b439094d50c82ca55f79bb28910e )  │
│  │ CoinType: 0x47e96c5b5043ce5f0852251bed1b923178919c66717ad5dd2666e6d416975b1b::usd::USD         │
│  │ Amount: 20000000                                                                               │
│  └──                                                                                              │
╰───────────────────────────────────────────────────────────────────────────────────────────────────╯
Transaction Digest: 6kHt82eHvjrvRXZn7tt8ooerfLuaoyvvMruH3MseTWQo
╭──────────────────────────────────────────────────────────────────────────────────────────────────────────────╮
│ Transaction Data                                                                                             │
├──────────────────────────────────────────────────────────────────────────────────────────────────────────────┤
│ Sender: 0x69784861798889824a79d1a9d3262377a6d3f447e6948d5883d834443ba7d312                                   │
│ Gas Owner: 0x69784861798889824a79d1a9d3262377a6d3f447e6948d5883d834443ba7d312                                │
│ Gas Budget: 100000000 MIST                                                                                   │
│ Gas Price: 1000 MIST                                                                                         │
│ Gas Payment:                                                                                                 │
│  ┌──                                                                                                         │
│  │ ID: 0x1c7e981a636f6cd5a6cd452374477479fcb9b00844e45178f6a849694dbedcc0                                    │
│  │ Version: 928655                                                                                           │
│  │ Digest: B46XKToNVB2FS6SnpD5Ck5CZX5LxmbA86mFWdpvHgqny                                                      │
│  └──                                                                                                         │
│                                                                                                              │
│ Transaction Kind: Programmable                                                                               │
│ ╭──────────────────────────────────────────────────────────────────────────────────────────────────────────╮ │
│ │ Input Objects                                                                                            │ │
│ ├──────────────────────────────────────────────────────────────────────────────────────────────────────────┤ │
│ │ 0   Shared Object    ID: 0x214422d08971e049f001ec42875e9093a9b54278bd8bc0fca67c848d5afd790e              │ │
│ │ 1   Pure Arg: Type: u64, Value: "20000000"                                                               │ │
│ │ 2   Pure Arg: Type: address, Value: "0x69784861798889824a79d1a9d3262377a6d3f447e6948d5883d834443ba7d312" │ │
│ ╰──────────────────────────────────────────────────────────────────────────────────────────────────────────╯ │
│ ╭──────────────────────────────────────────────────────────────────────────────────╮                         │
│ │ Commands                                                                         │                         │
│ ├──────────────────────────────────────────────────────────────────────────────────┤                         │
│ │ 0  MoveCall:                                                                     │                         │
│ │  ┌                                                                               │                         │
│ │  │ Function:  mint                                                               │                         │
│ │  │ Module:    usd                                                                │                         │
│ │  │ Package:   0x47e96c5b5043ce5f0852251bed1b923178919c66717ad5dd2666e6d416975b1b │                         │
│ │  │ Arguments:                                                                    │                         │
│ │  │   Input  0                                                                    │                         │
│ │  │   Input  1                                                                    │                         │
│ │  │   Input  2                                                                    │                         │
│ │  └                                                                               │                         │
│ ╰──────────────────────────────────────────────────────────────────────────────────╯                         │
│                                                                                                              │
│ Signatures:                                                                                                  │
│    8vReQ41MEAWHK2AZcUjVa6Aij9JbO88ckldrt5gWSMbsKDPpXZIeubJX9nxMKdhTNTLR8A4bvzR9YxaLL7ffDQ==                  │
│                                                                                                              │
╰──────────────────────────────────────────────────────────────────────────────────────────────────────────────╯
╭───────────────────────────────────────────────────────────────────────────────────────────────────╮
│ Transaction Effects                                                                               │
├───────────────────────────────────────────────────────────────────────────────────────────────────┤
│ Digest: 6kHt82eHvjrvRXZn7tt8ooerfLuaoyvvMruH3MseTWQo                                              │
│ Status: Success                                                                                   │
│ Executed Epoch: 413                                                                               │
│                                                                                                   │
│ Created Objects:                                                                                  │
│  ┌──                                                                                              │
│  │ ID: 0x5b81df14330b84e292b796fc4869ee822b84cfd7e7ab234017241ad47d338424                         │
│  │ Owner: Account Address ( 0x69784861798889824a79d1a9d3262377a6d3f447e6948d5883d834443ba7d312 )  │
│  │ Version: 50639346                                                                              │
│  │ Digest: 3DUxMyot3UXc1ikQQWXnkxQhGHwxcgtmadQjqYrRSMgA                                           │
│  └──                                                                                              │
│ Mutated Objects:                                                                                  │
│  ┌──                                                                                              │
│  │ ID: 0x1c7e981a636f6cd5a6cd452374477479fcb9b00844e45178f6a849694dbedcc0                         │
│  │ Owner: Account Address ( 0x69784861798889824a79d1a9d3262377a6d3f447e6948d5883d834443ba7d312 )  │
│  │ Version: 50639346                                                                              │
│  │ Digest: EPvAtbyUMQEyBsAGGeHkDVYZw3aEGgKLGSDvzi5N26AN                                           │
│  └──                                                                                              │
│  ┌──                                                                                              │
│  │ ID: 0x214422d08971e049f001ec42875e9093a9b54278bd8bc0fca67c848d5afd790e                         │
│  │ Owner: Shared( 50639342 )                                                                      │
│  │ Version: 50639346                                                                              │
│  │ Digest: 7cs3Z5hbrCpHSzkFPtmiJ8dp8RPAkjitUAzwfU14GWmK                                           │
│  └──                                                                                              │
│ Shared Objects:                                                                                   │
│  ┌──                                                                                              │
│  │ ID: 0x214422d08971e049f001ec42875e9093a9b54278bd8bc0fca67c848d5afd790e                         │
│  │ Version: 50639345                                                                              │
│  │ Digest: AeWzN63z2kL6MH86c9XrUfFPzc2kfu4xVeeA8FjACjh9                                           │
│  └──                                                                                              │
│ Gas Object:                                                                                       │
│  ┌──                                                                                              │
│  │ ID: 0x1c7e981a636f6cd5a6cd452374477479fcb9b00844e45178f6a849694dbedcc0                         │
│  │ Owner: Account Address ( 0x69784861798889824a79d1a9d3262377a6d3f447e6948d5883d834443ba7d312 )  │
│  │ Version: 50639346                                                                              │
│  │ Digest: EPvAtbyUMQEyBsAGGeHkDVYZw3aEGgKLGSDvzi5N26AN                                           │
│  └──                                                                                              │
│ Gas Cost Summary:                                                                                 │
│    Storage Cost: 3982400 MIST                                                                     │
│    Computation Cost: 1000000 MIST                                                                 │
│    Storage Rebate: 2648448 MIST                                                                   │
│    Non-refundable Storage Fee: 26752 MIST                                                         │
│                                                                                                   │
│ Transaction Dependencies:                                                                         │
│    8xY61QaUpu7Z6ZCVLYyLCZ66DgYjZvrbaRit6Tu6wUvH                                                   │
│    AX3P5KF5kwmTZZXhDghkVsy18C4No3EVeoBPPQzCW2AT                                                   │
│    CnZDSyq5F2HiCVAGmYVwSStyhqxZnW24tEkRrsYErx4X                                                   │
╰───────────────────────────────────────────────────────────────────────────────────────────────────╯
╭─────────────────────────────╮
│ No transaction block events │
╰─────────────────────────────╯

╭──────────────────────────────────────────────────────────────────────────────────────────────────────────────────────╮
│ Object Changes                                                                                                       │
├──────────────────────────────────────────────────────────────────────────────────────────────────────────────────────┤
│ Created Objects:                                                                                                     │
│  ┌──                                                                                                                 │
│  │ ObjectID: 0x5b81df14330b84e292b796fc4869ee822b84cfd7e7ab234017241ad47d338424                                      │
│  │ Sender: 0x69784861798889824a79d1a9d3262377a6d3f447e6948d5883d834443ba7d312                                        │
│  │ Owner: Account Address ( 0x69784861798889824a79d1a9d3262377a6d3f447e6948d5883d834443ba7d312 )                     │
│  │ ObjectType: 0x2::coin::Coin<0x47e96c5b5043ce5f0852251bed1b923178919c66717ad5dd2666e6d416975b1b::usd::USD>         │
│  │ Version: 50639346                                                                                                 │
│  │ Digest: 3DUxMyot3UXc1ikQQWXnkxQhGHwxcgtmadQjqYrRSMgA                                                              │
│  └──                                                                                                                 │
│ Mutated Objects:                                                                                                     │
│  ┌──                                                                                                                 │
│  │ ObjectID: 0x1c7e981a636f6cd5a6cd452374477479fcb9b00844e45178f6a849694dbedcc0                                      │
│  │ Sender: 0x69784861798889824a79d1a9d3262377a6d3f447e6948d5883d834443ba7d312                                        │
│  │ Owner: Account Address ( 0x69784861798889824a79d1a9d3262377a6d3f447e6948d5883d834443ba7d312 )                     │
│  │ ObjectType: 0x2::coin::Coin<0x2::sui::SUI>                                                                        │
│  │ Version: 50639346                                                                                                 │
│  │ Digest: EPvAtbyUMQEyBsAGGeHkDVYZw3aEGgKLGSDvzi5N26AN                                                              │
│  └──                                                                                                                 │
│  ┌──                                                                                                                 │
│  │ ObjectID: 0x214422d08971e049f001ec42875e9093a9b54278bd8bc0fca67c848d5afd790e                                      │
│  │ Sender: 0x69784861798889824a79d1a9d3262377a6d3f447e6948d5883d834443ba7d312                                        │
│  │ Owner: Shared( 50639342 )                                                                                         │
│  │ ObjectType: 0x2::coin::TreasuryCap<0x47e96c5b5043ce5f0852251bed1b923178919c66717ad5dd2666e6d416975b1b::usd::USD>  │
│  │ Version: 50639346                                                                                                 │
│  │ Digest: 7cs3Z5hbrCpHSzkFPtmiJ8dp8RPAkjitUAzwfU14GWmK                                                              │
│  └──                                                                                                                 │
╰──────────────────────────────────────────────────────────────────────────────────────────────────────────────────────╯
╭───────────────────────────────────────────────────────────────────────────────────────────────────╮
│ Balance Changes                                                                                   │
├───────────────────────────────────────────────────────────────────────────────────────────────────┤
│  ┌──                                                                                              │
│  │ Owner: Account Address ( 0x69784861798889824a79d1a9d3262377a6d3f447e6948d5883d834443ba7d312 )  │
│  │ CoinType: 0x2::sui::SUI                                                                        │
│  │ Amount: -2333952                                                                               │
│  └──                                                                                              │
│  ┌──                                                                                              │
│  │ Owner: Account Address ( 0x69784861798889824a79d1a9d3262377a6d3f447e6948d5883d834443ba7d312 )  │
│  │ CoinType: 0x47e96c5b5043ce5f0852251bed1b923178919c66717ad5dd2666e6d416975b1b::usd::USD         │
│  │ Amount: 20000000                                                                               │
│  └──                                                                                              │
╰───────────────────────────────────────────────────────────────────────────────────────────────────╯
