Transaction Digest: 4YBgaodPrgDvH6gQvqbnY1egwUjtkp9uYMt79Q8oSPkH
╭───────────────────────────────────────────────────────────────────────────────────────────────────────────────────────────────────────────────────────╮
│ Transaction Data                                                                                                                                      │
├───────────────────────────────────────────────────────────────────────────────────────────────────────────────────────────────────────────────────────┤
│ Sender: 0x78444b9e42a6f9bd2544e80656270bfba227d3238154bcded245192a362683bc                                                                            │
│ Gas Owner: 0x78444b9e42a6f9bd2544e80656270bfba227d3238154bcded245192a362683bc                                                                         │
│ Gas Budget: 7500000 MIST                                                                                                                              │
│ Gas Price: 758 MIST                                                                                                                                   │
│ Gas Payment:                                                                                                                                          │
│  ┌──                                                                                                                                                  │
│  │ ID: 0x496348493f043f275b305c6c528c6e4b4438ab94f8b105d3a112398c006ea229                                                                             │
│  │ Version: 308908066                                                                                                                                 │
│  │ Digest: GMMot6EiPgCjGF13f5wfkxcHArv21Y4qudaiEv7jQNeW                                                                                               │
│  └──                                                                                                                                                  │
│                                                                                                                                                       │
│ Transaction Kind: Programmable                                                                                                                        │
│ ╭───────────────────────────────────────────────────────────────────────────────────────────────────────────────────────────────────────────────────╮ │
│ │ Input Objects                                                                                                                                     │ │
│ ├───────────────────────────────────────────────────────────────────────────────────────────────────────────────────────────────────────────────────┤ │
│ │ 0   Pure Arg: Type: vector<u8>, Value: "imdia"                                                                                                    │ │
│ │ 1   Pure Arg: Type: vector<u8>, Value: "nft power by imdia"                                                                                       │ │
│ │ 2   Pure Arg: Type: vector<u8>, Value: "https://avatars.githubusercontent.com/u/44016918?u=2ba82f1b909ebb257abe79c3342c6c2120bf74f7&v=4&size=256" │ │
│ ╰───────────────────────────────────────────────────────────────────────────────────────────────────────────────────────────────────────────────────╯ │
│ ╭──────────────────────────────────────────────────────────────────────────────────╮                                                                  │
│ │ Commands                                                                         │                                                                  │
│ ├──────────────────────────────────────────────────────────────────────────────────┤                                                                  │
│ │ 0  MoveCall:                                                                     │                                                                  │
│ │  ┌                                                                               │                                                                  │
│ │  │ Function:  mint                                                               │                                                                  │
│ │  │ Module:    nft_imdia                                                          │                                                                  │
│ │  │ Package:   0x2c6bda444ed347f4fe7cc42421a209974b07bb5591da363e61cc05eb3d3c4b33 │                                                                  │
│ │  │ Arguments:                                                                    │                                                                  │
│ │  │   Input  0                                                                    │                                                                  │
│ │  │   Input  1                                                                    │                                                                  │
│ │  │   Input  2                                                                    │                                                                  │
│ │  └                                                                               │                                                                  │
│ ╰──────────────────────────────────────────────────────────────────────────────────╯                                                                  │
│                                                                                                                                                       │
│ Signatures:                                                                                                                                           │
│    di9A+4D4XbJ4l1VIs4V7//gPcGi1XlWBW7WUKRYX+2rrcL9o84Yz7F5gZPYc29t4y2PlH9E9Rd8o5etDIVdUDw==                                                           │
│                                                                                                                                                       │
╰───────────────────────────────────────────────────────────────────────────────────────────────────────────────────────────────────────────────────────╯
╭───────────────────────────────────────────────────────────────────────────────────────────────────╮
│ Transaction Effects                                                                               │
├───────────────────────────────────────────────────────────────────────────────────────────────────┤
│ Digest: 4YBgaodPrgDvH6gQvqbnY1egwUjtkp9uYMt79Q8oSPkH                                              │
│ Status: Success                                                                                   │
│ Executed Epoch: 471                                                                               │
│                                                                                                   │
│ Created Objects:                                                                                  │
│  ┌──                                                                                              │
│  │ ID: 0x9319fe23689c64009da25f1572c7ec8a53ff3bb50c039dc797f08854b399bf59                         │
│  │ Owner: Account Address ( 0x78444b9e42a6f9bd2544e80656270bfba227d3238154bcded245192a362683bc )  │
│  │ Version: 308908067                                                                             │
│  │ Digest: 13UgrUEeaswT49GX3RSUnPH6DU78PF8oRF1mX18gGNgj                                           │
│  └──                                                                                              │
│ Mutated Objects:                                                                                  │
│  ┌──                                                                                              │
│  │ ID: 0x496348493f043f275b305c6c528c6e4b4438ab94f8b105d3a112398c006ea229                         │
│  │ Owner: Account Address ( 0x78444b9e42a6f9bd2544e80656270bfba227d3238154bcded245192a362683bc )  │
│  │ Version: 308908067                                                                             │
│  │ Digest: 5ufL29JqcnwX5wjsy58drBvxXJzLXndtAA8TMMNwQaJo                                           │
│  └──                                                                                              │
│ Gas Object:                                                                                       │
│  ┌──                                                                                              │
│  │ ID: 0x496348493f043f275b305c6c528c6e4b4438ab94f8b105d3a112398c006ea229                         │
│  │ Owner: Account Address ( 0x78444b9e42a6f9bd2544e80656270bfba227d3238154bcded245192a362683bc )  │
│  │ Version: 308908067                                                                             │
│  │ Digest: 5ufL29JqcnwX5wjsy58drBvxXJzLXndtAA8TMMNwQaJo                                           │
│  └──                                                                                              │
│ Gas Cost Summary:                                                                                 │
│    Storage Cost: 3298400 MIST                                                                     │
│    Computation Cost: 758000 MIST                                                                  │
│    Storage Rebate: 978120 MIST                                                                    │
│    Non-refundable Storage Fee: 9880 MIST                                                          │
│                                                                                                   │
│ Transaction Dependencies:                                                                         │
│    En8TCQAU2a4udKCczxuq9h3f13nR1YxpUBtTy9YegKw6                                                   │
╰───────────────────────────────────────────────────────────────────────────────────────────────────╯
╭────────────────────────────────────────────────────────────────────────────────────────────────────────────────╮
│ Transaction Block Events                                                                                       │
├────────────────────────────────────────────────────────────────────────────────────────────────────────────────┤
│  ┌──                                                                                                           │
│  │ EventID: 4YBgaodPrgDvH6gQvqbnY1egwUjtkp9uYMt79Q8oSPkH:0                                                     │
│  │ PackageID: 0x2c6bda444ed347f4fe7cc42421a209974b07bb5591da363e61cc05eb3d3c4b33                               │
│  │ Transaction Module: nft_imdia                                                                               │
│  │ Sender: 0x78444b9e42a6f9bd2544e80656270bfba227d3238154bcded245192a362683bc                                  │
│  │ EventType: 0x2c6bda444ed347f4fe7cc42421a209974b07bb5591da363e61cc05eb3d3c4b33::nft_imdia::ImdiaNFTMintEvent │
│  │ ParsedJSON:                                                                                                 │
│  │   ┌───────────┬────────────────────────────────────────────────────────────────────┐                        │
│  │   │ creator   │ 0x78444b9e42a6f9bd2544e80656270bfba227d3238154bcded245192a362683bc │                        │
│  │   ├───────────┼────────────────────────────────────────────────────────────────────┤                        │
│  │   │ name      │ imdia                                                              │                        │
│  │   ├───────────┼────────────────────────────────────────────────────────────────────┤                        │
│  │   │ object_id │ 0x9319fe23689c64009da25f1572c7ec8a53ff3bb50c039dc797f08854b399bf59 │                        │
│  │   └───────────┴────────────────────────────────────────────────────────────────────┘                        │
│  └──                                                                                                           │
╰────────────────────────────────────────────────────────────────────────────────────────────────────────────────╯
╭─────────────────────────────────────────────────────────────────────────────────────────────────────────╮
│ Object Changes                                                                                          │
├─────────────────────────────────────────────────────────────────────────────────────────────────────────┤
│ Created Objects:                                                                                        │
│  ┌──                                                                                                    │
│  │ ObjectID: 0x9319fe23689c64009da25f1572c7ec8a53ff3bb50c039dc797f08854b399bf59                         │
│  │ Sender: 0x78444b9e42a6f9bd2544e80656270bfba227d3238154bcded245192a362683bc                           │
│  │ Owner: Account Address ( 0x78444b9e42a6f9bd2544e80656270bfba227d3238154bcded245192a362683bc )        │
│  │ ObjectType: 0x2c6bda444ed347f4fe7cc42421a209974b07bb5591da363e61cc05eb3d3c4b33::nft_imdia::ImdiaNFT  │
│  │ Version: 308908067                                                                                   │
│  │ Digest: 13UgrUEeaswT49GX3RSUnPH6DU78PF8oRF1mX18gGNgj                                                 │
│  └──                                                                                                    │
│ Mutated Objects:                                                                                        │
│  ┌──                                                                                                    │
│  │ ObjectID: 0x496348493f043f275b305c6c528c6e4b4438ab94f8b105d3a112398c006ea229                         │
│  │ Sender: 0x78444b9e42a6f9bd2544e80656270bfba227d3238154bcded245192a362683bc                           │
│  │ Owner: Account Address ( 0x78444b9e42a6f9bd2544e80656270bfba227d3238154bcded245192a362683bc )        │
│  │ ObjectType: 0x2::coin::Coin<0x2::sui::SUI>                                                           │
│  │ Version: 308908067                                                                                   │
│  │ Digest: 5ufL29JqcnwX5wjsy58drBvxXJzLXndtAA8TMMNwQaJo                                                 │
│  └──                                                                                                    │
╰─────────────────────────────────────────────────────────────────────────────────────────────────────────╯
╭───────────────────────────────────────────────────────────────────────────────────────────────────╮
│ Balance Changes                                                                                   │
├───────────────────────────────────────────────────────────────────────────────────────────────────┤
│  ┌──                                                                                              │
│  │ Owner: Account Address ( 0x78444b9e42a6f9bd2544e80656270bfba227d3238154bcded245192a362683bc )  │
│  │ CoinType: 0x2::sui::SUI                                                                        │
│  │ Amount: -3078280                                                                               │
│  └──                                                                                              │
╰───────────────────────────────────────────────────────────────────────────────────────────────────╯
