Transaction Digest: En8TCQAU2a4udKCczxuq9h3f13nR1YxpUBtTy9YegKw6
╭──────────────────────────────────────────────────────────────────────────────────────────────────────────────╮
│ Transaction Data                                                                                             │
├──────────────────────────────────────────────────────────────────────────────────────────────────────────────┤
│ Sender: 0x78444b9e42a6f9bd2544e80656270bfba227d3238154bcded245192a362683bc                                   │
│ Gas Owner: 0x78444b9e42a6f9bd2544e80656270bfba227d3238154bcded245192a362683bc                                │
│ Gas Budget: 100000000 MIST                                                                                   │
│ Gas Price: 758 MIST                                                                                          │
│ Gas Payment:                                                                                                 │
│  ┌──                                                                                                         │
│  │ ID: 0x496348493f043f275b305c6c528c6e4b4438ab94f8b105d3a112398c006ea229                                    │
│  │ Version: 308908065                                                                                        │
│  │ Digest: 4orqx4GXgEfuYNzrsuUn2bcEyx7JcGi4DTGU8GAWANDn                                                      │
│  └──                                                                                                         │
│                                                                                                              │
│ Transaction Kind: Programmable                                                                               │
│ ╭──────────────────────────────────────────────────────────────────────────────────────────────────────────╮ │
│ │ Input Objects                                                                                            │ │
│ ├──────────────────────────────────────────────────────────────────────────────────────────────────────────┤ │
│ │ 0   Pure Arg: Type: address, Value: "0x78444b9e42a6f9bd2544e80656270bfba227d3238154bcded245192a362683bc" │ │
│ ╰──────────────────────────────────────────────────────────────────────────────────────────────────────────╯ │
│ ╭─────────────────────────────────────────────────────────────────────────╮                                  │
│ │ Commands                                                                │                                  │
│ ├─────────────────────────────────────────────────────────────────────────┤                                  │
│ │ 0  Publish:                                                             │                                  │
│ │  ┌                                                                      │                                  │
│ │  │ Dependencies:                                                        │                                  │
│ │  │   0x0000000000000000000000000000000000000000000000000000000000000001 │                                  │
│ │  │   0x0000000000000000000000000000000000000000000000000000000000000002 │                                  │
│ │  └                                                                      │                                  │
│ │                                                                         │                                  │
│ │ 1  TransferObjects:                                                     │                                  │
│ │  ┌                                                                      │                                  │
│ │  │ Arguments:                                                           │                                  │
│ │  │   Result 0                                                           │                                  │
│ │  │ Address: Input  0                                                    │                                  │
│ │  └                                                                      │                                  │
│ ╰─────────────────────────────────────────────────────────────────────────╯                                  │
│                                                                                                              │
│ Signatures:                                                                                                  │
│    5zxYj4y5PhALKifRoLG0DBZYqtlLeT+myy/5AtpFDlBv1CzELonHo5gCXBXXTnUJJdxrsAbXmOCRZoXXsyhgBA==                  │
│                                                                                                              │
╰──────────────────────────────────────────────────────────────────────────────────────────────────────────────╯
╭───────────────────────────────────────────────────────────────────────────────────────────────────╮
│ Transaction Effects                                                                               │
├───────────────────────────────────────────────────────────────────────────────────────────────────┤
│ Digest: En8TCQAU2a4udKCczxuq9h3f13nR1YxpUBtTy9YegKw6                                              │
│ Status: Success                                                                                   │
│ Executed Epoch: 471                                                                               │
│                                                                                                   │
│ Created Objects:                                                                                  │
│  ┌──                                                                                              │
│  │ ID: 0x2c6bda444ed347f4fe7cc42421a209974b07bb5591da363e61cc05eb3d3c4b33                         │
│  │ Owner: Immutable                                                                               │
│  │ Version: 1                                                                                     │
│  │ Digest: G5sPvb1m64MjQuWnf9CJ5aZ9rP6WxWEbS4P4aBJ5MMfv                                           │
│  └──                                                                                              │
│  ┌──                                                                                              │
│  │ ID: 0xd3fb9efedcb89e3aed36eb6f6f21d10b453c9b4e90eb74fb709ec758c050aec4                         │
│  │ Owner: Account Address ( 0x78444b9e42a6f9bd2544e80656270bfba227d3238154bcded245192a362683bc )  │
│  │ Version: 308908066                                                                             │
│  │ Digest: Bg63zT4JBfQPgd3A1kYX4cEcKNiG6HnetJFw4gCr8Qvk                                           │
│  └──                                                                                              │
│ Mutated Objects:                                                                                  │
│  ┌──                                                                                              │
│  │ ID: 0x496348493f043f275b305c6c528c6e4b4438ab94f8b105d3a112398c006ea229                         │
│  │ Owner: Account Address ( 0x78444b9e42a6f9bd2544e80656270bfba227d3238154bcded245192a362683bc )  │
│  │ Version: 308908066                                                                             │
│  │ Digest: GMMot6EiPgCjGF13f5wfkxcHArv21Y4qudaiEv7jQNeW                                           │
│  └──                                                                                              │
│ Gas Object:                                                                                       │
│  ┌──                                                                                              │
│  │ ID: 0x496348493f043f275b305c6c528c6e4b4438ab94f8b105d3a112398c006ea229                         │
│  │ Owner: Account Address ( 0x78444b9e42a6f9bd2544e80656270bfba227d3238154bcded245192a362683bc )  │
│  │ Version: 308908066                                                                             │
│  │ Digest: GMMot6EiPgCjGF13f5wfkxcHArv21Y4qudaiEv7jQNeW                                           │
│  └──                                                                                              │
│ Gas Cost Summary:                                                                                 │
│    Storage Cost: 12707200 MIST                                                                    │
│    Computation Cost: 758000 MIST                                                                  │
│    Storage Rebate: 978120 MIST                                                                    │
│    Non-refundable Storage Fee: 9880 MIST                                                          │
│                                                                                                   │
│ Transaction Dependencies:                                                                         │
│    2kcpnzg9J3DXofhP9BMMjTMDWWWcdRYtG4gtLa1yzHjT                                                   │
│    7xVipyUK46Pj6XFoAeeKXYMeHjgGXEvHaNB3eCvHKHvr                                                   │
╰───────────────────────────────────────────────────────────────────────────────────────────────────╯
╭─────────────────────────────╮
│ No transaction block events │
╰─────────────────────────────╯

╭──────────────────────────────────────────────────────────────────────────────────────────────────╮
│ Object Changes                                                                                   │
├──────────────────────────────────────────────────────────────────────────────────────────────────┤
│ Created Objects:                                                                                 │
│  ┌──                                                                                             │
│  │ ObjectID: 0xd3fb9efedcb89e3aed36eb6f6f21d10b453c9b4e90eb74fb709ec758c050aec4                  │
│  │ Sender: 0x78444b9e42a6f9bd2544e80656270bfba227d3238154bcded245192a362683bc                    │
│  │ Owner: Account Address ( 0x78444b9e42a6f9bd2544e80656270bfba227d3238154bcded245192a362683bc ) │
│  │ ObjectType: 0x2::package::UpgradeCap                                                          │
│  │ Version: 308908066                                                                            │
│  │ Digest: Bg63zT4JBfQPgd3A1kYX4cEcKNiG6HnetJFw4gCr8Qvk                                          │
│  └──                                                                                             │
│ Mutated Objects:                                                                                 │
│  ┌──                                                                                             │
│  │ ObjectID: 0x496348493f043f275b305c6c528c6e4b4438ab94f8b105d3a112398c006ea229                  │
│  │ Sender: 0x78444b9e42a6f9bd2544e80656270bfba227d3238154bcded245192a362683bc                    │
│  │ Owner: Account Address ( 0x78444b9e42a6f9bd2544e80656270bfba227d3238154bcded245192a362683bc ) │
│  │ ObjectType: 0x2::coin::Coin<0x2::sui::SUI>                                                    │
│  │ Version: 308908066                                                                            │
│  │ Digest: GMMot6EiPgCjGF13f5wfkxcHArv21Y4qudaiEv7jQNeW                                          │
│  └──                                                                                             │
│ Published Objects:                                                                               │
│  ┌──                                                                                             │
│  │ PackageID: 0x2c6bda444ed347f4fe7cc42421a209974b07bb5591da363e61cc05eb3d3c4b33                 │
│  │ Version: 1                                                                                    │
│  │ Digest: G5sPvb1m64MjQuWnf9CJ5aZ9rP6WxWEbS4P4aBJ5MMfv                                          │
│  │ Modules: nft_imdia                                                                            │
│  └──                                                                                             │
╰──────────────────────────────────────────────────────────────────────────────────────────────────╯
╭───────────────────────────────────────────────────────────────────────────────────────────────────╮
│ Balance Changes                                                                                   │
├───────────────────────────────────────────────────────────────────────────────────────────────────┤
│  ┌──                                                                                              │
│  │ Owner: Account Address ( 0x78444b9e42a6f9bd2544e80656270bfba227d3238154bcded245192a362683bc )  │
│  │ CoinType: 0x2::sui::SUI                                                                        │
│  │ Amount: -12487080                                                                              │
│  └──                                                                                              │
╰───────────────────────────────────────────────────────────────────────────────────────────────────╯
