╰──────────────────────────────────────────────────────────────────────────────────────────────────────────────╯
╭───────────────────────────────────────────────────────────────────────────────────────────────────╮
│ Transaction Effects                                                                               │
├───────────────────────────────────────────────────────────────────────────────────────────────────┤
│ Digest: HaxnHHCZdHm3r7Wko1uwxjA15q7RDjsgwWvJgr2dgnc8                                              │
│ Status: Success                                                                                   │
│ Executed Epoch: 130                                                                               │
│                                                                                                   │
│ Created Objects:                                                                                  │
│  ┌──                                                                                              │
│  │ ID: 0x061ca0b49337f7b3600242ad3d58faa3fbd48ef2830e158e8512cd05ebec9d20                         │
│  │ Owner: Immutable                                                                               │
│  │ Version: 362                                                                                   │
│  │ Digest: 22vS4fuwLyTRjCgRRWMGGDmqduyRxJMKvnQE8djYAoLe                                           │
│  └──                                                                                              │
│  ┌──                                                                                              │
│  │ ID: 0x077d5c8339735ff136b37c11a608648f43cbda84ff23d05677738cc509c1a734                         │
│  │ Owner: Shared( 362 )                                                                           │
│  │ Version: 362                                                                                   │
│  │ Digest: 7yXbxxbMwxCHmLTSE3K5LVPE1VHaWvqzsEUpbxfYDY3R                                           │
│  └──                                                                                              │
│  ┌──                                                                                              │
│  │ ID: 0x2bc83f718c0a213300622c8e003ae36b6c98e0a71468e2178d85665a86ed611a                         │
│  │ Owner: Account Address ( 0x540105a7d2f5f54a812c630f2996f1790ed0e60d1f9a870ce397f03e4cec9b38 )  │
│  │ Version: 362                                                                                   │
│  │ Digest: CRNVmdUcwCPiDbHAMw9NCeB4KQhQbUsFKmcwKcvgoxGH                                           │
│  └──                                                                                              │
│  ┌──                                                                                              │
│  │ ID: 0xcd3b3210b14cdc2a8a21351f571a1eec1438cf210e84c1fc7dd3c1912effc02c                         │
│  │ Owner: Immutable                                                                               │
│  │ Version: 1                                                                                     │
│  │ Digest: HpivmiVM7Emji5W4L8dVovqvPtPio8guZGGutKB3VViS                                           │
│  └──                                                                                              │
│ Mutated Objects:                                                                                  │
│  ┌──                                                                                              │
│  │ ID: 0x0ea65acac5b779057216a545b62d946b452267a7467d5ef0598cb9cac671ea9d                         │
│  │ Owner: Account Address ( 0x540105a7d2f5f54a812c630f2996f1790ed0e60d1f9a870ce397f03e4cec9b38 )  │
│  │ Version: 362                                                                                   │
│  │ Digest: 4sAdoDRh5woEbhdgYXKKMC2x1cKKTumbc27KQKcALZiA                                           │
│  └──                                                                                              │
│ Gas Object:                                                                                       │
│  ┌──                                                                                              │
│  │ ID: 0x0ea65acac5b779057216a545b62d946b452267a7467d5ef0598cb9cac671ea9d                         │
│  │ Owner: Account Address ( 0x540105a7d2f5f54a812c630f2996f1790ed0e60d1f9a870ce397f03e4cec9b38 )  │
│  │ Version: 362                                                                                   │
│  │ Digest: 4sAdoDRh5woEbhdgYXKKMC2x1cKKTumbc27KQKcALZiA                                           │
│  └──                                                                                              │
│ Gas Cost Summary:                                                                                 │
│    Storage Cost: 13847200 MIST                                                                    │
│    Computation Cost: 1000000 MIST                                                                 │
│    Storage Rebate: 978120 MIST                                                                    │
│    Non-refundable Storage Fee: 9880 MIST                                                          │
│                                                                                                   │
│ Transaction Dependencies:                                                                         │
│    BYoiBj5xkNUJYmseVcvkhqyZBhE29fcJ3qDfXvuJJtU6                                                   │
│    GuvwsvmKXF3e9WVyX9sswmGAWB4AmLMSaGTvdxKw22hZ                                                   │
╰───────────────────────────────────────────────────────────────────────────────────────────────────╯
╭─────────────────────────────╮
│ No transaction block events │
╰─────────────────────────────╯

╭─────────────────────────────────────────────────────────────────────────────────────────────────────────────────────╮
│ Object Changes                                                                                                      │
├─────────────────────────────────────────────────────────────────────────────────────────────────────────────────────┤
│ Created Objects:                                                                                                    │
│  ┌──                                                                                                                │
│  │ ObjectID: 0x061ca0b49337f7b3600242ad3d58faa3fbd48ef2830e158e8512cd05ebec9d20                                     │
│  │ Sender: 0x540105a7d2f5f54a812c630f2996f1790ed0e60d1f9a870ce397f03e4cec9b38                                       │
│  │ Owner: Immutable                                                                                                 │
│  │ ObjectType: 0x2::coin::CoinMetadata<0xcd3b3210b14cdc2a8a21351f571a1eec1438cf210e84c1fc7dd3c1912effc02c::jp::JP>  │
│  │ Version: 362                                                                                                     │
│  │ Digest: 22vS4fuwLyTRjCgRRWMGGDmqduyRxJMKvnQE8djYAoLe                                                             │
│  └──                                                                                                                │
│  ┌──                                                                                                                │
│  │ ObjectID: 0x077d5c8339735ff136b37c11a608648f43cbda84ff23d05677738cc509c1a734                                     │
│  │ Sender: 0x540105a7d2f5f54a812c630f2996f1790ed0e60d1f9a870ce397f03e4cec9b38                                       │
│  │ Owner: Shared( 362 )                                                                                             │
│  │ ObjectType: 0x2::coin::TreasuryCap<0xcd3b3210b14cdc2a8a21351f571a1eec1438cf210e84c1fc7dd3c1912effc02c::jp::JP>   │
│  │ Version: 362                                                                                                     │
│  │ Digest: 7yXbxxbMwxCHmLTSE3K5LVPE1VHaWvqzsEUpbxfYDY3R                                                             │
│  └──                                                                                                                │
│  ┌──                                                                                                                │
│  │ ObjectID: 0x2bc83f718c0a213300622c8e003ae36b6c98e0a71468e2178d85665a86ed611a                                     │
│  │ Sender: 0x540105a7d2f5f54a812c630f2996f1790ed0e60d1f9a870ce397f03e4cec9b38                                       │
│  │ Owner: Account Address ( 0x540105a7d2f5f54a812c630f2996f1790ed0e60d1f9a870ce397f03e4cec9b38 )                    │
│  │ ObjectType: 0x2::package::UpgradeCap                                                                             │
│  │ Version: 362                                                                                                     │
│  │ Digest: CRNVmdUcwCPiDbHAMw9NCeB4KQhQbUsFKmcwKcvgoxGH                                                             │
│  └──                                                                                                                │
│ Mutated Objects:                                                                                                    │
│  ┌──                                                                                                                │
│  │ ObjectID: 0x0ea65acac5b779057216a545b62d946b452267a7467d5ef0598cb9cac671ea9d                                     │
│  │ Sender: 0x540105a7d2f5f54a812c630f2996f1790ed0e60d1f9a870ce397f03e4cec9b38                                       │
│  │ Owner: Account Address ( 0x540105a7d2f5f54a812c630f2996f1790ed0e60d1f9a870ce397f03e4cec9b38 )                    │
│  │ ObjectType: 0x2::coin::Coin<0x2::sui::SUI>                                                                       │
│  │ Version: 362                                                                                                     │
│  │ Digest: 4sAdoDRh5woEbhdgYXKKMC2x1cKKTumbc27KQKcALZiA                                                             │
│  └──                                                                                                                │
│ Published Objects:                                                                                                  │
│  ┌──                                                                                                                │
│  │ PackageID: 0xcd3b3210b14cdc2a8a21351f571a1eec1438cf210e84c1fc7dd3c1912effc02c                                    │
│  │ Version: 1                                                                                                       │
│  │ Digest: HpivmiVM7Emji5W4L8dVovqvPtPio8guZGGutKB3VViS                                                             │
│  │ Modules: jp                                                                                                      │
│  └──                                                                                                                │
╰─────────────────────────────────────────────────────────────────────────────────────────────────────────────────────╯
╭───────────────────────────────────────────────────────────────────────────────────────────────────╮
│ Balance Changes                                                                                   │
├───────────────────────────────────────────────────────────────────────────────────────────────────┤
│  ┌──                                                                                              │
│  │ Owner: Account Address ( 0x540105a7d2f5f54a812c630f2996f1790ed0e60d1f9a870ce397f03e4cec9b38 )  │
│  │ CoinType: 0x2::sui::SUI                                                                        │
│  │ Amount: -13869080                                                                              │
│  └──                                                                                              │
╰───────────────────────────────────────────────────────────────────────────────────────────────────╯


│  ┌──                                                                                                                │
│  │ ObjectID: 0x077d5c8339735ff136b37c11a608648f43cbda84ff23d05677738cc509c1a734                                     │
│  │ Sender: 0x540105a7d2f5f54a812c630f2996f1790ed0e60d1f9a870ce397f03e4cec9b38                                       │
│  │ Owner: Shared( 362 )                                                                                             │
│  │ ObjectType: 0x2::coin::TreasuryCap<0xcd3b3210b14cdc2a8a21351f571a1eec1438cf210e84c1fc7dd3c1912effc02c::jp::JP>   │
│  │ Version: 362                                                                                                     │
│  │ Digest: 7yXbxxbMwxCHmLTSE3K5LVPE1VHaWvqzsEUpbxfYDY3R     


export ALICE=0x540105a7d2f5f54a812c630f2996f1790ed0e60d1f9a870ce397f03e4cec9b38
export PKG_B=0xcd3b3210b14cdc2a8a21351f571a1eec1438cf210e84c1fc7dd3c1912effc02c
export CAP_B=0x077d5c8339735ff136b37c11a608648f43cbda84ff23d05677738cc509c1a734

sui client ptb  --move-call 0x2::coin::mint_and_transfer \
"<$PKG_B::jp::JP>"  "@$CAP_B 20000 @$ALICE"



│  ┌──                                                                                                               │
│  │ ObjectID: 0x9f98d36ae3d1f849d1f19b855e92609aac6e05827feb61201255facfb03052db                                    │
│  │ Sender: 0x540105a7d2f5f54a812c630f2996f1790ed0e60d1f9a870ce397f03e4cec9b38                                      │
│  │ Owner: Account Address ( 0x540105a7d2f5f54a812c630f2996f1790ed0e60d1f9a870ce397f03e4cec9b38 )                   │
│  │ ObjectType: 0x2::coin::Coin<0xcd3b3210b14cdc2a8a21351f571a1eec1438cf210e84c1fc7dd3c1912effc02c::jp::JP>         │
│  │ Version: 363                                                                                                    │
│  │ Digest: 58Bi7VaoosgNibVEn5V3jXCfx4GsWAfFwUdt6GzWF2WA  


export ALICE=0x540105a7d2f5f54a812c630f2996f1790ed0e60d1f9a870ce397f03e4cec9b38
export PKG_B=0xcd3b3210b14cdc2a8a21351f571a1eec1438cf210e84c1fc7dd3c1912effc02c
export CAP_B=0x077d5c8339735ff136b37c11a608648f43cbda84ff23d05677738cc509c1a734
export COIN_B_ID=0x9f98d36ae3d1f849d1f19b855e92609aac6e05827feb61201255facfb03052db